[2024-08-14T06:34:52.526+0000] {taskinstance.py:1956} INFO - Dependencies all met for dep_context=non-requeueable deps ti=<TaskInstance: compare_data2threshold.compare_data2threshold_task manual__2024-08-14T06:34:42.952538+00:00 [queued]>
[2024-08-14T06:34:52.550+0000] {taskinstance.py:1956} INFO - Dependencies all met for dep_context=requeueable deps ti=<TaskInstance: compare_data2threshold.compare_data2threshold_task manual__2024-08-14T06:34:42.952538+00:00 [queued]>
[2024-08-14T06:34:52.550+0000] {taskinstance.py:2170} INFO - Starting attempt 1 of 1
[2024-08-14T06:34:52.632+0000] {taskinstance.py:2191} INFO - Executing <Task(PythonOperator): compare_data2threshold_task> on 2024-08-14 06:34:42.952538+00:00
[2024-08-14T06:34:52.649+0000] {standard_task_runner.py:60} INFO - Started process 1740 to run task
[2024-08-14T06:34:52.656+0000] {standard_task_runner.py:87} INFO - Running: ['***', 'tasks', 'run', 'compare_data2threshold', 'compare_data2threshold_task', 'manual__2024-08-14T06:34:42.952538+00:00', '--job-id', '6', '--raw', '--subdir', 'DAGS_FOLDER/compare_data2threshold.py', '--cfg-path', '/tmp/tmpq6j9_35s']
[2024-08-14T06:34:52.663+0000] {standard_task_runner.py:88} INFO - Job 6: Subtask compare_data2threshold_task
[2024-08-14T06:34:52.817+0000] {warnings.py:109} WARNING - /home/***/.local/lib/python3.8/site-packages/***/settings.py:194: DeprecationWarning: The sql_alchemy_conn option in [core] has been moved to the sql_alchemy_conn option in [database] - the old setting has been used, but please update your config.
  SQL_ALCHEMY_CONN = conf.get("database", "SQL_ALCHEMY_CONN")

[2024-08-14T06:34:53.092+0000] {task_command.py:423} INFO - Running <TaskInstance: compare_data2threshold.compare_data2threshold_task manual__2024-08-14T06:34:42.952538+00:00 [running]> on host 2b3bed893337
[2024-08-14T06:34:53.401+0000] {taskinstance.py:2480} INFO - Exporting env vars: AIRFLOW_CTX_DAG_OWNER='***' AIRFLOW_CTX_DAG_ID='compare_data2threshold' AIRFLOW_CTX_TASK_ID='compare_data2threshold_task' AIRFLOW_CTX_EXECUTION_DATE='2024-08-14T06:34:42.952538+00:00' AIRFLOW_CTX_TRY_NUMBER='1' AIRFLOW_CTX_DAG_RUN_ID='manual__2024-08-14T06:34:42.952538+00:00'
[2024-08-14T06:34:53.404+0000] {compare_data2threshold.py:36} INFO - unit_threshold : 120
[2024-08-14T06:34:53.422+0000] {compare_data2threshold.py:37} INFO - global_threshold : 2000
[2024-08-14T06:34:53.683+0000] {compare_data2threshold.py:52} INFO - Total des counts : 1004
[2024-08-14T06:34:53.683+0000] {compare_data2threshold.py:57} INFO - Le total 1004 ne dépasse pas le seuil global 2000
[2024-08-14T06:34:53.686+0000] {compare_data2threshold.py:63} INFO - Aucune ligne n'est au-dessus de unit_threshold
[2024-08-14T06:34:53.698+0000] {python.py:201} INFO - Done. Returned value was: None
[2024-08-14T06:34:53.784+0000] {taskinstance.py:1138} INFO - Marking task as SUCCESS. dag_id=compare_data2threshold, task_id=compare_data2threshold_task, execution_date=20240814T063442, start_date=20240814T063452, end_date=20240814T063453
[2024-08-14T06:34:53.947+0000] {local_task_job_runner.py:234} INFO - Task exited with return code 0
[2024-08-14T06:34:54.042+0000] {taskinstance.py:3280} INFO - 0 downstream tasks scheduled from follow-on schedule check
