[2024-08-16T11:14:31.975+0000] {taskinstance.py:1956} INFO - Dependencies all met for dep_context=non-requeueable deps ti=<TaskInstance: compare_data2threshold.compare_data2threshold_task manual__2024-08-16T11:14:25.736010+00:00 [queued]>
[2024-08-16T11:14:32.000+0000] {taskinstance.py:1956} INFO - Dependencies all met for dep_context=requeueable deps ti=<TaskInstance: compare_data2threshold.compare_data2threshold_task manual__2024-08-16T11:14:25.736010+00:00 [queued]>
[2024-08-16T11:14:32.001+0000] {taskinstance.py:2170} INFO - Starting attempt 1 of 1
[2024-08-16T11:14:32.056+0000] {taskinstance.py:2191} INFO - Executing <Task(PythonOperator): compare_data2threshold_task> on 2024-08-16 11:14:25.736010+00:00
[2024-08-16T11:14:32.066+0000] {standard_task_runner.py:60} INFO - Started process 8099 to run task
[2024-08-16T11:14:32.091+0000] {standard_task_runner.py:87} INFO - Running: ['***', 'tasks', 'run', 'compare_data2threshold', 'compare_data2threshold_task', 'manual__2024-08-16T11:14:25.736010+00:00', '--job-id', '12', '--raw', '--subdir', 'DAGS_FOLDER/compare_data2threshold.py', '--cfg-path', '/tmp/tmp5dkbmzqg']
[2024-08-16T11:14:32.094+0000] {standard_task_runner.py:88} INFO - Job 12: Subtask compare_data2threshold_task
[2024-08-16T11:14:32.155+0000] {warnings.py:109} WARNING - /home/***/.local/lib/python3.8/site-packages/***/settings.py:194: DeprecationWarning: The sql_alchemy_conn option in [core] has been moved to the sql_alchemy_conn option in [database] - the old setting has been used, but please update your config.
  SQL_ALCHEMY_CONN = conf.get("database", "SQL_ALCHEMY_CONN")

[2024-08-16T11:14:32.279+0000] {task_command.py:423} INFO - Running <TaskInstance: compare_data2threshold.compare_data2threshold_task manual__2024-08-16T11:14:25.736010+00:00 [running]> on host 282fa7a8e0f3
[2024-08-16T11:14:32.688+0000] {taskinstance.py:2480} INFO - Exporting env vars: AIRFLOW_CTX_DAG_OWNER='***' AIRFLOW_CTX_DAG_ID='compare_data2threshold' AIRFLOW_CTX_TASK_ID='compare_data2threshold_task' AIRFLOW_CTX_EXECUTION_DATE='2024-08-16T11:14:25.736010+00:00' AIRFLOW_CTX_TRY_NUMBER='1' AIRFLOW_CTX_DAG_RUN_ID='manual__2024-08-16T11:14:25.736010+00:00'
[2024-08-16T11:14:32.690+0000] {compare_data2threshold.py:36} INFO - unit_threshold : 200
[2024-08-16T11:14:32.691+0000] {compare_data2threshold.py:37} INFO - global_threshold : 2000
[2024-08-16T11:14:32.757+0000] {compare_data2threshold.py:54} INFO - Total des counts : 1672
[2024-08-16T11:14:32.757+0000] {compare_data2threshold.py:60} INFO - Le total 1672 ne dépasse pas le seuil global 2000
[2024-08-16T11:14:32.759+0000] {compare_data2threshold.py:67} INFO - Aucune ligne n'est au-dessus de unit_threshold
[2024-08-16T11:14:32.813+0000] {python.py:201} INFO - Done. Returned value was: None
[2024-08-16T11:14:32.833+0000] {taskinstance.py:1138} INFO - Marking task as SUCCESS. dag_id=compare_data2threshold, task_id=compare_data2threshold_task, execution_date=20240816T111425, start_date=20240816T111431, end_date=20240816T111432
[2024-08-16T11:14:32.890+0000] {local_task_job_runner.py:234} INFO - Task exited with return code 0
[2024-08-16T11:14:32.943+0000] {taskinstance.py:3280} INFO - 1 downstream tasks scheduled from follow-on schedule check
