[2024-09-07T14:45:31.232+0000] {taskinstance.py:1956} INFO - Dependencies all met for dep_context=non-requeueable deps ti=<TaskInstance: new_data_management.compare_data2threshold manual__2024-09-07T14:44:51.422631+00:00 [queued]>
[2024-09-07T14:45:31.320+0000] {taskinstance.py:1956} INFO - Dependencies all met for dep_context=requeueable deps ti=<TaskInstance: new_data_management.compare_data2threshold manual__2024-09-07T14:44:51.422631+00:00 [queued]>
[2024-09-07T14:45:31.322+0000] {taskinstance.py:2170} INFO - Starting attempt 1 of 1
[2024-09-07T14:45:31.613+0000] {taskinstance.py:2191} INFO - Executing <Task(PythonOperator): compare_data2threshold> on 2024-09-07 14:44:51.422631+00:00
[2024-09-07T14:45:31.628+0000] {standard_task_runner.py:60} INFO - Started process 3935 to run task
[2024-09-07T14:45:31.714+0000] {standard_task_runner.py:87} INFO - Running: ['***', 'tasks', 'run', 'new_data_management', 'compare_data2threshold', 'manual__2024-09-07T14:44:51.422631+00:00', '--job-id', '140', '--raw', '--subdir', 'DAGS_FOLDER/new_data_management.py', '--cfg-path', '/tmp/tmpxaz7u7qf']
[2024-09-07T14:45:31.729+0000] {standard_task_runner.py:88} INFO - Job 140: Subtask compare_data2threshold
[2024-09-07T14:45:31.916+0000] {warnings.py:109} WARNING - /home/***/.local/lib/python3.8/site-packages/***/settings.py:194: DeprecationWarning: The sql_alchemy_conn option in [core] has been moved to the sql_alchemy_conn option in [database] - the old setting has been used, but please update your config.
  SQL_ALCHEMY_CONN = conf.get("database", "SQL_ALCHEMY_CONN")

[2024-09-07T14:45:32.168+0000] {task_command.py:423} INFO - Running <TaskInstance: new_data_management.compare_data2threshold manual__2024-09-07T14:44:51.422631+00:00 [running]> on host 74653e659746
[2024-09-07T14:45:33.030+0000] {taskinstance.py:2480} INFO - Exporting env vars: AIRFLOW_CTX_DAG_OWNER='***' AIRFLOW_CTX_DAG_ID='new_data_management' AIRFLOW_CTX_TASK_ID='compare_data2threshold' AIRFLOW_CTX_EXECUTION_DATE='2024-09-07T14:44:51.422631+00:00' AIRFLOW_CTX_TRY_NUMBER='1' AIRFLOW_CTX_DAG_RUN_ID='manual__2024-09-07T14:44:51.422631+00:00'
[2024-09-07T14:45:33.034+0000] {new_data_management.py:40} INFO - unit_threshold : 200
[2024-09-07T14:45:33.047+0000] {new_data_management.py:41} INFO - global_threshold : 2000
[2024-09-07T14:45:33.196+0000] {new_data_management.py:58} INFO - Total des counts : 1584
[2024-09-07T14:45:33.198+0000] {new_data_management.py:64} INFO - Le total 1584 ne dépasse pas le seuil global 2000
[2024-09-07T14:45:33.203+0000] {new_data_management.py:71} INFO - Aucune ligne n'est au-dessus de unit_threshold
[2024-09-07T14:45:33.388+0000] {python.py:201} INFO - Done. Returned value was: None
[2024-09-07T14:45:33.495+0000] {taskinstance.py:1138} INFO - Marking task as SUCCESS. dag_id=new_data_management, task_id=compare_data2threshold, execution_date=20240907T144451, start_date=20240907T144531, end_date=20240907T144533
[2024-09-07T14:45:33.684+0000] {local_task_job_runner.py:234} INFO - Task exited with return code 0
[2024-09-07T14:45:33.943+0000] {taskinstance.py:3280} INFO - 1 downstream tasks scheduled from follow-on schedule check
