[2024-08-14T05:49:29.420+0000] {processor.py:161} INFO - Started process (PID=788) to work on /opt/airflow/dags/compare_data2threshold.py
[2024-08-14T05:49:29.421+0000] {processor.py:830} INFO - Processing file /opt/airflow/dags/compare_data2threshold.py for tasks to queue
[2024-08-14T05:49:29.423+0000] {logging_mixin.py:188} INFO - [2024-08-14T05:49:29.423+0000] {dagbag.py:538} INFO - Filling up the DagBag from /opt/airflow/dags/compare_data2threshold.py
[2024-08-14T05:49:30.332+0000] {processor.py:840} INFO - DAG(s) 'compare_data2threshold' retrieved from /opt/airflow/dags/compare_data2threshold.py
[2024-08-14T05:49:30.511+0000] {logging_mixin.py:188} INFO - [2024-08-14T05:49:30.510+0000] {override.py:1769} INFO - Created Permission View: can delete on DAG:compare_data2threshold
[2024-08-14T05:49:30.532+0000] {logging_mixin.py:188} INFO - [2024-08-14T05:49:30.530+0000] {override.py:1769} INFO - Created Permission View: can read on DAG:compare_data2threshold
[2024-08-14T05:49:30.549+0000] {logging_mixin.py:188} INFO - [2024-08-14T05:49:30.548+0000] {override.py:1769} INFO - Created Permission View: can edit on DAG:compare_data2threshold
[2024-08-14T05:49:30.552+0000] {logging_mixin.py:188} INFO - [2024-08-14T05:49:30.551+0000] {dag.py:3036} INFO - Sync 1 DAGs
[2024-08-14T05:49:30.592+0000] {logging_mixin.py:188} INFO - [2024-08-14T05:49:30.591+0000] {dag.py:3058} INFO - Creating ORM DAG for compare_data2threshold
[2024-08-14T05:49:30.613+0000] {logging_mixin.py:188} INFO - [2024-08-14T05:49:30.613+0000] {dag.py:3823} INFO - Setting next_dagrun for compare_data2threshold to 2024-08-15 00:00:00+00:00, run_after=2024-08-16 00:00:00+00:00
[2024-08-14T05:49:30.658+0000] {processor.py:183} INFO - Processing /opt/airflow/dags/compare_data2threshold.py took 1.246 seconds
[2024-08-14T05:50:01.334+0000] {processor.py:161} INFO - Started process (PID=859) to work on /opt/airflow/dags/compare_data2threshold.py
[2024-08-14T05:50:01.337+0000] {processor.py:830} INFO - Processing file /opt/airflow/dags/compare_data2threshold.py for tasks to queue
[2024-08-14T05:50:01.340+0000] {logging_mixin.py:188} INFO - [2024-08-14T05:50:01.340+0000] {dagbag.py:538} INFO - Filling up the DagBag from /opt/airflow/dags/compare_data2threshold.py
[2024-08-14T05:50:02.337+0000] {processor.py:840} INFO - DAG(s) 'compare_data2threshold' retrieved from /opt/airflow/dags/compare_data2threshold.py
[2024-08-14T05:50:02.362+0000] {logging_mixin.py:188} INFO - [2024-08-14T05:50:02.362+0000] {dag.py:3036} INFO - Sync 1 DAGs
[2024-08-14T05:50:02.394+0000] {logging_mixin.py:188} INFO - [2024-08-14T05:50:02.394+0000] {dag.py:3823} INFO - Setting next_dagrun for compare_data2threshold to 2024-08-15 00:00:00+00:00, run_after=2024-08-16 00:00:00+00:00
[2024-08-14T05:50:02.430+0000] {processor.py:183} INFO - Processing /opt/airflow/dags/compare_data2threshold.py took 1.101 seconds
[2024-08-14T05:50:32.650+0000] {processor.py:161} INFO - Started process (PID=929) to work on /opt/airflow/dags/compare_data2threshold.py
[2024-08-14T05:50:32.660+0000] {processor.py:830} INFO - Processing file /opt/airflow/dags/compare_data2threshold.py for tasks to queue
[2024-08-14T05:50:32.664+0000] {logging_mixin.py:188} INFO - [2024-08-14T05:50:32.663+0000] {dagbag.py:538} INFO - Filling up the DagBag from /opt/airflow/dags/compare_data2threshold.py
[2024-08-14T05:50:33.316+0000] {processor.py:840} INFO - DAG(s) 'compare_data2threshold' retrieved from /opt/airflow/dags/compare_data2threshold.py
[2024-08-14T05:50:33.342+0000] {logging_mixin.py:188} INFO - [2024-08-14T05:50:33.341+0000] {dag.py:3036} INFO - Sync 1 DAGs
[2024-08-14T05:50:33.376+0000] {logging_mixin.py:188} INFO - [2024-08-14T05:50:33.376+0000] {dag.py:3823} INFO - Setting next_dagrun for compare_data2threshold to 2024-08-15 00:00:00+00:00, run_after=2024-08-16 00:00:00+00:00
[2024-08-14T05:50:33.409+0000] {processor.py:183} INFO - Processing /opt/airflow/dags/compare_data2threshold.py took 0.764 seconds
[2024-08-14T05:51:04.315+0000] {processor.py:161} INFO - Started process (PID=999) to work on /opt/airflow/dags/compare_data2threshold.py
[2024-08-14T05:51:04.324+0000] {processor.py:830} INFO - Processing file /opt/airflow/dags/compare_data2threshold.py for tasks to queue
[2024-08-14T05:51:04.327+0000] {logging_mixin.py:188} INFO - [2024-08-14T05:51:04.327+0000] {dagbag.py:538} INFO - Filling up the DagBag from /opt/airflow/dags/compare_data2threshold.py
[2024-08-14T05:51:05.071+0000] {processor.py:840} INFO - DAG(s) 'compare_data2threshold' retrieved from /opt/airflow/dags/compare_data2threshold.py
[2024-08-14T05:51:05.098+0000] {logging_mixin.py:188} INFO - [2024-08-14T05:51:05.097+0000] {dag.py:3036} INFO - Sync 1 DAGs
[2024-08-14T05:51:05.150+0000] {logging_mixin.py:188} INFO - [2024-08-14T05:51:05.150+0000] {dag.py:3823} INFO - Setting next_dagrun for compare_data2threshold to 2024-08-15 00:00:00+00:00, run_after=2024-08-16 00:00:00+00:00
[2024-08-14T05:51:05.187+0000] {processor.py:183} INFO - Processing /opt/airflow/dags/compare_data2threshold.py took 0.878 seconds
[2024-08-14T05:51:35.333+0000] {processor.py:161} INFO - Started process (PID=1071) to work on /opt/airflow/dags/compare_data2threshold.py
[2024-08-14T05:51:35.335+0000] {processor.py:830} INFO - Processing file /opt/airflow/dags/compare_data2threshold.py for tasks to queue
[2024-08-14T05:51:35.337+0000] {logging_mixin.py:188} INFO - [2024-08-14T05:51:35.337+0000] {dagbag.py:538} INFO - Filling up the DagBag from /opt/airflow/dags/compare_data2threshold.py
[2024-08-14T05:51:36.075+0000] {processor.py:840} INFO - DAG(s) 'compare_data2threshold' retrieved from /opt/airflow/dags/compare_data2threshold.py
[2024-08-14T05:51:36.100+0000] {logging_mixin.py:188} INFO - [2024-08-14T05:51:36.099+0000] {dag.py:3036} INFO - Sync 1 DAGs
[2024-08-14T05:51:36.161+0000] {logging_mixin.py:188} INFO - [2024-08-14T05:51:36.160+0000] {dag.py:3823} INFO - Setting next_dagrun for compare_data2threshold to 2024-08-15 00:00:00+00:00, run_after=2024-08-16 00:00:00+00:00
[2024-08-14T05:51:36.233+0000] {processor.py:183} INFO - Processing /opt/airflow/dags/compare_data2threshold.py took 0.907 seconds
[2024-08-14T05:52:06.778+0000] {processor.py:161} INFO - Started process (PID=1140) to work on /opt/airflow/dags/compare_data2threshold.py
[2024-08-14T05:52:06.782+0000] {processor.py:830} INFO - Processing file /opt/airflow/dags/compare_data2threshold.py for tasks to queue
[2024-08-14T05:52:06.786+0000] {logging_mixin.py:188} INFO - [2024-08-14T05:52:06.785+0000] {dagbag.py:538} INFO - Filling up the DagBag from /opt/airflow/dags/compare_data2threshold.py
[2024-08-14T05:52:07.487+0000] {processor.py:840} INFO - DAG(s) 'compare_data2threshold' retrieved from /opt/airflow/dags/compare_data2threshold.py
[2024-08-14T05:52:07.516+0000] {logging_mixin.py:188} INFO - [2024-08-14T05:52:07.515+0000] {dag.py:3036} INFO - Sync 1 DAGs
[2024-08-14T05:52:07.549+0000] {logging_mixin.py:188} INFO - [2024-08-14T05:52:07.549+0000] {dag.py:3823} INFO - Setting next_dagrun for compare_data2threshold to 2024-08-15 00:00:00+00:00, run_after=2024-08-16 00:00:00+00:00
[2024-08-14T05:52:07.588+0000] {processor.py:183} INFO - Processing /opt/airflow/dags/compare_data2threshold.py took 0.817 seconds
[2024-08-14T05:52:38.377+0000] {processor.py:161} INFO - Started process (PID=1210) to work on /opt/airflow/dags/compare_data2threshold.py
[2024-08-14T05:52:38.384+0000] {processor.py:830} INFO - Processing file /opt/airflow/dags/compare_data2threshold.py for tasks to queue
[2024-08-14T05:52:38.387+0000] {logging_mixin.py:188} INFO - [2024-08-14T05:52:38.386+0000] {dagbag.py:538} INFO - Filling up the DagBag from /opt/airflow/dags/compare_data2threshold.py
[2024-08-14T05:52:39.163+0000] {processor.py:840} INFO - DAG(s) 'compare_data2threshold' retrieved from /opt/airflow/dags/compare_data2threshold.py
[2024-08-14T05:52:39.187+0000] {logging_mixin.py:188} INFO - [2024-08-14T05:52:39.186+0000] {dag.py:3036} INFO - Sync 1 DAGs
[2024-08-14T05:52:39.227+0000] {logging_mixin.py:188} INFO - [2024-08-14T05:52:39.227+0000] {dag.py:3823} INFO - Setting next_dagrun for compare_data2threshold to 2024-08-15 00:00:00+00:00, run_after=2024-08-16 00:00:00+00:00
[2024-08-14T05:52:39.269+0000] {processor.py:183} INFO - Processing /opt/airflow/dags/compare_data2threshold.py took 0.902 seconds
[2024-08-14T05:53:10.169+0000] {processor.py:161} INFO - Started process (PID=1280) to work on /opt/airflow/dags/compare_data2threshold.py
[2024-08-14T05:53:10.171+0000] {processor.py:830} INFO - Processing file /opt/airflow/dags/compare_data2threshold.py for tasks to queue
[2024-08-14T05:53:10.174+0000] {logging_mixin.py:188} INFO - [2024-08-14T05:53:10.173+0000] {dagbag.py:538} INFO - Filling up the DagBag from /opt/airflow/dags/compare_data2threshold.py
[2024-08-14T05:53:10.742+0000] {processor.py:840} INFO - DAG(s) 'compare_data2threshold' retrieved from /opt/airflow/dags/compare_data2threshold.py
[2024-08-14T05:53:10.766+0000] {logging_mixin.py:188} INFO - [2024-08-14T05:53:10.765+0000] {dag.py:3036} INFO - Sync 1 DAGs
[2024-08-14T05:53:10.798+0000] {logging_mixin.py:188} INFO - [2024-08-14T05:53:10.797+0000] {dag.py:3823} INFO - Setting next_dagrun for compare_data2threshold to 2024-08-15 00:00:00+00:00, run_after=2024-08-16 00:00:00+00:00
[2024-08-14T05:53:10.828+0000] {processor.py:183} INFO - Processing /opt/airflow/dags/compare_data2threshold.py took 0.664 seconds
[2024-08-14T05:53:41.420+0000] {processor.py:161} INFO - Started process (PID=1348) to work on /opt/airflow/dags/compare_data2threshold.py
[2024-08-14T05:53:41.425+0000] {processor.py:830} INFO - Processing file /opt/airflow/dags/compare_data2threshold.py for tasks to queue
[2024-08-14T05:53:41.429+0000] {logging_mixin.py:188} INFO - [2024-08-14T05:53:41.429+0000] {dagbag.py:538} INFO - Filling up the DagBag from /opt/airflow/dags/compare_data2threshold.py
[2024-08-14T05:53:42.279+0000] {processor.py:840} INFO - DAG(s) 'compare_data2threshold' retrieved from /opt/airflow/dags/compare_data2threshold.py
[2024-08-14T05:53:42.304+0000] {logging_mixin.py:188} INFO - [2024-08-14T05:53:42.304+0000] {dag.py:3036} INFO - Sync 1 DAGs
[2024-08-14T05:53:42.349+0000] {logging_mixin.py:188} INFO - [2024-08-14T05:53:42.348+0000] {dag.py:3823} INFO - Setting next_dagrun for compare_data2threshold to 2024-08-15 00:00:00+00:00, run_after=2024-08-16 00:00:00+00:00
[2024-08-14T05:53:42.383+0000] {processor.py:183} INFO - Processing /opt/airflow/dags/compare_data2threshold.py took 0.971 seconds
[2024-08-14T05:54:12.777+0000] {processor.py:161} INFO - Started process (PID=1426) to work on /opt/airflow/dags/compare_data2threshold.py
[2024-08-14T05:54:12.780+0000] {processor.py:830} INFO - Processing file /opt/airflow/dags/compare_data2threshold.py for tasks to queue
[2024-08-14T05:54:12.784+0000] {logging_mixin.py:188} INFO - [2024-08-14T05:54:12.783+0000] {dagbag.py:538} INFO - Filling up the DagBag from /opt/airflow/dags/compare_data2threshold.py
[2024-08-14T05:54:13.482+0000] {processor.py:840} INFO - DAG(s) 'compare_data2threshold' retrieved from /opt/airflow/dags/compare_data2threshold.py
[2024-08-14T05:54:13.512+0000] {logging_mixin.py:188} INFO - [2024-08-14T05:54:13.511+0000] {dag.py:3036} INFO - Sync 1 DAGs
[2024-08-14T05:54:13.550+0000] {logging_mixin.py:188} INFO - [2024-08-14T05:54:13.549+0000] {dag.py:3823} INFO - Setting next_dagrun for compare_data2threshold to 2024-08-15 00:00:00+00:00, run_after=2024-08-16 00:00:00+00:00
[2024-08-14T05:54:13.582+0000] {processor.py:183} INFO - Processing /opt/airflow/dags/compare_data2threshold.py took 0.820 seconds
[2024-08-14T05:54:43.667+0000] {processor.py:161} INFO - Started process (PID=1495) to work on /opt/airflow/dags/compare_data2threshold.py
[2024-08-14T05:54:43.669+0000] {processor.py:830} INFO - Processing file /opt/airflow/dags/compare_data2threshold.py for tasks to queue
[2024-08-14T05:54:43.672+0000] {logging_mixin.py:188} INFO - [2024-08-14T05:54:43.671+0000] {dagbag.py:538} INFO - Filling up the DagBag from /opt/airflow/dags/compare_data2threshold.py
[2024-08-14T05:54:44.335+0000] {processor.py:840} INFO - DAG(s) 'compare_data2threshold' retrieved from /opt/airflow/dags/compare_data2threshold.py
[2024-08-14T05:54:44.378+0000] {logging_mixin.py:188} INFO - [2024-08-14T05:54:44.377+0000] {dag.py:3036} INFO - Sync 1 DAGs
[2024-08-14T05:54:44.424+0000] {logging_mixin.py:188} INFO - [2024-08-14T05:54:44.424+0000] {dag.py:3823} INFO - Setting next_dagrun for compare_data2threshold to 2024-08-15 00:00:00+00:00, run_after=2024-08-16 00:00:00+00:00
[2024-08-14T05:54:44.456+0000] {processor.py:183} INFO - Processing /opt/airflow/dags/compare_data2threshold.py took 0.795 seconds
[2024-08-14T05:55:15.374+0000] {processor.py:161} INFO - Started process (PID=1564) to work on /opt/airflow/dags/compare_data2threshold.py
[2024-08-14T05:55:15.413+0000] {processor.py:830} INFO - Processing file /opt/airflow/dags/compare_data2threshold.py for tasks to queue
[2024-08-14T05:55:15.439+0000] {logging_mixin.py:188} INFO - [2024-08-14T05:55:15.416+0000] {dagbag.py:538} INFO - Filling up the DagBag from /opt/airflow/dags/compare_data2threshold.py
[2024-08-14T05:55:18.848+0000] {processor.py:840} INFO - DAG(s) 'compare_data2threshold' retrieved from /opt/airflow/dags/compare_data2threshold.py
[2024-08-14T05:55:19.075+0000] {logging_mixin.py:188} INFO - [2024-08-14T05:55:19.074+0000] {dag.py:3036} INFO - Sync 1 DAGs
[2024-08-14T05:55:19.348+0000] {logging_mixin.py:188} INFO - [2024-08-14T05:55:19.347+0000] {dag.py:3823} INFO - Setting next_dagrun for compare_data2threshold to 2024-08-15 00:00:00+00:00, run_after=2024-08-16 00:00:00+00:00
[2024-08-14T05:55:20.722+0000] {processor.py:183} INFO - Processing /opt/airflow/dags/compare_data2threshold.py took 5.459 seconds
[2024-08-14T05:55:50.886+0000] {processor.py:161} INFO - Started process (PID=1636) to work on /opt/airflow/dags/compare_data2threshold.py
[2024-08-14T05:55:50.888+0000] {processor.py:830} INFO - Processing file /opt/airflow/dags/compare_data2threshold.py for tasks to queue
[2024-08-14T05:55:50.892+0000] {logging_mixin.py:188} INFO - [2024-08-14T05:55:50.891+0000] {dagbag.py:538} INFO - Filling up the DagBag from /opt/airflow/dags/compare_data2threshold.py
[2024-08-14T05:55:51.891+0000] {processor.py:840} INFO - DAG(s) 'compare_data2threshold' retrieved from /opt/airflow/dags/compare_data2threshold.py
[2024-08-14T05:55:52.014+0000] {logging_mixin.py:188} INFO - [2024-08-14T05:55:52.013+0000] {dag.py:3036} INFO - Sync 1 DAGs
[2024-08-14T05:55:52.162+0000] {logging_mixin.py:188} INFO - [2024-08-14T05:55:52.162+0000] {dag.py:3823} INFO - Setting next_dagrun for compare_data2threshold to 2024-08-15 00:00:00+00:00, run_after=2024-08-16 00:00:00+00:00
[2024-08-14T05:55:52.277+0000] {processor.py:183} INFO - Processing /opt/airflow/dags/compare_data2threshold.py took 1.399 seconds
[2024-08-14T05:56:22.494+0000] {processor.py:161} INFO - Started process (PID=1702) to work on /opt/airflow/dags/compare_data2threshold.py
[2024-08-14T05:56:22.497+0000] {processor.py:830} INFO - Processing file /opt/airflow/dags/compare_data2threshold.py for tasks to queue
[2024-08-14T05:56:22.501+0000] {logging_mixin.py:188} INFO - [2024-08-14T05:56:22.500+0000] {dagbag.py:538} INFO - Filling up the DagBag from /opt/airflow/dags/compare_data2threshold.py
[2024-08-14T05:56:23.175+0000] {processor.py:840} INFO - DAG(s) 'compare_data2threshold' retrieved from /opt/airflow/dags/compare_data2threshold.py
[2024-08-14T05:56:23.198+0000] {logging_mixin.py:188} INFO - [2024-08-14T05:56:23.197+0000] {dag.py:3036} INFO - Sync 1 DAGs
[2024-08-14T05:56:23.231+0000] {logging_mixin.py:188} INFO - [2024-08-14T05:56:23.230+0000] {dag.py:3823} INFO - Setting next_dagrun for compare_data2threshold to 2024-08-15 00:00:00+00:00, run_after=2024-08-16 00:00:00+00:00
[2024-08-14T05:56:23.278+0000] {processor.py:183} INFO - Processing /opt/airflow/dags/compare_data2threshold.py took 0.791 seconds
[2024-08-14T05:56:54.056+0000] {processor.py:161} INFO - Started process (PID=1771) to work on /opt/airflow/dags/compare_data2threshold.py
[2024-08-14T05:56:54.067+0000] {processor.py:830} INFO - Processing file /opt/airflow/dags/compare_data2threshold.py for tasks to queue
[2024-08-14T05:56:54.071+0000] {logging_mixin.py:188} INFO - [2024-08-14T05:56:54.071+0000] {dagbag.py:538} INFO - Filling up the DagBag from /opt/airflow/dags/compare_data2threshold.py
[2024-08-14T05:56:55.040+0000] {processor.py:840} INFO - DAG(s) 'compare_data2threshold' retrieved from /opt/airflow/dags/compare_data2threshold.py
[2024-08-14T05:56:55.065+0000] {logging_mixin.py:188} INFO - [2024-08-14T05:56:55.065+0000] {dag.py:3036} INFO - Sync 1 DAGs
[2024-08-14T05:56:55.120+0000] {logging_mixin.py:188} INFO - [2024-08-14T05:56:55.118+0000] {dag.py:3823} INFO - Setting next_dagrun for compare_data2threshold to 2024-08-15 00:00:00+00:00, run_after=2024-08-16 00:00:00+00:00
[2024-08-14T05:56:55.166+0000] {processor.py:183} INFO - Processing /opt/airflow/dags/compare_data2threshold.py took 1.119 seconds
[2024-08-14T05:57:25.757+0000] {processor.py:161} INFO - Started process (PID=1845) to work on /opt/airflow/dags/compare_data2threshold.py
[2024-08-14T05:57:25.771+0000] {processor.py:830} INFO - Processing file /opt/airflow/dags/compare_data2threshold.py for tasks to queue
[2024-08-14T05:57:25.776+0000] {logging_mixin.py:188} INFO - [2024-08-14T05:57:25.775+0000] {dagbag.py:538} INFO - Filling up the DagBag from /opt/airflow/dags/compare_data2threshold.py
[2024-08-14T05:57:26.374+0000] {processor.py:840} INFO - DAG(s) 'compare_data2threshold' retrieved from /opt/airflow/dags/compare_data2threshold.py
[2024-08-14T05:57:26.398+0000] {logging_mixin.py:188} INFO - [2024-08-14T05:57:26.397+0000] {dag.py:3036} INFO - Sync 1 DAGs
[2024-08-14T05:57:26.428+0000] {logging_mixin.py:188} INFO - [2024-08-14T05:57:26.427+0000] {dag.py:3823} INFO - Setting next_dagrun for compare_data2threshold to 2024-08-15 00:00:00+00:00, run_after=2024-08-16 00:00:00+00:00
[2024-08-14T05:57:26.458+0000] {processor.py:183} INFO - Processing /opt/airflow/dags/compare_data2threshold.py took 0.708 seconds
[2024-08-14T05:57:56.601+0000] {processor.py:161} INFO - Started process (PID=1914) to work on /opt/airflow/dags/compare_data2threshold.py
[2024-08-14T05:57:56.606+0000] {processor.py:830} INFO - Processing file /opt/airflow/dags/compare_data2threshold.py for tasks to queue
[2024-08-14T05:57:56.609+0000] {logging_mixin.py:188} INFO - [2024-08-14T05:57:56.609+0000] {dagbag.py:538} INFO - Filling up the DagBag from /opt/airflow/dags/compare_data2threshold.py
[2024-08-14T05:57:57.275+0000] {processor.py:840} INFO - DAG(s) 'compare_data2threshold' retrieved from /opt/airflow/dags/compare_data2threshold.py
[2024-08-14T05:57:57.298+0000] {logging_mixin.py:188} INFO - [2024-08-14T05:57:57.298+0000] {dag.py:3036} INFO - Sync 1 DAGs
[2024-08-14T05:57:57.328+0000] {logging_mixin.py:188} INFO - [2024-08-14T05:57:57.328+0000] {dag.py:3823} INFO - Setting next_dagrun for compare_data2threshold to 2024-08-15 00:00:00+00:00, run_after=2024-08-16 00:00:00+00:00
[2024-08-14T05:57:57.357+0000] {processor.py:183} INFO - Processing /opt/airflow/dags/compare_data2threshold.py took 0.763 seconds
[2024-08-14T05:58:27.497+0000] {processor.py:161} INFO - Started process (PID=1984) to work on /opt/airflow/dags/compare_data2threshold.py
[2024-08-14T05:58:27.506+0000] {processor.py:830} INFO - Processing file /opt/airflow/dags/compare_data2threshold.py for tasks to queue
[2024-08-14T05:58:27.509+0000] {logging_mixin.py:188} INFO - [2024-08-14T05:58:27.509+0000] {dagbag.py:538} INFO - Filling up the DagBag from /opt/airflow/dags/compare_data2threshold.py
[2024-08-14T05:58:28.165+0000] {processor.py:840} INFO - DAG(s) 'compare_data2threshold' retrieved from /opt/airflow/dags/compare_data2threshold.py
[2024-08-14T05:58:28.189+0000] {logging_mixin.py:188} INFO - [2024-08-14T05:58:28.188+0000] {dag.py:3036} INFO - Sync 1 DAGs
[2024-08-14T05:58:28.227+0000] {logging_mixin.py:188} INFO - [2024-08-14T05:58:28.226+0000] {dag.py:3823} INFO - Setting next_dagrun for compare_data2threshold to 2024-08-15 00:00:00+00:00, run_after=2024-08-16 00:00:00+00:00
[2024-08-14T05:58:28.259+0000] {processor.py:183} INFO - Processing /opt/airflow/dags/compare_data2threshold.py took 0.772 seconds
[2024-08-14T05:58:58.809+0000] {processor.py:161} INFO - Started process (PID=2054) to work on /opt/airflow/dags/compare_data2threshold.py
[2024-08-14T05:58:58.811+0000] {processor.py:830} INFO - Processing file /opt/airflow/dags/compare_data2threshold.py for tasks to queue
[2024-08-14T05:58:58.814+0000] {logging_mixin.py:188} INFO - [2024-08-14T05:58:58.814+0000] {dagbag.py:538} INFO - Filling up the DagBag from /opt/airflow/dags/compare_data2threshold.py
[2024-08-14T05:58:59.706+0000] {processor.py:840} INFO - DAG(s) 'compare_data2threshold' retrieved from /opt/airflow/dags/compare_data2threshold.py
[2024-08-14T05:58:59.733+0000] {logging_mixin.py:188} INFO - [2024-08-14T05:58:59.732+0000] {dag.py:3036} INFO - Sync 1 DAGs
[2024-08-14T05:58:59.772+0000] {logging_mixin.py:188} INFO - [2024-08-14T05:58:59.772+0000] {dag.py:3823} INFO - Setting next_dagrun for compare_data2threshold to 2024-08-15 00:00:00+00:00, run_after=2024-08-16 00:00:00+00:00
[2024-08-14T05:58:59.808+0000] {processor.py:183} INFO - Processing /opt/airflow/dags/compare_data2threshold.py took 1.008 seconds
[2024-08-14T05:59:29.870+0000] {processor.py:161} INFO - Started process (PID=2127) to work on /opt/airflow/dags/compare_data2threshold.py
[2024-08-14T05:59:29.872+0000] {processor.py:830} INFO - Processing file /opt/airflow/dags/compare_data2threshold.py for tasks to queue
[2024-08-14T05:59:29.875+0000] {logging_mixin.py:188} INFO - [2024-08-14T05:59:29.874+0000] {dagbag.py:538} INFO - Filling up the DagBag from /opt/airflow/dags/compare_data2threshold.py
[2024-08-14T05:59:30.457+0000] {processor.py:840} INFO - DAG(s) 'compare_data2threshold' retrieved from /opt/airflow/dags/compare_data2threshold.py
[2024-08-14T05:59:30.481+0000] {logging_mixin.py:188} INFO - [2024-08-14T05:59:30.480+0000] {dag.py:3036} INFO - Sync 1 DAGs
[2024-08-14T05:59:30.514+0000] {logging_mixin.py:188} INFO - [2024-08-14T05:59:30.514+0000] {dag.py:3823} INFO - Setting next_dagrun for compare_data2threshold to 2024-08-15 00:00:00+00:00, run_after=2024-08-16 00:00:00+00:00
[2024-08-14T05:59:30.545+0000] {processor.py:183} INFO - Processing /opt/airflow/dags/compare_data2threshold.py took 0.680 seconds
[2024-08-14T06:00:01.263+0000] {processor.py:161} INFO - Started process (PID=2196) to work on /opt/airflow/dags/compare_data2threshold.py
[2024-08-14T06:00:01.270+0000] {processor.py:830} INFO - Processing file /opt/airflow/dags/compare_data2threshold.py for tasks to queue
[2024-08-14T06:00:01.284+0000] {logging_mixin.py:188} INFO - [2024-08-14T06:00:01.275+0000] {dagbag.py:538} INFO - Filling up the DagBag from /opt/airflow/dags/compare_data2threshold.py
[2024-08-14T06:00:02.447+0000] {processor.py:840} INFO - DAG(s) 'compare_data2threshold' retrieved from /opt/airflow/dags/compare_data2threshold.py
[2024-08-14T06:00:02.483+0000] {logging_mixin.py:188} INFO - [2024-08-14T06:00:02.481+0000] {dag.py:3036} INFO - Sync 1 DAGs
[2024-08-14T06:00:02.523+0000] {logging_mixin.py:188} INFO - [2024-08-14T06:00:02.523+0000] {dag.py:3823} INFO - Setting next_dagrun for compare_data2threshold to 2024-08-15 00:00:00+00:00, run_after=2024-08-16 00:00:00+00:00
[2024-08-14T06:00:02.562+0000] {processor.py:183} INFO - Processing /opt/airflow/dags/compare_data2threshold.py took 1.315 seconds
[2024-08-14T06:00:32.910+0000] {processor.py:161} INFO - Started process (PID=2267) to work on /opt/airflow/dags/compare_data2threshold.py
[2024-08-14T06:00:32.965+0000] {processor.py:830} INFO - Processing file /opt/airflow/dags/compare_data2threshold.py for tasks to queue
[2024-08-14T06:00:32.972+0000] {logging_mixin.py:188} INFO - [2024-08-14T06:00:32.971+0000] {dagbag.py:538} INFO - Filling up the DagBag from /opt/airflow/dags/compare_data2threshold.py
[2024-08-14T06:00:34.139+0000] {processor.py:840} INFO - DAG(s) 'compare_data2threshold' retrieved from /opt/airflow/dags/compare_data2threshold.py
[2024-08-14T06:00:34.176+0000] {logging_mixin.py:188} INFO - [2024-08-14T06:00:34.175+0000] {dag.py:3036} INFO - Sync 1 DAGs
[2024-08-14T06:00:34.213+0000] {logging_mixin.py:188} INFO - [2024-08-14T06:00:34.213+0000] {dag.py:3823} INFO - Setting next_dagrun for compare_data2threshold to 2024-08-15 00:00:00+00:00, run_after=2024-08-16 00:00:00+00:00
[2024-08-14T06:00:34.256+0000] {processor.py:183} INFO - Processing /opt/airflow/dags/compare_data2threshold.py took 1.356 seconds
[2024-08-14T06:01:04.507+0000] {processor.py:161} INFO - Started process (PID=2328) to work on /opt/airflow/dags/compare_data2threshold.py
[2024-08-14T06:01:04.512+0000] {processor.py:830} INFO - Processing file /opt/airflow/dags/compare_data2threshold.py for tasks to queue
[2024-08-14T06:01:04.516+0000] {logging_mixin.py:188} INFO - [2024-08-14T06:01:04.515+0000] {dagbag.py:538} INFO - Filling up the DagBag from /opt/airflow/dags/compare_data2threshold.py
[2024-08-14T06:01:05.501+0000] {processor.py:840} INFO - DAG(s) 'compare_data2threshold' retrieved from /opt/airflow/dags/compare_data2threshold.py
[2024-08-14T06:01:05.536+0000] {logging_mixin.py:188} INFO - [2024-08-14T06:01:05.535+0000] {dag.py:3036} INFO - Sync 1 DAGs
[2024-08-14T06:01:05.594+0000] {logging_mixin.py:188} INFO - [2024-08-14T06:01:05.593+0000] {dag.py:3823} INFO - Setting next_dagrun for compare_data2threshold to 2024-08-15 00:00:00+00:00, run_after=2024-08-16 00:00:00+00:00
[2024-08-14T06:01:05.637+0000] {processor.py:183} INFO - Processing /opt/airflow/dags/compare_data2threshold.py took 1.134 seconds
[2024-08-14T06:01:36.115+0000] {processor.py:161} INFO - Started process (PID=2396) to work on /opt/airflow/dags/compare_data2threshold.py
[2024-08-14T06:01:36.120+0000] {processor.py:830} INFO - Processing file /opt/airflow/dags/compare_data2threshold.py for tasks to queue
[2024-08-14T06:01:36.123+0000] {logging_mixin.py:188} INFO - [2024-08-14T06:01:36.123+0000] {dagbag.py:538} INFO - Filling up the DagBag from /opt/airflow/dags/compare_data2threshold.py
[2024-08-14T06:01:36.821+0000] {processor.py:840} INFO - DAG(s) 'compare_data2threshold' retrieved from /opt/airflow/dags/compare_data2threshold.py
[2024-08-14T06:01:36.845+0000] {logging_mixin.py:188} INFO - [2024-08-14T06:01:36.845+0000] {dag.py:3036} INFO - Sync 1 DAGs
[2024-08-14T06:01:36.879+0000] {logging_mixin.py:188} INFO - [2024-08-14T06:01:36.879+0000] {dag.py:3823} INFO - Setting next_dagrun for compare_data2threshold to 2024-08-15 00:00:00+00:00, run_after=2024-08-16 00:00:00+00:00
[2024-08-14T06:01:36.924+0000] {processor.py:183} INFO - Processing /opt/airflow/dags/compare_data2threshold.py took 0.816 seconds
[2024-08-14T06:02:07.107+0000] {processor.py:161} INFO - Started process (PID=2465) to work on /opt/airflow/dags/compare_data2threshold.py
[2024-08-14T06:02:07.116+0000] {processor.py:830} INFO - Processing file /opt/airflow/dags/compare_data2threshold.py for tasks to queue
[2024-08-14T06:02:07.120+0000] {logging_mixin.py:188} INFO - [2024-08-14T06:02:07.119+0000] {dagbag.py:538} INFO - Filling up the DagBag from /opt/airflow/dags/compare_data2threshold.py
[2024-08-14T06:02:08.175+0000] {processor.py:840} INFO - DAG(s) 'compare_data2threshold' retrieved from /opt/airflow/dags/compare_data2threshold.py
[2024-08-14T06:02:08.200+0000] {logging_mixin.py:188} INFO - [2024-08-14T06:02:08.199+0000] {dag.py:3036} INFO - Sync 1 DAGs
[2024-08-14T06:02:08.248+0000] {logging_mixin.py:188} INFO - [2024-08-14T06:02:08.247+0000] {dag.py:3823} INFO - Setting next_dagrun for compare_data2threshold to 2024-08-15 00:00:00+00:00, run_after=2024-08-16 00:00:00+00:00
[2024-08-14T06:02:08.302+0000] {processor.py:183} INFO - Processing /opt/airflow/dags/compare_data2threshold.py took 1.202 seconds
[2024-08-14T06:02:38.706+0000] {processor.py:161} INFO - Started process (PID=2543) to work on /opt/airflow/dags/compare_data2threshold.py
[2024-08-14T06:02:38.709+0000] {processor.py:830} INFO - Processing file /opt/airflow/dags/compare_data2threshold.py for tasks to queue
[2024-08-14T06:02:38.712+0000] {logging_mixin.py:188} INFO - [2024-08-14T06:02:38.712+0000] {dagbag.py:538} INFO - Filling up the DagBag from /opt/airflow/dags/compare_data2threshold.py
[2024-08-14T06:02:39.932+0000] {processor.py:840} INFO - DAG(s) 'compare_data2threshold' retrieved from /opt/airflow/dags/compare_data2threshold.py
[2024-08-14T06:02:39.981+0000] {logging_mixin.py:188} INFO - [2024-08-14T06:02:39.980+0000] {dag.py:3036} INFO - Sync 1 DAGs
[2024-08-14T06:02:40.063+0000] {logging_mixin.py:188} INFO - [2024-08-14T06:02:40.063+0000] {dag.py:3823} INFO - Setting next_dagrun for compare_data2threshold to 2024-08-15 00:00:00+00:00, run_after=2024-08-16 00:00:00+00:00
[2024-08-14T06:02:40.222+0000] {processor.py:183} INFO - Processing /opt/airflow/dags/compare_data2threshold.py took 1.524 seconds
[2024-08-14T06:03:10.506+0000] {processor.py:161} INFO - Started process (PID=2616) to work on /opt/airflow/dags/compare_data2threshold.py
[2024-08-14T06:03:10.512+0000] {processor.py:830} INFO - Processing file /opt/airflow/dags/compare_data2threshold.py for tasks to queue
[2024-08-14T06:03:10.516+0000] {logging_mixin.py:188} INFO - [2024-08-14T06:03:10.515+0000] {dagbag.py:538} INFO - Filling up the DagBag from /opt/airflow/dags/compare_data2threshold.py
[2024-08-14T06:03:11.352+0000] {processor.py:840} INFO - DAG(s) 'compare_data2threshold' retrieved from /opt/airflow/dags/compare_data2threshold.py
[2024-08-14T06:03:11.383+0000] {logging_mixin.py:188} INFO - [2024-08-14T06:03:11.382+0000] {dag.py:3036} INFO - Sync 1 DAGs
[2024-08-14T06:03:11.477+0000] {logging_mixin.py:188} INFO - [2024-08-14T06:03:11.477+0000] {dag.py:3823} INFO - Setting next_dagrun for compare_data2threshold to 2024-08-15 00:00:00+00:00, run_after=2024-08-16 00:00:00+00:00
[2024-08-14T06:03:11.517+0000] {processor.py:183} INFO - Processing /opt/airflow/dags/compare_data2threshold.py took 1.018 seconds
[2024-08-14T06:03:42.004+0000] {processor.py:161} INFO - Started process (PID=2686) to work on /opt/airflow/dags/compare_data2threshold.py
[2024-08-14T06:03:42.015+0000] {processor.py:830} INFO - Processing file /opt/airflow/dags/compare_data2threshold.py for tasks to queue
[2024-08-14T06:03:42.019+0000] {logging_mixin.py:188} INFO - [2024-08-14T06:03:42.018+0000] {dagbag.py:538} INFO - Filling up the DagBag from /opt/airflow/dags/compare_data2threshold.py
[2024-08-14T06:03:43.421+0000] {processor.py:840} INFO - DAG(s) 'compare_data2threshold' retrieved from /opt/airflow/dags/compare_data2threshold.py
[2024-08-14T06:03:43.450+0000] {logging_mixin.py:188} INFO - [2024-08-14T06:03:43.450+0000] {dag.py:3036} INFO - Sync 1 DAGs
[2024-08-14T06:03:43.509+0000] {logging_mixin.py:188} INFO - [2024-08-14T06:03:43.508+0000] {dag.py:3823} INFO - Setting next_dagrun for compare_data2threshold to 2024-08-15 00:00:00+00:00, run_after=2024-08-16 00:00:00+00:00
[2024-08-14T06:03:43.547+0000] {processor.py:183} INFO - Processing /opt/airflow/dags/compare_data2threshold.py took 1.553 seconds
[2024-08-14T06:04:13.631+0000] {processor.py:161} INFO - Started process (PID=2760) to work on /opt/airflow/dags/compare_data2threshold.py
[2024-08-14T06:04:13.637+0000] {processor.py:830} INFO - Processing file /opt/airflow/dags/compare_data2threshold.py for tasks to queue
[2024-08-14T06:04:13.640+0000] {logging_mixin.py:188} INFO - [2024-08-14T06:04:13.640+0000] {dagbag.py:538} INFO - Filling up the DagBag from /opt/airflow/dags/compare_data2threshold.py
[2024-08-14T06:04:14.410+0000] {processor.py:840} INFO - DAG(s) 'compare_data2threshold' retrieved from /opt/airflow/dags/compare_data2threshold.py
[2024-08-14T06:04:14.437+0000] {logging_mixin.py:188} INFO - [2024-08-14T06:04:14.436+0000] {dag.py:3036} INFO - Sync 1 DAGs
[2024-08-14T06:04:14.471+0000] {logging_mixin.py:188} INFO - [2024-08-14T06:04:14.471+0000] {dag.py:3823} INFO - Setting next_dagrun for compare_data2threshold to 2024-08-15 00:00:00+00:00, run_after=2024-08-16 00:00:00+00:00
[2024-08-14T06:04:14.507+0000] {processor.py:183} INFO - Processing /opt/airflow/dags/compare_data2threshold.py took 0.883 seconds
[2024-08-14T06:04:45.066+0000] {processor.py:161} INFO - Started process (PID=2830) to work on /opt/airflow/dags/compare_data2threshold.py
[2024-08-14T06:04:45.073+0000] {processor.py:830} INFO - Processing file /opt/airflow/dags/compare_data2threshold.py for tasks to queue
[2024-08-14T06:04:45.078+0000] {logging_mixin.py:188} INFO - [2024-08-14T06:04:45.077+0000] {dagbag.py:538} INFO - Filling up the DagBag from /opt/airflow/dags/compare_data2threshold.py
[2024-08-14T06:04:46.056+0000] {processor.py:840} INFO - DAG(s) 'compare_data2threshold' retrieved from /opt/airflow/dags/compare_data2threshold.py
[2024-08-14T06:04:46.095+0000] {logging_mixin.py:188} INFO - [2024-08-14T06:04:46.094+0000] {dag.py:3036} INFO - Sync 1 DAGs
[2024-08-14T06:04:46.159+0000] {logging_mixin.py:188} INFO - [2024-08-14T06:04:46.159+0000] {dag.py:3823} INFO - Setting next_dagrun for compare_data2threshold to 2024-08-15 00:00:00+00:00, run_after=2024-08-16 00:00:00+00:00
[2024-08-14T06:04:46.204+0000] {processor.py:183} INFO - Processing /opt/airflow/dags/compare_data2threshold.py took 1.150 seconds
[2024-08-14T06:05:16.436+0000] {processor.py:161} INFO - Started process (PID=2902) to work on /opt/airflow/dags/compare_data2threshold.py
[2024-08-14T06:05:16.448+0000] {processor.py:830} INFO - Processing file /opt/airflow/dags/compare_data2threshold.py for tasks to queue
[2024-08-14T06:05:16.451+0000] {logging_mixin.py:188} INFO - [2024-08-14T06:05:16.450+0000] {dagbag.py:538} INFO - Filling up the DagBag from /opt/airflow/dags/compare_data2threshold.py
[2024-08-14T06:05:17.167+0000] {processor.py:840} INFO - DAG(s) 'compare_data2threshold' retrieved from /opt/airflow/dags/compare_data2threshold.py
[2024-08-14T06:05:17.195+0000] {logging_mixin.py:188} INFO - [2024-08-14T06:05:17.194+0000] {dag.py:3036} INFO - Sync 1 DAGs
[2024-08-14T06:05:17.238+0000] {logging_mixin.py:188} INFO - [2024-08-14T06:05:17.237+0000] {dag.py:3823} INFO - Setting next_dagrun for compare_data2threshold to 2024-08-15 00:00:00+00:00, run_after=2024-08-16 00:00:00+00:00
[2024-08-14T06:05:17.271+0000] {processor.py:183} INFO - Processing /opt/airflow/dags/compare_data2threshold.py took 0.841 seconds
[2024-08-14T06:05:48.026+0000] {processor.py:161} INFO - Started process (PID=2964) to work on /opt/airflow/dags/compare_data2threshold.py
[2024-08-14T06:05:48.035+0000] {processor.py:830} INFO - Processing file /opt/airflow/dags/compare_data2threshold.py for tasks to queue
[2024-08-14T06:05:48.039+0000] {logging_mixin.py:188} INFO - [2024-08-14T06:05:48.039+0000] {dagbag.py:538} INFO - Filling up the DagBag from /opt/airflow/dags/compare_data2threshold.py
[2024-08-14T06:05:48.812+0000] {processor.py:840} INFO - DAG(s) 'compare_data2threshold' retrieved from /opt/airflow/dags/compare_data2threshold.py
[2024-08-14T06:05:48.839+0000] {logging_mixin.py:188} INFO - [2024-08-14T06:05:48.838+0000] {dag.py:3036} INFO - Sync 1 DAGs
[2024-08-14T06:05:48.872+0000] {logging_mixin.py:188} INFO - [2024-08-14T06:05:48.872+0000] {dag.py:3823} INFO - Setting next_dagrun for compare_data2threshold to 2024-08-15 00:00:00+00:00, run_after=2024-08-16 00:00:00+00:00
[2024-08-14T06:05:48.907+0000] {processor.py:183} INFO - Processing /opt/airflow/dags/compare_data2threshold.py took 0.888 seconds
[2024-08-14T06:06:18.963+0000] {processor.py:161} INFO - Started process (PID=3035) to work on /opt/airflow/dags/compare_data2threshold.py
[2024-08-14T06:06:18.965+0000] {processor.py:830} INFO - Processing file /opt/airflow/dags/compare_data2threshold.py for tasks to queue
[2024-08-14T06:06:18.968+0000] {logging_mixin.py:188} INFO - [2024-08-14T06:06:18.968+0000] {dagbag.py:538} INFO - Filling up the DagBag from /opt/airflow/dags/compare_data2threshold.py
[2024-08-14T06:06:20.566+0000] {processor.py:840} INFO - DAG(s) 'compare_data2threshold' retrieved from /opt/airflow/dags/compare_data2threshold.py
[2024-08-14T06:06:20.595+0000] {logging_mixin.py:188} INFO - [2024-08-14T06:06:20.594+0000] {dag.py:3036} INFO - Sync 1 DAGs
[2024-08-14T06:06:20.636+0000] {logging_mixin.py:188} INFO - [2024-08-14T06:06:20.636+0000] {dag.py:3823} INFO - Setting next_dagrun for compare_data2threshold to 2024-08-15 00:00:00+00:00, run_after=2024-08-16 00:00:00+00:00
[2024-08-14T06:06:20.670+0000] {processor.py:183} INFO - Processing /opt/airflow/dags/compare_data2threshold.py took 1.715 seconds
[2024-08-14T06:06:51.403+0000] {processor.py:161} INFO - Started process (PID=3106) to work on /opt/airflow/dags/compare_data2threshold.py
[2024-08-14T06:06:51.405+0000] {processor.py:830} INFO - Processing file /opt/airflow/dags/compare_data2threshold.py for tasks to queue
[2024-08-14T06:06:51.409+0000] {logging_mixin.py:188} INFO - [2024-08-14T06:06:51.409+0000] {dagbag.py:538} INFO - Filling up the DagBag from /opt/airflow/dags/compare_data2threshold.py
[2024-08-14T06:06:52.330+0000] {processor.py:840} INFO - DAG(s) 'compare_data2threshold' retrieved from /opt/airflow/dags/compare_data2threshold.py
[2024-08-14T06:06:52.365+0000] {logging_mixin.py:188} INFO - [2024-08-14T06:06:52.363+0000] {dag.py:3036} INFO - Sync 1 DAGs
[2024-08-14T06:06:52.504+0000] {logging_mixin.py:188} INFO - [2024-08-14T06:06:52.503+0000] {dag.py:3823} INFO - Setting next_dagrun for compare_data2threshold to 2024-08-15 00:00:00+00:00, run_after=2024-08-16 00:00:00+00:00
[2024-08-14T06:06:52.600+0000] {processor.py:183} INFO - Processing /opt/airflow/dags/compare_data2threshold.py took 1.204 seconds
[2024-08-14T06:07:23.077+0000] {processor.py:161} INFO - Started process (PID=3177) to work on /opt/airflow/dags/compare_data2threshold.py
[2024-08-14T06:07:23.475+0000] {processor.py:830} INFO - Processing file /opt/airflow/dags/compare_data2threshold.py for tasks to queue
[2024-08-14T06:07:23.479+0000] {logging_mixin.py:188} INFO - [2024-08-14T06:07:23.478+0000] {dagbag.py:538} INFO - Filling up the DagBag from /opt/airflow/dags/compare_data2threshold.py
[2024-08-14T06:07:24.985+0000] {processor.py:840} INFO - DAG(s) 'compare_data2threshold' retrieved from /opt/airflow/dags/compare_data2threshold.py
[2024-08-14T06:07:25.012+0000] {logging_mixin.py:188} INFO - [2024-08-14T06:07:25.011+0000] {dag.py:3036} INFO - Sync 1 DAGs
[2024-08-14T06:07:25.047+0000] {logging_mixin.py:188} INFO - [2024-08-14T06:07:25.047+0000] {dag.py:3823} INFO - Setting next_dagrun for compare_data2threshold to 2024-08-15 00:00:00+00:00, run_after=2024-08-16 00:00:00+00:00
[2024-08-14T06:07:26.343+0000] {processor.py:183} INFO - Processing /opt/airflow/dags/compare_data2threshold.py took 3.276 seconds
[2024-08-14T06:07:56.492+0000] {processor.py:161} INFO - Started process (PID=3247) to work on /opt/airflow/dags/compare_data2threshold.py
[2024-08-14T06:07:56.496+0000] {processor.py:830} INFO - Processing file /opt/airflow/dags/compare_data2threshold.py for tasks to queue
[2024-08-14T06:07:56.500+0000] {logging_mixin.py:188} INFO - [2024-08-14T06:07:56.499+0000] {dagbag.py:538} INFO - Filling up the DagBag from /opt/airflow/dags/compare_data2threshold.py
[2024-08-14T06:07:57.161+0000] {processor.py:840} INFO - DAG(s) 'compare_data2threshold' retrieved from /opt/airflow/dags/compare_data2threshold.py
[2024-08-14T06:07:57.217+0000] {logging_mixin.py:188} INFO - [2024-08-14T06:07:57.216+0000] {dag.py:3036} INFO - Sync 1 DAGs
[2024-08-14T06:07:57.279+0000] {logging_mixin.py:188} INFO - [2024-08-14T06:07:57.279+0000] {dag.py:3823} INFO - Setting next_dagrun for compare_data2threshold to 2024-08-15 00:00:00+00:00, run_after=2024-08-16 00:00:00+00:00
[2024-08-14T06:07:57.434+0000] {processor.py:183} INFO - Processing /opt/airflow/dags/compare_data2threshold.py took 0.949 seconds
[2024-08-14T06:08:27.583+0000] {processor.py:161} INFO - Started process (PID=3316) to work on /opt/airflow/dags/compare_data2threshold.py
[2024-08-14T06:08:27.599+0000] {processor.py:830} INFO - Processing file /opt/airflow/dags/compare_data2threshold.py for tasks to queue
[2024-08-14T06:08:27.603+0000] {logging_mixin.py:188} INFO - [2024-08-14T06:08:27.602+0000] {dagbag.py:538} INFO - Filling up the DagBag from /opt/airflow/dags/compare_data2threshold.py
[2024-08-14T06:08:28.774+0000] {processor.py:840} INFO - DAG(s) 'compare_data2threshold' retrieved from /opt/airflow/dags/compare_data2threshold.py
[2024-08-14T06:08:28.815+0000] {logging_mixin.py:188} INFO - [2024-08-14T06:08:28.815+0000] {dag.py:3036} INFO - Sync 1 DAGs
[2024-08-14T06:08:28.865+0000] {logging_mixin.py:188} INFO - [2024-08-14T06:08:28.864+0000] {dag.py:3823} INFO - Setting next_dagrun for compare_data2threshold to 2024-08-15 00:00:00+00:00, run_after=2024-08-16 00:00:00+00:00
[2024-08-14T06:08:29.084+0000] {processor.py:183} INFO - Processing /opt/airflow/dags/compare_data2threshold.py took 1.513 seconds
[2024-08-14T06:08:59.126+0000] {processor.py:161} INFO - Started process (PID=3386) to work on /opt/airflow/dags/compare_data2threshold.py
[2024-08-14T06:08:59.507+0000] {processor.py:830} INFO - Processing file /opt/airflow/dags/compare_data2threshold.py for tasks to queue
[2024-08-14T06:08:59.511+0000] {logging_mixin.py:188} INFO - [2024-08-14T06:08:59.510+0000] {dagbag.py:538} INFO - Filling up the DagBag from /opt/airflow/dags/compare_data2threshold.py
[2024-08-14T06:09:00.227+0000] {processor.py:840} INFO - DAG(s) 'compare_data2threshold' retrieved from /opt/airflow/dags/compare_data2threshold.py
[2024-08-14T06:09:00.257+0000] {logging_mixin.py:188} INFO - [2024-08-14T06:09:00.256+0000] {dag.py:3036} INFO - Sync 1 DAGs
[2024-08-14T06:09:00.302+0000] {logging_mixin.py:188} INFO - [2024-08-14T06:09:00.302+0000] {dag.py:3823} INFO - Setting next_dagrun for compare_data2threshold to 2024-08-15 00:00:00+00:00, run_after=2024-08-16 00:00:00+00:00
[2024-08-14T06:09:03.727+0000] {processor.py:183} INFO - Processing /opt/airflow/dags/compare_data2threshold.py took 4.612 seconds
[2024-08-14T06:10:13.526+0000] {processor.py:161} INFO - Started process (PID=3466) to work on /opt/airflow/dags/compare_data2threshold.py
[2024-08-14T06:10:14.020+0000] {processor.py:830} INFO - Processing file /opt/airflow/dags/compare_data2threshold.py for tasks to queue
[2024-08-14T06:10:14.024+0000] {logging_mixin.py:188} INFO - [2024-08-14T06:10:14.023+0000] {dagbag.py:538} INFO - Filling up the DagBag from /opt/airflow/dags/compare_data2threshold.py
[2024-08-14T06:10:15.506+0000] {processor.py:840} INFO - DAG(s) 'compare_data2threshold' retrieved from /opt/airflow/dags/compare_data2threshold.py
[2024-08-14T06:10:15.622+0000] {logging_mixin.py:188} INFO - [2024-08-14T06:10:15.611+0000] {dag.py:3036} INFO - Sync 1 DAGs
[2024-08-14T06:10:15.736+0000] {logging_mixin.py:188} INFO - [2024-08-14T06:10:15.736+0000] {dag.py:3823} INFO - Setting next_dagrun for compare_data2threshold to 2024-08-15 00:00:00+00:00, run_after=2024-08-16 00:00:00+00:00
[2024-08-14T06:10:18.748+0000] {processor.py:183} INFO - Processing /opt/airflow/dags/compare_data2threshold.py took 5.230 seconds
[2024-08-14T06:10:56.040+0000] {processor.py:161} INFO - Started process (PID=3533) to work on /opt/airflow/dags/compare_data2threshold.py
[2024-08-14T06:10:56.113+0000] {processor.py:830} INFO - Processing file /opt/airflow/dags/compare_data2threshold.py for tasks to queue
[2024-08-14T06:10:56.159+0000] {logging_mixin.py:188} INFO - [2024-08-14T06:10:56.158+0000] {dagbag.py:538} INFO - Filling up the DagBag from /opt/airflow/dags/compare_data2threshold.py
[2024-08-14T06:10:57.730+0000] {processor.py:840} INFO - DAG(s) 'compare_data2threshold' retrieved from /opt/airflow/dags/compare_data2threshold.py
[2024-08-14T06:10:57.776+0000] {logging_mixin.py:188} INFO - [2024-08-14T06:10:57.775+0000] {dag.py:3036} INFO - Sync 1 DAGs
[2024-08-14T06:10:57.842+0000] {logging_mixin.py:188} INFO - [2024-08-14T06:10:57.842+0000] {dag.py:3823} INFO - Setting next_dagrun for compare_data2threshold to 2024-08-15 00:00:00+00:00, run_after=2024-08-16 00:00:00+00:00
[2024-08-14T06:10:57.964+0000] {processor.py:183} INFO - Processing /opt/airflow/dags/compare_data2threshold.py took 1.988 seconds
[2024-08-14T06:11:28.156+0000] {processor.py:161} INFO - Started process (PID=3601) to work on /opt/airflow/dags/compare_data2threshold.py
[2024-08-14T06:11:28.159+0000] {processor.py:830} INFO - Processing file /opt/airflow/dags/compare_data2threshold.py for tasks to queue
[2024-08-14T06:11:28.164+0000] {logging_mixin.py:188} INFO - [2024-08-14T06:11:28.163+0000] {dagbag.py:538} INFO - Filling up the DagBag from /opt/airflow/dags/compare_data2threshold.py
[2024-08-14T06:11:28.962+0000] {processor.py:840} INFO - DAG(s) 'compare_data2threshold' retrieved from /opt/airflow/dags/compare_data2threshold.py
[2024-08-14T06:11:29.026+0000] {logging_mixin.py:188} INFO - [2024-08-14T06:11:29.025+0000] {dag.py:3036} INFO - Sync 1 DAGs
[2024-08-14T06:11:29.102+0000] {logging_mixin.py:188} INFO - [2024-08-14T06:11:29.102+0000] {dag.py:3823} INFO - Setting next_dagrun for compare_data2threshold to 2024-08-15 00:00:00+00:00, run_after=2024-08-16 00:00:00+00:00
[2024-08-14T06:11:29.209+0000] {processor.py:183} INFO - Processing /opt/airflow/dags/compare_data2threshold.py took 1.070 seconds
[2024-08-14T06:11:59.926+0000] {processor.py:161} INFO - Started process (PID=3673) to work on /opt/airflow/dags/compare_data2threshold.py
[2024-08-14T06:11:59.929+0000] {processor.py:830} INFO - Processing file /opt/airflow/dags/compare_data2threshold.py for tasks to queue
[2024-08-14T06:11:59.932+0000] {logging_mixin.py:188} INFO - [2024-08-14T06:11:59.932+0000] {dagbag.py:538} INFO - Filling up the DagBag from /opt/airflow/dags/compare_data2threshold.py
[2024-08-14T06:12:01.158+0000] {processor.py:840} INFO - DAG(s) 'compare_data2threshold' retrieved from /opt/airflow/dags/compare_data2threshold.py
[2024-08-14T06:12:01.201+0000] {logging_mixin.py:188} INFO - [2024-08-14T06:12:01.201+0000] {dag.py:3036} INFO - Sync 1 DAGs
[2024-08-14T06:12:01.258+0000] {logging_mixin.py:188} INFO - [2024-08-14T06:12:01.257+0000] {dag.py:3823} INFO - Setting next_dagrun for compare_data2threshold to 2024-08-15 00:00:00+00:00, run_after=2024-08-16 00:00:00+00:00
[2024-08-14T06:12:01.314+0000] {processor.py:183} INFO - Processing /opt/airflow/dags/compare_data2threshold.py took 1.398 seconds
[2024-08-14T06:12:31.385+0000] {processor.py:161} INFO - Started process (PID=3736) to work on /opt/airflow/dags/compare_data2threshold.py
[2024-08-14T06:12:31.387+0000] {processor.py:830} INFO - Processing file /opt/airflow/dags/compare_data2threshold.py for tasks to queue
[2024-08-14T06:12:31.390+0000] {logging_mixin.py:188} INFO - [2024-08-14T06:12:31.390+0000] {dagbag.py:538} INFO - Filling up the DagBag from /opt/airflow/dags/compare_data2threshold.py
[2024-08-14T06:12:32.370+0000] {processor.py:840} INFO - DAG(s) 'compare_data2threshold' retrieved from /opt/airflow/dags/compare_data2threshold.py
[2024-08-14T06:12:32.455+0000] {logging_mixin.py:188} INFO - [2024-08-14T06:12:32.454+0000] {dag.py:3036} INFO - Sync 1 DAGs
[2024-08-14T06:12:32.639+0000] {logging_mixin.py:188} INFO - [2024-08-14T06:12:32.639+0000] {dag.py:3823} INFO - Setting next_dagrun for compare_data2threshold to 2024-08-15 00:00:00+00:00, run_after=2024-08-16 00:00:00+00:00
[2024-08-14T06:12:32.727+0000] {processor.py:183} INFO - Processing /opt/airflow/dags/compare_data2threshold.py took 1.351 seconds
[2024-08-14T06:13:02.855+0000] {processor.py:161} INFO - Started process (PID=3807) to work on /opt/airflow/dags/compare_data2threshold.py
[2024-08-14T06:13:02.857+0000] {processor.py:830} INFO - Processing file /opt/airflow/dags/compare_data2threshold.py for tasks to queue
[2024-08-14T06:13:02.859+0000] {logging_mixin.py:188} INFO - [2024-08-14T06:13:02.859+0000] {dagbag.py:538} INFO - Filling up the DagBag from /opt/airflow/dags/compare_data2threshold.py
[2024-08-14T06:13:03.317+0000] {processor.py:840} INFO - DAG(s) 'compare_data2threshold' retrieved from /opt/airflow/dags/compare_data2threshold.py
[2024-08-14T06:13:03.351+0000] {logging_mixin.py:188} INFO - [2024-08-14T06:13:03.350+0000] {dag.py:3036} INFO - Sync 1 DAGs
[2024-08-14T06:13:03.390+0000] {logging_mixin.py:188} INFO - [2024-08-14T06:13:03.389+0000] {dag.py:3823} INFO - Setting next_dagrun for compare_data2threshold to 2024-08-15 00:00:00+00:00, run_after=2024-08-16 00:00:00+00:00
[2024-08-14T06:13:03.422+0000] {processor.py:183} INFO - Processing /opt/airflow/dags/compare_data2threshold.py took 0.572 seconds
[2024-08-14T06:13:34.007+0000] {processor.py:161} INFO - Started process (PID=3877) to work on /opt/airflow/dags/compare_data2threshold.py
[2024-08-14T06:13:34.009+0000] {processor.py:830} INFO - Processing file /opt/airflow/dags/compare_data2threshold.py for tasks to queue
[2024-08-14T06:13:34.013+0000] {logging_mixin.py:188} INFO - [2024-08-14T06:13:34.012+0000] {dagbag.py:538} INFO - Filling up the DagBag from /opt/airflow/dags/compare_data2threshold.py
[2024-08-14T06:13:34.646+0000] {processor.py:840} INFO - DAG(s) 'compare_data2threshold' retrieved from /opt/airflow/dags/compare_data2threshold.py
[2024-08-14T06:13:34.689+0000] {logging_mixin.py:188} INFO - [2024-08-14T06:13:34.688+0000] {dag.py:3036} INFO - Sync 1 DAGs
[2024-08-14T06:13:34.730+0000] {logging_mixin.py:188} INFO - [2024-08-14T06:13:34.729+0000] {dag.py:3823} INFO - Setting next_dagrun for compare_data2threshold to 2024-08-15 00:00:00+00:00, run_after=2024-08-16 00:00:00+00:00
[2024-08-14T06:13:34.759+0000] {processor.py:183} INFO - Processing /opt/airflow/dags/compare_data2threshold.py took 0.758 seconds
[2024-08-14T06:14:04.960+0000] {processor.py:161} INFO - Started process (PID=3944) to work on /opt/airflow/dags/compare_data2threshold.py
[2024-08-14T06:14:04.968+0000] {processor.py:830} INFO - Processing file /opt/airflow/dags/compare_data2threshold.py for tasks to queue
[2024-08-14T06:14:04.972+0000] {logging_mixin.py:188} INFO - [2024-08-14T06:14:04.971+0000] {dagbag.py:538} INFO - Filling up the DagBag from /opt/airflow/dags/compare_data2threshold.py
[2024-08-14T06:14:05.588+0000] {processor.py:840} INFO - DAG(s) 'compare_data2threshold' retrieved from /opt/airflow/dags/compare_data2threshold.py
[2024-08-14T06:14:05.620+0000] {logging_mixin.py:188} INFO - [2024-08-14T06:14:05.620+0000] {dag.py:3036} INFO - Sync 1 DAGs
[2024-08-14T06:14:05.658+0000] {logging_mixin.py:188} INFO - [2024-08-14T06:14:05.658+0000] {dag.py:3823} INFO - Setting next_dagrun for compare_data2threshold to 2024-08-15 00:00:00+00:00, run_after=2024-08-16 00:00:00+00:00
[2024-08-14T06:14:05.695+0000] {processor.py:183} INFO - Processing /opt/airflow/dags/compare_data2threshold.py took 0.742 seconds
[2024-08-14T06:14:36.280+0000] {processor.py:161} INFO - Started process (PID=4014) to work on /opt/airflow/dags/compare_data2threshold.py
[2024-08-14T06:14:36.281+0000] {processor.py:830} INFO - Processing file /opt/airflow/dags/compare_data2threshold.py for tasks to queue
[2024-08-14T06:14:36.284+0000] {logging_mixin.py:188} INFO - [2024-08-14T06:14:36.283+0000] {dagbag.py:538} INFO - Filling up the DagBag from /opt/airflow/dags/compare_data2threshold.py
[2024-08-14T06:14:36.743+0000] {processor.py:840} INFO - DAG(s) 'compare_data2threshold' retrieved from /opt/airflow/dags/compare_data2threshold.py
[2024-08-14T06:14:36.783+0000] {logging_mixin.py:188} INFO - [2024-08-14T06:14:36.782+0000] {dag.py:3036} INFO - Sync 1 DAGs
[2024-08-14T06:14:36.841+0000] {logging_mixin.py:188} INFO - [2024-08-14T06:14:36.840+0000] {dag.py:3823} INFO - Setting next_dagrun for compare_data2threshold to 2024-08-15 00:00:00+00:00, run_after=2024-08-16 00:00:00+00:00
[2024-08-14T06:14:36.876+0000] {processor.py:183} INFO - Processing /opt/airflow/dags/compare_data2threshold.py took 0.601 seconds
[2024-08-14T06:15:06.923+0000] {processor.py:161} INFO - Started process (PID=4084) to work on /opt/airflow/dags/compare_data2threshold.py
[2024-08-14T06:15:06.926+0000] {processor.py:830} INFO - Processing file /opt/airflow/dags/compare_data2threshold.py for tasks to queue
[2024-08-14T06:15:06.928+0000] {logging_mixin.py:188} INFO - [2024-08-14T06:15:06.928+0000] {dagbag.py:538} INFO - Filling up the DagBag from /opt/airflow/dags/compare_data2threshold.py
[2024-08-14T06:15:07.360+0000] {processor.py:840} INFO - DAG(s) 'compare_data2threshold' retrieved from /opt/airflow/dags/compare_data2threshold.py
[2024-08-14T06:15:07.388+0000] {logging_mixin.py:188} INFO - [2024-08-14T06:15:07.388+0000] {dag.py:3036} INFO - Sync 1 DAGs
[2024-08-14T06:15:07.427+0000] {logging_mixin.py:188} INFO - [2024-08-14T06:15:07.426+0000] {dag.py:3823} INFO - Setting next_dagrun for compare_data2threshold to 2024-08-15 00:00:00+00:00, run_after=2024-08-16 00:00:00+00:00
[2024-08-14T06:15:07.460+0000] {processor.py:183} INFO - Processing /opt/airflow/dags/compare_data2threshold.py took 0.543 seconds
[2024-08-14T06:15:38.356+0000] {processor.py:161} INFO - Started process (PID=4154) to work on /opt/airflow/dags/compare_data2threshold.py
[2024-08-14T06:15:38.360+0000] {processor.py:830} INFO - Processing file /opt/airflow/dags/compare_data2threshold.py for tasks to queue
[2024-08-14T06:15:38.363+0000] {logging_mixin.py:188} INFO - [2024-08-14T06:15:38.362+0000] {dagbag.py:538} INFO - Filling up the DagBag from /opt/airflow/dags/compare_data2threshold.py
[2024-08-14T06:15:38.926+0000] {processor.py:840} INFO - DAG(s) 'compare_data2threshold' retrieved from /opt/airflow/dags/compare_data2threshold.py
[2024-08-14T06:15:38.956+0000] {logging_mixin.py:188} INFO - [2024-08-14T06:15:38.955+0000] {dag.py:3036} INFO - Sync 1 DAGs
[2024-08-14T06:15:38.997+0000] {logging_mixin.py:188} INFO - [2024-08-14T06:15:38.997+0000] {dag.py:3823} INFO - Setting next_dagrun for compare_data2threshold to 2024-08-15 00:00:00+00:00, run_after=2024-08-16 00:00:00+00:00
[2024-08-14T06:15:39.031+0000] {processor.py:183} INFO - Processing /opt/airflow/dags/compare_data2threshold.py took 0.680 seconds
[2024-08-14T06:16:09.113+0000] {processor.py:161} INFO - Started process (PID=4224) to work on /opt/airflow/dags/compare_data2threshold.py
[2024-08-14T06:16:09.115+0000] {processor.py:830} INFO - Processing file /opt/airflow/dags/compare_data2threshold.py for tasks to queue
[2024-08-14T06:16:09.118+0000] {logging_mixin.py:188} INFO - [2024-08-14T06:16:09.118+0000] {dagbag.py:538} INFO - Filling up the DagBag from /opt/airflow/dags/compare_data2threshold.py
[2024-08-14T06:16:09.794+0000] {processor.py:840} INFO - DAG(s) 'compare_data2threshold' retrieved from /opt/airflow/dags/compare_data2threshold.py
[2024-08-14T06:16:09.824+0000] {logging_mixin.py:188} INFO - [2024-08-14T06:16:09.824+0000] {dag.py:3036} INFO - Sync 1 DAGs
[2024-08-14T06:16:09.857+0000] {logging_mixin.py:188} INFO - [2024-08-14T06:16:09.856+0000] {dag.py:3823} INFO - Setting next_dagrun for compare_data2threshold to 2024-08-15 00:00:00+00:00, run_after=2024-08-16 00:00:00+00:00
[2024-08-14T06:16:09.887+0000] {processor.py:183} INFO - Processing /opt/airflow/dags/compare_data2threshold.py took 0.779 seconds
[2024-08-14T06:16:40.039+0000] {processor.py:161} INFO - Started process (PID=4292) to work on /opt/airflow/dags/compare_data2threshold.py
[2024-08-14T06:16:40.044+0000] {processor.py:830} INFO - Processing file /opt/airflow/dags/compare_data2threshold.py for tasks to queue
[2024-08-14T06:16:40.050+0000] {logging_mixin.py:188} INFO - [2024-08-14T06:16:40.050+0000] {dagbag.py:538} INFO - Filling up the DagBag from /opt/airflow/dags/compare_data2threshold.py
[2024-08-14T06:16:40.900+0000] {processor.py:840} INFO - DAG(s) 'compare_data2threshold' retrieved from /opt/airflow/dags/compare_data2threshold.py
[2024-08-14T06:16:40.957+0000] {logging_mixin.py:188} INFO - [2024-08-14T06:16:40.956+0000] {dag.py:3036} INFO - Sync 1 DAGs
[2024-08-14T06:16:41.028+0000] {logging_mixin.py:188} INFO - [2024-08-14T06:16:41.027+0000] {dag.py:3823} INFO - Setting next_dagrun for compare_data2threshold to 2024-08-15 00:00:00+00:00, run_after=2024-08-16 00:00:00+00:00
[2024-08-14T06:16:41.154+0000] {processor.py:183} INFO - Processing /opt/airflow/dags/compare_data2threshold.py took 1.129 seconds
[2024-08-14T06:17:12.024+0000] {processor.py:161} INFO - Started process (PID=4360) to work on /opt/airflow/dags/compare_data2threshold.py
[2024-08-14T06:17:12.033+0000] {processor.py:830} INFO - Processing file /opt/airflow/dags/compare_data2threshold.py for tasks to queue
[2024-08-14T06:17:12.035+0000] {logging_mixin.py:188} INFO - [2024-08-14T06:17:12.035+0000] {dagbag.py:538} INFO - Filling up the DagBag from /opt/airflow/dags/compare_data2threshold.py
[2024-08-14T06:17:12.911+0000] {processor.py:840} INFO - DAG(s) 'compare_data2threshold' retrieved from /opt/airflow/dags/compare_data2threshold.py
[2024-08-14T06:17:12.953+0000] {logging_mixin.py:188} INFO - [2024-08-14T06:17:12.952+0000] {dag.py:3036} INFO - Sync 1 DAGs
[2024-08-14T06:17:13.006+0000] {logging_mixin.py:188} INFO - [2024-08-14T06:17:13.005+0000] {dag.py:3823} INFO - Setting next_dagrun for compare_data2threshold to 2024-08-15 00:00:00+00:00, run_after=2024-08-16 00:00:00+00:00
[2024-08-14T06:17:13.040+0000] {processor.py:183} INFO - Processing /opt/airflow/dags/compare_data2threshold.py took 1.024 seconds
[2024-08-14T06:17:43.871+0000] {processor.py:161} INFO - Started process (PID=4432) to work on /opt/airflow/dags/compare_data2threshold.py
[2024-08-14T06:17:43.873+0000] {processor.py:830} INFO - Processing file /opt/airflow/dags/compare_data2threshold.py for tasks to queue
[2024-08-14T06:17:43.876+0000] {logging_mixin.py:188} INFO - [2024-08-14T06:17:43.875+0000] {dagbag.py:538} INFO - Filling up the DagBag from /opt/airflow/dags/compare_data2threshold.py
[2024-08-14T06:17:44.436+0000] {processor.py:840} INFO - DAG(s) 'compare_data2threshold' retrieved from /opt/airflow/dags/compare_data2threshold.py
[2024-08-14T06:17:44.463+0000] {logging_mixin.py:188} INFO - [2024-08-14T06:17:44.462+0000] {dag.py:3036} INFO - Sync 1 DAGs
[2024-08-14T06:17:44.527+0000] {logging_mixin.py:188} INFO - [2024-08-14T06:17:44.526+0000] {dag.py:3823} INFO - Setting next_dagrun for compare_data2threshold to 2024-08-15 00:00:00+00:00, run_after=2024-08-16 00:00:00+00:00
[2024-08-14T06:17:44.565+0000] {processor.py:183} INFO - Processing /opt/airflow/dags/compare_data2threshold.py took 0.701 seconds
[2024-08-14T06:18:14.638+0000] {processor.py:161} INFO - Started process (PID=4501) to work on /opt/airflow/dags/compare_data2threshold.py
[2024-08-14T06:18:14.640+0000] {processor.py:830} INFO - Processing file /opt/airflow/dags/compare_data2threshold.py for tasks to queue
[2024-08-14T06:18:14.643+0000] {logging_mixin.py:188} INFO - [2024-08-14T06:18:14.642+0000] {dagbag.py:538} INFO - Filling up the DagBag from /opt/airflow/dags/compare_data2threshold.py
[2024-08-14T06:18:15.441+0000] {processor.py:840} INFO - DAG(s) 'compare_data2threshold' retrieved from /opt/airflow/dags/compare_data2threshold.py
[2024-08-14T06:18:15.470+0000] {logging_mixin.py:188} INFO - [2024-08-14T06:18:15.469+0000] {dag.py:3036} INFO - Sync 1 DAGs
[2024-08-14T06:18:15.523+0000] {logging_mixin.py:188} INFO - [2024-08-14T06:18:15.523+0000] {dag.py:3823} INFO - Setting next_dagrun for compare_data2threshold to 2024-08-15 00:00:00+00:00, run_after=2024-08-16 00:00:00+00:00
[2024-08-14T06:18:15.567+0000] {processor.py:183} INFO - Processing /opt/airflow/dags/compare_data2threshold.py took 0.936 seconds
[2024-08-14T06:18:46.290+0000] {processor.py:161} INFO - Started process (PID=4578) to work on /opt/airflow/dags/compare_data2threshold.py
[2024-08-14T06:18:46.293+0000] {processor.py:830} INFO - Processing file /opt/airflow/dags/compare_data2threshold.py for tasks to queue
[2024-08-14T06:18:46.296+0000] {logging_mixin.py:188} INFO - [2024-08-14T06:18:46.296+0000] {dagbag.py:538} INFO - Filling up the DagBag from /opt/airflow/dags/compare_data2threshold.py
[2024-08-14T06:18:46.884+0000] {processor.py:840} INFO - DAG(s) 'compare_data2threshold' retrieved from /opt/airflow/dags/compare_data2threshold.py
[2024-08-14T06:18:46.920+0000] {logging_mixin.py:188} INFO - [2024-08-14T06:18:46.919+0000] {dag.py:3036} INFO - Sync 1 DAGs
[2024-08-14T06:18:46.968+0000] {logging_mixin.py:188} INFO - [2024-08-14T06:18:46.967+0000] {dag.py:3823} INFO - Setting next_dagrun for compare_data2threshold to 2024-08-15 00:00:00+00:00, run_after=2024-08-16 00:00:00+00:00
[2024-08-14T06:18:47.006+0000] {processor.py:183} INFO - Processing /opt/airflow/dags/compare_data2threshold.py took 0.724 seconds
[2024-08-14T06:19:17.280+0000] {processor.py:161} INFO - Started process (PID=4649) to work on /opt/airflow/dags/compare_data2threshold.py
[2024-08-14T06:19:17.290+0000] {processor.py:830} INFO - Processing file /opt/airflow/dags/compare_data2threshold.py for tasks to queue
[2024-08-14T06:19:17.294+0000] {logging_mixin.py:188} INFO - [2024-08-14T06:19:17.293+0000] {dagbag.py:538} INFO - Filling up the DagBag from /opt/airflow/dags/compare_data2threshold.py
[2024-08-14T06:19:18.381+0000] {processor.py:840} INFO - DAG(s) 'compare_data2threshold' retrieved from /opt/airflow/dags/compare_data2threshold.py
[2024-08-14T06:19:18.422+0000] {logging_mixin.py:188} INFO - [2024-08-14T06:19:18.421+0000] {dag.py:3036} INFO - Sync 1 DAGs
[2024-08-14T06:19:18.488+0000] {logging_mixin.py:188} INFO - [2024-08-14T06:19:18.488+0000] {dag.py:3823} INFO - Setting next_dagrun for compare_data2threshold to 2024-08-15 00:00:00+00:00, run_after=2024-08-16 00:00:00+00:00
[2024-08-14T06:19:18.544+0000] {processor.py:183} INFO - Processing /opt/airflow/dags/compare_data2threshold.py took 1.279 seconds
[2024-08-14T06:19:48.642+0000] {processor.py:161} INFO - Started process (PID=4716) to work on /opt/airflow/dags/compare_data2threshold.py
[2024-08-14T06:19:48.647+0000] {processor.py:830} INFO - Processing file /opt/airflow/dags/compare_data2threshold.py for tasks to queue
[2024-08-14T06:19:48.650+0000] {logging_mixin.py:188} INFO - [2024-08-14T06:19:48.650+0000] {dagbag.py:538} INFO - Filling up the DagBag from /opt/airflow/dags/compare_data2threshold.py
[2024-08-14T06:19:49.219+0000] {processor.py:840} INFO - DAG(s) 'compare_data2threshold' retrieved from /opt/airflow/dags/compare_data2threshold.py
[2024-08-14T06:19:49.251+0000] {logging_mixin.py:188} INFO - [2024-08-14T06:19:49.250+0000] {dag.py:3036} INFO - Sync 1 DAGs
[2024-08-14T06:19:49.326+0000] {logging_mixin.py:188} INFO - [2024-08-14T06:19:49.326+0000] {dag.py:3823} INFO - Setting next_dagrun for compare_data2threshold to 2024-08-15 00:00:00+00:00, run_after=2024-08-16 00:00:00+00:00
[2024-08-14T06:19:49.378+0000] {processor.py:183} INFO - Processing /opt/airflow/dags/compare_data2threshold.py took 0.744 seconds
[2024-08-14T06:20:20.243+0000] {processor.py:161} INFO - Started process (PID=4786) to work on /opt/airflow/dags/compare_data2threshold.py
[2024-08-14T06:20:20.255+0000] {processor.py:830} INFO - Processing file /opt/airflow/dags/compare_data2threshold.py for tasks to queue
[2024-08-14T06:20:20.259+0000] {logging_mixin.py:188} INFO - [2024-08-14T06:20:20.258+0000] {dagbag.py:538} INFO - Filling up the DagBag from /opt/airflow/dags/compare_data2threshold.py
[2024-08-14T06:20:20.948+0000] {processor.py:840} INFO - DAG(s) 'compare_data2threshold' retrieved from /opt/airflow/dags/compare_data2threshold.py
[2024-08-14T06:20:20.980+0000] {logging_mixin.py:188} INFO - [2024-08-14T06:20:20.979+0000] {dag.py:3036} INFO - Sync 1 DAGs
[2024-08-14T06:20:21.029+0000] {logging_mixin.py:188} INFO - [2024-08-14T06:20:21.028+0000] {dag.py:3823} INFO - Setting next_dagrun for compare_data2threshold to 2024-08-15 00:00:00+00:00, run_after=2024-08-16 00:00:00+00:00
[2024-08-14T06:20:21.069+0000] {processor.py:183} INFO - Processing /opt/airflow/dags/compare_data2threshold.py took 0.831 seconds
[2024-08-14T06:20:51.656+0000] {processor.py:161} INFO - Started process (PID=4855) to work on /opt/airflow/dags/compare_data2threshold.py
[2024-08-14T06:20:51.658+0000] {processor.py:830} INFO - Processing file /opt/airflow/dags/compare_data2threshold.py for tasks to queue
[2024-08-14T06:20:51.661+0000] {logging_mixin.py:188} INFO - [2024-08-14T06:20:51.660+0000] {dagbag.py:538} INFO - Filling up the DagBag from /opt/airflow/dags/compare_data2threshold.py
[2024-08-14T06:20:52.218+0000] {processor.py:840} INFO - DAG(s) 'compare_data2threshold' retrieved from /opt/airflow/dags/compare_data2threshold.py
[2024-08-14T06:20:52.245+0000] {logging_mixin.py:188} INFO - [2024-08-14T06:20:52.245+0000] {dag.py:3036} INFO - Sync 1 DAGs
[2024-08-14T06:20:52.286+0000] {logging_mixin.py:188} INFO - [2024-08-14T06:20:52.285+0000] {dag.py:3823} INFO - Setting next_dagrun for compare_data2threshold to 2024-08-15 00:00:00+00:00, run_after=2024-08-16 00:00:00+00:00
[2024-08-14T06:20:52.320+0000] {processor.py:183} INFO - Processing /opt/airflow/dags/compare_data2threshold.py took 0.671 seconds
[2024-08-14T06:21:23.008+0000] {processor.py:161} INFO - Started process (PID=4925) to work on /opt/airflow/dags/compare_data2threshold.py
[2024-08-14T06:21:23.010+0000] {processor.py:830} INFO - Processing file /opt/airflow/dags/compare_data2threshold.py for tasks to queue
[2024-08-14T06:21:23.013+0000] {logging_mixin.py:188} INFO - [2024-08-14T06:21:23.012+0000] {dagbag.py:538} INFO - Filling up the DagBag from /opt/airflow/dags/compare_data2threshold.py
[2024-08-14T06:21:23.578+0000] {processor.py:840} INFO - DAG(s) 'compare_data2threshold' retrieved from /opt/airflow/dags/compare_data2threshold.py
[2024-08-14T06:21:23.609+0000] {logging_mixin.py:188} INFO - [2024-08-14T06:21:23.608+0000] {dag.py:3036} INFO - Sync 1 DAGs
[2024-08-14T06:21:23.657+0000] {logging_mixin.py:188} INFO - [2024-08-14T06:21:23.656+0000] {dag.py:3823} INFO - Setting next_dagrun for compare_data2threshold to 2024-08-15 00:00:00+00:00, run_after=2024-08-16 00:00:00+00:00
[2024-08-14T06:21:23.699+0000] {processor.py:183} INFO - Processing /opt/airflow/dags/compare_data2threshold.py took 0.698 seconds
[2024-08-14T06:21:54.285+0000] {processor.py:161} INFO - Started process (PID=4994) to work on /opt/airflow/dags/compare_data2threshold.py
[2024-08-14T06:21:54.287+0000] {processor.py:830} INFO - Processing file /opt/airflow/dags/compare_data2threshold.py for tasks to queue
[2024-08-14T06:21:54.291+0000] {logging_mixin.py:188} INFO - [2024-08-14T06:21:54.290+0000] {dagbag.py:538} INFO - Filling up the DagBag from /opt/airflow/dags/compare_data2threshold.py
[2024-08-14T06:21:54.894+0000] {processor.py:840} INFO - DAG(s) 'compare_data2threshold' retrieved from /opt/airflow/dags/compare_data2threshold.py
[2024-08-14T06:21:54.950+0000] {logging_mixin.py:188} INFO - [2024-08-14T06:21:54.949+0000] {dag.py:3036} INFO - Sync 1 DAGs
[2024-08-14T06:21:55.018+0000] {logging_mixin.py:188} INFO - [2024-08-14T06:21:55.017+0000] {dag.py:3823} INFO - Setting next_dagrun for compare_data2threshold to 2024-08-15 00:00:00+00:00, run_after=2024-08-16 00:00:00+00:00
[2024-08-14T06:21:55.059+0000] {processor.py:183} INFO - Processing /opt/airflow/dags/compare_data2threshold.py took 0.779 seconds
[2024-08-14T06:22:25.798+0000] {processor.py:161} INFO - Started process (PID=5063) to work on /opt/airflow/dags/compare_data2threshold.py
[2024-08-14T06:22:25.800+0000] {processor.py:830} INFO - Processing file /opt/airflow/dags/compare_data2threshold.py for tasks to queue
[2024-08-14T06:22:25.802+0000] {logging_mixin.py:188} INFO - [2024-08-14T06:22:25.802+0000] {dagbag.py:538} INFO - Filling up the DagBag from /opt/airflow/dags/compare_data2threshold.py
[2024-08-14T06:22:26.337+0000] {processor.py:840} INFO - DAG(s) 'compare_data2threshold' retrieved from /opt/airflow/dags/compare_data2threshold.py
[2024-08-14T06:22:26.366+0000] {logging_mixin.py:188} INFO - [2024-08-14T06:22:26.366+0000] {dag.py:3036} INFO - Sync 1 DAGs
[2024-08-14T06:22:26.413+0000] {logging_mixin.py:188} INFO - [2024-08-14T06:22:26.412+0000] {dag.py:3823} INFO - Setting next_dagrun for compare_data2threshold to 2024-08-15 00:00:00+00:00, run_after=2024-08-16 00:00:00+00:00
[2024-08-14T06:22:26.448+0000] {processor.py:183} INFO - Processing /opt/airflow/dags/compare_data2threshold.py took 0.659 seconds
[2024-08-14T06:22:56.634+0000] {processor.py:161} INFO - Started process (PID=5133) to work on /opt/airflow/dags/compare_data2threshold.py
[2024-08-14T06:22:56.637+0000] {processor.py:830} INFO - Processing file /opt/airflow/dags/compare_data2threshold.py for tasks to queue
[2024-08-14T06:22:56.641+0000] {logging_mixin.py:188} INFO - [2024-08-14T06:22:56.640+0000] {dagbag.py:538} INFO - Filling up the DagBag from /opt/airflow/dags/compare_data2threshold.py
[2024-08-14T06:22:57.320+0000] {processor.py:840} INFO - DAG(s) 'compare_data2threshold' retrieved from /opt/airflow/dags/compare_data2threshold.py
[2024-08-14T06:22:57.356+0000] {logging_mixin.py:188} INFO - [2024-08-14T06:22:57.355+0000] {dag.py:3036} INFO - Sync 1 DAGs
[2024-08-14T06:22:57.404+0000] {logging_mixin.py:188} INFO - [2024-08-14T06:22:57.404+0000] {dag.py:3823} INFO - Setting next_dagrun for compare_data2threshold to 2024-08-15 00:00:00+00:00, run_after=2024-08-16 00:00:00+00:00
[2024-08-14T06:22:57.444+0000] {processor.py:183} INFO - Processing /opt/airflow/dags/compare_data2threshold.py took 0.823 seconds
[2024-08-14T06:23:27.484+0000] {processor.py:161} INFO - Started process (PID=5203) to work on /opt/airflow/dags/compare_data2threshold.py
[2024-08-14T06:23:27.486+0000] {processor.py:830} INFO - Processing file /opt/airflow/dags/compare_data2threshold.py for tasks to queue
[2024-08-14T06:23:27.489+0000] {logging_mixin.py:188} INFO - [2024-08-14T06:23:27.488+0000] {dagbag.py:538} INFO - Filling up the DagBag from /opt/airflow/dags/compare_data2threshold.py
[2024-08-14T06:23:27.990+0000] {processor.py:840} INFO - DAG(s) 'compare_data2threshold' retrieved from /opt/airflow/dags/compare_data2threshold.py
[2024-08-14T06:23:28.018+0000] {logging_mixin.py:188} INFO - [2024-08-14T06:23:28.017+0000] {dag.py:3036} INFO - Sync 1 DAGs
[2024-08-14T06:23:28.056+0000] {logging_mixin.py:188} INFO - [2024-08-14T06:23:28.055+0000] {dag.py:3823} INFO - Setting next_dagrun for compare_data2threshold to 2024-08-15 00:00:00+00:00, run_after=2024-08-16 00:00:00+00:00
[2024-08-14T06:23:28.089+0000] {processor.py:183} INFO - Processing /opt/airflow/dags/compare_data2threshold.py took 0.610 seconds
[2024-08-14T06:23:58.288+0000] {processor.py:161} INFO - Started process (PID=5278) to work on /opt/airflow/dags/compare_data2threshold.py
[2024-08-14T06:23:58.290+0000] {processor.py:830} INFO - Processing file /opt/airflow/dags/compare_data2threshold.py for tasks to queue
[2024-08-14T06:23:58.294+0000] {logging_mixin.py:188} INFO - [2024-08-14T06:23:58.293+0000] {dagbag.py:538} INFO - Filling up the DagBag from /opt/airflow/dags/compare_data2threshold.py
[2024-08-14T06:23:58.876+0000] {processor.py:840} INFO - DAG(s) 'compare_data2threshold' retrieved from /opt/airflow/dags/compare_data2threshold.py
[2024-08-14T06:23:58.903+0000] {logging_mixin.py:188} INFO - [2024-08-14T06:23:58.902+0000] {dag.py:3036} INFO - Sync 1 DAGs
[2024-08-14T06:23:58.954+0000] {logging_mixin.py:188} INFO - [2024-08-14T06:23:58.953+0000] {dag.py:3823} INFO - Setting next_dagrun for compare_data2threshold to 2024-08-15 00:00:00+00:00, run_after=2024-08-16 00:00:00+00:00
[2024-08-14T06:23:59.014+0000] {processor.py:183} INFO - Processing /opt/airflow/dags/compare_data2threshold.py took 0.732 seconds
[2024-08-14T06:24:29.834+0000] {processor.py:161} INFO - Started process (PID=5342) to work on /opt/airflow/dags/compare_data2threshold.py
[2024-08-14T06:24:29.840+0000] {processor.py:830} INFO - Processing file /opt/airflow/dags/compare_data2threshold.py for tasks to queue
[2024-08-14T06:24:29.843+0000] {logging_mixin.py:188} INFO - [2024-08-14T06:24:29.843+0000] {dagbag.py:538} INFO - Filling up the DagBag from /opt/airflow/dags/compare_data2threshold.py
[2024-08-14T06:24:30.565+0000] {processor.py:840} INFO - DAG(s) 'compare_data2threshold' retrieved from /opt/airflow/dags/compare_data2threshold.py
[2024-08-14T06:24:30.595+0000] {logging_mixin.py:188} INFO - [2024-08-14T06:24:30.594+0000] {dag.py:3036} INFO - Sync 1 DAGs
[2024-08-14T06:24:30.631+0000] {logging_mixin.py:188} INFO - [2024-08-14T06:24:30.631+0000] {dag.py:3823} INFO - Setting next_dagrun for compare_data2threshold to 2024-08-15 00:00:00+00:00, run_after=2024-08-16 00:00:00+00:00
[2024-08-14T06:24:30.663+0000] {processor.py:183} INFO - Processing /opt/airflow/dags/compare_data2threshold.py took 0.843 seconds
[2024-08-14T06:25:01.412+0000] {processor.py:161} INFO - Started process (PID=5413) to work on /opt/airflow/dags/compare_data2threshold.py
[2024-08-14T06:25:01.419+0000] {processor.py:830} INFO - Processing file /opt/airflow/dags/compare_data2threshold.py for tasks to queue
[2024-08-14T06:25:01.422+0000] {logging_mixin.py:188} INFO - [2024-08-14T06:25:01.422+0000] {dagbag.py:538} INFO - Filling up the DagBag from /opt/airflow/dags/compare_data2threshold.py
[2024-08-14T06:25:01.947+0000] {processor.py:840} INFO - DAG(s) 'compare_data2threshold' retrieved from /opt/airflow/dags/compare_data2threshold.py
[2024-08-14T06:25:01.976+0000] {logging_mixin.py:188} INFO - [2024-08-14T06:25:01.976+0000] {dag.py:3036} INFO - Sync 1 DAGs
[2024-08-14T06:25:02.015+0000] {logging_mixin.py:188} INFO - [2024-08-14T06:25:02.014+0000] {dag.py:3823} INFO - Setting next_dagrun for compare_data2threshold to 2024-08-15 00:00:00+00:00, run_after=2024-08-16 00:00:00+00:00
[2024-08-14T06:25:02.051+0000] {processor.py:183} INFO - Processing /opt/airflow/dags/compare_data2threshold.py took 0.644 seconds
[2024-08-14T06:25:32.617+0000] {processor.py:161} INFO - Started process (PID=5483) to work on /opt/airflow/dags/compare_data2threshold.py
[2024-08-14T06:25:32.619+0000] {processor.py:830} INFO - Processing file /opt/airflow/dags/compare_data2threshold.py for tasks to queue
[2024-08-14T06:25:32.622+0000] {logging_mixin.py:188} INFO - [2024-08-14T06:25:32.622+0000] {dagbag.py:538} INFO - Filling up the DagBag from /opt/airflow/dags/compare_data2threshold.py
[2024-08-14T06:25:33.334+0000] {processor.py:840} INFO - DAG(s) 'compare_data2threshold' retrieved from /opt/airflow/dags/compare_data2threshold.py
[2024-08-14T06:25:33.384+0000] {logging_mixin.py:188} INFO - [2024-08-14T06:25:33.381+0000] {dag.py:3036} INFO - Sync 1 DAGs
[2024-08-14T06:25:33.453+0000] {logging_mixin.py:188} INFO - [2024-08-14T06:25:33.452+0000] {dag.py:3823} INFO - Setting next_dagrun for compare_data2threshold to 2024-08-15 00:00:00+00:00, run_after=2024-08-16 00:00:00+00:00
[2024-08-14T06:25:33.483+0000] {processor.py:183} INFO - Processing /opt/airflow/dags/compare_data2threshold.py took 0.874 seconds
[2024-08-14T06:26:03.601+0000] {processor.py:161} INFO - Started process (PID=5553) to work on /opt/airflow/dags/compare_data2threshold.py
[2024-08-14T06:26:03.611+0000] {processor.py:830} INFO - Processing file /opt/airflow/dags/compare_data2threshold.py for tasks to queue
[2024-08-14T06:26:03.616+0000] {logging_mixin.py:188} INFO - [2024-08-14T06:26:03.616+0000] {dagbag.py:538} INFO - Filling up the DagBag from /opt/airflow/dags/compare_data2threshold.py
[2024-08-14T06:26:04.160+0000] {processor.py:840} INFO - DAG(s) 'compare_data2threshold' retrieved from /opt/airflow/dags/compare_data2threshold.py
[2024-08-14T06:26:04.191+0000] {logging_mixin.py:188} INFO - [2024-08-14T06:26:04.190+0000] {dag.py:3036} INFO - Sync 1 DAGs
[2024-08-14T06:26:04.236+0000] {logging_mixin.py:188} INFO - [2024-08-14T06:26:04.235+0000] {dag.py:3823} INFO - Setting next_dagrun for compare_data2threshold to 2024-08-15 00:00:00+00:00, run_after=2024-08-16 00:00:00+00:00
[2024-08-14T06:26:04.273+0000] {processor.py:183} INFO - Processing /opt/airflow/dags/compare_data2threshold.py took 0.680 seconds
[2024-08-14T06:26:35.172+0000] {processor.py:161} INFO - Started process (PID=5621) to work on /opt/airflow/dags/compare_data2threshold.py
[2024-08-14T06:26:35.180+0000] {processor.py:830} INFO - Processing file /opt/airflow/dags/compare_data2threshold.py for tasks to queue
[2024-08-14T06:26:35.184+0000] {logging_mixin.py:188} INFO - [2024-08-14T06:26:35.183+0000] {dagbag.py:538} INFO - Filling up the DagBag from /opt/airflow/dags/compare_data2threshold.py
[2024-08-14T06:26:35.807+0000] {processor.py:840} INFO - DAG(s) 'compare_data2threshold' retrieved from /opt/airflow/dags/compare_data2threshold.py
[2024-08-14T06:26:35.837+0000] {logging_mixin.py:188} INFO - [2024-08-14T06:26:35.836+0000] {dag.py:3036} INFO - Sync 1 DAGs
[2024-08-14T06:26:35.916+0000] {logging_mixin.py:188} INFO - [2024-08-14T06:26:35.915+0000] {dag.py:3823} INFO - Setting next_dagrun for compare_data2threshold to 2024-08-15 00:00:00+00:00, run_after=2024-08-16 00:00:00+00:00
[2024-08-14T06:26:35.994+0000] {processor.py:183} INFO - Processing /opt/airflow/dags/compare_data2threshold.py took 0.826 seconds
[2024-08-14T06:27:07.004+0000] {processor.py:161} INFO - Started process (PID=5699) to work on /opt/airflow/dags/compare_data2threshold.py
[2024-08-14T06:27:07.013+0000] {processor.py:830} INFO - Processing file /opt/airflow/dags/compare_data2threshold.py for tasks to queue
[2024-08-14T06:27:07.016+0000] {logging_mixin.py:188} INFO - [2024-08-14T06:27:07.015+0000] {dagbag.py:538} INFO - Filling up the DagBag from /opt/airflow/dags/compare_data2threshold.py
[2024-08-14T06:27:07.696+0000] {processor.py:840} INFO - DAG(s) 'compare_data2threshold' retrieved from /opt/airflow/dags/compare_data2threshold.py
[2024-08-14T06:27:07.730+0000] {logging_mixin.py:188} INFO - [2024-08-14T06:27:07.729+0000] {dag.py:3036} INFO - Sync 1 DAGs
[2024-08-14T06:27:07.828+0000] {logging_mixin.py:188} INFO - [2024-08-14T06:27:07.827+0000] {dag.py:3823} INFO - Setting next_dagrun for compare_data2threshold to 2024-08-15 00:00:00+00:00, run_after=2024-08-16 00:00:00+00:00
[2024-08-14T06:27:07.911+0000] {processor.py:183} INFO - Processing /opt/airflow/dags/compare_data2threshold.py took 0.914 seconds
[2024-08-14T06:27:38.126+0000] {processor.py:161} INFO - Started process (PID=5771) to work on /opt/airflow/dags/compare_data2threshold.py
[2024-08-14T06:27:38.128+0000] {processor.py:830} INFO - Processing file /opt/airflow/dags/compare_data2threshold.py for tasks to queue
[2024-08-14T06:27:38.131+0000] {logging_mixin.py:188} INFO - [2024-08-14T06:27:38.131+0000] {dagbag.py:538} INFO - Filling up the DagBag from /opt/airflow/dags/compare_data2threshold.py
[2024-08-14T06:27:38.635+0000] {processor.py:840} INFO - DAG(s) 'compare_data2threshold' retrieved from /opt/airflow/dags/compare_data2threshold.py
[2024-08-14T06:27:38.663+0000] {logging_mixin.py:188} INFO - [2024-08-14T06:27:38.662+0000] {dag.py:3036} INFO - Sync 1 DAGs
[2024-08-14T06:27:38.714+0000] {logging_mixin.py:188} INFO - [2024-08-14T06:27:38.714+0000] {dag.py:3823} INFO - Setting next_dagrun for compare_data2threshold to 2024-08-15 00:00:00+00:00, run_after=2024-08-16 00:00:00+00:00
[2024-08-14T06:27:38.768+0000] {processor.py:183} INFO - Processing /opt/airflow/dags/compare_data2threshold.py took 0.649 seconds
[2024-08-14T06:28:09.327+0000] {processor.py:161} INFO - Started process (PID=5840) to work on /opt/airflow/dags/compare_data2threshold.py
[2024-08-14T06:28:09.329+0000] {processor.py:830} INFO - Processing file /opt/airflow/dags/compare_data2threshold.py for tasks to queue
[2024-08-14T06:28:09.333+0000] {logging_mixin.py:188} INFO - [2024-08-14T06:28:09.332+0000] {dagbag.py:538} INFO - Filling up the DagBag from /opt/airflow/dags/compare_data2threshold.py
[2024-08-14T06:28:09.913+0000] {processor.py:840} INFO - DAG(s) 'compare_data2threshold' retrieved from /opt/airflow/dags/compare_data2threshold.py
[2024-08-14T06:28:09.949+0000] {logging_mixin.py:188} INFO - [2024-08-14T06:28:09.949+0000] {dag.py:3036} INFO - Sync 1 DAGs
[2024-08-14T06:28:09.993+0000] {logging_mixin.py:188} INFO - [2024-08-14T06:28:09.992+0000] {dag.py:3823} INFO - Setting next_dagrun for compare_data2threshold to 2024-08-15 00:00:00+00:00, run_after=2024-08-16 00:00:00+00:00
[2024-08-14T06:28:10.064+0000] {processor.py:183} INFO - Processing /opt/airflow/dags/compare_data2threshold.py took 0.742 seconds
[2024-08-14T06:28:40.584+0000] {processor.py:161} INFO - Started process (PID=5912) to work on /opt/airflow/dags/compare_data2threshold.py
[2024-08-14T06:28:40.586+0000] {processor.py:830} INFO - Processing file /opt/airflow/dags/compare_data2threshold.py for tasks to queue
[2024-08-14T06:28:40.589+0000] {logging_mixin.py:188} INFO - [2024-08-14T06:28:40.588+0000] {dagbag.py:538} INFO - Filling up the DagBag from /opt/airflow/dags/compare_data2threshold.py
[2024-08-14T06:28:41.481+0000] {processor.py:840} INFO - DAG(s) 'compare_data2threshold' retrieved from /opt/airflow/dags/compare_data2threshold.py
[2024-08-14T06:28:41.518+0000] {logging_mixin.py:188} INFO - [2024-08-14T06:28:41.517+0000] {dag.py:3036} INFO - Sync 1 DAGs
[2024-08-14T06:28:41.634+0000] {logging_mixin.py:188} INFO - [2024-08-14T06:28:41.633+0000] {dag.py:3823} INFO - Setting next_dagrun for compare_data2threshold to 2024-08-15 00:00:00+00:00, run_after=2024-08-16 00:00:00+00:00
[2024-08-14T06:28:41.703+0000] {processor.py:183} INFO - Processing /opt/airflow/dags/compare_data2threshold.py took 1.125 seconds
[2024-08-14T06:29:12.139+0000] {processor.py:161} INFO - Started process (PID=5982) to work on /opt/airflow/dags/compare_data2threshold.py
[2024-08-14T06:29:12.146+0000] {processor.py:830} INFO - Processing file /opt/airflow/dags/compare_data2threshold.py for tasks to queue
[2024-08-14T06:29:12.149+0000] {logging_mixin.py:188} INFO - [2024-08-14T06:29:12.149+0000] {dagbag.py:538} INFO - Filling up the DagBag from /opt/airflow/dags/compare_data2threshold.py
[2024-08-14T06:29:12.857+0000] {processor.py:840} INFO - DAG(s) 'compare_data2threshold' retrieved from /opt/airflow/dags/compare_data2threshold.py
[2024-08-14T06:29:12.924+0000] {logging_mixin.py:188} INFO - [2024-08-14T06:29:12.923+0000] {dag.py:3036} INFO - Sync 1 DAGs
[2024-08-14T06:29:12.997+0000] {logging_mixin.py:188} INFO - [2024-08-14T06:29:12.997+0000] {dag.py:3823} INFO - Setting next_dagrun for compare_data2threshold to 2024-08-15 00:00:00+00:00, run_after=2024-08-16 00:00:00+00:00
[2024-08-14T06:29:13.051+0000] {processor.py:183} INFO - Processing /opt/airflow/dags/compare_data2threshold.py took 0.919 seconds
[2024-08-14T06:29:43.346+0000] {processor.py:161} INFO - Started process (PID=6053) to work on /opt/airflow/dags/compare_data2threshold.py
[2024-08-14T06:29:43.349+0000] {processor.py:830} INFO - Processing file /opt/airflow/dags/compare_data2threshold.py for tasks to queue
[2024-08-14T06:29:43.353+0000] {logging_mixin.py:188} INFO - [2024-08-14T06:29:43.352+0000] {dagbag.py:538} INFO - Filling up the DagBag from /opt/airflow/dags/compare_data2threshold.py
[2024-08-14T06:29:44.095+0000] {processor.py:840} INFO - DAG(s) 'compare_data2threshold' retrieved from /opt/airflow/dags/compare_data2threshold.py
[2024-08-14T06:29:44.133+0000] {logging_mixin.py:188} INFO - [2024-08-14T06:29:44.132+0000] {dag.py:3036} INFO - Sync 1 DAGs
[2024-08-14T06:29:44.197+0000] {logging_mixin.py:188} INFO - [2024-08-14T06:29:44.196+0000] {dag.py:3823} INFO - Setting next_dagrun for compare_data2threshold to 2024-08-15 00:00:00+00:00, run_after=2024-08-16 00:00:00+00:00
[2024-08-14T06:29:44.251+0000] {processor.py:183} INFO - Processing /opt/airflow/dags/compare_data2threshold.py took 0.918 seconds
[2024-08-14T06:30:14.830+0000] {processor.py:161} INFO - Started process (PID=6124) to work on /opt/airflow/dags/compare_data2threshold.py
[2024-08-14T06:30:14.835+0000] {processor.py:830} INFO - Processing file /opt/airflow/dags/compare_data2threshold.py for tasks to queue
[2024-08-14T06:30:14.839+0000] {logging_mixin.py:188} INFO - [2024-08-14T06:30:14.838+0000] {dagbag.py:538} INFO - Filling up the DagBag from /opt/airflow/dags/compare_data2threshold.py
[2024-08-14T06:30:15.551+0000] {processor.py:840} INFO - DAG(s) 'compare_data2threshold' retrieved from /opt/airflow/dags/compare_data2threshold.py
[2024-08-14T06:30:15.593+0000] {logging_mixin.py:188} INFO - [2024-08-14T06:30:15.592+0000] {dag.py:3036} INFO - Sync 1 DAGs
[2024-08-14T06:30:15.645+0000] {logging_mixin.py:188} INFO - [2024-08-14T06:30:15.644+0000] {dag.py:3823} INFO - Setting next_dagrun for compare_data2threshold to 2024-08-15 00:00:00+00:00, run_after=2024-08-16 00:00:00+00:00
[2024-08-14T06:30:15.688+0000] {processor.py:183} INFO - Processing /opt/airflow/dags/compare_data2threshold.py took 0.865 seconds
[2024-08-14T06:30:45.929+0000] {processor.py:161} INFO - Started process (PID=6196) to work on /opt/airflow/dags/compare_data2threshold.py
[2024-08-14T06:30:45.931+0000] {processor.py:830} INFO - Processing file /opt/airflow/dags/compare_data2threshold.py for tasks to queue
[2024-08-14T06:30:45.933+0000] {logging_mixin.py:188} INFO - [2024-08-14T06:30:45.933+0000] {dagbag.py:538} INFO - Filling up the DagBag from /opt/airflow/dags/compare_data2threshold.py
[2024-08-14T06:30:46.498+0000] {processor.py:840} INFO - DAG(s) 'compare_data2threshold' retrieved from /opt/airflow/dags/compare_data2threshold.py
[2024-08-14T06:30:46.532+0000] {logging_mixin.py:188} INFO - [2024-08-14T06:30:46.531+0000] {dag.py:3036} INFO - Sync 1 DAGs
[2024-08-14T06:30:46.590+0000] {logging_mixin.py:188} INFO - [2024-08-14T06:30:46.590+0000] {dag.py:3823} INFO - Setting next_dagrun for compare_data2threshold to 2024-08-15 00:00:00+00:00, run_after=2024-08-16 00:00:00+00:00
[2024-08-14T06:30:46.620+0000] {processor.py:183} INFO - Processing /opt/airflow/dags/compare_data2threshold.py took 0.697 seconds
[2024-08-14T06:31:16.815+0000] {processor.py:161} INFO - Started process (PID=6268) to work on /opt/airflow/dags/compare_data2threshold.py
[2024-08-14T06:31:16.817+0000] {processor.py:830} INFO - Processing file /opt/airflow/dags/compare_data2threshold.py for tasks to queue
[2024-08-14T06:31:16.821+0000] {logging_mixin.py:188} INFO - [2024-08-14T06:31:16.820+0000] {dagbag.py:538} INFO - Filling up the DagBag from /opt/airflow/dags/compare_data2threshold.py
[2024-08-14T06:31:17.426+0000] {processor.py:840} INFO - DAG(s) 'compare_data2threshold' retrieved from /opt/airflow/dags/compare_data2threshold.py
[2024-08-14T06:31:17.482+0000] {logging_mixin.py:188} INFO - [2024-08-14T06:31:17.482+0000] {dag.py:3036} INFO - Sync 1 DAGs
[2024-08-14T06:31:17.539+0000] {logging_mixin.py:188} INFO - [2024-08-14T06:31:17.538+0000] {dag.py:3823} INFO - Setting next_dagrun for compare_data2threshold to 2024-08-15 00:00:00+00:00, run_after=2024-08-16 00:00:00+00:00
[2024-08-14T06:31:17.577+0000] {processor.py:183} INFO - Processing /opt/airflow/dags/compare_data2threshold.py took 0.769 seconds
[2024-08-14T06:31:47.638+0000] {processor.py:161} INFO - Started process (PID=6340) to work on /opt/airflow/dags/compare_data2threshold.py
[2024-08-14T06:31:47.645+0000] {processor.py:830} INFO - Processing file /opt/airflow/dags/compare_data2threshold.py for tasks to queue
[2024-08-14T06:31:47.649+0000] {logging_mixin.py:188} INFO - [2024-08-14T06:31:47.648+0000] {dagbag.py:538} INFO - Filling up the DagBag from /opt/airflow/dags/compare_data2threshold.py
[2024-08-14T06:31:48.195+0000] {processor.py:840} INFO - DAG(s) 'compare_data2threshold' retrieved from /opt/airflow/dags/compare_data2threshold.py
[2024-08-14T06:31:48.233+0000] {logging_mixin.py:188} INFO - [2024-08-14T06:31:48.232+0000] {dag.py:3036} INFO - Sync 1 DAGs
[2024-08-14T06:31:48.319+0000] {logging_mixin.py:188} INFO - [2024-08-14T06:31:48.319+0000] {dag.py:3823} INFO - Setting next_dagrun for compare_data2threshold to 2024-08-15 00:00:00+00:00, run_after=2024-08-16 00:00:00+00:00
[2024-08-14T06:31:48.377+0000] {processor.py:183} INFO - Processing /opt/airflow/dags/compare_data2threshold.py took 0.746 seconds
[2024-08-14T06:32:18.621+0000] {processor.py:161} INFO - Started process (PID=6420) to work on /opt/airflow/dags/compare_data2threshold.py
[2024-08-14T06:32:18.623+0000] {processor.py:830} INFO - Processing file /opt/airflow/dags/compare_data2threshold.py for tasks to queue
[2024-08-14T06:32:18.626+0000] {logging_mixin.py:188} INFO - [2024-08-14T06:32:18.626+0000] {dagbag.py:538} INFO - Filling up the DagBag from /opt/airflow/dags/compare_data2threshold.py
[2024-08-14T06:32:19.227+0000] {processor.py:840} INFO - DAG(s) 'compare_data2threshold' retrieved from /opt/airflow/dags/compare_data2threshold.py
[2024-08-14T06:32:19.257+0000] {logging_mixin.py:188} INFO - [2024-08-14T06:32:19.256+0000] {dag.py:3036} INFO - Sync 1 DAGs
[2024-08-14T06:32:19.300+0000] {logging_mixin.py:188} INFO - [2024-08-14T06:32:19.299+0000] {dag.py:3823} INFO - Setting next_dagrun for compare_data2threshold to 2024-08-15 00:00:00+00:00, run_after=2024-08-16 00:00:00+00:00
[2024-08-14T06:32:19.341+0000] {processor.py:183} INFO - Processing /opt/airflow/dags/compare_data2threshold.py took 0.727 seconds
[2024-08-14T06:32:49.627+0000] {processor.py:161} INFO - Started process (PID=6487) to work on /opt/airflow/dags/compare_data2threshold.py
[2024-08-14T06:32:49.629+0000] {processor.py:830} INFO - Processing file /opt/airflow/dags/compare_data2threshold.py for tasks to queue
[2024-08-14T06:32:49.633+0000] {logging_mixin.py:188} INFO - [2024-08-14T06:32:49.632+0000] {dagbag.py:538} INFO - Filling up the DagBag from /opt/airflow/dags/compare_data2threshold.py
[2024-08-14T06:32:50.568+0000] {processor.py:840} INFO - DAG(s) 'compare_data2threshold' retrieved from /opt/airflow/dags/compare_data2threshold.py
[2024-08-14T06:32:50.639+0000] {logging_mixin.py:188} INFO - [2024-08-14T06:32:50.638+0000] {dag.py:3036} INFO - Sync 1 DAGs
[2024-08-14T06:32:50.699+0000] {logging_mixin.py:188} INFO - [2024-08-14T06:32:50.699+0000] {dag.py:3823} INFO - Setting next_dagrun for compare_data2threshold to 2024-08-15 00:00:00+00:00, run_after=2024-08-16 00:00:00+00:00
[2024-08-14T06:32:50.754+0000] {processor.py:183} INFO - Processing /opt/airflow/dags/compare_data2threshold.py took 1.133 seconds
[2024-08-14T06:33:20.934+0000] {processor.py:161} INFO - Started process (PID=6558) to work on /opt/airflow/dags/compare_data2threshold.py
[2024-08-14T06:33:20.936+0000] {processor.py:830} INFO - Processing file /opt/airflow/dags/compare_data2threshold.py for tasks to queue
[2024-08-14T06:33:20.940+0000] {logging_mixin.py:188} INFO - [2024-08-14T06:33:20.939+0000] {dagbag.py:538} INFO - Filling up the DagBag from /opt/airflow/dags/compare_data2threshold.py
[2024-08-14T06:33:21.580+0000] {processor.py:840} INFO - DAG(s) 'compare_data2threshold' retrieved from /opt/airflow/dags/compare_data2threshold.py
[2024-08-14T06:33:21.622+0000] {logging_mixin.py:188} INFO - [2024-08-14T06:33:21.618+0000] {dag.py:3036} INFO - Sync 1 DAGs
[2024-08-14T06:33:21.725+0000] {logging_mixin.py:188} INFO - [2024-08-14T06:33:21.724+0000] {dag.py:3823} INFO - Setting next_dagrun for compare_data2threshold to 2024-08-15 00:00:00+00:00, run_after=2024-08-16 00:00:00+00:00
[2024-08-14T06:33:22.055+0000] {processor.py:183} INFO - Processing /opt/airflow/dags/compare_data2threshold.py took 1.129 seconds
[2024-08-14T06:33:52.528+0000] {processor.py:161} INFO - Started process (PID=6625) to work on /opt/airflow/dags/compare_data2threshold.py
[2024-08-14T06:33:52.530+0000] {processor.py:830} INFO - Processing file /opt/airflow/dags/compare_data2threshold.py for tasks to queue
[2024-08-14T06:33:52.533+0000] {logging_mixin.py:188} INFO - [2024-08-14T06:33:52.532+0000] {dagbag.py:538} INFO - Filling up the DagBag from /opt/airflow/dags/compare_data2threshold.py
[2024-08-14T06:33:53.011+0000] {processor.py:840} INFO - DAG(s) 'compare_data2threshold' retrieved from /opt/airflow/dags/compare_data2threshold.py
[2024-08-14T06:33:53.053+0000] {logging_mixin.py:188} INFO - [2024-08-14T06:33:53.052+0000] {dag.py:3036} INFO - Sync 1 DAGs
[2024-08-14T06:33:53.112+0000] {logging_mixin.py:188} INFO - [2024-08-14T06:33:53.111+0000] {dag.py:3823} INFO - Setting next_dagrun for compare_data2threshold to 2024-08-15 00:00:00+00:00, run_after=2024-08-16 00:00:00+00:00
[2024-08-14T06:33:53.191+0000] {processor.py:183} INFO - Processing /opt/airflow/dags/compare_data2threshold.py took 0.670 seconds
[2024-08-14T06:34:00.372+0000] {processor.py:161} INFO - Started process (PID=6646) to work on /opt/airflow/dags/compare_data2threshold.py
[2024-08-14T06:34:00.374+0000] {processor.py:830} INFO - Processing file /opt/airflow/dags/compare_data2threshold.py for tasks to queue
[2024-08-14T06:34:00.378+0000] {logging_mixin.py:188} INFO - [2024-08-14T06:34:00.377+0000] {dagbag.py:538} INFO - Filling up the DagBag from /opt/airflow/dags/compare_data2threshold.py
[2024-08-14T06:34:01.154+0000] {processor.py:840} INFO - DAG(s) 'compare_data2threshold' retrieved from /opt/airflow/dags/compare_data2threshold.py
[2024-08-14T06:34:01.186+0000] {logging_mixin.py:188} INFO - [2024-08-14T06:34:01.185+0000] {dag.py:3036} INFO - Sync 1 DAGs
[2024-08-14T06:34:01.226+0000] {logging_mixin.py:188} INFO - [2024-08-14T06:34:01.226+0000] {dag.py:3823} INFO - Setting next_dagrun for compare_data2threshold to 2024-08-15 00:00:00+00:00, run_after=2024-08-16 00:00:00+00:00
[2024-08-14T06:34:01.259+0000] {processor.py:183} INFO - Processing /opt/airflow/dags/compare_data2threshold.py took 0.902 seconds
[2024-08-14T06:34:31.548+0000] {processor.py:161} INFO - Started process (PID=6717) to work on /opt/airflow/dags/compare_data2threshold.py
[2024-08-14T06:34:31.550+0000] {processor.py:830} INFO - Processing file /opt/airflow/dags/compare_data2threshold.py for tasks to queue
[2024-08-14T06:34:31.554+0000] {logging_mixin.py:188} INFO - [2024-08-14T06:34:31.553+0000] {dagbag.py:538} INFO - Filling up the DagBag from /opt/airflow/dags/compare_data2threshold.py
[2024-08-14T06:34:32.457+0000] {processor.py:840} INFO - DAG(s) 'compare_data2threshold' retrieved from /opt/airflow/dags/compare_data2threshold.py
[2024-08-14T06:34:32.545+0000] {logging_mixin.py:188} INFO - [2024-08-14T06:34:32.543+0000] {dag.py:3036} INFO - Sync 1 DAGs
[2024-08-14T06:34:32.632+0000] {logging_mixin.py:188} INFO - [2024-08-14T06:34:32.631+0000] {dag.py:3823} INFO - Setting next_dagrun for compare_data2threshold to 2024-08-15 00:00:00+00:00, run_after=2024-08-16 00:00:00+00:00
[2024-08-14T06:34:32.706+0000] {processor.py:183} INFO - Processing /opt/airflow/dags/compare_data2threshold.py took 1.164 seconds
[2024-08-14T06:35:02.808+0000] {processor.py:161} INFO - Started process (PID=6777) to work on /opt/airflow/dags/compare_data2threshold.py
[2024-08-14T06:35:02.810+0000] {processor.py:830} INFO - Processing file /opt/airflow/dags/compare_data2threshold.py for tasks to queue
[2024-08-14T06:35:02.814+0000] {logging_mixin.py:188} INFO - [2024-08-14T06:35:02.813+0000] {dagbag.py:538} INFO - Filling up the DagBag from /opt/airflow/dags/compare_data2threshold.py
[2024-08-14T06:35:03.335+0000] {processor.py:840} INFO - DAG(s) 'compare_data2threshold' retrieved from /opt/airflow/dags/compare_data2threshold.py
[2024-08-14T06:35:03.421+0000] {logging_mixin.py:188} INFO - [2024-08-14T06:35:03.420+0000] {dag.py:3036} INFO - Sync 1 DAGs
[2024-08-14T06:35:03.510+0000] {logging_mixin.py:188} INFO - [2024-08-14T06:35:03.510+0000] {dag.py:3823} INFO - Setting next_dagrun for compare_data2threshold to 2024-08-15 00:00:00+00:00, run_after=2024-08-16 00:00:00+00:00
[2024-08-14T06:35:03.554+0000] {processor.py:183} INFO - Processing /opt/airflow/dags/compare_data2threshold.py took 0.752 seconds
[2024-08-14T06:35:34.361+0000] {processor.py:161} INFO - Started process (PID=6848) to work on /opt/airflow/dags/compare_data2threshold.py
[2024-08-14T06:35:34.372+0000] {processor.py:830} INFO - Processing file /opt/airflow/dags/compare_data2threshold.py for tasks to queue
[2024-08-14T06:35:34.377+0000] {logging_mixin.py:188} INFO - [2024-08-14T06:35:34.376+0000] {dagbag.py:538} INFO - Filling up the DagBag from /opt/airflow/dags/compare_data2threshold.py
[2024-08-14T06:35:35.298+0000] {processor.py:840} INFO - DAG(s) 'compare_data2threshold' retrieved from /opt/airflow/dags/compare_data2threshold.py
[2024-08-14T06:35:35.331+0000] {logging_mixin.py:188} INFO - [2024-08-14T06:35:35.330+0000] {dag.py:3036} INFO - Sync 1 DAGs
[2024-08-14T06:35:35.373+0000] {logging_mixin.py:188} INFO - [2024-08-14T06:35:35.373+0000] {dag.py:3823} INFO - Setting next_dagrun for compare_data2threshold to 2024-08-15 00:00:00+00:00, run_after=2024-08-16 00:00:00+00:00
[2024-08-14T06:35:35.415+0000] {processor.py:183} INFO - Processing /opt/airflow/dags/compare_data2threshold.py took 1.077 seconds
[2024-08-14T06:36:05.571+0000] {processor.py:161} INFO - Started process (PID=6916) to work on /opt/airflow/dags/compare_data2threshold.py
[2024-08-14T06:36:05.574+0000] {processor.py:830} INFO - Processing file /opt/airflow/dags/compare_data2threshold.py for tasks to queue
[2024-08-14T06:36:05.578+0000] {logging_mixin.py:188} INFO - [2024-08-14T06:36:05.578+0000] {dagbag.py:538} INFO - Filling up the DagBag from /opt/airflow/dags/compare_data2threshold.py
[2024-08-14T06:36:06.125+0000] {processor.py:840} INFO - DAG(s) 'compare_data2threshold' retrieved from /opt/airflow/dags/compare_data2threshold.py
[2024-08-14T06:36:06.153+0000] {logging_mixin.py:188} INFO - [2024-08-14T06:36:06.152+0000] {dag.py:3036} INFO - Sync 1 DAGs
[2024-08-14T06:36:06.189+0000] {logging_mixin.py:188} INFO - [2024-08-14T06:36:06.188+0000] {dag.py:3823} INFO - Setting next_dagrun for compare_data2threshold to 2024-08-15 00:00:00+00:00, run_after=2024-08-16 00:00:00+00:00
[2024-08-14T06:36:06.261+0000] {processor.py:183} INFO - Processing /opt/airflow/dags/compare_data2threshold.py took 0.699 seconds
[2024-08-14T06:36:36.396+0000] {processor.py:161} INFO - Started process (PID=6984) to work on /opt/airflow/dags/compare_data2threshold.py
[2024-08-14T06:36:36.399+0000] {processor.py:830} INFO - Processing file /opt/airflow/dags/compare_data2threshold.py for tasks to queue
[2024-08-14T06:36:36.404+0000] {logging_mixin.py:188} INFO - [2024-08-14T06:36:36.403+0000] {dagbag.py:538} INFO - Filling up the DagBag from /opt/airflow/dags/compare_data2threshold.py
[2024-08-14T06:36:37.087+0000] {processor.py:840} INFO - DAG(s) 'compare_data2threshold' retrieved from /opt/airflow/dags/compare_data2threshold.py
[2024-08-14T06:36:37.150+0000] {logging_mixin.py:188} INFO - [2024-08-14T06:36:37.149+0000] {dag.py:3036} INFO - Sync 1 DAGs
[2024-08-14T06:36:37.216+0000] {logging_mixin.py:188} INFO - [2024-08-14T06:36:37.216+0000] {dag.py:3823} INFO - Setting next_dagrun for compare_data2threshold to 2024-08-15 00:00:00+00:00, run_after=2024-08-16 00:00:00+00:00
[2024-08-14T06:36:37.287+0000] {processor.py:183} INFO - Processing /opt/airflow/dags/compare_data2threshold.py took 0.897 seconds
