[2024-08-16T10:01:21.742+0000] {taskinstance.py:1956} INFO - Dependencies all met for dep_context=non-requeueable deps ti=<TaskInstance: compare_data2threshold.compare_data2threshold_task manual__2024-08-16T10:01:16.617576+00:00 [queued]>
[2024-08-16T10:01:21.772+0000] {taskinstance.py:1956} INFO - Dependencies all met for dep_context=requeueable deps ti=<TaskInstance: compare_data2threshold.compare_data2threshold_task manual__2024-08-16T10:01:16.617576+00:00 [queued]>
[2024-08-16T10:01:21.781+0000] {taskinstance.py:2170} INFO - Starting attempt 1 of 1
[2024-08-16T10:01:21.827+0000] {taskinstance.py:2191} INFO - Executing <Task(PythonOperator): compare_data2threshold_task> on 2024-08-16 10:01:16.617576+00:00
[2024-08-16T10:01:21.834+0000] {standard_task_runner.py:60} INFO - Started process 5817 to run task
[2024-08-16T10:01:21.842+0000] {standard_task_runner.py:87} INFO - Running: ['***', 'tasks', 'run', 'compare_data2threshold', 'compare_data2threshold_task', 'manual__2024-08-16T10:01:16.617576+00:00', '--job-id', '4', '--raw', '--subdir', 'DAGS_FOLDER/compare_data2threshold.py', '--cfg-path', '/tmp/tmpldz26b20']
[2024-08-16T10:01:21.853+0000] {standard_task_runner.py:88} INFO - Job 4: Subtask compare_data2threshold_task
[2024-08-16T10:01:21.884+0000] {warnings.py:109} WARNING - /home/***/.local/lib/python3.8/site-packages/***/settings.py:194: DeprecationWarning: The sql_alchemy_conn option in [core] has been moved to the sql_alchemy_conn option in [database] - the old setting has been used, but please update your config.
  SQL_ALCHEMY_CONN = conf.get("database", "SQL_ALCHEMY_CONN")

[2024-08-16T10:01:21.939+0000] {task_command.py:423} INFO - Running <TaskInstance: compare_data2threshold.compare_data2threshold_task manual__2024-08-16T10:01:16.617576+00:00 [running]> on host 282fa7a8e0f3
[2024-08-16T10:01:22.281+0000] {taskinstance.py:2480} INFO - Exporting env vars: AIRFLOW_CTX_DAG_OWNER='***' AIRFLOW_CTX_DAG_ID='compare_data2threshold' AIRFLOW_CTX_TASK_ID='compare_data2threshold_task' AIRFLOW_CTX_EXECUTION_DATE='2024-08-16T10:01:16.617576+00:00' AIRFLOW_CTX_TRY_NUMBER='1' AIRFLOW_CTX_DAG_RUN_ID='manual__2024-08-16T10:01:16.617576+00:00'
[2024-08-16T10:01:22.288+0000] {compare_data2threshold.py:36} INFO - unit_threshold : 120
[2024-08-16T10:01:22.288+0000] {compare_data2threshold.py:37} INFO - global_threshold : 2000
[2024-08-16T10:01:22.409+0000] {compare_data2threshold.py:54} INFO - Total des counts : 1672
[2024-08-16T10:01:22.409+0000] {compare_data2threshold.py:60} INFO - Le total 1672 ne dépasse pas le seuil global 2000
[2024-08-16T10:01:22.411+0000] {compare_data2threshold.py:65} INFO - Au moins une ligne est au-dessus de unit_threshold
[2024-08-16T10:01:22.412+0000] {compare_data2threshold.py:70} INFO - Nous devons reentrainer le model avec les nouvelles data
[2024-08-16T10:01:22.492+0000] {python.py:201} INFO - Done. Returned value was: None
[2024-08-16T10:01:22.519+0000] {taskinstance.py:1138} INFO - Marking task as SUCCESS. dag_id=compare_data2threshold, task_id=compare_data2threshold_task, execution_date=20240816T100116, start_date=20240816T100121, end_date=20240816T100122
[2024-08-16T10:01:22.601+0000] {local_task_job_runner.py:234} INFO - Task exited with return code 0
[2024-08-16T10:01:22.667+0000] {taskinstance.py:3280} INFO - 0 downstream tasks scheduled from follow-on schedule check
