[2024-08-16T11:08:36.537+0000] {taskinstance.py:1956} INFO - Dependencies all met for dep_context=non-requeueable deps ti=<TaskInstance: compare_data2threshold.compare_data2threshold_task manual__2024-08-16T11:08:29.532948+00:00 [queued]>
[2024-08-16T11:08:36.556+0000] {taskinstance.py:1956} INFO - Dependencies all met for dep_context=requeueable deps ti=<TaskInstance: compare_data2threshold.compare_data2threshold_task manual__2024-08-16T11:08:29.532948+00:00 [queued]>
[2024-08-16T11:08:36.557+0000] {taskinstance.py:2170} INFO - Starting attempt 1 of 1
[2024-08-16T11:08:36.589+0000] {taskinstance.py:2191} INFO - Executing <Task(PythonOperator): compare_data2threshold_task> on 2024-08-16 11:08:29.532948+00:00
[2024-08-16T11:08:36.597+0000] {standard_task_runner.py:60} INFO - Started process 7901 to run task
[2024-08-16T11:08:36.602+0000] {standard_task_runner.py:87} INFO - Running: ['***', 'tasks', 'run', 'compare_data2threshold', 'compare_data2threshold_task', 'manual__2024-08-16T11:08:29.532948+00:00', '--job-id', '7', '--raw', '--subdir', 'DAGS_FOLDER/compare_data2threshold.py', '--cfg-path', '/tmp/tmpau3ydacg']
[2024-08-16T11:08:36.605+0000] {standard_task_runner.py:88} INFO - Job 7: Subtask compare_data2threshold_task
[2024-08-16T11:08:36.631+0000] {warnings.py:109} WARNING - /home/***/.local/lib/python3.8/site-packages/***/settings.py:194: DeprecationWarning: The sql_alchemy_conn option in [core] has been moved to the sql_alchemy_conn option in [database] - the old setting has been used, but please update your config.
  SQL_ALCHEMY_CONN = conf.get("database", "SQL_ALCHEMY_CONN")

[2024-08-16T11:08:36.686+0000] {task_command.py:423} INFO - Running <TaskInstance: compare_data2threshold.compare_data2threshold_task manual__2024-08-16T11:08:29.532948+00:00 [running]> on host 282fa7a8e0f3
[2024-08-16T11:08:36.844+0000] {taskinstance.py:2480} INFO - Exporting env vars: AIRFLOW_CTX_DAG_OWNER='***' AIRFLOW_CTX_DAG_ID='compare_data2threshold' AIRFLOW_CTX_TASK_ID='compare_data2threshold_task' AIRFLOW_CTX_EXECUTION_DATE='2024-08-16T11:08:29.532948+00:00' AIRFLOW_CTX_TRY_NUMBER='1' AIRFLOW_CTX_DAG_RUN_ID='manual__2024-08-16T11:08:29.532948+00:00'
[2024-08-16T11:08:36.848+0000] {compare_data2threshold.py:36} INFO - unit_threshold : 120
[2024-08-16T11:08:36.849+0000] {compare_data2threshold.py:37} INFO - global_threshold : 2000
[2024-08-16T11:08:36.918+0000] {compare_data2threshold.py:54} INFO - Total des counts : 1672
[2024-08-16T11:08:36.919+0000] {compare_data2threshold.py:60} INFO - Le total 1672 ne dépasse pas le seuil global 2000
[2024-08-16T11:08:36.920+0000] {compare_data2threshold.py:65} INFO - Au moins une ligne est au-dessus de unit_threshold
[2024-08-16T11:08:36.921+0000] {compare_data2threshold.py:70} INFO - Nous devons reentrainer le model avec les nouvelles data
[2024-08-16T11:08:36.943+0000] {python.py:201} INFO - Done. Returned value was: None
[2024-08-16T11:08:36.956+0000] {taskinstance.py:1138} INFO - Marking task as SUCCESS. dag_id=compare_data2threshold, task_id=compare_data2threshold_task, execution_date=20240816T110829, start_date=20240816T110836, end_date=20240816T110836
[2024-08-16T11:08:37.018+0000] {local_task_job_runner.py:234} INFO - Task exited with return code 0
[2024-08-16T11:08:37.054+0000] {taskinstance.py:3280} INFO - 1 downstream tasks scheduled from follow-on schedule check
