[2024-08-13T16:10:29.690+0000] {processor.py:161} INFO - Started process (PID=2633) to work on /opt/airflow/dags/create_new_data.py
[2024-08-13T16:10:29.692+0000] {processor.py:830} INFO - Processing file /opt/airflow/dags/create_new_data.py for tasks to queue
[2024-08-13T16:10:29.696+0000] {logging_mixin.py:188} INFO - [2024-08-13T16:10:29.695+0000] {dagbag.py:538} INFO - Filling up the DagBag from /opt/airflow/dags/create_new_data.py
[2024-08-13T16:10:30.622+0000] {processor.py:840} INFO - DAG(s) 'create_new_data' retrieved from /opt/airflow/dags/create_new_data.py
[2024-08-13T16:10:30.964+0000] {logging_mixin.py:188} INFO - [2024-08-13T16:10:30.963+0000] {override.py:1769} INFO - Created Permission View: can read on DAG:create_new_data
[2024-08-13T16:10:31.001+0000] {logging_mixin.py:188} INFO - [2024-08-13T16:10:31.000+0000] {override.py:1769} INFO - Created Permission View: can delete on DAG:create_new_data
[2024-08-13T16:10:31.025+0000] {logging_mixin.py:188} INFO - [2024-08-13T16:10:31.024+0000] {override.py:1769} INFO - Created Permission View: can edit on DAG:create_new_data
[2024-08-13T16:10:31.027+0000] {logging_mixin.py:188} INFO - [2024-08-13T16:10:31.026+0000] {dag.py:3036} INFO - Sync 1 DAGs
[2024-08-13T16:10:31.062+0000] {logging_mixin.py:188} INFO - [2024-08-13T16:10:31.061+0000] {dag.py:3058} INFO - Creating ORM DAG for create_new_data
[2024-08-13T16:10:31.066+0000] {logging_mixin.py:188} INFO - [2024-08-13T16:10:31.064+0000] {dag.py:3823} INFO - Setting next_dagrun for create_new_data to None, run_after=None
[2024-08-13T16:10:31.180+0000] {processor.py:183} INFO - Processing /opt/airflow/dags/create_new_data.py took 1.503 seconds
[2024-08-13T16:11:01.436+0000] {processor.py:161} INFO - Started process (PID=2701) to work on /opt/airflow/dags/create_new_data.py
[2024-08-13T16:11:01.445+0000] {processor.py:830} INFO - Processing file /opt/airflow/dags/create_new_data.py for tasks to queue
[2024-08-13T16:11:01.450+0000] {logging_mixin.py:188} INFO - [2024-08-13T16:11:01.449+0000] {dagbag.py:538} INFO - Filling up the DagBag from /opt/airflow/dags/create_new_data.py
[2024-08-13T16:11:02.757+0000] {processor.py:840} INFO - DAG(s) 'create_new_data' retrieved from /opt/airflow/dags/create_new_data.py
[2024-08-13T16:11:02.822+0000] {logging_mixin.py:188} INFO - [2024-08-13T16:11:02.821+0000] {dag.py:3036} INFO - Sync 1 DAGs
[2024-08-13T16:11:02.854+0000] {logging_mixin.py:188} INFO - [2024-08-13T16:11:02.853+0000] {dag.py:3823} INFO - Setting next_dagrun for create_new_data to None, run_after=None
[2024-08-13T16:11:02.892+0000] {processor.py:183} INFO - Processing /opt/airflow/dags/create_new_data.py took 1.467 seconds
[2024-08-13T16:11:33.311+0000] {processor.py:161} INFO - Started process (PID=2768) to work on /opt/airflow/dags/create_new_data.py
[2024-08-13T16:11:33.317+0000] {processor.py:830} INFO - Processing file /opt/airflow/dags/create_new_data.py for tasks to queue
[2024-08-13T16:11:33.321+0000] {logging_mixin.py:188} INFO - [2024-08-13T16:11:33.320+0000] {dagbag.py:538} INFO - Filling up the DagBag from /opt/airflow/dags/create_new_data.py
[2024-08-13T16:11:34.290+0000] {processor.py:840} INFO - DAG(s) 'create_new_data' retrieved from /opt/airflow/dags/create_new_data.py
[2024-08-13T16:11:34.326+0000] {logging_mixin.py:188} INFO - [2024-08-13T16:11:34.325+0000] {dag.py:3036} INFO - Sync 1 DAGs
[2024-08-13T16:11:34.355+0000] {logging_mixin.py:188} INFO - [2024-08-13T16:11:34.355+0000] {dag.py:3823} INFO - Setting next_dagrun for create_new_data to None, run_after=None
[2024-08-13T16:11:34.388+0000] {processor.py:183} INFO - Processing /opt/airflow/dags/create_new_data.py took 1.084 seconds
[2024-08-13T16:12:04.695+0000] {processor.py:161} INFO - Started process (PID=2833) to work on /opt/airflow/dags/create_new_data.py
[2024-08-13T16:12:04.701+0000] {processor.py:830} INFO - Processing file /opt/airflow/dags/create_new_data.py for tasks to queue
[2024-08-13T16:12:04.706+0000] {logging_mixin.py:188} INFO - [2024-08-13T16:12:04.705+0000] {dagbag.py:538} INFO - Filling up the DagBag from /opt/airflow/dags/create_new_data.py
[2024-08-13T16:12:05.460+0000] {processor.py:840} INFO - DAG(s) 'create_new_data' retrieved from /opt/airflow/dags/create_new_data.py
[2024-08-13T16:12:05.486+0000] {logging_mixin.py:188} INFO - [2024-08-13T16:12:05.485+0000] {dag.py:3036} INFO - Sync 1 DAGs
[2024-08-13T16:12:05.505+0000] {logging_mixin.py:188} INFO - [2024-08-13T16:12:05.505+0000] {dag.py:3823} INFO - Setting next_dagrun for create_new_data to None, run_after=None
[2024-08-13T16:12:05.537+0000] {processor.py:183} INFO - Processing /opt/airflow/dags/create_new_data.py took 0.850 seconds
[2024-08-13T16:12:25.288+0000] {processor.py:161} INFO - Started process (PID=2871) to work on /opt/airflow/dags/create_new_data.py
[2024-08-13T16:12:25.290+0000] {processor.py:830} INFO - Processing file /opt/airflow/dags/create_new_data.py for tasks to queue
[2024-08-13T16:12:25.294+0000] {logging_mixin.py:188} INFO - [2024-08-13T16:12:25.293+0000] {dagbag.py:538} INFO - Filling up the DagBag from /opt/airflow/dags/create_new_data.py
[2024-08-13T16:12:26.040+0000] {processor.py:840} INFO - DAG(s) 'create_new_data' retrieved from /opt/airflow/dags/create_new_data.py
[2024-08-13T16:12:26.070+0000] {logging_mixin.py:188} INFO - [2024-08-13T16:12:26.070+0000] {dag.py:3036} INFO - Sync 1 DAGs
[2024-08-13T16:12:26.089+0000] {logging_mixin.py:188} INFO - [2024-08-13T16:12:26.089+0000] {dag.py:3823} INFO - Setting next_dagrun for create_new_data to None, run_after=None
[2024-08-13T16:12:26.124+0000] {processor.py:183} INFO - Processing /opt/airflow/dags/create_new_data.py took 0.843 seconds
[2024-08-13T16:12:56.206+0000] {processor.py:161} INFO - Started process (PID=2937) to work on /opt/airflow/dags/create_new_data.py
[2024-08-13T16:12:56.208+0000] {processor.py:830} INFO - Processing file /opt/airflow/dags/create_new_data.py for tasks to queue
[2024-08-13T16:12:56.212+0000] {logging_mixin.py:188} INFO - [2024-08-13T16:12:56.211+0000] {dagbag.py:538} INFO - Filling up the DagBag from /opt/airflow/dags/create_new_data.py
[2024-08-13T16:12:57.390+0000] {processor.py:840} INFO - DAG(s) 'create_new_data' retrieved from /opt/airflow/dags/create_new_data.py
[2024-08-13T16:12:57.423+0000] {logging_mixin.py:188} INFO - [2024-08-13T16:12:57.422+0000] {dag.py:3036} INFO - Sync 1 DAGs
[2024-08-13T16:12:57.444+0000] {logging_mixin.py:188} INFO - [2024-08-13T16:12:57.443+0000] {dag.py:3823} INFO - Setting next_dagrun for create_new_data to None, run_after=None
[2024-08-13T16:12:57.478+0000] {processor.py:183} INFO - Processing /opt/airflow/dags/create_new_data.py took 1.278 seconds
[2024-08-13T16:13:27.731+0000] {processor.py:161} INFO - Started process (PID=3005) to work on /opt/airflow/dags/create_new_data.py
[2024-08-13T16:13:27.738+0000] {processor.py:830} INFO - Processing file /opt/airflow/dags/create_new_data.py for tasks to queue
[2024-08-13T16:13:27.742+0000] {logging_mixin.py:188} INFO - [2024-08-13T16:13:27.741+0000] {dagbag.py:538} INFO - Filling up the DagBag from /opt/airflow/dags/create_new_data.py
[2024-08-13T16:13:29.139+0000] {processor.py:840} INFO - DAG(s) 'create_new_data' retrieved from /opt/airflow/dags/create_new_data.py
[2024-08-13T16:13:29.184+0000] {logging_mixin.py:188} INFO - [2024-08-13T16:13:29.183+0000] {dag.py:3036} INFO - Sync 1 DAGs
[2024-08-13T16:13:29.216+0000] {logging_mixin.py:188} INFO - [2024-08-13T16:13:29.216+0000] {dag.py:3823} INFO - Setting next_dagrun for create_new_data to None, run_after=None
[2024-08-13T16:13:29.284+0000] {processor.py:183} INFO - Processing /opt/airflow/dags/create_new_data.py took 1.566 seconds
[2024-08-13T16:14:00.039+0000] {processor.py:161} INFO - Started process (PID=3073) to work on /opt/airflow/dags/create_new_data.py
[2024-08-13T16:14:00.041+0000] {processor.py:830} INFO - Processing file /opt/airflow/dags/create_new_data.py for tasks to queue
[2024-08-13T16:14:00.044+0000] {logging_mixin.py:188} INFO - [2024-08-13T16:14:00.044+0000] {dagbag.py:538} INFO - Filling up the DagBag from /opt/airflow/dags/create_new_data.py
[2024-08-13T16:14:00.880+0000] {processor.py:840} INFO - DAG(s) 'create_new_data' retrieved from /opt/airflow/dags/create_new_data.py
[2024-08-13T16:14:00.905+0000] {logging_mixin.py:188} INFO - [2024-08-13T16:14:00.905+0000] {dag.py:3036} INFO - Sync 1 DAGs
[2024-08-13T16:14:00.928+0000] {logging_mixin.py:188} INFO - [2024-08-13T16:14:00.928+0000] {dag.py:3823} INFO - Setting next_dagrun for create_new_data to None, run_after=None
[2024-08-13T16:14:00.962+0000] {processor.py:183} INFO - Processing /opt/airflow/dags/create_new_data.py took 0.930 seconds
[2024-08-13T16:14:31.364+0000] {processor.py:161} INFO - Started process (PID=3145) to work on /opt/airflow/dags/create_new_data.py
[2024-08-13T16:14:31.372+0000] {processor.py:830} INFO - Processing file /opt/airflow/dags/create_new_data.py for tasks to queue
[2024-08-13T16:14:31.375+0000] {logging_mixin.py:188} INFO - [2024-08-13T16:14:31.375+0000] {dagbag.py:538} INFO - Filling up the DagBag from /opt/airflow/dags/create_new_data.py
[2024-08-13T16:14:32.107+0000] {processor.py:840} INFO - DAG(s) 'create_new_data' retrieved from /opt/airflow/dags/create_new_data.py
[2024-08-13T16:14:32.130+0000] {logging_mixin.py:188} INFO - [2024-08-13T16:14:32.129+0000] {dag.py:3036} INFO - Sync 1 DAGs
[2024-08-13T16:14:32.149+0000] {logging_mixin.py:188} INFO - [2024-08-13T16:14:32.149+0000] {dag.py:3823} INFO - Setting next_dagrun for create_new_data to None, run_after=None
[2024-08-13T16:14:32.183+0000] {processor.py:183} INFO - Processing /opt/airflow/dags/create_new_data.py took 0.828 seconds
[2024-08-13T16:15:02.832+0000] {processor.py:161} INFO - Started process (PID=3214) to work on /opt/airflow/dags/create_new_data.py
[2024-08-13T16:15:02.837+0000] {processor.py:830} INFO - Processing file /opt/airflow/dags/create_new_data.py for tasks to queue
[2024-08-13T16:15:02.841+0000] {logging_mixin.py:188} INFO - [2024-08-13T16:15:02.841+0000] {dagbag.py:538} INFO - Filling up the DagBag from /opt/airflow/dags/create_new_data.py
[2024-08-13T16:15:03.765+0000] {processor.py:840} INFO - DAG(s) 'create_new_data' retrieved from /opt/airflow/dags/create_new_data.py
[2024-08-13T16:15:03.799+0000] {logging_mixin.py:188} INFO - [2024-08-13T16:15:03.798+0000] {dag.py:3036} INFO - Sync 1 DAGs
[2024-08-13T16:15:03.830+0000] {logging_mixin.py:188} INFO - [2024-08-13T16:15:03.829+0000] {dag.py:3823} INFO - Setting next_dagrun for create_new_data to None, run_after=None
[2024-08-13T16:15:03.872+0000] {processor.py:183} INFO - Processing /opt/airflow/dags/create_new_data.py took 1.048 seconds
[2024-08-13T16:15:34.258+0000] {processor.py:161} INFO - Started process (PID=3281) to work on /opt/airflow/dags/create_new_data.py
[2024-08-13T16:15:34.267+0000] {processor.py:830} INFO - Processing file /opt/airflow/dags/create_new_data.py for tasks to queue
[2024-08-13T16:15:34.270+0000] {logging_mixin.py:188} INFO - [2024-08-13T16:15:34.270+0000] {dagbag.py:538} INFO - Filling up the DagBag from /opt/airflow/dags/create_new_data.py
[2024-08-13T16:15:35.001+0000] {processor.py:840} INFO - DAG(s) 'create_new_data' retrieved from /opt/airflow/dags/create_new_data.py
[2024-08-13T16:15:35.023+0000] {logging_mixin.py:188} INFO - [2024-08-13T16:15:35.023+0000] {dag.py:3036} INFO - Sync 1 DAGs
[2024-08-13T16:15:35.040+0000] {logging_mixin.py:188} INFO - [2024-08-13T16:15:35.039+0000] {dag.py:3823} INFO - Setting next_dagrun for create_new_data to None, run_after=None
[2024-08-13T16:15:35.067+0000] {processor.py:183} INFO - Processing /opt/airflow/dags/create_new_data.py took 0.816 seconds
[2024-08-13T16:16:06.396+0000] {processor.py:161} INFO - Started process (PID=3348) to work on /opt/airflow/dags/create_new_data.py
[2024-08-13T16:16:06.402+0000] {processor.py:830} INFO - Processing file /opt/airflow/dags/create_new_data.py for tasks to queue
[2024-08-13T16:16:06.430+0000] {logging_mixin.py:188} INFO - [2024-08-13T16:16:06.414+0000] {dagbag.py:538} INFO - Filling up the DagBag from /opt/airflow/dags/create_new_data.py
[2024-08-13T16:16:08.543+0000] {processor.py:840} INFO - DAG(s) 'create_new_data' retrieved from /opt/airflow/dags/create_new_data.py
[2024-08-13T16:16:08.580+0000] {logging_mixin.py:188} INFO - [2024-08-13T16:16:08.579+0000] {dag.py:3036} INFO - Sync 1 DAGs
[2024-08-13T16:16:08.607+0000] {logging_mixin.py:188} INFO - [2024-08-13T16:16:08.607+0000] {dag.py:3823} INFO - Setting next_dagrun for create_new_data to None, run_after=None
[2024-08-13T16:16:08.658+0000] {processor.py:183} INFO - Processing /opt/airflow/dags/create_new_data.py took 2.295 seconds
[2024-08-13T16:16:39.144+0000] {processor.py:161} INFO - Started process (PID=3417) to work on /opt/airflow/dags/create_new_data.py
[2024-08-13T16:16:39.150+0000] {processor.py:830} INFO - Processing file /opt/airflow/dags/create_new_data.py for tasks to queue
[2024-08-13T16:16:39.154+0000] {logging_mixin.py:188} INFO - [2024-08-13T16:16:39.153+0000] {dagbag.py:538} INFO - Filling up the DagBag from /opt/airflow/dags/create_new_data.py
[2024-08-13T16:16:40.551+0000] {processor.py:840} INFO - DAG(s) 'create_new_data' retrieved from /opt/airflow/dags/create_new_data.py
[2024-08-13T16:16:40.596+0000] {logging_mixin.py:188} INFO - [2024-08-13T16:16:40.594+0000] {dag.py:3036} INFO - Sync 1 DAGs
[2024-08-13T16:16:40.629+0000] {logging_mixin.py:188} INFO - [2024-08-13T16:16:40.628+0000] {dag.py:3823} INFO - Setting next_dagrun for create_new_data to None, run_after=None
[2024-08-13T16:16:40.667+0000] {processor.py:183} INFO - Processing /opt/airflow/dags/create_new_data.py took 1.533 seconds
[2024-08-13T16:17:10.842+0000] {processor.py:161} INFO - Started process (PID=3486) to work on /opt/airflow/dags/create_new_data.py
[2024-08-13T16:17:10.845+0000] {processor.py:830} INFO - Processing file /opt/airflow/dags/create_new_data.py for tasks to queue
[2024-08-13T16:17:10.849+0000] {logging_mixin.py:188} INFO - [2024-08-13T16:17:10.848+0000] {dagbag.py:538} INFO - Filling up the DagBag from /opt/airflow/dags/create_new_data.py
[2024-08-13T16:17:11.549+0000] {processor.py:840} INFO - DAG(s) 'create_new_data' retrieved from /opt/airflow/dags/create_new_data.py
[2024-08-13T16:17:11.579+0000] {logging_mixin.py:188} INFO - [2024-08-13T16:17:11.578+0000] {dag.py:3036} INFO - Sync 1 DAGs
[2024-08-13T16:17:11.607+0000] {logging_mixin.py:188} INFO - [2024-08-13T16:17:11.606+0000] {dag.py:3823} INFO - Setting next_dagrun for create_new_data to None, run_after=None
[2024-08-13T16:17:11.647+0000] {processor.py:183} INFO - Processing /opt/airflow/dags/create_new_data.py took 0.814 seconds
[2024-08-13T16:17:41.866+0000] {processor.py:161} INFO - Started process (PID=3554) to work on /opt/airflow/dags/create_new_data.py
[2024-08-13T16:17:41.869+0000] {processor.py:830} INFO - Processing file /opt/airflow/dags/create_new_data.py for tasks to queue
[2024-08-13T16:17:41.873+0000] {logging_mixin.py:188} INFO - [2024-08-13T16:17:41.872+0000] {dagbag.py:538} INFO - Filling up the DagBag from /opt/airflow/dags/create_new_data.py
[2024-08-13T16:17:42.536+0000] {processor.py:840} INFO - DAG(s) 'create_new_data' retrieved from /opt/airflow/dags/create_new_data.py
[2024-08-13T16:17:42.625+0000] {logging_mixin.py:188} INFO - [2024-08-13T16:17:42.624+0000] {dag.py:3036} INFO - Sync 1 DAGs
[2024-08-13T16:17:42.719+0000] {logging_mixin.py:188} INFO - [2024-08-13T16:17:42.719+0000] {dag.py:3823} INFO - Setting next_dagrun for create_new_data to None, run_after=None
[2024-08-13T16:17:42.837+0000] {processor.py:183} INFO - Processing /opt/airflow/dags/create_new_data.py took 0.988 seconds
[2024-08-13T16:17:48.021+0000] {processor.py:161} INFO - Started process (PID=3568) to work on /opt/airflow/dags/create_new_data.py
[2024-08-13T16:17:48.023+0000] {processor.py:830} INFO - Processing file /opt/airflow/dags/create_new_data.py for tasks to queue
[2024-08-13T16:17:48.028+0000] {logging_mixin.py:188} INFO - [2024-08-13T16:17:48.027+0000] {dagbag.py:538} INFO - Filling up the DagBag from /opt/airflow/dags/create_new_data.py
[2024-08-13T16:17:49.201+0000] {processor.py:840} INFO - DAG(s) 'create_new_data' retrieved from /opt/airflow/dags/create_new_data.py
[2024-08-13T16:17:49.232+0000] {logging_mixin.py:188} INFO - [2024-08-13T16:17:49.231+0000] {dag.py:3036} INFO - Sync 1 DAGs
[2024-08-13T16:17:49.253+0000] {logging_mixin.py:188} INFO - [2024-08-13T16:17:49.253+0000] {dag.py:3823} INFO - Setting next_dagrun for create_new_data to None, run_after=None
[2024-08-13T16:17:49.327+0000] {processor.py:183} INFO - Processing /opt/airflow/dags/create_new_data.py took 1.321 seconds
[2024-08-13T16:18:20.044+0000] {processor.py:161} INFO - Started process (PID=3637) to work on /opt/airflow/dags/create_new_data.py
[2024-08-13T16:18:20.045+0000] {processor.py:830} INFO - Processing file /opt/airflow/dags/create_new_data.py for tasks to queue
[2024-08-13T16:18:20.048+0000] {logging_mixin.py:188} INFO - [2024-08-13T16:18:20.048+0000] {dagbag.py:538} INFO - Filling up the DagBag from /opt/airflow/dags/create_new_data.py
[2024-08-13T16:18:20.500+0000] {processor.py:840} INFO - DAG(s) 'create_new_data' retrieved from /opt/airflow/dags/create_new_data.py
[2024-08-13T16:18:20.525+0000] {logging_mixin.py:188} INFO - [2024-08-13T16:18:20.525+0000] {dag.py:3036} INFO - Sync 1 DAGs
[2024-08-13T16:18:20.543+0000] {logging_mixin.py:188} INFO - [2024-08-13T16:18:20.542+0000] {dag.py:3823} INFO - Setting next_dagrun for create_new_data to None, run_after=None
[2024-08-13T16:18:20.572+0000] {processor.py:183} INFO - Processing /opt/airflow/dags/create_new_data.py took 0.533 seconds
[2024-08-13T16:18:50.705+0000] {processor.py:161} INFO - Started process (PID=3705) to work on /opt/airflow/dags/create_new_data.py
[2024-08-13T16:18:50.707+0000] {processor.py:830} INFO - Processing file /opt/airflow/dags/create_new_data.py for tasks to queue
[2024-08-13T16:18:50.709+0000] {logging_mixin.py:188} INFO - [2024-08-13T16:18:50.709+0000] {dagbag.py:538} INFO - Filling up the DagBag from /opt/airflow/dags/create_new_data.py
[2024-08-13T16:18:51.184+0000] {processor.py:840} INFO - DAG(s) 'create_new_data' retrieved from /opt/airflow/dags/create_new_data.py
[2024-08-13T16:18:51.210+0000] {logging_mixin.py:188} INFO - [2024-08-13T16:18:51.209+0000] {dag.py:3036} INFO - Sync 1 DAGs
[2024-08-13T16:18:51.227+0000] {logging_mixin.py:188} INFO - [2024-08-13T16:18:51.227+0000] {dag.py:3823} INFO - Setting next_dagrun for create_new_data to None, run_after=None
[2024-08-13T16:18:51.257+0000] {processor.py:183} INFO - Processing /opt/airflow/dags/create_new_data.py took 0.556 seconds
[2024-08-13T16:19:21.335+0000] {processor.py:161} INFO - Started process (PID=3772) to work on /opt/airflow/dags/create_new_data.py
[2024-08-13T16:19:21.350+0000] {processor.py:830} INFO - Processing file /opt/airflow/dags/create_new_data.py for tasks to queue
[2024-08-13T16:19:21.355+0000] {logging_mixin.py:188} INFO - [2024-08-13T16:19:21.355+0000] {dagbag.py:538} INFO - Filling up the DagBag from /opt/airflow/dags/create_new_data.py
[2024-08-13T16:19:22.570+0000] {processor.py:840} INFO - DAG(s) 'create_new_data' retrieved from /opt/airflow/dags/create_new_data.py
[2024-08-13T16:19:22.724+0000] {logging_mixin.py:188} INFO - [2024-08-13T16:19:22.723+0000] {dag.py:3036} INFO - Sync 1 DAGs
[2024-08-13T16:19:22.779+0000] {logging_mixin.py:188} INFO - [2024-08-13T16:19:22.779+0000] {dag.py:3823} INFO - Setting next_dagrun for create_new_data to None, run_after=None
[2024-08-13T16:19:22.842+0000] {processor.py:183} INFO - Processing /opt/airflow/dags/create_new_data.py took 1.515 seconds
[2024-08-13T16:19:52.918+0000] {processor.py:161} INFO - Started process (PID=3838) to work on /opt/airflow/dags/create_new_data.py
[2024-08-13T16:19:52.920+0000] {processor.py:830} INFO - Processing file /opt/airflow/dags/create_new_data.py for tasks to queue
[2024-08-13T16:19:52.922+0000] {logging_mixin.py:188} INFO - [2024-08-13T16:19:52.922+0000] {dagbag.py:538} INFO - Filling up the DagBag from /opt/airflow/dags/create_new_data.py
[2024-08-13T16:19:53.405+0000] {processor.py:840} INFO - DAG(s) 'create_new_data' retrieved from /opt/airflow/dags/create_new_data.py
[2024-08-13T16:19:53.432+0000] {logging_mixin.py:188} INFO - [2024-08-13T16:19:53.431+0000] {dag.py:3036} INFO - Sync 1 DAGs
[2024-08-13T16:19:53.449+0000] {logging_mixin.py:188} INFO - [2024-08-13T16:19:53.448+0000] {dag.py:3823} INFO - Setting next_dagrun for create_new_data to None, run_after=None
[2024-08-13T16:19:53.489+0000] {processor.py:183} INFO - Processing /opt/airflow/dags/create_new_data.py took 0.576 seconds
[2024-08-13T16:20:23.600+0000] {processor.py:161} INFO - Started process (PID=3905) to work on /opt/airflow/dags/create_new_data.py
[2024-08-13T16:20:23.603+0000] {processor.py:830} INFO - Processing file /opt/airflow/dags/create_new_data.py for tasks to queue
[2024-08-13T16:20:23.606+0000] {logging_mixin.py:188} INFO - [2024-08-13T16:20:23.605+0000] {dagbag.py:538} INFO - Filling up the DagBag from /opt/airflow/dags/create_new_data.py
[2024-08-13T16:20:24.111+0000] {processor.py:840} INFO - DAG(s) 'create_new_data' retrieved from /opt/airflow/dags/create_new_data.py
[2024-08-13T16:20:24.138+0000] {logging_mixin.py:188} INFO - [2024-08-13T16:20:24.137+0000] {dag.py:3036} INFO - Sync 1 DAGs
[2024-08-13T16:20:24.158+0000] {logging_mixin.py:188} INFO - [2024-08-13T16:20:24.157+0000] {dag.py:3823} INFO - Setting next_dagrun for create_new_data to None, run_after=None
[2024-08-13T16:20:24.200+0000] {processor.py:183} INFO - Processing /opt/airflow/dags/create_new_data.py took 0.607 seconds
[2024-08-13T16:20:54.476+0000] {processor.py:161} INFO - Started process (PID=3973) to work on /opt/airflow/dags/create_new_data.py
[2024-08-13T16:20:54.478+0000] {processor.py:830} INFO - Processing file /opt/airflow/dags/create_new_data.py for tasks to queue
[2024-08-13T16:20:54.483+0000] {logging_mixin.py:188} INFO - [2024-08-13T16:20:54.482+0000] {dagbag.py:538} INFO - Filling up the DagBag from /opt/airflow/dags/create_new_data.py
[2024-08-13T16:20:55.037+0000] {processor.py:840} INFO - DAG(s) 'create_new_data' retrieved from /opt/airflow/dags/create_new_data.py
[2024-08-13T16:20:55.079+0000] {logging_mixin.py:188} INFO - [2024-08-13T16:20:55.078+0000] {dag.py:3036} INFO - Sync 1 DAGs
[2024-08-13T16:20:55.114+0000] {logging_mixin.py:188} INFO - [2024-08-13T16:20:55.114+0000] {dag.py:3823} INFO - Setting next_dagrun for create_new_data to None, run_after=None
[2024-08-13T16:20:55.146+0000] {processor.py:183} INFO - Processing /opt/airflow/dags/create_new_data.py took 0.676 seconds
[2024-08-13T16:21:25.257+0000] {processor.py:161} INFO - Started process (PID=4040) to work on /opt/airflow/dags/create_new_data.py
[2024-08-13T16:21:25.259+0000] {processor.py:830} INFO - Processing file /opt/airflow/dags/create_new_data.py for tasks to queue
[2024-08-13T16:21:25.264+0000] {logging_mixin.py:188} INFO - [2024-08-13T16:21:25.263+0000] {dagbag.py:538} INFO - Filling up the DagBag from /opt/airflow/dags/create_new_data.py
[2024-08-13T16:21:25.854+0000] {processor.py:840} INFO - DAG(s) 'create_new_data' retrieved from /opt/airflow/dags/create_new_data.py
[2024-08-13T16:21:25.885+0000] {logging_mixin.py:188} INFO - [2024-08-13T16:21:25.885+0000] {dag.py:3036} INFO - Sync 1 DAGs
[2024-08-13T16:21:25.906+0000] {logging_mixin.py:188} INFO - [2024-08-13T16:21:25.905+0000] {dag.py:3823} INFO - Setting next_dagrun for create_new_data to None, run_after=None
[2024-08-13T16:21:25.936+0000] {processor.py:183} INFO - Processing /opt/airflow/dags/create_new_data.py took 0.685 seconds
[2024-08-13T16:21:56.489+0000] {processor.py:161} INFO - Started process (PID=4106) to work on /opt/airflow/dags/create_new_data.py
[2024-08-13T16:21:56.491+0000] {processor.py:830} INFO - Processing file /opt/airflow/dags/create_new_data.py for tasks to queue
[2024-08-13T16:21:56.497+0000] {logging_mixin.py:188} INFO - [2024-08-13T16:21:56.496+0000] {dagbag.py:538} INFO - Filling up the DagBag from /opt/airflow/dags/create_new_data.py
[2024-08-13T16:21:56.994+0000] {processor.py:840} INFO - DAG(s) 'create_new_data' retrieved from /opt/airflow/dags/create_new_data.py
[2024-08-13T16:21:57.042+0000] {logging_mixin.py:188} INFO - [2024-08-13T16:21:57.041+0000] {dag.py:3036} INFO - Sync 1 DAGs
[2024-08-13T16:21:57.076+0000] {logging_mixin.py:188} INFO - [2024-08-13T16:21:57.076+0000] {dag.py:3823} INFO - Setting next_dagrun for create_new_data to None, run_after=None
[2024-08-13T16:21:57.141+0000] {processor.py:183} INFO - Processing /opt/airflow/dags/create_new_data.py took 0.661 seconds
[2024-08-13T16:22:27.808+0000] {processor.py:161} INFO - Started process (PID=4172) to work on /opt/airflow/dags/create_new_data.py
[2024-08-13T16:22:27.810+0000] {processor.py:830} INFO - Processing file /opt/airflow/dags/create_new_data.py for tasks to queue
[2024-08-13T16:22:27.814+0000] {logging_mixin.py:188} INFO - [2024-08-13T16:22:27.813+0000] {dagbag.py:538} INFO - Filling up the DagBag from /opt/airflow/dags/create_new_data.py
[2024-08-13T16:22:28.371+0000] {processor.py:840} INFO - DAG(s) 'create_new_data' retrieved from /opt/airflow/dags/create_new_data.py
[2024-08-13T16:22:28.397+0000] {logging_mixin.py:188} INFO - [2024-08-13T16:22:28.397+0000] {dag.py:3036} INFO - Sync 1 DAGs
[2024-08-13T16:22:28.415+0000] {logging_mixin.py:188} INFO - [2024-08-13T16:22:28.415+0000] {dag.py:3823} INFO - Setting next_dagrun for create_new_data to None, run_after=None
[2024-08-13T16:22:28.442+0000] {processor.py:183} INFO - Processing /opt/airflow/dags/create_new_data.py took 0.643 seconds
[2024-08-13T16:22:58.811+0000] {processor.py:161} INFO - Started process (PID=4240) to work on /opt/airflow/dags/create_new_data.py
[2024-08-13T16:22:58.814+0000] {processor.py:830} INFO - Processing file /opt/airflow/dags/create_new_data.py for tasks to queue
[2024-08-13T16:22:58.821+0000] {logging_mixin.py:188} INFO - [2024-08-13T16:22:58.821+0000] {dagbag.py:538} INFO - Filling up the DagBag from /opt/airflow/dags/create_new_data.py
[2024-08-13T16:22:59.925+0000] {processor.py:840} INFO - DAG(s) 'create_new_data' retrieved from /opt/airflow/dags/create_new_data.py
[2024-08-13T16:23:00.082+0000] {logging_mixin.py:188} INFO - [2024-08-13T16:23:00.082+0000] {dag.py:3036} INFO - Sync 1 DAGs
[2024-08-13T16:23:00.142+0000] {logging_mixin.py:188} INFO - [2024-08-13T16:23:00.141+0000] {dag.py:3823} INFO - Setting next_dagrun for create_new_data to None, run_after=None
[2024-08-13T16:23:00.249+0000] {processor.py:183} INFO - Processing /opt/airflow/dags/create_new_data.py took 1.453 seconds
[2024-08-13T16:23:30.887+0000] {processor.py:161} INFO - Started process (PID=4309) to work on /opt/airflow/dags/create_new_data.py
[2024-08-13T16:23:30.889+0000] {processor.py:830} INFO - Processing file /opt/airflow/dags/create_new_data.py for tasks to queue
[2024-08-13T16:23:30.894+0000] {logging_mixin.py:188} INFO - [2024-08-13T16:23:30.893+0000] {dagbag.py:538} INFO - Filling up the DagBag from /opt/airflow/dags/create_new_data.py
[2024-08-13T16:23:31.530+0000] {processor.py:840} INFO - DAG(s) 'create_new_data' retrieved from /opt/airflow/dags/create_new_data.py
[2024-08-13T16:23:31.568+0000] {logging_mixin.py:188} INFO - [2024-08-13T16:23:31.568+0000] {dag.py:3036} INFO - Sync 1 DAGs
[2024-08-13T16:23:31.587+0000] {logging_mixin.py:188} INFO - [2024-08-13T16:23:31.587+0000] {dag.py:3823} INFO - Setting next_dagrun for create_new_data to None, run_after=None
[2024-08-13T16:23:31.621+0000] {processor.py:183} INFO - Processing /opt/airflow/dags/create_new_data.py took 0.742 seconds
[2024-08-13T16:24:02.074+0000] {processor.py:161} INFO - Started process (PID=4378) to work on /opt/airflow/dags/create_new_data.py
[2024-08-13T16:24:02.076+0000] {processor.py:830} INFO - Processing file /opt/airflow/dags/create_new_data.py for tasks to queue
[2024-08-13T16:24:02.079+0000] {logging_mixin.py:188} INFO - [2024-08-13T16:24:02.078+0000] {dagbag.py:538} INFO - Filling up the DagBag from /opt/airflow/dags/create_new_data.py
[2024-08-13T16:24:02.587+0000] {processor.py:840} INFO - DAG(s) 'create_new_data' retrieved from /opt/airflow/dags/create_new_data.py
[2024-08-13T16:24:02.636+0000] {logging_mixin.py:188} INFO - [2024-08-13T16:24:02.636+0000] {dag.py:3036} INFO - Sync 1 DAGs
[2024-08-13T16:24:02.659+0000] {logging_mixin.py:188} INFO - [2024-08-13T16:24:02.659+0000] {dag.py:3823} INFO - Setting next_dagrun for create_new_data to None, run_after=None
[2024-08-13T16:24:02.689+0000] {processor.py:183} INFO - Processing /opt/airflow/dags/create_new_data.py took 0.620 seconds
[2024-08-13T16:24:32.887+0000] {processor.py:161} INFO - Started process (PID=4446) to work on /opt/airflow/dags/create_new_data.py
[2024-08-13T16:24:32.889+0000] {processor.py:830} INFO - Processing file /opt/airflow/dags/create_new_data.py for tasks to queue
[2024-08-13T16:24:32.892+0000] {logging_mixin.py:188} INFO - [2024-08-13T16:24:32.891+0000] {dagbag.py:538} INFO - Filling up the DagBag from /opt/airflow/dags/create_new_data.py
[2024-08-13T16:24:33.339+0000] {processor.py:840} INFO - DAG(s) 'create_new_data' retrieved from /opt/airflow/dags/create_new_data.py
[2024-08-13T16:24:33.376+0000] {logging_mixin.py:188} INFO - [2024-08-13T16:24:33.375+0000] {dag.py:3036} INFO - Sync 1 DAGs
[2024-08-13T16:24:33.402+0000] {logging_mixin.py:188} INFO - [2024-08-13T16:24:33.402+0000] {dag.py:3823} INFO - Setting next_dagrun for create_new_data to None, run_after=None
[2024-08-13T16:24:33.436+0000] {processor.py:183} INFO - Processing /opt/airflow/dags/create_new_data.py took 0.555 seconds
[2024-08-13T16:25:03.551+0000] {processor.py:161} INFO - Started process (PID=4511) to work on /opt/airflow/dags/create_new_data.py
[2024-08-13T16:25:03.552+0000] {processor.py:830} INFO - Processing file /opt/airflow/dags/create_new_data.py for tasks to queue
[2024-08-13T16:25:03.556+0000] {logging_mixin.py:188} INFO - [2024-08-13T16:25:03.555+0000] {dagbag.py:538} INFO - Filling up the DagBag from /opt/airflow/dags/create_new_data.py
[2024-08-13T16:25:04.013+0000] {processor.py:840} INFO - DAG(s) 'create_new_data' retrieved from /opt/airflow/dags/create_new_data.py
[2024-08-13T16:25:04.040+0000] {logging_mixin.py:188} INFO - [2024-08-13T16:25:04.039+0000] {dag.py:3036} INFO - Sync 1 DAGs
[2024-08-13T16:25:04.058+0000] {logging_mixin.py:188} INFO - [2024-08-13T16:25:04.058+0000] {dag.py:3823} INFO - Setting next_dagrun for create_new_data to None, run_after=None
[2024-08-13T16:25:04.096+0000] {processor.py:183} INFO - Processing /opt/airflow/dags/create_new_data.py took 0.550 seconds
[2024-08-13T16:25:34.405+0000] {processor.py:161} INFO - Started process (PID=4578) to work on /opt/airflow/dags/create_new_data.py
[2024-08-13T16:25:34.407+0000] {processor.py:830} INFO - Processing file /opt/airflow/dags/create_new_data.py for tasks to queue
[2024-08-13T16:25:34.412+0000] {logging_mixin.py:188} INFO - [2024-08-13T16:25:34.411+0000] {dagbag.py:538} INFO - Filling up the DagBag from /opt/airflow/dags/create_new_data.py
[2024-08-13T16:25:35.537+0000] {processor.py:840} INFO - DAG(s) 'create_new_data' retrieved from /opt/airflow/dags/create_new_data.py
[2024-08-13T16:25:35.616+0000] {logging_mixin.py:188} INFO - [2024-08-13T16:25:35.615+0000] {dag.py:3036} INFO - Sync 1 DAGs
[2024-08-13T16:25:35.677+0000] {logging_mixin.py:188} INFO - [2024-08-13T16:25:35.676+0000] {dag.py:3823} INFO - Setting next_dagrun for create_new_data to None, run_after=None
[2024-08-13T16:25:35.772+0000] {processor.py:183} INFO - Processing /opt/airflow/dags/create_new_data.py took 1.375 seconds
[2024-08-13T16:26:06.427+0000] {processor.py:161} INFO - Started process (PID=4648) to work on /opt/airflow/dags/create_new_data.py
[2024-08-13T16:26:06.460+0000] {processor.py:830} INFO - Processing file /opt/airflow/dags/create_new_data.py for tasks to queue
[2024-08-13T16:26:06.464+0000] {logging_mixin.py:188} INFO - [2024-08-13T16:26:06.463+0000] {dagbag.py:538} INFO - Filling up the DagBag from /opt/airflow/dags/create_new_data.py
[2024-08-13T16:26:07.299+0000] {processor.py:840} INFO - DAG(s) 'create_new_data' retrieved from /opt/airflow/dags/create_new_data.py
[2024-08-13T16:26:07.344+0000] {logging_mixin.py:188} INFO - [2024-08-13T16:26:07.343+0000] {dag.py:3036} INFO - Sync 1 DAGs
[2024-08-13T16:26:07.372+0000] {logging_mixin.py:188} INFO - [2024-08-13T16:26:07.371+0000] {dag.py:3823} INFO - Setting next_dagrun for create_new_data to None, run_after=None
[2024-08-13T16:26:07.450+0000] {processor.py:183} INFO - Processing /opt/airflow/dags/create_new_data.py took 1.041 seconds
[2024-08-13T16:26:37.746+0000] {processor.py:161} INFO - Started process (PID=4715) to work on /opt/airflow/dags/create_new_data.py
[2024-08-13T16:26:37.767+0000] {processor.py:830} INFO - Processing file /opt/airflow/dags/create_new_data.py for tasks to queue
[2024-08-13T16:26:37.776+0000] {logging_mixin.py:188} INFO - [2024-08-13T16:26:37.774+0000] {dagbag.py:538} INFO - Filling up the DagBag from /opt/airflow/dags/create_new_data.py
[2024-08-13T16:26:38.884+0000] {processor.py:840} INFO - DAG(s) 'create_new_data' retrieved from /opt/airflow/dags/create_new_data.py
[2024-08-13T16:26:38.953+0000] {logging_mixin.py:188} INFO - [2024-08-13T16:26:38.950+0000] {dag.py:3036} INFO - Sync 1 DAGs
[2024-08-13T16:26:38.999+0000] {logging_mixin.py:188} INFO - [2024-08-13T16:26:38.999+0000] {dag.py:3823} INFO - Setting next_dagrun for create_new_data to None, run_after=None
[2024-08-13T16:26:39.061+0000] {processor.py:183} INFO - Processing /opt/airflow/dags/create_new_data.py took 1.323 seconds
[2024-08-13T16:27:09.329+0000] {processor.py:161} INFO - Started process (PID=4775) to work on /opt/airflow/dags/create_new_data.py
[2024-08-13T16:27:09.331+0000] {processor.py:830} INFO - Processing file /opt/airflow/dags/create_new_data.py for tasks to queue
[2024-08-13T16:27:09.333+0000] {logging_mixin.py:188} INFO - [2024-08-13T16:27:09.333+0000] {dagbag.py:538} INFO - Filling up the DagBag from /opt/airflow/dags/create_new_data.py
[2024-08-13T16:27:09.826+0000] {processor.py:840} INFO - DAG(s) 'create_new_data' retrieved from /opt/airflow/dags/create_new_data.py
[2024-08-13T16:27:09.859+0000] {logging_mixin.py:188} INFO - [2024-08-13T16:27:09.859+0000] {dag.py:3036} INFO - Sync 1 DAGs
[2024-08-13T16:27:09.886+0000] {logging_mixin.py:188} INFO - [2024-08-13T16:27:09.885+0000] {dag.py:3823} INFO - Setting next_dagrun for create_new_data to None, run_after=None
[2024-08-13T16:27:09.943+0000] {processor.py:183} INFO - Processing /opt/airflow/dags/create_new_data.py took 0.619 seconds
[2024-08-13T16:27:40.091+0000] {processor.py:161} INFO - Started process (PID=4842) to work on /opt/airflow/dags/create_new_data.py
[2024-08-13T16:27:40.094+0000] {processor.py:830} INFO - Processing file /opt/airflow/dags/create_new_data.py for tasks to queue
[2024-08-13T16:27:40.108+0000] {logging_mixin.py:188} INFO - [2024-08-13T16:27:40.107+0000] {dagbag.py:538} INFO - Filling up the DagBag from /opt/airflow/dags/create_new_data.py
[2024-08-13T16:27:40.965+0000] {processor.py:840} INFO - DAG(s) 'create_new_data' retrieved from /opt/airflow/dags/create_new_data.py
[2024-08-13T16:27:41.002+0000] {logging_mixin.py:188} INFO - [2024-08-13T16:27:41.001+0000] {dag.py:3036} INFO - Sync 1 DAGs
[2024-08-13T16:27:41.044+0000] {logging_mixin.py:188} INFO - [2024-08-13T16:27:41.043+0000] {dag.py:3823} INFO - Setting next_dagrun for create_new_data to None, run_after=None
[2024-08-13T16:27:41.105+0000] {processor.py:183} INFO - Processing /opt/airflow/dags/create_new_data.py took 1.031 seconds
[2024-08-13T16:28:11.214+0000] {processor.py:161} INFO - Started process (PID=4909) to work on /opt/airflow/dags/create_new_data.py
[2024-08-13T16:28:11.217+0000] {processor.py:830} INFO - Processing file /opt/airflow/dags/create_new_data.py for tasks to queue
[2024-08-13T16:28:11.223+0000] {logging_mixin.py:188} INFO - [2024-08-13T16:28:11.223+0000] {dagbag.py:538} INFO - Filling up the DagBag from /opt/airflow/dags/create_new_data.py
[2024-08-13T16:28:11.860+0000] {processor.py:840} INFO - DAG(s) 'create_new_data' retrieved from /opt/airflow/dags/create_new_data.py
[2024-08-13T16:28:11.892+0000] {logging_mixin.py:188} INFO - [2024-08-13T16:28:11.891+0000] {dag.py:3036} INFO - Sync 1 DAGs
[2024-08-13T16:28:11.920+0000] {logging_mixin.py:188} INFO - [2024-08-13T16:28:11.919+0000] {dag.py:3823} INFO - Setting next_dagrun for create_new_data to None, run_after=None
[2024-08-13T16:28:11.975+0000] {processor.py:183} INFO - Processing /opt/airflow/dags/create_new_data.py took 0.767 seconds
[2024-08-13T16:28:42.747+0000] {processor.py:161} INFO - Started process (PID=4977) to work on /opt/airflow/dags/create_new_data.py
[2024-08-13T16:28:42.749+0000] {processor.py:830} INFO - Processing file /opt/airflow/dags/create_new_data.py for tasks to queue
[2024-08-13T16:28:42.753+0000] {logging_mixin.py:188} INFO - [2024-08-13T16:28:42.752+0000] {dagbag.py:538} INFO - Filling up the DagBag from /opt/airflow/dags/create_new_data.py
[2024-08-13T16:28:43.328+0000] {processor.py:840} INFO - DAG(s) 'create_new_data' retrieved from /opt/airflow/dags/create_new_data.py
[2024-08-13T16:28:43.355+0000] {logging_mixin.py:188} INFO - [2024-08-13T16:28:43.354+0000] {dag.py:3036} INFO - Sync 1 DAGs
[2024-08-13T16:28:43.379+0000] {logging_mixin.py:188} INFO - [2024-08-13T16:28:43.378+0000] {dag.py:3823} INFO - Setting next_dagrun for create_new_data to None, run_after=None
[2024-08-13T16:28:43.418+0000] {processor.py:183} INFO - Processing /opt/airflow/dags/create_new_data.py took 0.678 seconds
[2024-08-13T16:32:59.831+0000] {processor.py:161} INFO - Started process (PID=131) to work on /opt/airflow/dags/create_new_data.py
[2024-08-13T16:32:59.953+0000] {processor.py:830} INFO - Processing file /opt/airflow/dags/create_new_data.py for tasks to queue
[2024-08-13T16:32:59.957+0000] {logging_mixin.py:188} INFO - [2024-08-13T16:32:59.957+0000] {dagbag.py:538} INFO - Filling up the DagBag from /opt/airflow/dags/create_new_data.py
[2024-08-13T16:33:02.445+0000] {processor.py:840} INFO - DAG(s) 'create_new_data' retrieved from /opt/airflow/dags/create_new_data.py
[2024-08-13T16:33:02.872+0000] {logging_mixin.py:188} INFO - [2024-08-13T16:33:02.871+0000] {dag.py:3036} INFO - Sync 1 DAGs
[2024-08-13T16:33:02.887+0000] {logging_mixin.py:188} INFO - [2024-08-13T16:33:02.887+0000] {dag.py:3823} INFO - Setting next_dagrun for create_new_data to None, run_after=None
[2024-08-13T16:33:07.260+0000] {processor.py:183} INFO - Processing /opt/airflow/dags/create_new_data.py took 7.438 seconds
[2024-08-13T16:33:37.312+0000] {processor.py:161} INFO - Started process (PID=200) to work on /opt/airflow/dags/create_new_data.py
[2024-08-13T16:33:37.316+0000] {processor.py:830} INFO - Processing file /opt/airflow/dags/create_new_data.py for tasks to queue
[2024-08-13T16:33:37.320+0000] {logging_mixin.py:188} INFO - [2024-08-13T16:33:37.319+0000] {dagbag.py:538} INFO - Filling up the DagBag from /opt/airflow/dags/create_new_data.py
[2024-08-13T16:33:38.309+0000] {processor.py:840} INFO - DAG(s) 'create_new_data' retrieved from /opt/airflow/dags/create_new_data.py
[2024-08-13T16:33:38.367+0000] {logging_mixin.py:188} INFO - [2024-08-13T16:33:38.366+0000] {dag.py:3036} INFO - Sync 1 DAGs
[2024-08-13T16:33:38.443+0000] {logging_mixin.py:188} INFO - [2024-08-13T16:33:38.442+0000] {dag.py:3823} INFO - Setting next_dagrun for create_new_data to None, run_after=None
[2024-08-13T16:33:38.564+0000] {processor.py:183} INFO - Processing /opt/airflow/dags/create_new_data.py took 1.258 seconds
