[2024-08-15T16:10:52.068+0000] {processor.py:161} INFO - Started process (PID=298) to work on /home/airflow/.local/lib/python3.8/site-packages/airflow/example_dags/example_short_circuit_operator.py
[2024-08-15T16:10:52.070+0000] {processor.py:830} INFO - Processing file /home/airflow/.local/lib/python3.8/site-packages/airflow/example_dags/example_short_circuit_operator.py for tasks to queue
[2024-08-15T16:10:52.075+0000] {logging_mixin.py:188} INFO - [2024-08-15T16:10:52.074+0000] {dagbag.py:538} INFO - Filling up the DagBag from /home/airflow/.local/lib/python3.8/site-packages/airflow/example_dags/example_short_circuit_operator.py
[2024-08-15T16:10:52.135+0000] {processor.py:840} INFO - DAG(s) 'example_short_circuit_operator' retrieved from /home/airflow/.local/lib/python3.8/site-packages/airflow/example_dags/example_short_circuit_operator.py
[2024-08-15T16:10:53.023+0000] {logging_mixin.py:188} INFO - [2024-08-15T16:10:53.022+0000] {override.py:1769} INFO - Created Permission View: can edit on DAG:example_short_circuit_operator
[2024-08-15T16:10:53.121+0000] {logging_mixin.py:188} INFO - [2024-08-15T16:10:53.120+0000] {override.py:1769} INFO - Created Permission View: can delete on DAG:example_short_circuit_operator
[2024-08-15T16:10:53.206+0000] {logging_mixin.py:188} INFO - [2024-08-15T16:10:53.205+0000] {override.py:1769} INFO - Created Permission View: can read on DAG:example_short_circuit_operator
[2024-08-15T16:10:53.207+0000] {logging_mixin.py:188} INFO - [2024-08-15T16:10:53.207+0000] {dag.py:3036} INFO - Sync 1 DAGs
[2024-08-15T16:10:53.373+0000] {logging_mixin.py:188} INFO - [2024-08-15T16:10:53.372+0000] {dag.py:3058} INFO - Creating ORM DAG for example_short_circuit_operator
[2024-08-15T16:10:53.523+0000] {logging_mixin.py:188} INFO - [2024-08-15T16:10:53.522+0000] {dag.py:3823} INFO - Setting next_dagrun for example_short_circuit_operator to 2024-08-14 00:00:00+00:00, run_after=2024-08-15 00:00:00+00:00
[2024-08-15T16:10:54.112+0000] {processor.py:183} INFO - Processing /home/airflow/.local/lib/python3.8/site-packages/airflow/example_dags/example_short_circuit_operator.py took 2.052 seconds
[2024-08-15T17:05:42.889+0000] {processor.py:161} INFO - Started process (PID=178) to work on /home/airflow/.local/lib/python3.8/site-packages/airflow/example_dags/example_short_circuit_operator.py
[2024-08-15T17:05:42.901+0000] {processor.py:830} INFO - Processing file /home/airflow/.local/lib/python3.8/site-packages/airflow/example_dags/example_short_circuit_operator.py for tasks to queue
[2024-08-15T17:05:42.905+0000] {logging_mixin.py:188} INFO - [2024-08-15T17:05:42.904+0000] {dagbag.py:538} INFO - Filling up the DagBag from /home/airflow/.local/lib/python3.8/site-packages/airflow/example_dags/example_short_circuit_operator.py
[2024-08-15T17:05:42.974+0000] {processor.py:840} INFO - DAG(s) 'example_short_circuit_operator' retrieved from /home/airflow/.local/lib/python3.8/site-packages/airflow/example_dags/example_short_circuit_operator.py
[2024-08-15T17:05:44.028+0000] {logging_mixin.py:188} INFO - [2024-08-15T17:05:44.027+0000] {dag.py:3036} INFO - Sync 1 DAGs
[2024-08-15T17:05:44.300+0000] {logging_mixin.py:188} INFO - [2024-08-15T17:05:44.299+0000] {dag.py:3823} INFO - Setting next_dagrun for example_short_circuit_operator to 2024-08-14 00:00:00+00:00, run_after=2024-08-15 00:00:00+00:00
[2024-08-15T17:05:44.538+0000] {processor.py:183} INFO - Processing /home/airflow/.local/lib/python3.8/site-packages/airflow/example_dags/example_short_circuit_operator.py took 1.655 seconds
[2024-08-15T17:06:15.893+0000] {processor.py:161} INFO - Started process (PID=240) to work on /home/airflow/.local/lib/python3.8/site-packages/airflow/example_dags/example_short_circuit_operator.py
[2024-08-15T17:06:15.894+0000] {processor.py:830} INFO - Processing file /home/airflow/.local/lib/python3.8/site-packages/airflow/example_dags/example_short_circuit_operator.py for tasks to queue
[2024-08-15T17:06:15.897+0000] {logging_mixin.py:188} INFO - [2024-08-15T17:06:15.896+0000] {dagbag.py:538} INFO - Filling up the DagBag from /home/airflow/.local/lib/python3.8/site-packages/airflow/example_dags/example_short_circuit_operator.py
[2024-08-15T17:06:15.908+0000] {processor.py:840} INFO - DAG(s) 'example_short_circuit_operator' retrieved from /home/airflow/.local/lib/python3.8/site-packages/airflow/example_dags/example_short_circuit_operator.py
[2024-08-15T17:06:15.955+0000] {logging_mixin.py:188} INFO - [2024-08-15T17:06:15.954+0000] {dag.py:3036} INFO - Sync 1 DAGs
[2024-08-15T17:06:15.997+0000] {logging_mixin.py:188} INFO - [2024-08-15T17:06:15.996+0000] {dag.py:3823} INFO - Setting next_dagrun for example_short_circuit_operator to 2024-08-14 00:00:00+00:00, run_after=2024-08-15 00:00:00+00:00
[2024-08-15T17:06:19.214+0000] {processor.py:183} INFO - Processing /home/airflow/.local/lib/python3.8/site-packages/airflow/example_dags/example_short_circuit_operator.py took 3.325 seconds
[2024-08-15T17:06:51.005+0000] {processor.py:161} INFO - Started process (PID=304) to work on /home/airflow/.local/lib/python3.8/site-packages/airflow/example_dags/example_short_circuit_operator.py
[2024-08-15T17:06:51.052+0000] {processor.py:830} INFO - Processing file /home/airflow/.local/lib/python3.8/site-packages/airflow/example_dags/example_short_circuit_operator.py for tasks to queue
[2024-08-15T17:06:51.056+0000] {logging_mixin.py:188} INFO - [2024-08-15T17:06:51.055+0000] {dagbag.py:538} INFO - Filling up the DagBag from /home/airflow/.local/lib/python3.8/site-packages/airflow/example_dags/example_short_circuit_operator.py
[2024-08-15T17:06:51.130+0000] {processor.py:840} INFO - DAG(s) 'example_short_circuit_operator' retrieved from /home/airflow/.local/lib/python3.8/site-packages/airflow/example_dags/example_short_circuit_operator.py
[2024-08-15T17:06:51.217+0000] {logging_mixin.py:188} INFO - [2024-08-15T17:06:51.216+0000] {dag.py:3036} INFO - Sync 1 DAGs
[2024-08-15T17:06:51.290+0000] {logging_mixin.py:188} INFO - [2024-08-15T17:06:51.289+0000] {dag.py:3823} INFO - Setting next_dagrun for example_short_circuit_operator to 2024-08-14 00:00:00+00:00, run_after=2024-08-15 00:00:00+00:00
[2024-08-15T17:06:51.465+0000] {processor.py:183} INFO - Processing /home/airflow/.local/lib/python3.8/site-packages/airflow/example_dags/example_short_circuit_operator.py took 0.472 seconds
[2024-08-15T17:07:24.923+0000] {processor.py:161} INFO - Started process (PID=373) to work on /home/airflow/.local/lib/python3.8/site-packages/airflow/example_dags/example_short_circuit_operator.py
[2024-08-15T17:07:24.926+0000] {processor.py:830} INFO - Processing file /home/airflow/.local/lib/python3.8/site-packages/airflow/example_dags/example_short_circuit_operator.py for tasks to queue
[2024-08-15T17:07:24.934+0000] {logging_mixin.py:188} INFO - [2024-08-15T17:07:24.931+0000] {dagbag.py:538} INFO - Filling up the DagBag from /home/airflow/.local/lib/python3.8/site-packages/airflow/example_dags/example_short_circuit_operator.py
[2024-08-15T17:07:24.962+0000] {processor.py:840} INFO - DAG(s) 'example_short_circuit_operator' retrieved from /home/airflow/.local/lib/python3.8/site-packages/airflow/example_dags/example_short_circuit_operator.py
[2024-08-15T17:07:25.023+0000] {logging_mixin.py:188} INFO - [2024-08-15T17:07:25.023+0000] {dag.py:3036} INFO - Sync 1 DAGs
[2024-08-15T17:07:25.071+0000] {logging_mixin.py:188} INFO - [2024-08-15T17:07:25.070+0000] {dag.py:3823} INFO - Setting next_dagrun for example_short_circuit_operator to 2024-08-14 00:00:00+00:00, run_after=2024-08-15 00:00:00+00:00
[2024-08-15T17:07:25.419+0000] {processor.py:183} INFO - Processing /home/airflow/.local/lib/python3.8/site-packages/airflow/example_dags/example_short_circuit_operator.py took 0.523 seconds
[2024-08-15T17:07:56.644+0000] {processor.py:161} INFO - Started process (PID=442) to work on /home/airflow/.local/lib/python3.8/site-packages/airflow/example_dags/example_short_circuit_operator.py
[2024-08-15T17:07:56.734+0000] {processor.py:830} INFO - Processing file /home/airflow/.local/lib/python3.8/site-packages/airflow/example_dags/example_short_circuit_operator.py for tasks to queue
[2024-08-15T17:07:56.737+0000] {logging_mixin.py:188} INFO - [2024-08-15T17:07:56.737+0000] {dagbag.py:538} INFO - Filling up the DagBag from /home/airflow/.local/lib/python3.8/site-packages/airflow/example_dags/example_short_circuit_operator.py
[2024-08-15T17:07:56.752+0000] {processor.py:840} INFO - DAG(s) 'example_short_circuit_operator' retrieved from /home/airflow/.local/lib/python3.8/site-packages/airflow/example_dags/example_short_circuit_operator.py
[2024-08-15T17:07:56.810+0000] {logging_mixin.py:188} INFO - [2024-08-15T17:07:56.810+0000] {dag.py:3036} INFO - Sync 1 DAGs
[2024-08-15T17:07:56.906+0000] {logging_mixin.py:188} INFO - [2024-08-15T17:07:56.906+0000] {dag.py:3823} INFO - Setting next_dagrun for example_short_circuit_operator to 2024-08-14 00:00:00+00:00, run_after=2024-08-15 00:00:00+00:00
[2024-08-15T17:07:57.282+0000] {processor.py:183} INFO - Processing /home/airflow/.local/lib/python3.8/site-packages/airflow/example_dags/example_short_circuit_operator.py took 0.645 seconds
[2024-08-15T17:08:28.084+0000] {processor.py:161} INFO - Started process (PID=511) to work on /home/airflow/.local/lib/python3.8/site-packages/airflow/example_dags/example_short_circuit_operator.py
[2024-08-15T17:08:28.111+0000] {processor.py:830} INFO - Processing file /home/airflow/.local/lib/python3.8/site-packages/airflow/example_dags/example_short_circuit_operator.py for tasks to queue
[2024-08-15T17:08:28.126+0000] {logging_mixin.py:188} INFO - [2024-08-15T17:08:28.126+0000] {dagbag.py:538} INFO - Filling up the DagBag from /home/airflow/.local/lib/python3.8/site-packages/airflow/example_dags/example_short_circuit_operator.py
[2024-08-15T17:08:28.277+0000] {processor.py:840} INFO - DAG(s) 'example_short_circuit_operator' retrieved from /home/airflow/.local/lib/python3.8/site-packages/airflow/example_dags/example_short_circuit_operator.py
[2024-08-15T17:08:28.432+0000] {logging_mixin.py:188} INFO - [2024-08-15T17:08:28.432+0000] {dag.py:3036} INFO - Sync 1 DAGs
[2024-08-15T17:08:28.556+0000] {logging_mixin.py:188} INFO - [2024-08-15T17:08:28.556+0000] {dag.py:3823} INFO - Setting next_dagrun for example_short_circuit_operator to 2024-08-14 00:00:00+00:00, run_after=2024-08-15 00:00:00+00:00
[2024-08-15T17:08:28.757+0000] {processor.py:183} INFO - Processing /home/airflow/.local/lib/python3.8/site-packages/airflow/example_dags/example_short_circuit_operator.py took 0.692 seconds
