[2024-08-15T16:11:09.794+0000] {processor.py:161} INFO - Started process (PID=326) to work on /home/airflow/.local/lib/python3.8/site-packages/airflow/example_dags/example_branch_operator_decorator.py
[2024-08-15T16:11:09.796+0000] {processor.py:830} INFO - Processing file /home/airflow/.local/lib/python3.8/site-packages/airflow/example_dags/example_branch_operator_decorator.py for tasks to queue
[2024-08-15T16:11:09.802+0000] {logging_mixin.py:188} INFO - [2024-08-15T16:11:09.801+0000] {dagbag.py:538} INFO - Filling up the DagBag from /home/airflow/.local/lib/python3.8/site-packages/airflow/example_dags/example_branch_operator_decorator.py
[2024-08-15T16:11:09.916+0000] {processor.py:840} INFO - DAG(s) 'example_branch_python_operator_decorator' retrieved from /home/airflow/.local/lib/python3.8/site-packages/airflow/example_dags/example_branch_operator_decorator.py
[2024-08-15T16:11:10.446+0000] {logging_mixin.py:188} INFO - [2024-08-15T16:11:10.445+0000] {override.py:1769} INFO - Created Permission View: can edit on DAG:example_branch_python_operator_decorator
[2024-08-15T16:11:10.500+0000] {logging_mixin.py:188} INFO - [2024-08-15T16:11:10.499+0000] {override.py:1769} INFO - Created Permission View: can delete on DAG:example_branch_python_operator_decorator
[2024-08-15T16:11:10.553+0000] {logging_mixin.py:188} INFO - [2024-08-15T16:11:10.552+0000] {override.py:1769} INFO - Created Permission View: can read on DAG:example_branch_python_operator_decorator
[2024-08-15T16:11:10.554+0000] {logging_mixin.py:188} INFO - [2024-08-15T16:11:10.553+0000] {dag.py:3036} INFO - Sync 1 DAGs
[2024-08-15T16:11:10.633+0000] {logging_mixin.py:188} INFO - [2024-08-15T16:11:10.632+0000] {dag.py:3058} INFO - Creating ORM DAG for example_branch_python_operator_decorator
[2024-08-15T16:11:10.667+0000] {logging_mixin.py:188} INFO - [2024-08-15T16:11:10.666+0000] {dag.py:3823} INFO - Setting next_dagrun for example_branch_python_operator_decorator to 2024-08-14 00:00:00+00:00, run_after=2024-08-15 00:00:00+00:00
[2024-08-15T16:11:10.766+0000] {processor.py:183} INFO - Processing /home/airflow/.local/lib/python3.8/site-packages/airflow/example_dags/example_branch_operator_decorator.py took 0.982 seconds
[2024-08-15T17:05:51.828+0000] {processor.py:161} INFO - Started process (PID=199) to work on /home/airflow/.local/lib/python3.8/site-packages/airflow/example_dags/example_branch_operator_decorator.py
[2024-08-15T17:05:51.839+0000] {processor.py:830} INFO - Processing file /home/airflow/.local/lib/python3.8/site-packages/airflow/example_dags/example_branch_operator_decorator.py for tasks to queue
[2024-08-15T17:05:51.845+0000] {logging_mixin.py:188} INFO - [2024-08-15T17:05:51.844+0000] {dagbag.py:538} INFO - Filling up the DagBag from /home/airflow/.local/lib/python3.8/site-packages/airflow/example_dags/example_branch_operator_decorator.py
[2024-08-15T17:05:51.912+0000] {processor.py:840} INFO - DAG(s) 'example_branch_python_operator_decorator' retrieved from /home/airflow/.local/lib/python3.8/site-packages/airflow/example_dags/example_branch_operator_decorator.py
[2024-08-15T17:05:52.305+0000] {logging_mixin.py:188} INFO - [2024-08-15T17:05:52.299+0000] {dag.py:3036} INFO - Sync 1 DAGs
[2024-08-15T17:05:52.364+0000] {logging_mixin.py:188} INFO - [2024-08-15T17:05:52.363+0000] {dag.py:3823} INFO - Setting next_dagrun for example_branch_python_operator_decorator to 2024-08-14 00:00:00+00:00, run_after=2024-08-15 00:00:00+00:00
[2024-08-15T17:05:52.422+0000] {processor.py:183} INFO - Processing /home/airflow/.local/lib/python3.8/site-packages/airflow/example_dags/example_branch_operator_decorator.py took 0.602 seconds
[2024-08-15T17:06:44.845+0000] {processor.py:161} INFO - Started process (PID=276) to work on /home/airflow/.local/lib/python3.8/site-packages/airflow/example_dags/example_branch_operator_decorator.py
[2024-08-15T17:06:44.957+0000] {processor.py:830} INFO - Processing file /home/airflow/.local/lib/python3.8/site-packages/airflow/example_dags/example_branch_operator_decorator.py for tasks to queue
[2024-08-15T17:06:44.961+0000] {logging_mixin.py:188} INFO - [2024-08-15T17:06:44.960+0000] {dagbag.py:538} INFO - Filling up the DagBag from /home/airflow/.local/lib/python3.8/site-packages/airflow/example_dags/example_branch_operator_decorator.py
[2024-08-15T17:06:45.002+0000] {processor.py:840} INFO - DAG(s) 'example_branch_python_operator_decorator' retrieved from /home/airflow/.local/lib/python3.8/site-packages/airflow/example_dags/example_branch_operator_decorator.py
[2024-08-15T17:06:45.063+0000] {logging_mixin.py:188} INFO - [2024-08-15T17:06:45.062+0000] {dag.py:3036} INFO - Sync 1 DAGs
[2024-08-15T17:06:45.108+0000] {logging_mixin.py:188} INFO - [2024-08-15T17:06:45.108+0000] {dag.py:3823} INFO - Setting next_dagrun for example_branch_python_operator_decorator to 2024-08-14 00:00:00+00:00, run_after=2024-08-15 00:00:00+00:00
[2024-08-15T17:06:45.350+0000] {processor.py:183} INFO - Processing /home/airflow/.local/lib/python3.8/site-packages/airflow/example_dags/example_branch_operator_decorator.py took 0.511 seconds
[2024-08-15T17:07:16.109+0000] {processor.py:161} INFO - Started process (PID=345) to work on /home/airflow/.local/lib/python3.8/site-packages/airflow/example_dags/example_branch_operator_decorator.py
[2024-08-15T17:07:16.111+0000] {processor.py:830} INFO - Processing file /home/airflow/.local/lib/python3.8/site-packages/airflow/example_dags/example_branch_operator_decorator.py for tasks to queue
[2024-08-15T17:07:16.115+0000] {logging_mixin.py:188} INFO - [2024-08-15T17:07:16.114+0000] {dagbag.py:538} INFO - Filling up the DagBag from /home/airflow/.local/lib/python3.8/site-packages/airflow/example_dags/example_branch_operator_decorator.py
[2024-08-15T17:07:16.174+0000] {processor.py:840} INFO - DAG(s) 'example_branch_python_operator_decorator' retrieved from /home/airflow/.local/lib/python3.8/site-packages/airflow/example_dags/example_branch_operator_decorator.py
[2024-08-15T17:07:16.264+0000] {logging_mixin.py:188} INFO - [2024-08-15T17:07:16.264+0000] {dag.py:3036} INFO - Sync 1 DAGs
[2024-08-15T17:07:16.351+0000] {logging_mixin.py:188} INFO - [2024-08-15T17:07:16.349+0000] {dag.py:3823} INFO - Setting next_dagrun for example_branch_python_operator_decorator to 2024-08-14 00:00:00+00:00, run_after=2024-08-15 00:00:00+00:00
[2024-08-15T17:07:16.853+0000] {processor.py:183} INFO - Processing /home/airflow/.local/lib/python3.8/site-packages/airflow/example_dags/example_branch_operator_decorator.py took 0.751 seconds
[2024-08-15T17:07:47.517+0000] {processor.py:161} INFO - Started process (PID=414) to work on /home/airflow/.local/lib/python3.8/site-packages/airflow/example_dags/example_branch_operator_decorator.py
[2024-08-15T17:07:47.525+0000] {processor.py:830} INFO - Processing file /home/airflow/.local/lib/python3.8/site-packages/airflow/example_dags/example_branch_operator_decorator.py for tasks to queue
[2024-08-15T17:07:47.530+0000] {logging_mixin.py:188} INFO - [2024-08-15T17:07:47.529+0000] {dagbag.py:538} INFO - Filling up the DagBag from /home/airflow/.local/lib/python3.8/site-packages/airflow/example_dags/example_branch_operator_decorator.py
[2024-08-15T17:07:47.636+0000] {processor.py:840} INFO - DAG(s) 'example_branch_python_operator_decorator' retrieved from /home/airflow/.local/lib/python3.8/site-packages/airflow/example_dags/example_branch_operator_decorator.py
[2024-08-15T17:07:47.713+0000] {logging_mixin.py:188} INFO - [2024-08-15T17:07:47.713+0000] {dag.py:3036} INFO - Sync 1 DAGs
[2024-08-15T17:07:47.807+0000] {logging_mixin.py:188} INFO - [2024-08-15T17:07:47.806+0000] {dag.py:3823} INFO - Setting next_dagrun for example_branch_python_operator_decorator to 2024-08-14 00:00:00+00:00, run_after=2024-08-15 00:00:00+00:00
[2024-08-15T17:07:48.317+0000] {processor.py:183} INFO - Processing /home/airflow/.local/lib/python3.8/site-packages/airflow/example_dags/example_branch_operator_decorator.py took 0.848 seconds
[2024-08-15T17:08:18.862+0000] {processor.py:161} INFO - Started process (PID=483) to work on /home/airflow/.local/lib/python3.8/site-packages/airflow/example_dags/example_branch_operator_decorator.py
[2024-08-15T17:08:18.920+0000] {processor.py:830} INFO - Processing file /home/airflow/.local/lib/python3.8/site-packages/airflow/example_dags/example_branch_operator_decorator.py for tasks to queue
[2024-08-15T17:08:18.924+0000] {logging_mixin.py:188} INFO - [2024-08-15T17:08:18.923+0000] {dagbag.py:538} INFO - Filling up the DagBag from /home/airflow/.local/lib/python3.8/site-packages/airflow/example_dags/example_branch_operator_decorator.py
[2024-08-15T17:08:19.052+0000] {processor.py:840} INFO - DAG(s) 'example_branch_python_operator_decorator' retrieved from /home/airflow/.local/lib/python3.8/site-packages/airflow/example_dags/example_branch_operator_decorator.py
[2024-08-15T17:08:19.187+0000] {logging_mixin.py:188} INFO - [2024-08-15T17:08:19.186+0000] {dag.py:3036} INFO - Sync 1 DAGs
[2024-08-15T17:08:19.316+0000] {logging_mixin.py:188} INFO - [2024-08-15T17:08:19.316+0000] {dag.py:3823} INFO - Setting next_dagrun for example_branch_python_operator_decorator to 2024-08-14 00:00:00+00:00, run_after=2024-08-15 00:00:00+00:00
[2024-08-15T17:08:19.705+0000] {processor.py:183} INFO - Processing /home/airflow/.local/lib/python3.8/site-packages/airflow/example_dags/example_branch_operator_decorator.py took 0.850 seconds
[2024-08-15T17:08:50.009+0000] {processor.py:161} INFO - Started process (PID=552) to work on /home/airflow/.local/lib/python3.8/site-packages/airflow/example_dags/example_branch_operator_decorator.py
[2024-08-15T17:08:50.064+0000] {processor.py:830} INFO - Processing file /home/airflow/.local/lib/python3.8/site-packages/airflow/example_dags/example_branch_operator_decorator.py for tasks to queue
[2024-08-15T17:08:50.067+0000] {logging_mixin.py:188} INFO - [2024-08-15T17:08:50.066+0000] {dagbag.py:538} INFO - Filling up the DagBag from /home/airflow/.local/lib/python3.8/site-packages/airflow/example_dags/example_branch_operator_decorator.py
[2024-08-15T17:08:50.122+0000] {processor.py:840} INFO - DAG(s) 'example_branch_python_operator_decorator' retrieved from /home/airflow/.local/lib/python3.8/site-packages/airflow/example_dags/example_branch_operator_decorator.py
[2024-08-15T17:08:50.212+0000] {logging_mixin.py:188} INFO - [2024-08-15T17:08:50.212+0000] {dag.py:3036} INFO - Sync 1 DAGs
[2024-08-15T17:08:50.258+0000] {logging_mixin.py:188} INFO - [2024-08-15T17:08:50.258+0000] {dag.py:3823} INFO - Setting next_dagrun for example_branch_python_operator_decorator to 2024-08-14 00:00:00+00:00, run_after=2024-08-15 00:00:00+00:00
[2024-08-15T17:08:50.456+0000] {processor.py:183} INFO - Processing /home/airflow/.local/lib/python3.8/site-packages/airflow/example_dags/example_branch_operator_decorator.py took 0.454 seconds
