[2024-08-15T16:11:00.150+0000] {processor.py:161} INFO - Started process (PID=307) to work on /home/airflow/.local/lib/python3.8/site-packages/airflow/example_dags/example_kubernetes_executor.py
[2024-08-15T16:11:00.154+0000] {processor.py:830} INFO - Processing file /home/airflow/.local/lib/python3.8/site-packages/airflow/example_dags/example_kubernetes_executor.py for tasks to queue
[2024-08-15T16:11:00.158+0000] {logging_mixin.py:188} INFO - [2024-08-15T16:11:00.157+0000] {dagbag.py:538} INFO - Filling up the DagBag from /home/airflow/.local/lib/python3.8/site-packages/airflow/example_dags/example_kubernetes_executor.py
[2024-08-15T16:11:00.310+0000] {processor.py:840} INFO - DAG(s) 'example_kubernetes_executor' retrieved from /home/airflow/.local/lib/python3.8/site-packages/airflow/example_dags/example_kubernetes_executor.py
[2024-08-15T16:11:01.067+0000] {logging_mixin.py:188} INFO - [2024-08-15T16:11:01.065+0000] {override.py:1769} INFO - Created Permission View: can edit on DAG:example_kubernetes_executor
[2024-08-15T16:11:01.171+0000] {logging_mixin.py:188} INFO - [2024-08-15T16:11:01.170+0000] {override.py:1769} INFO - Created Permission View: can delete on DAG:example_kubernetes_executor
[2024-08-15T16:11:01.280+0000] {logging_mixin.py:188} INFO - [2024-08-15T16:11:01.273+0000] {override.py:1769} INFO - Created Permission View: can read on DAG:example_kubernetes_executor
[2024-08-15T16:11:01.294+0000] {logging_mixin.py:188} INFO - [2024-08-15T16:11:01.281+0000] {dag.py:3036} INFO - Sync 1 DAGs
[2024-08-15T16:11:01.456+0000] {logging_mixin.py:188} INFO - [2024-08-15T16:11:01.455+0000] {dag.py:3058} INFO - Creating ORM DAG for example_kubernetes_executor
[2024-08-15T16:11:01.469+0000] {logging_mixin.py:188} INFO - [2024-08-15T16:11:01.457+0000] {dag.py:3823} INFO - Setting next_dagrun for example_kubernetes_executor to None, run_after=None
[2024-08-15T16:11:01.806+0000] {processor.py:183} INFO - Processing /home/airflow/.local/lib/python3.8/site-packages/airflow/example_dags/example_kubernetes_executor.py took 1.666 seconds
[2024-08-15T17:05:48.427+0000] {processor.py:161} INFO - Started process (PID=188) to work on /home/airflow/.local/lib/python3.8/site-packages/airflow/example_dags/example_kubernetes_executor.py
[2024-08-15T17:05:48.437+0000] {processor.py:830} INFO - Processing file /home/airflow/.local/lib/python3.8/site-packages/airflow/example_dags/example_kubernetes_executor.py for tasks to queue
[2024-08-15T17:05:48.441+0000] {logging_mixin.py:188} INFO - [2024-08-15T17:05:48.440+0000] {dagbag.py:538} INFO - Filling up the DagBag from /home/airflow/.local/lib/python3.8/site-packages/airflow/example_dags/example_kubernetes_executor.py
[2024-08-15T17:05:48.537+0000] {processor.py:840} INFO - DAG(s) 'example_kubernetes_executor' retrieved from /home/airflow/.local/lib/python3.8/site-packages/airflow/example_dags/example_kubernetes_executor.py
[2024-08-15T17:05:48.873+0000] {logging_mixin.py:188} INFO - [2024-08-15T17:05:48.872+0000] {dag.py:3036} INFO - Sync 1 DAGs
[2024-08-15T17:05:48.899+0000] {logging_mixin.py:188} INFO - [2024-08-15T17:05:48.898+0000] {dag.py:3823} INFO - Setting next_dagrun for example_kubernetes_executor to None, run_after=None
[2024-08-15T17:05:48.967+0000] {processor.py:183} INFO - Processing /home/airflow/.local/lib/python3.8/site-packages/airflow/example_dags/example_kubernetes_executor.py took 0.547 seconds
[2024-08-15T17:06:37.549+0000] {processor.py:161} INFO - Started process (PID=265) to work on /home/airflow/.local/lib/python3.8/site-packages/airflow/example_dags/example_kubernetes_executor.py
[2024-08-15T17:06:37.871+0000] {processor.py:830} INFO - Processing file /home/airflow/.local/lib/python3.8/site-packages/airflow/example_dags/example_kubernetes_executor.py for tasks to queue
[2024-08-15T17:06:37.874+0000] {logging_mixin.py:188} INFO - [2024-08-15T17:06:37.873+0000] {dagbag.py:538} INFO - Filling up the DagBag from /home/airflow/.local/lib/python3.8/site-packages/airflow/example_dags/example_kubernetes_executor.py
[2024-08-15T17:06:37.900+0000] {processor.py:840} INFO - DAG(s) 'example_kubernetes_executor' retrieved from /home/airflow/.local/lib/python3.8/site-packages/airflow/example_dags/example_kubernetes_executor.py
[2024-08-15T17:06:37.970+0000] {logging_mixin.py:188} INFO - [2024-08-15T17:06:37.970+0000] {dag.py:3036} INFO - Sync 1 DAGs
[2024-08-15T17:06:37.995+0000] {logging_mixin.py:188} INFO - [2024-08-15T17:06:37.994+0000] {dag.py:3823} INFO - Setting next_dagrun for example_kubernetes_executor to None, run_after=None
[2024-08-15T17:06:41.449+0000] {processor.py:183} INFO - Processing /home/airflow/.local/lib/python3.8/site-packages/airflow/example_dags/example_kubernetes_executor.py took 3.907 seconds
[2024-08-15T17:07:11.901+0000] {processor.py:161} INFO - Started process (PID=334) to work on /home/airflow/.local/lib/python3.8/site-packages/airflow/example_dags/example_kubernetes_executor.py
[2024-08-15T17:07:11.934+0000] {processor.py:830} INFO - Processing file /home/airflow/.local/lib/python3.8/site-packages/airflow/example_dags/example_kubernetes_executor.py for tasks to queue
[2024-08-15T17:07:11.937+0000] {logging_mixin.py:188} INFO - [2024-08-15T17:07:11.937+0000] {dagbag.py:538} INFO - Filling up the DagBag from /home/airflow/.local/lib/python3.8/site-packages/airflow/example_dags/example_kubernetes_executor.py
[2024-08-15T17:07:11.971+0000] {processor.py:840} INFO - DAG(s) 'example_kubernetes_executor' retrieved from /home/airflow/.local/lib/python3.8/site-packages/airflow/example_dags/example_kubernetes_executor.py
[2024-08-15T17:07:12.055+0000] {logging_mixin.py:188} INFO - [2024-08-15T17:07:12.054+0000] {dag.py:3036} INFO - Sync 1 DAGs
[2024-08-15T17:07:12.085+0000] {logging_mixin.py:188} INFO - [2024-08-15T17:07:12.085+0000] {dag.py:3823} INFO - Setting next_dagrun for example_kubernetes_executor to None, run_after=None
[2024-08-15T17:07:12.299+0000] {processor.py:183} INFO - Processing /home/airflow/.local/lib/python3.8/site-packages/airflow/example_dags/example_kubernetes_executor.py took 0.402 seconds
[2024-08-15T17:07:42.806+0000] {processor.py:161} INFO - Started process (PID=403) to work on /home/airflow/.local/lib/python3.8/site-packages/airflow/example_dags/example_kubernetes_executor.py
[2024-08-15T17:07:42.809+0000] {processor.py:830} INFO - Processing file /home/airflow/.local/lib/python3.8/site-packages/airflow/example_dags/example_kubernetes_executor.py for tasks to queue
[2024-08-15T17:07:42.812+0000] {logging_mixin.py:188} INFO - [2024-08-15T17:07:42.811+0000] {dagbag.py:538} INFO - Filling up the DagBag from /home/airflow/.local/lib/python3.8/site-packages/airflow/example_dags/example_kubernetes_executor.py
[2024-08-15T17:07:42.845+0000] {processor.py:840} INFO - DAG(s) 'example_kubernetes_executor' retrieved from /home/airflow/.local/lib/python3.8/site-packages/airflow/example_dags/example_kubernetes_executor.py
[2024-08-15T17:07:43.006+0000] {logging_mixin.py:188} INFO - [2024-08-15T17:07:43.006+0000] {dag.py:3036} INFO - Sync 1 DAGs
[2024-08-15T17:07:43.046+0000] {logging_mixin.py:188} INFO - [2024-08-15T17:07:43.045+0000] {dag.py:3823} INFO - Setting next_dagrun for example_kubernetes_executor to None, run_after=None
[2024-08-15T17:07:43.194+0000] {processor.py:183} INFO - Processing /home/airflow/.local/lib/python3.8/site-packages/airflow/example_dags/example_kubernetes_executor.py took 0.396 seconds
[2024-08-15T17:08:13.549+0000] {processor.py:161} INFO - Started process (PID=472) to work on /home/airflow/.local/lib/python3.8/site-packages/airflow/example_dags/example_kubernetes_executor.py
[2024-08-15T17:08:13.618+0000] {processor.py:830} INFO - Processing file /home/airflow/.local/lib/python3.8/site-packages/airflow/example_dags/example_kubernetes_executor.py for tasks to queue
[2024-08-15T17:08:13.621+0000] {logging_mixin.py:188} INFO - [2024-08-15T17:08:13.621+0000] {dagbag.py:538} INFO - Filling up the DagBag from /home/airflow/.local/lib/python3.8/site-packages/airflow/example_dags/example_kubernetes_executor.py
[2024-08-15T17:08:13.653+0000] {processor.py:840} INFO - DAG(s) 'example_kubernetes_executor' retrieved from /home/airflow/.local/lib/python3.8/site-packages/airflow/example_dags/example_kubernetes_executor.py
[2024-08-15T17:08:13.739+0000] {logging_mixin.py:188} INFO - [2024-08-15T17:08:13.739+0000] {dag.py:3036} INFO - Sync 1 DAGs
[2024-08-15T17:08:13.766+0000] {logging_mixin.py:188} INFO - [2024-08-15T17:08:13.766+0000] {dag.py:3823} INFO - Setting next_dagrun for example_kubernetes_executor to None, run_after=None
[2024-08-15T17:08:14.013+0000] {processor.py:183} INFO - Processing /home/airflow/.local/lib/python3.8/site-packages/airflow/example_dags/example_kubernetes_executor.py took 0.470 seconds
[2024-08-15T17:08:44.153+0000] {processor.py:161} INFO - Started process (PID=540) to work on /home/airflow/.local/lib/python3.8/site-packages/airflow/example_dags/example_kubernetes_executor.py
[2024-08-15T17:08:44.191+0000] {processor.py:830} INFO - Processing file /home/airflow/.local/lib/python3.8/site-packages/airflow/example_dags/example_kubernetes_executor.py for tasks to queue
[2024-08-15T17:08:44.194+0000] {logging_mixin.py:188} INFO - [2024-08-15T17:08:44.194+0000] {dagbag.py:538} INFO - Filling up the DagBag from /home/airflow/.local/lib/python3.8/site-packages/airflow/example_dags/example_kubernetes_executor.py
[2024-08-15T17:08:44.235+0000] {processor.py:840} INFO - DAG(s) 'example_kubernetes_executor' retrieved from /home/airflow/.local/lib/python3.8/site-packages/airflow/example_dags/example_kubernetes_executor.py
[2024-08-15T17:08:44.331+0000] {logging_mixin.py:188} INFO - [2024-08-15T17:08:44.331+0000] {dag.py:3036} INFO - Sync 1 DAGs
[2024-08-15T17:08:44.380+0000] {logging_mixin.py:188} INFO - [2024-08-15T17:08:44.380+0000] {dag.py:3823} INFO - Setting next_dagrun for example_kubernetes_executor to None, run_after=None
[2024-08-15T17:08:44.529+0000] {processor.py:183} INFO - Processing /home/airflow/.local/lib/python3.8/site-packages/airflow/example_dags/example_kubernetes_executor.py took 0.386 seconds
