[2024-08-15T17:06:01.581+0000] {processor.py:161} INFO - Started process (PID=226) to work on /home/airflow/.local/lib/python3.8/site-packages/airflow/example_dags/example_python_decorator.py
[2024-08-15T17:06:01.583+0000] {processor.py:830} INFO - Processing file /home/airflow/.local/lib/python3.8/site-packages/airflow/example_dags/example_python_decorator.py for tasks to queue
[2024-08-15T17:06:01.587+0000] {logging_mixin.py:188} INFO - [2024-08-15T17:06:01.586+0000] {dagbag.py:538} INFO - Filling up the DagBag from /home/airflow/.local/lib/python3.8/site-packages/airflow/example_dags/example_python_decorator.py
[2024-08-15T17:06:01.638+0000] {processor.py:840} INFO - DAG(s) 'example_python_decorator' retrieved from /home/airflow/.local/lib/python3.8/site-packages/airflow/example_dags/example_python_decorator.py
[2024-08-15T17:06:02.232+0000] {logging_mixin.py:188} INFO - [2024-08-15T17:06:02.230+0000] {dag.py:3036} INFO - Sync 1 DAGs
[2024-08-15T17:06:02.260+0000] {logging_mixin.py:188} INFO - [2024-08-15T17:06:02.260+0000] {dag.py:3823} INFO - Setting next_dagrun for example_python_decorator to None, run_after=None
[2024-08-15T17:06:02.341+0000] {processor.py:183} INFO - Processing /home/airflow/.local/lib/python3.8/site-packages/airflow/example_dags/example_python_decorator.py took 0.769 seconds
[2024-08-15T17:06:52.195+0000] {processor.py:161} INFO - Started process (PID=310) to work on /home/airflow/.local/lib/python3.8/site-packages/airflow/example_dags/example_python_decorator.py
[2024-08-15T17:06:52.201+0000] {processor.py:830} INFO - Processing file /home/airflow/.local/lib/python3.8/site-packages/airflow/example_dags/example_python_decorator.py for tasks to queue
[2024-08-15T17:06:52.204+0000] {logging_mixin.py:188} INFO - [2024-08-15T17:06:52.204+0000] {dagbag.py:538} INFO - Filling up the DagBag from /home/airflow/.local/lib/python3.8/site-packages/airflow/example_dags/example_python_decorator.py
[2024-08-15T17:06:52.239+0000] {processor.py:840} INFO - DAG(s) 'example_python_decorator' retrieved from /home/airflow/.local/lib/python3.8/site-packages/airflow/example_dags/example_python_decorator.py
[2024-08-15T17:06:52.288+0000] {logging_mixin.py:188} INFO - [2024-08-15T17:06:52.288+0000] {dag.py:3036} INFO - Sync 1 DAGs
[2024-08-15T17:06:52.317+0000] {logging_mixin.py:188} INFO - [2024-08-15T17:06:52.316+0000] {dag.py:3823} INFO - Setting next_dagrun for example_python_decorator to None, run_after=None
[2024-08-15T17:06:52.414+0000] {processor.py:183} INFO - Processing /home/airflow/.local/lib/python3.8/site-packages/airflow/example_dags/example_python_decorator.py took 0.225 seconds
[2024-08-15T17:07:27.022+0000] {processor.py:161} INFO - Started process (PID=380) to work on /home/airflow/.local/lib/python3.8/site-packages/airflow/example_dags/example_python_decorator.py
[2024-08-15T17:07:27.068+0000] {processor.py:830} INFO - Processing file /home/airflow/.local/lib/python3.8/site-packages/airflow/example_dags/example_python_decorator.py for tasks to queue
[2024-08-15T17:07:27.080+0000] {logging_mixin.py:188} INFO - [2024-08-15T17:07:27.078+0000] {dagbag.py:538} INFO - Filling up the DagBag from /home/airflow/.local/lib/python3.8/site-packages/airflow/example_dags/example_python_decorator.py
[2024-08-15T17:07:27.109+0000] {processor.py:840} INFO - DAG(s) 'example_python_decorator' retrieved from /home/airflow/.local/lib/python3.8/site-packages/airflow/example_dags/example_python_decorator.py
[2024-08-15T17:07:27.156+0000] {logging_mixin.py:188} INFO - [2024-08-15T17:07:27.156+0000] {dag.py:3036} INFO - Sync 1 DAGs
[2024-08-15T17:07:27.188+0000] {logging_mixin.py:188} INFO - [2024-08-15T17:07:27.188+0000] {dag.py:3823} INFO - Setting next_dagrun for example_python_decorator to None, run_after=None
[2024-08-15T17:07:27.540+0000] {processor.py:183} INFO - Processing /home/airflow/.local/lib/python3.8/site-packages/airflow/example_dags/example_python_decorator.py took 0.524 seconds
[2024-08-15T17:07:58.933+0000] {processor.py:161} INFO - Started process (PID=449) to work on /home/airflow/.local/lib/python3.8/site-packages/airflow/example_dags/example_python_decorator.py
[2024-08-15T17:07:58.957+0000] {processor.py:830} INFO - Processing file /home/airflow/.local/lib/python3.8/site-packages/airflow/example_dags/example_python_decorator.py for tasks to queue
[2024-08-15T17:07:59.049+0000] {logging_mixin.py:188} INFO - [2024-08-15T17:07:59.048+0000] {dagbag.py:538} INFO - Filling up the DagBag from /home/airflow/.local/lib/python3.8/site-packages/airflow/example_dags/example_python_decorator.py
[2024-08-15T17:07:59.176+0000] {processor.py:840} INFO - DAG(s) 'example_python_decorator' retrieved from /home/airflow/.local/lib/python3.8/site-packages/airflow/example_dags/example_python_decorator.py
[2024-08-15T17:07:59.266+0000] {logging_mixin.py:188} INFO - [2024-08-15T17:07:59.266+0000] {dag.py:3036} INFO - Sync 1 DAGs
[2024-08-15T17:07:59.300+0000] {logging_mixin.py:188} INFO - [2024-08-15T17:07:59.299+0000] {dag.py:3823} INFO - Setting next_dagrun for example_python_decorator to None, run_after=None
[2024-08-15T17:07:59.459+0000] {processor.py:183} INFO - Processing /home/airflow/.local/lib/python3.8/site-packages/airflow/example_dags/example_python_decorator.py took 0.568 seconds
[2024-08-15T17:08:30.427+0000] {processor.py:161} INFO - Started process (PID=518) to work on /home/airflow/.local/lib/python3.8/site-packages/airflow/example_dags/example_python_decorator.py
[2024-08-15T17:08:30.469+0000] {processor.py:830} INFO - Processing file /home/airflow/.local/lib/python3.8/site-packages/airflow/example_dags/example_python_decorator.py for tasks to queue
[2024-08-15T17:08:30.473+0000] {logging_mixin.py:188} INFO - [2024-08-15T17:08:30.472+0000] {dagbag.py:538} INFO - Filling up the DagBag from /home/airflow/.local/lib/python3.8/site-packages/airflow/example_dags/example_python_decorator.py
[2024-08-15T17:08:30.501+0000] {processor.py:840} INFO - DAG(s) 'example_python_decorator' retrieved from /home/airflow/.local/lib/python3.8/site-packages/airflow/example_dags/example_python_decorator.py
[2024-08-15T17:08:30.566+0000] {logging_mixin.py:188} INFO - [2024-08-15T17:08:30.566+0000] {dag.py:3036} INFO - Sync 1 DAGs
[2024-08-15T17:08:30.609+0000] {logging_mixin.py:188} INFO - [2024-08-15T17:08:30.608+0000] {dag.py:3823} INFO - Setting next_dagrun for example_python_decorator to None, run_after=None
[2024-08-15T17:08:30.821+0000] {processor.py:183} INFO - Processing /home/airflow/.local/lib/python3.8/site-packages/airflow/example_dags/example_python_decorator.py took 0.400 seconds
