[2024-08-15T16:11:15.384+0000] {processor.py:161} INFO - Started process (PID=335) to work on /home/airflow/.local/lib/python3.8/site-packages/airflow/example_dags/example_branch_operator.py
[2024-08-15T16:11:15.387+0000] {processor.py:830} INFO - Processing file /home/airflow/.local/lib/python3.8/site-packages/airflow/example_dags/example_branch_operator.py for tasks to queue
[2024-08-15T16:11:15.396+0000] {logging_mixin.py:188} INFO - [2024-08-15T16:11:15.393+0000] {dagbag.py:538} INFO - Filling up the DagBag from /home/airflow/.local/lib/python3.8/site-packages/airflow/example_dags/example_branch_operator.py
[2024-08-15T16:11:15.494+0000] {processor.py:840} INFO - DAG(s) 'example_branch_operator' retrieved from /home/airflow/.local/lib/python3.8/site-packages/airflow/example_dags/example_branch_operator.py
[2024-08-15T16:11:16.886+0000] {logging_mixin.py:188} INFO - [2024-08-15T16:11:16.884+0000] {override.py:1769} INFO - Created Permission View: can edit on DAG:example_branch_operator
[2024-08-15T16:11:17.049+0000] {logging_mixin.py:188} INFO - [2024-08-15T16:11:17.048+0000] {override.py:1769} INFO - Created Permission View: can delete on DAG:example_branch_operator
[2024-08-15T16:11:17.163+0000] {logging_mixin.py:188} INFO - [2024-08-15T16:11:17.162+0000] {override.py:1769} INFO - Created Permission View: can read on DAG:example_branch_operator
[2024-08-15T16:11:17.164+0000] {logging_mixin.py:188} INFO - [2024-08-15T16:11:17.164+0000] {dag.py:3036} INFO - Sync 1 DAGs
[2024-08-15T16:11:17.251+0000] {logging_mixin.py:188} INFO - [2024-08-15T16:11:17.251+0000] {dag.py:3058} INFO - Creating ORM DAG for example_branch_operator
[2024-08-15T16:11:17.326+0000] {logging_mixin.py:188} INFO - [2024-08-15T16:11:17.322+0000] {dag.py:3823} INFO - Setting next_dagrun for example_branch_operator to 2024-08-14 00:00:00+00:00, run_after=2024-08-15 00:00:00+00:00
[2024-08-15T16:11:17.423+0000] {processor.py:183} INFO - Processing /home/airflow/.local/lib/python3.8/site-packages/airflow/example_dags/example_branch_operator.py took 2.049 seconds
[2024-08-15T17:05:56.427+0000] {processor.py:161} INFO - Started process (PID=208) to work on /home/airflow/.local/lib/python3.8/site-packages/airflow/example_dags/example_branch_operator.py
[2024-08-15T17:05:56.433+0000] {processor.py:830} INFO - Processing file /home/airflow/.local/lib/python3.8/site-packages/airflow/example_dags/example_branch_operator.py for tasks to queue
[2024-08-15T17:05:56.436+0000] {logging_mixin.py:188} INFO - [2024-08-15T17:05:56.435+0000] {dagbag.py:538} INFO - Filling up the DagBag from /home/airflow/.local/lib/python3.8/site-packages/airflow/example_dags/example_branch_operator.py
[2024-08-15T17:05:56.518+0000] {processor.py:840} INFO - DAG(s) 'example_branch_operator' retrieved from /home/airflow/.local/lib/python3.8/site-packages/airflow/example_dags/example_branch_operator.py
[2024-08-15T17:05:56.994+0000] {logging_mixin.py:188} INFO - [2024-08-15T17:05:56.993+0000] {dag.py:3036} INFO - Sync 1 DAGs
[2024-08-15T17:05:57.096+0000] {logging_mixin.py:188} INFO - [2024-08-15T17:05:57.095+0000] {dag.py:3823} INFO - Setting next_dagrun for example_branch_operator to 2024-08-14 00:00:00+00:00, run_after=2024-08-15 00:00:00+00:00
[2024-08-15T17:05:57.268+0000] {processor.py:183} INFO - Processing /home/airflow/.local/lib/python3.8/site-packages/airflow/example_dags/example_branch_operator.py took 0.851 seconds
[2024-08-15T17:06:47.521+0000] {processor.py:161} INFO - Started process (PID=285) to work on /home/airflow/.local/lib/python3.8/site-packages/airflow/example_dags/example_branch_operator.py
[2024-08-15T17:06:47.624+0000] {processor.py:830} INFO - Processing file /home/airflow/.local/lib/python3.8/site-packages/airflow/example_dags/example_branch_operator.py for tasks to queue
[2024-08-15T17:06:47.627+0000] {logging_mixin.py:188} INFO - [2024-08-15T17:06:47.626+0000] {dagbag.py:538} INFO - Filling up the DagBag from /home/airflow/.local/lib/python3.8/site-packages/airflow/example_dags/example_branch_operator.py
[2024-08-15T17:06:47.672+0000] {processor.py:840} INFO - DAG(s) 'example_branch_operator' retrieved from /home/airflow/.local/lib/python3.8/site-packages/airflow/example_dags/example_branch_operator.py
[2024-08-15T17:06:47.732+0000] {logging_mixin.py:188} INFO - [2024-08-15T17:06:47.732+0000] {dag.py:3036} INFO - Sync 1 DAGs
[2024-08-15T17:06:47.769+0000] {logging_mixin.py:188} INFO - [2024-08-15T17:06:47.768+0000] {dag.py:3823} INFO - Setting next_dagrun for example_branch_operator to 2024-08-14 00:00:00+00:00, run_after=2024-08-15 00:00:00+00:00
[2024-08-15T17:06:48.089+0000] {processor.py:183} INFO - Processing /home/airflow/.local/lib/python3.8/site-packages/airflow/example_dags/example_branch_operator.py took 0.574 seconds
[2024-08-15T17:07:20.254+0000] {processor.py:161} INFO - Started process (PID=361) to work on /home/airflow/.local/lib/python3.8/site-packages/airflow/example_dags/example_branch_operator.py
[2024-08-15T17:07:20.265+0000] {processor.py:830} INFO - Processing file /home/airflow/.local/lib/python3.8/site-packages/airflow/example_dags/example_branch_operator.py for tasks to queue
[2024-08-15T17:07:20.270+0000] {logging_mixin.py:188} INFO - [2024-08-15T17:07:20.269+0000] {dagbag.py:538} INFO - Filling up the DagBag from /home/airflow/.local/lib/python3.8/site-packages/airflow/example_dags/example_branch_operator.py
[2024-08-15T17:07:20.329+0000] {processor.py:840} INFO - DAG(s) 'example_branch_operator' retrieved from /home/airflow/.local/lib/python3.8/site-packages/airflow/example_dags/example_branch_operator.py
[2024-08-15T17:07:20.414+0000] {logging_mixin.py:188} INFO - [2024-08-15T17:07:20.413+0000] {dag.py:3036} INFO - Sync 1 DAGs
[2024-08-15T17:07:20.477+0000] {logging_mixin.py:188} INFO - [2024-08-15T17:07:20.476+0000] {dag.py:3823} INFO - Setting next_dagrun for example_branch_operator to 2024-08-14 00:00:00+00:00, run_after=2024-08-15 00:00:00+00:00
[2024-08-15T17:07:20.830+0000] {processor.py:183} INFO - Processing /home/airflow/.local/lib/python3.8/site-packages/airflow/example_dags/example_branch_operator.py took 0.609 seconds
[2024-08-15T17:07:51.656+0000] {processor.py:161} INFO - Started process (PID=423) to work on /home/airflow/.local/lib/python3.8/site-packages/airflow/example_dags/example_branch_operator.py
[2024-08-15T17:07:51.756+0000] {processor.py:830} INFO - Processing file /home/airflow/.local/lib/python3.8/site-packages/airflow/example_dags/example_branch_operator.py for tasks to queue
[2024-08-15T17:07:51.759+0000] {logging_mixin.py:188} INFO - [2024-08-15T17:07:51.759+0000] {dagbag.py:538} INFO - Filling up the DagBag from /home/airflow/.local/lib/python3.8/site-packages/airflow/example_dags/example_branch_operator.py
[2024-08-15T17:07:51.787+0000] {processor.py:840} INFO - DAG(s) 'example_branch_operator' retrieved from /home/airflow/.local/lib/python3.8/site-packages/airflow/example_dags/example_branch_operator.py
[2024-08-15T17:07:51.833+0000] {logging_mixin.py:188} INFO - [2024-08-15T17:07:51.833+0000] {dag.py:3036} INFO - Sync 1 DAGs
[2024-08-15T17:07:51.872+0000] {logging_mixin.py:188} INFO - [2024-08-15T17:07:51.872+0000] {dag.py:3823} INFO - Setting next_dagrun for example_branch_operator to 2024-08-14 00:00:00+00:00, run_after=2024-08-15 00:00:00+00:00
[2024-08-15T17:07:52.374+0000] {processor.py:183} INFO - Processing /home/airflow/.local/lib/python3.8/site-packages/airflow/example_dags/example_branch_operator.py took 0.723 seconds
[2024-08-15T17:08:22.623+0000] {processor.py:161} INFO - Started process (PID=492) to work on /home/airflow/.local/lib/python3.8/site-packages/airflow/example_dags/example_branch_operator.py
[2024-08-15T17:08:22.627+0000] {processor.py:830} INFO - Processing file /home/airflow/.local/lib/python3.8/site-packages/airflow/example_dags/example_branch_operator.py for tasks to queue
[2024-08-15T17:08:22.631+0000] {logging_mixin.py:188} INFO - [2024-08-15T17:08:22.630+0000] {dagbag.py:538} INFO - Filling up the DagBag from /home/airflow/.local/lib/python3.8/site-packages/airflow/example_dags/example_branch_operator.py
[2024-08-15T17:08:22.669+0000] {processor.py:840} INFO - DAG(s) 'example_branch_operator' retrieved from /home/airflow/.local/lib/python3.8/site-packages/airflow/example_dags/example_branch_operator.py
[2024-08-15T17:08:22.714+0000] {logging_mixin.py:188} INFO - [2024-08-15T17:08:22.714+0000] {dag.py:3036} INFO - Sync 1 DAGs
[2024-08-15T17:08:22.750+0000] {logging_mixin.py:188} INFO - [2024-08-15T17:08:22.750+0000] {dag.py:3823} INFO - Setting next_dagrun for example_branch_operator to 2024-08-14 00:00:00+00:00, run_after=2024-08-15 00:00:00+00:00
[2024-08-15T17:08:23.000+0000] {processor.py:183} INFO - Processing /home/airflow/.local/lib/python3.8/site-packages/airflow/example_dags/example_branch_operator.py took 0.382 seconds
[2024-08-15T17:08:53.723+0000] {processor.py:161} INFO - Started process (PID=561) to work on /home/airflow/.local/lib/python3.8/site-packages/airflow/example_dags/example_branch_operator.py
[2024-08-15T17:08:53.770+0000] {processor.py:830} INFO - Processing file /home/airflow/.local/lib/python3.8/site-packages/airflow/example_dags/example_branch_operator.py for tasks to queue
[2024-08-15T17:08:53.775+0000] {logging_mixin.py:188} INFO - [2024-08-15T17:08:53.774+0000] {dagbag.py:538} INFO - Filling up the DagBag from /home/airflow/.local/lib/python3.8/site-packages/airflow/example_dags/example_branch_operator.py
[2024-08-15T17:08:53.827+0000] {processor.py:840} INFO - DAG(s) 'example_branch_operator' retrieved from /home/airflow/.local/lib/python3.8/site-packages/airflow/example_dags/example_branch_operator.py
[2024-08-15T17:08:53.936+0000] {logging_mixin.py:188} INFO - [2024-08-15T17:08:53.936+0000] {dag.py:3036} INFO - Sync 1 DAGs
[2024-08-15T17:08:53.976+0000] {logging_mixin.py:188} INFO - [2024-08-15T17:08:53.976+0000] {dag.py:3823} INFO - Setting next_dagrun for example_branch_operator to 2024-08-14 00:00:00+00:00, run_after=2024-08-15 00:00:00+00:00
[2024-08-15T17:08:54.133+0000] {processor.py:183} INFO - Processing /home/airflow/.local/lib/python3.8/site-packages/airflow/example_dags/example_branch_operator.py took 0.417 seconds
