[2024-08-15T16:11:20.732+0000] {processor.py:161} INFO - Started process (PID=341) to work on /home/airflow/.local/lib/python3.8/site-packages/airflow/example_dags/example_params_trigger_ui.py
[2024-08-15T16:11:20.733+0000] {processor.py:830} INFO - Processing file /home/airflow/.local/lib/python3.8/site-packages/airflow/example_dags/example_params_trigger_ui.py for tasks to queue
[2024-08-15T16:11:20.737+0000] {logging_mixin.py:188} INFO - [2024-08-15T16:11:20.736+0000] {dagbag.py:538} INFO - Filling up the DagBag from /home/airflow/.local/lib/python3.8/site-packages/airflow/example_dags/example_params_trigger_ui.py
[2024-08-15T16:11:20.790+0000] {processor.py:840} INFO - DAG(s) 'example_params_trigger_ui' retrieved from /home/airflow/.local/lib/python3.8/site-packages/airflow/example_dags/example_params_trigger_ui.py
[2024-08-15T16:11:22.330+0000] {logging_mixin.py:188} INFO - [2024-08-15T16:11:22.329+0000] {override.py:1769} INFO - Created Permission View: can edit on DAG:example_params_trigger_ui
[2024-08-15T16:11:22.377+0000] {logging_mixin.py:188} INFO - [2024-08-15T16:11:22.376+0000] {override.py:1769} INFO - Created Permission View: can delete on DAG:example_params_trigger_ui
[2024-08-15T16:11:22.600+0000] {logging_mixin.py:188} INFO - [2024-08-15T16:11:22.599+0000] {override.py:1769} INFO - Created Permission View: can read on DAG:example_params_trigger_ui
[2024-08-15T16:11:22.601+0000] {logging_mixin.py:188} INFO - [2024-08-15T16:11:22.600+0000] {dag.py:3036} INFO - Sync 1 DAGs
[2024-08-15T16:11:22.690+0000] {logging_mixin.py:188} INFO - [2024-08-15T16:11:22.690+0000] {dag.py:3058} INFO - Creating ORM DAG for example_params_trigger_ui
[2024-08-15T16:11:22.699+0000] {logging_mixin.py:188} INFO - [2024-08-15T16:11:22.698+0000] {dag.py:3823} INFO - Setting next_dagrun for example_params_trigger_ui to None, run_after=None
[2024-08-15T16:11:23.048+0000] {processor.py:183} INFO - Processing /home/airflow/.local/lib/python3.8/site-packages/airflow/example_dags/example_params_trigger_ui.py took 2.335 seconds
[2024-08-15T17:05:59.764+0000] {processor.py:161} INFO - Started process (PID=214) to work on /home/airflow/.local/lib/python3.8/site-packages/airflow/example_dags/example_params_trigger_ui.py
[2024-08-15T17:05:59.771+0000] {processor.py:830} INFO - Processing file /home/airflow/.local/lib/python3.8/site-packages/airflow/example_dags/example_params_trigger_ui.py for tasks to queue
[2024-08-15T17:05:59.775+0000] {logging_mixin.py:188} INFO - [2024-08-15T17:05:59.774+0000] {dagbag.py:538} INFO - Filling up the DagBag from /home/airflow/.local/lib/python3.8/site-packages/airflow/example_dags/example_params_trigger_ui.py
[2024-08-15T17:05:59.824+0000] {processor.py:840} INFO - DAG(s) 'example_params_trigger_ui' retrieved from /home/airflow/.local/lib/python3.8/site-packages/airflow/example_dags/example_params_trigger_ui.py
[2024-08-15T17:06:00.310+0000] {logging_mixin.py:188} INFO - [2024-08-15T17:06:00.306+0000] {dag.py:3036} INFO - Sync 1 DAGs
[2024-08-15T17:06:00.337+0000] {logging_mixin.py:188} INFO - [2024-08-15T17:06:00.337+0000] {dag.py:3823} INFO - Setting next_dagrun for example_params_trigger_ui to None, run_after=None
[2024-08-15T17:06:00.420+0000] {processor.py:183} INFO - Processing /home/airflow/.local/lib/python3.8/site-packages/airflow/example_dags/example_params_trigger_ui.py took 0.668 seconds
[2024-08-15T17:06:51.403+0000] {processor.py:161} INFO - Started process (PID=305) to work on /home/airflow/.local/lib/python3.8/site-packages/airflow/example_dags/example_params_trigger_ui.py
[2024-08-15T17:06:51.449+0000] {processor.py:830} INFO - Processing file /home/airflow/.local/lib/python3.8/site-packages/airflow/example_dags/example_params_trigger_ui.py for tasks to queue
[2024-08-15T17:06:51.452+0000] {logging_mixin.py:188} INFO - [2024-08-15T17:06:51.452+0000] {dagbag.py:538} INFO - Filling up the DagBag from /home/airflow/.local/lib/python3.8/site-packages/airflow/example_dags/example_params_trigger_ui.py
[2024-08-15T17:06:51.485+0000] {processor.py:840} INFO - DAG(s) 'example_params_trigger_ui' retrieved from /home/airflow/.local/lib/python3.8/site-packages/airflow/example_dags/example_params_trigger_ui.py
[2024-08-15T17:06:51.621+0000] {logging_mixin.py:188} INFO - [2024-08-15T17:06:51.620+0000] {dag.py:3036} INFO - Sync 1 DAGs
[2024-08-15T17:06:51.674+0000] {logging_mixin.py:188} INFO - [2024-08-15T17:06:51.674+0000] {dag.py:3823} INFO - Setting next_dagrun for example_params_trigger_ui to None, run_after=None
[2024-08-15T17:06:51.771+0000] {processor.py:183} INFO - Processing /home/airflow/.local/lib/python3.8/site-packages/airflow/example_dags/example_params_trigger_ui.py took 0.375 seconds
[2024-08-15T17:07:25.429+0000] {processor.py:161} INFO - Started process (PID=374) to work on /home/airflow/.local/lib/python3.8/site-packages/airflow/example_dags/example_params_trigger_ui.py
[2024-08-15T17:07:25.438+0000] {processor.py:830} INFO - Processing file /home/airflow/.local/lib/python3.8/site-packages/airflow/example_dags/example_params_trigger_ui.py for tasks to queue
[2024-08-15T17:07:25.444+0000] {logging_mixin.py:188} INFO - [2024-08-15T17:07:25.444+0000] {dagbag.py:538} INFO - Filling up the DagBag from /home/airflow/.local/lib/python3.8/site-packages/airflow/example_dags/example_params_trigger_ui.py
[2024-08-15T17:07:25.499+0000] {processor.py:840} INFO - DAG(s) 'example_params_trigger_ui' retrieved from /home/airflow/.local/lib/python3.8/site-packages/airflow/example_dags/example_params_trigger_ui.py
[2024-08-15T17:07:25.659+0000] {logging_mixin.py:188} INFO - [2024-08-15T17:07:25.659+0000] {dag.py:3036} INFO - Sync 1 DAGs
[2024-08-15T17:07:25.688+0000] {logging_mixin.py:188} INFO - [2024-08-15T17:07:25.687+0000] {dag.py:3823} INFO - Setting next_dagrun for example_params_trigger_ui to None, run_after=None
[2024-08-15T17:07:26.008+0000] {processor.py:183} INFO - Processing /home/airflow/.local/lib/python3.8/site-packages/airflow/example_dags/example_params_trigger_ui.py took 0.603 seconds
[2024-08-15T17:07:57.331+0000] {processor.py:161} INFO - Started process (PID=444) to work on /home/airflow/.local/lib/python3.8/site-packages/airflow/example_dags/example_params_trigger_ui.py
[2024-08-15T17:07:57.404+0000] {processor.py:830} INFO - Processing file /home/airflow/.local/lib/python3.8/site-packages/airflow/example_dags/example_params_trigger_ui.py for tasks to queue
[2024-08-15T17:07:57.406+0000] {logging_mixin.py:188} INFO - [2024-08-15T17:07:57.406+0000] {dagbag.py:538} INFO - Filling up the DagBag from /home/airflow/.local/lib/python3.8/site-packages/airflow/example_dags/example_params_trigger_ui.py
[2024-08-15T17:07:57.426+0000] {processor.py:840} INFO - DAG(s) 'example_params_trigger_ui' retrieved from /home/airflow/.local/lib/python3.8/site-packages/airflow/example_dags/example_params_trigger_ui.py
[2024-08-15T17:07:57.606+0000] {logging_mixin.py:188} INFO - [2024-08-15T17:07:57.605+0000] {dag.py:3036} INFO - Sync 1 DAGs
[2024-08-15T17:07:57.630+0000] {logging_mixin.py:188} INFO - [2024-08-15T17:07:57.630+0000] {dag.py:3823} INFO - Setting next_dagrun for example_params_trigger_ui to None, run_after=None
[2024-08-15T17:07:57.830+0000] {processor.py:183} INFO - Processing /home/airflow/.local/lib/python3.8/site-packages/airflow/example_dags/example_params_trigger_ui.py took 0.505 seconds
[2024-08-15T17:08:28.881+0000] {processor.py:161} INFO - Started process (PID=513) to work on /home/airflow/.local/lib/python3.8/site-packages/airflow/example_dags/example_params_trigger_ui.py
[2024-08-15T17:08:28.908+0000] {processor.py:830} INFO - Processing file /home/airflow/.local/lib/python3.8/site-packages/airflow/example_dags/example_params_trigger_ui.py for tasks to queue
[2024-08-15T17:08:28.913+0000] {logging_mixin.py:188} INFO - [2024-08-15T17:08:28.912+0000] {dagbag.py:538} INFO - Filling up the DagBag from /home/airflow/.local/lib/python3.8/site-packages/airflow/example_dags/example_params_trigger_ui.py
[2024-08-15T17:08:29.013+0000] {processor.py:840} INFO - DAG(s) 'example_params_trigger_ui' retrieved from /home/airflow/.local/lib/python3.8/site-packages/airflow/example_dags/example_params_trigger_ui.py
[2024-08-15T17:08:29.252+0000] {logging_mixin.py:188} INFO - [2024-08-15T17:08:29.251+0000] {dag.py:3036} INFO - Sync 1 DAGs
[2024-08-15T17:08:29.282+0000] {logging_mixin.py:188} INFO - [2024-08-15T17:08:29.281+0000] {dag.py:3823} INFO - Setting next_dagrun for example_params_trigger_ui to None, run_after=None
[2024-08-15T17:08:29.569+0000] {processor.py:183} INFO - Processing /home/airflow/.local/lib/python3.8/site-packages/airflow/example_dags/example_params_trigger_ui.py took 0.708 seconds
