[2024-08-15T16:10:52.564+0000] {processor.py:161} INFO - Started process (PID=299) to work on /home/airflow/.local/lib/python3.8/site-packages/airflow/example_dags/example_time_delta_sensor_async.py
[2024-08-15T16:10:52.566+0000] {processor.py:830} INFO - Processing file /home/airflow/.local/lib/python3.8/site-packages/airflow/example_dags/example_time_delta_sensor_async.py for tasks to queue
[2024-08-15T16:10:52.583+0000] {logging_mixin.py:188} INFO - [2024-08-15T16:10:52.582+0000] {dagbag.py:538} INFO - Filling up the DagBag from /home/airflow/.local/lib/python3.8/site-packages/airflow/example_dags/example_time_delta_sensor_async.py
[2024-08-15T16:10:52.643+0000] {processor.py:840} INFO - DAG(s) 'example_time_delta_sensor_async' retrieved from /home/airflow/.local/lib/python3.8/site-packages/airflow/example_dags/example_time_delta_sensor_async.py
[2024-08-15T16:10:53.734+0000] {logging_mixin.py:188} INFO - [2024-08-15T16:10:53.732+0000] {override.py:1769} INFO - Created Permission View: can edit on DAG:example_time_delta_sensor_async
[2024-08-15T16:10:53.904+0000] {logging_mixin.py:188} INFO - [2024-08-15T16:10:53.902+0000] {override.py:1769} INFO - Created Permission View: can delete on DAG:example_time_delta_sensor_async
[2024-08-15T16:10:54.156+0000] {logging_mixin.py:188} INFO - [2024-08-15T16:10:54.155+0000] {override.py:1769} INFO - Created Permission View: can read on DAG:example_time_delta_sensor_async
[2024-08-15T16:10:54.167+0000] {logging_mixin.py:188} INFO - [2024-08-15T16:10:54.156+0000] {dag.py:3036} INFO - Sync 1 DAGs
[2024-08-15T16:10:54.258+0000] {logging_mixin.py:188} INFO - [2024-08-15T16:10:54.258+0000] {dag.py:3058} INFO - Creating ORM DAG for example_time_delta_sensor_async
[2024-08-15T16:10:54.287+0000] {logging_mixin.py:188} INFO - [2024-08-15T16:10:54.286+0000] {dag.py:3823} INFO - Setting next_dagrun for example_time_delta_sensor_async to None, run_after=None
[2024-08-15T16:10:54.414+0000] {processor.py:183} INFO - Processing /home/airflow/.local/lib/python3.8/site-packages/airflow/example_dags/example_time_delta_sensor_async.py took 1.885 seconds
[2024-08-15T17:05:43.710+0000] {processor.py:161} INFO - Started process (PID=179) to work on /home/airflow/.local/lib/python3.8/site-packages/airflow/example_dags/example_time_delta_sensor_async.py
[2024-08-15T17:05:43.716+0000] {processor.py:830} INFO - Processing file /home/airflow/.local/lib/python3.8/site-packages/airflow/example_dags/example_time_delta_sensor_async.py for tasks to queue
[2024-08-15T17:05:43.722+0000] {logging_mixin.py:188} INFO - [2024-08-15T17:05:43.720+0000] {dagbag.py:538} INFO - Filling up the DagBag from /home/airflow/.local/lib/python3.8/site-packages/airflow/example_dags/example_time_delta_sensor_async.py
[2024-08-15T17:05:43.791+0000] {processor.py:840} INFO - DAG(s) 'example_time_delta_sensor_async' retrieved from /home/airflow/.local/lib/python3.8/site-packages/airflow/example_dags/example_time_delta_sensor_async.py
[2024-08-15T17:05:44.838+0000] {logging_mixin.py:188} INFO - [2024-08-15T17:05:44.837+0000] {dag.py:3036} INFO - Sync 1 DAGs
[2024-08-15T17:05:44.906+0000] {logging_mixin.py:188} INFO - [2024-08-15T17:05:44.905+0000] {dag.py:3823} INFO - Setting next_dagrun for example_time_delta_sensor_async to None, run_after=None
[2024-08-15T17:05:45.054+0000] {processor.py:183} INFO - Processing /home/airflow/.local/lib/python3.8/site-packages/airflow/example_dags/example_time_delta_sensor_async.py took 1.362 seconds
[2024-08-15T17:06:17.202+0000] {processor.py:161} INFO - Started process (PID=241) to work on /home/airflow/.local/lib/python3.8/site-packages/airflow/example_dags/example_time_delta_sensor_async.py
[2024-08-15T17:06:17.204+0000] {processor.py:830} INFO - Processing file /home/airflow/.local/lib/python3.8/site-packages/airflow/example_dags/example_time_delta_sensor_async.py for tasks to queue
[2024-08-15T17:06:17.207+0000] {logging_mixin.py:188} INFO - [2024-08-15T17:06:17.206+0000] {dagbag.py:538} INFO - Filling up the DagBag from /home/airflow/.local/lib/python3.8/site-packages/airflow/example_dags/example_time_delta_sensor_async.py
[2024-08-15T17:06:17.215+0000] {processor.py:840} INFO - DAG(s) 'example_time_delta_sensor_async' retrieved from /home/airflow/.local/lib/python3.8/site-packages/airflow/example_dags/example_time_delta_sensor_async.py
[2024-08-15T17:06:17.253+0000] {logging_mixin.py:188} INFO - [2024-08-15T17:06:17.253+0000] {dag.py:3036} INFO - Sync 1 DAGs
[2024-08-15T17:06:17.286+0000] {logging_mixin.py:188} INFO - [2024-08-15T17:06:17.285+0000] {dag.py:3823} INFO - Setting next_dagrun for example_time_delta_sensor_async to None, run_after=None
[2024-08-15T17:06:20.180+0000] {processor.py:183} INFO - Processing /home/airflow/.local/lib/python3.8/site-packages/airflow/example_dags/example_time_delta_sensor_async.py took 2.983 seconds
[2024-08-15T17:06:53.222+0000] {processor.py:161} INFO - Started process (PID=317) to work on /home/airflow/.local/lib/python3.8/site-packages/airflow/example_dags/example_time_delta_sensor_async.py
[2024-08-15T17:06:53.278+0000] {processor.py:830} INFO - Processing file /home/airflow/.local/lib/python3.8/site-packages/airflow/example_dags/example_time_delta_sensor_async.py for tasks to queue
[2024-08-15T17:06:53.281+0000] {logging_mixin.py:188} INFO - [2024-08-15T17:06:53.280+0000] {dagbag.py:538} INFO - Filling up the DagBag from /home/airflow/.local/lib/python3.8/site-packages/airflow/example_dags/example_time_delta_sensor_async.py
[2024-08-15T17:06:53.291+0000] {processor.py:840} INFO - DAG(s) 'example_time_delta_sensor_async' retrieved from /home/airflow/.local/lib/python3.8/site-packages/airflow/example_dags/example_time_delta_sensor_async.py
[2024-08-15T17:06:53.335+0000] {logging_mixin.py:188} INFO - [2024-08-15T17:06:53.334+0000] {dag.py:3036} INFO - Sync 1 DAGs
[2024-08-15T17:06:53.363+0000] {logging_mixin.py:188} INFO - [2024-08-15T17:06:53.362+0000] {dag.py:3823} INFO - Setting next_dagrun for example_time_delta_sensor_async to None, run_after=None
[2024-08-15T17:06:53.487+0000] {processor.py:183} INFO - Processing /home/airflow/.local/lib/python3.8/site-packages/airflow/example_dags/example_time_delta_sensor_async.py took 0.272 seconds
[2024-08-15T17:07:26.667+0000] {processor.py:161} INFO - Started process (PID=378) to work on /home/airflow/.local/lib/python3.8/site-packages/airflow/example_dags/example_time_delta_sensor_async.py
[2024-08-15T17:07:26.706+0000] {processor.py:830} INFO - Processing file /home/airflow/.local/lib/python3.8/site-packages/airflow/example_dags/example_time_delta_sensor_async.py for tasks to queue
[2024-08-15T17:07:26.713+0000] {logging_mixin.py:188} INFO - [2024-08-15T17:07:26.711+0000] {dagbag.py:538} INFO - Filling up the DagBag from /home/airflow/.local/lib/python3.8/site-packages/airflow/example_dags/example_time_delta_sensor_async.py
[2024-08-15T17:07:26.726+0000] {processor.py:840} INFO - DAG(s) 'example_time_delta_sensor_async' retrieved from /home/airflow/.local/lib/python3.8/site-packages/airflow/example_dags/example_time_delta_sensor_async.py
[2024-08-15T17:07:26.785+0000] {logging_mixin.py:188} INFO - [2024-08-15T17:07:26.784+0000] {dag.py:3036} INFO - Sync 1 DAGs
[2024-08-15T17:07:26.806+0000] {logging_mixin.py:188} INFO - [2024-08-15T17:07:26.806+0000] {dag.py:3823} INFO - Setting next_dagrun for example_time_delta_sensor_async to None, run_after=None
[2024-08-15T17:07:26.974+0000] {processor.py:183} INFO - Processing /home/airflow/.local/lib/python3.8/site-packages/airflow/example_dags/example_time_delta_sensor_async.py took 0.314 seconds
[2024-08-15T17:07:57.112+0000] {processor.py:161} INFO - Started process (PID=443) to work on /home/airflow/.local/lib/python3.8/site-packages/airflow/example_dags/example_time_delta_sensor_async.py
[2024-08-15T17:07:57.209+0000] {processor.py:830} INFO - Processing file /home/airflow/.local/lib/python3.8/site-packages/airflow/example_dags/example_time_delta_sensor_async.py for tasks to queue
[2024-08-15T17:07:57.212+0000] {logging_mixin.py:188} INFO - [2024-08-15T17:07:57.211+0000] {dagbag.py:538} INFO - Filling up the DagBag from /home/airflow/.local/lib/python3.8/site-packages/airflow/example_dags/example_time_delta_sensor_async.py
[2024-08-15T17:07:57.219+0000] {processor.py:840} INFO - DAG(s) 'example_time_delta_sensor_async' retrieved from /home/airflow/.local/lib/python3.8/site-packages/airflow/example_dags/example_time_delta_sensor_async.py
[2024-08-15T17:07:57.283+0000] {logging_mixin.py:188} INFO - [2024-08-15T17:07:57.283+0000] {dag.py:3036} INFO - Sync 1 DAGs
[2024-08-15T17:07:57.321+0000] {logging_mixin.py:188} INFO - [2024-08-15T17:07:57.320+0000] {dag.py:3823} INFO - Setting next_dagrun for example_time_delta_sensor_async to None, run_after=None
[2024-08-15T17:07:57.520+0000] {processor.py:183} INFO - Processing /home/airflow/.local/lib/python3.8/site-packages/airflow/example_dags/example_time_delta_sensor_async.py took 0.415 seconds
[2024-08-15T17:08:28.583+0000] {processor.py:161} INFO - Started process (PID=512) to work on /home/airflow/.local/lib/python3.8/site-packages/airflow/example_dags/example_time_delta_sensor_async.py
[2024-08-15T17:08:28.624+0000] {processor.py:830} INFO - Processing file /home/airflow/.local/lib/python3.8/site-packages/airflow/example_dags/example_time_delta_sensor_async.py for tasks to queue
[2024-08-15T17:08:28.627+0000] {logging_mixin.py:188} INFO - [2024-08-15T17:08:28.627+0000] {dagbag.py:538} INFO - Filling up the DagBag from /home/airflow/.local/lib/python3.8/site-packages/airflow/example_dags/example_time_delta_sensor_async.py
[2024-08-15T17:08:28.642+0000] {processor.py:840} INFO - DAG(s) 'example_time_delta_sensor_async' retrieved from /home/airflow/.local/lib/python3.8/site-packages/airflow/example_dags/example_time_delta_sensor_async.py
[2024-08-15T17:08:28.686+0000] {logging_mixin.py:188} INFO - [2024-08-15T17:08:28.685+0000] {dag.py:3036} INFO - Sync 1 DAGs
[2024-08-15T17:08:28.712+0000] {logging_mixin.py:188} INFO - [2024-08-15T17:08:28.711+0000] {dag.py:3823} INFO - Setting next_dagrun for example_time_delta_sensor_async to None, run_after=None
[2024-08-15T17:08:28.908+0000] {processor.py:183} INFO - Processing /home/airflow/.local/lib/python3.8/site-packages/airflow/example_dags/example_time_delta_sensor_async.py took 0.339 seconds
