[2024-08-15T16:10:55.434+0000] {processor.py:161} INFO - Started process (PID=302) to work on /home/airflow/.local/lib/python3.8/site-packages/airflow/example_dags/example_branch_datetime_operator.py
[2024-08-15T16:10:55.437+0000] {processor.py:830} INFO - Processing file /home/airflow/.local/lib/python3.8/site-packages/airflow/example_dags/example_branch_datetime_operator.py for tasks to queue
[2024-08-15T16:10:55.441+0000] {logging_mixin.py:188} INFO - [2024-08-15T16:10:55.440+0000] {dagbag.py:538} INFO - Filling up the DagBag from /home/airflow/.local/lib/python3.8/site-packages/airflow/example_dags/example_branch_datetime_operator.py
[2024-08-15T16:10:55.504+0000] {processor.py:840} INFO - DAG(s) 'example_branch_datetime_operator_3', 'example_branch_datetime_operator', 'example_branch_datetime_operator_2' retrieved from /home/airflow/.local/lib/python3.8/site-packages/airflow/example_dags/example_branch_datetime_operator.py
[2024-08-15T16:10:57.299+0000] {logging_mixin.py:188} INFO - [2024-08-15T16:10:57.292+0000] {override.py:1769} INFO - Created Permission View: can edit on DAG:example_branch_datetime_operator_3
[2024-08-15T16:10:57.515+0000] {logging_mixin.py:188} INFO - [2024-08-15T16:10:57.514+0000] {override.py:1769} INFO - Created Permission View: can delete on DAG:example_branch_datetime_operator_3
[2024-08-15T16:10:57.590+0000] {logging_mixin.py:188} INFO - [2024-08-15T16:10:57.589+0000] {override.py:1769} INFO - Created Permission View: can read on DAG:example_branch_datetime_operator_3
[2024-08-15T16:10:57.642+0000] {logging_mixin.py:188} INFO - [2024-08-15T16:10:57.641+0000] {override.py:1769} INFO - Created Permission View: can edit on DAG:example_branch_datetime_operator
[2024-08-15T16:10:57.678+0000] {logging_mixin.py:188} INFO - [2024-08-15T16:10:57.677+0000] {override.py:1769} INFO - Created Permission View: can delete on DAG:example_branch_datetime_operator
[2024-08-15T16:10:57.722+0000] {logging_mixin.py:188} INFO - [2024-08-15T16:10:57.722+0000] {override.py:1769} INFO - Created Permission View: can read on DAG:example_branch_datetime_operator
[2024-08-15T16:10:58.079+0000] {logging_mixin.py:188} INFO - [2024-08-15T16:10:58.076+0000] {override.py:1769} INFO - Created Permission View: can edit on DAG:example_branch_datetime_operator_2
[2024-08-15T16:10:58.199+0000] {logging_mixin.py:188} INFO - [2024-08-15T16:10:58.199+0000] {override.py:1769} INFO - Created Permission View: can delete on DAG:example_branch_datetime_operator_2
[2024-08-15T16:10:58.282+0000] {logging_mixin.py:188} INFO - [2024-08-15T16:10:58.282+0000] {override.py:1769} INFO - Created Permission View: can read on DAG:example_branch_datetime_operator_2
[2024-08-15T16:10:58.283+0000] {logging_mixin.py:188} INFO - [2024-08-15T16:10:58.283+0000] {dag.py:3036} INFO - Sync 3 DAGs
[2024-08-15T16:10:58.494+0000] {logging_mixin.py:188} INFO - [2024-08-15T16:10:58.493+0000] {dag.py:3058} INFO - Creating ORM DAG for example_branch_datetime_operator_3
[2024-08-15T16:10:58.512+0000] {logging_mixin.py:188} INFO - [2024-08-15T16:10:58.512+0000] {dag.py:3058} INFO - Creating ORM DAG for example_branch_datetime_operator
[2024-08-15T16:10:58.515+0000] {logging_mixin.py:188} INFO - [2024-08-15T16:10:58.514+0000] {dag.py:3058} INFO - Creating ORM DAG for example_branch_datetime_operator_2
[2024-08-15T16:10:58.609+0000] {logging_mixin.py:188} INFO - [2024-08-15T16:10:58.608+0000] {dag.py:3823} INFO - Setting next_dagrun for example_branch_datetime_operator to 2024-08-14 00:00:00+00:00, run_after=2024-08-15 00:00:00+00:00
[2024-08-15T16:10:58.640+0000] {logging_mixin.py:188} INFO - [2024-08-15T16:10:58.639+0000] {dag.py:3823} INFO - Setting next_dagrun for example_branch_datetime_operator_2 to 2024-08-14 00:00:00+00:00, run_after=2024-08-15 00:00:00+00:00
[2024-08-15T16:10:58.657+0000] {logging_mixin.py:188} INFO - [2024-08-15T16:10:58.657+0000] {dag.py:3823} INFO - Setting next_dagrun for example_branch_datetime_operator_3 to 2024-08-14 00:00:00+00:00, run_after=2024-08-15 00:00:00+00:00
[2024-08-15T16:10:58.741+0000] {processor.py:183} INFO - Processing /home/airflow/.local/lib/python3.8/site-packages/airflow/example_dags/example_branch_datetime_operator.py took 3.316 seconds
[2024-08-15T17:05:45.645+0000] {processor.py:161} INFO - Started process (PID=183) to work on /home/airflow/.local/lib/python3.8/site-packages/airflow/example_dags/example_branch_datetime_operator.py
[2024-08-15T17:05:45.652+0000] {processor.py:830} INFO - Processing file /home/airflow/.local/lib/python3.8/site-packages/airflow/example_dags/example_branch_datetime_operator.py for tasks to queue
[2024-08-15T17:05:45.655+0000] {logging_mixin.py:188} INFO - [2024-08-15T17:05:45.654+0000] {dagbag.py:538} INFO - Filling up the DagBag from /home/airflow/.local/lib/python3.8/site-packages/airflow/example_dags/example_branch_datetime_operator.py
[2024-08-15T17:05:45.726+0000] {processor.py:840} INFO - DAG(s) 'example_branch_datetime_operator', 'example_branch_datetime_operator_3', 'example_branch_datetime_operator_2' retrieved from /home/airflow/.local/lib/python3.8/site-packages/airflow/example_dags/example_branch_datetime_operator.py
[2024-08-15T17:05:46.390+0000] {logging_mixin.py:188} INFO - [2024-08-15T17:05:46.390+0000] {dag.py:3036} INFO - Sync 3 DAGs
[2024-08-15T17:05:46.475+0000] {logging_mixin.py:188} INFO - [2024-08-15T17:05:46.475+0000] {dag.py:3823} INFO - Setting next_dagrun for example_branch_datetime_operator to 2024-08-14 00:00:00+00:00, run_after=2024-08-15 00:00:00+00:00
[2024-08-15T17:05:46.490+0000] {logging_mixin.py:188} INFO - [2024-08-15T17:05:46.490+0000] {dag.py:3823} INFO - Setting next_dagrun for example_branch_datetime_operator_2 to 2024-08-14 00:00:00+00:00, run_after=2024-08-15 00:00:00+00:00
[2024-08-15T17:05:46.518+0000] {logging_mixin.py:188} INFO - [2024-08-15T17:05:46.518+0000] {dag.py:3823} INFO - Setting next_dagrun for example_branch_datetime_operator_3 to 2024-08-14 00:00:00+00:00, run_after=2024-08-15 00:00:00+00:00
[2024-08-15T17:05:46.634+0000] {processor.py:183} INFO - Processing /home/airflow/.local/lib/python3.8/site-packages/airflow/example_dags/example_branch_datetime_operator.py took 1.004 seconds
[2024-08-15T17:06:27.662+0000] {processor.py:161} INFO - Started process (PID=252) to work on /home/airflow/.local/lib/python3.8/site-packages/airflow/example_dags/example_branch_datetime_operator.py
[2024-08-15T17:06:27.955+0000] {processor.py:830} INFO - Processing file /home/airflow/.local/lib/python3.8/site-packages/airflow/example_dags/example_branch_datetime_operator.py for tasks to queue
[2024-08-15T17:06:27.957+0000] {logging_mixin.py:188} INFO - [2024-08-15T17:06:27.957+0000] {dagbag.py:538} INFO - Filling up the DagBag from /home/airflow/.local/lib/python3.8/site-packages/airflow/example_dags/example_branch_datetime_operator.py
[2024-08-15T17:06:28.248+0000] {processor.py:840} INFO - DAG(s) 'example_branch_datetime_operator_2', 'example_branch_datetime_operator_3', 'example_branch_datetime_operator' retrieved from /home/airflow/.local/lib/python3.8/site-packages/airflow/example_dags/example_branch_datetime_operator.py
[2024-08-15T17:06:28.303+0000] {logging_mixin.py:188} INFO - [2024-08-15T17:06:28.303+0000] {dag.py:3036} INFO - Sync 3 DAGs
[2024-08-15T17:06:28.337+0000] {logging_mixin.py:188} INFO - [2024-08-15T17:06:28.336+0000] {dag.py:3823} INFO - Setting next_dagrun for example_branch_datetime_operator to 2024-08-14 00:00:00+00:00, run_after=2024-08-15 00:00:00+00:00
[2024-08-15T17:06:28.344+0000] {logging_mixin.py:188} INFO - [2024-08-15T17:06:28.344+0000] {dag.py:3823} INFO - Setting next_dagrun for example_branch_datetime_operator_2 to 2024-08-14 00:00:00+00:00, run_after=2024-08-15 00:00:00+00:00
[2024-08-15T17:06:28.348+0000] {logging_mixin.py:188} INFO - [2024-08-15T17:06:28.348+0000] {dag.py:3823} INFO - Setting next_dagrun for example_branch_datetime_operator_3 to 2024-08-14 00:00:00+00:00, run_after=2024-08-15 00:00:00+00:00
[2024-08-15T17:06:32.090+0000] {processor.py:183} INFO - Processing /home/airflow/.local/lib/python3.8/site-packages/airflow/example_dags/example_branch_datetime_operator.py took 4.432 seconds
[2024-08-15T17:07:02.653+0000] {processor.py:161} INFO - Started process (PID=321) to work on /home/airflow/.local/lib/python3.8/site-packages/airflow/example_dags/example_branch_datetime_operator.py
[2024-08-15T17:07:02.654+0000] {processor.py:830} INFO - Processing file /home/airflow/.local/lib/python3.8/site-packages/airflow/example_dags/example_branch_datetime_operator.py for tasks to queue
[2024-08-15T17:07:02.657+0000] {logging_mixin.py:188} INFO - [2024-08-15T17:07:02.656+0000] {dagbag.py:538} INFO - Filling up the DagBag from /home/airflow/.local/lib/python3.8/site-packages/airflow/example_dags/example_branch_datetime_operator.py
[2024-08-15T17:07:02.673+0000] {processor.py:840} INFO - DAG(s) 'example_branch_datetime_operator_2', 'example_branch_datetime_operator', 'example_branch_datetime_operator_3' retrieved from /home/airflow/.local/lib/python3.8/site-packages/airflow/example_dags/example_branch_datetime_operator.py
[2024-08-15T17:07:02.716+0000] {logging_mixin.py:188} INFO - [2024-08-15T17:07:02.716+0000] {dag.py:3036} INFO - Sync 3 DAGs
[2024-08-15T17:07:02.766+0000] {logging_mixin.py:188} INFO - [2024-08-15T17:07:02.766+0000] {dag.py:3823} INFO - Setting next_dagrun for example_branch_datetime_operator to 2024-08-14 00:00:00+00:00, run_after=2024-08-15 00:00:00+00:00
[2024-08-15T17:07:02.783+0000] {logging_mixin.py:188} INFO - [2024-08-15T17:07:02.783+0000] {dag.py:3823} INFO - Setting next_dagrun for example_branch_datetime_operator_2 to 2024-08-14 00:00:00+00:00, run_after=2024-08-15 00:00:00+00:00
[2024-08-15T17:07:02.787+0000] {logging_mixin.py:188} INFO - [2024-08-15T17:07:02.787+0000] {dag.py:3823} INFO - Setting next_dagrun for example_branch_datetime_operator_3 to 2024-08-14 00:00:00+00:00, run_after=2024-08-15 00:00:00+00:00
[2024-08-15T17:07:03.273+0000] {processor.py:183} INFO - Processing /home/airflow/.local/lib/python3.8/site-packages/airflow/example_dags/example_branch_datetime_operator.py took 0.624 seconds
[2024-08-15T17:07:33.825+0000] {processor.py:161} INFO - Started process (PID=390) to work on /home/airflow/.local/lib/python3.8/site-packages/airflow/example_dags/example_branch_datetime_operator.py
[2024-08-15T17:07:33.840+0000] {processor.py:830} INFO - Processing file /home/airflow/.local/lib/python3.8/site-packages/airflow/example_dags/example_branch_datetime_operator.py for tasks to queue
[2024-08-15T17:07:33.844+0000] {logging_mixin.py:188} INFO - [2024-08-15T17:07:33.843+0000] {dagbag.py:538} INFO - Filling up the DagBag from /home/airflow/.local/lib/python3.8/site-packages/airflow/example_dags/example_branch_datetime_operator.py
[2024-08-15T17:07:33.866+0000] {processor.py:840} INFO - DAG(s) 'example_branch_datetime_operator_2', 'example_branch_datetime_operator', 'example_branch_datetime_operator_3' retrieved from /home/airflow/.local/lib/python3.8/site-packages/airflow/example_dags/example_branch_datetime_operator.py
[2024-08-15T17:07:33.927+0000] {logging_mixin.py:188} INFO - [2024-08-15T17:07:33.926+0000] {dag.py:3036} INFO - Sync 3 DAGs
[2024-08-15T17:07:33.967+0000] {logging_mixin.py:188} INFO - [2024-08-15T17:07:33.967+0000] {dag.py:3823} INFO - Setting next_dagrun for example_branch_datetime_operator to 2024-08-14 00:00:00+00:00, run_after=2024-08-15 00:00:00+00:00
[2024-08-15T17:07:33.978+0000] {logging_mixin.py:188} INFO - [2024-08-15T17:07:33.977+0000] {dag.py:3823} INFO - Setting next_dagrun for example_branch_datetime_operator_2 to 2024-08-14 00:00:00+00:00, run_after=2024-08-15 00:00:00+00:00
[2024-08-15T17:07:33.984+0000] {logging_mixin.py:188} INFO - [2024-08-15T17:07:33.984+0000] {dag.py:3823} INFO - Setting next_dagrun for example_branch_datetime_operator_3 to 2024-08-14 00:00:00+00:00, run_after=2024-08-15 00:00:00+00:00
[2024-08-15T17:07:34.088+0000] {processor.py:183} INFO - Processing /home/airflow/.local/lib/python3.8/site-packages/airflow/example_dags/example_branch_datetime_operator.py took 0.269 seconds
[2024-08-15T17:08:04.660+0000] {processor.py:161} INFO - Started process (PID=459) to work on /home/airflow/.local/lib/python3.8/site-packages/airflow/example_dags/example_branch_datetime_operator.py
[2024-08-15T17:08:04.751+0000] {processor.py:830} INFO - Processing file /home/airflow/.local/lib/python3.8/site-packages/airflow/example_dags/example_branch_datetime_operator.py for tasks to queue
[2024-08-15T17:08:04.754+0000] {logging_mixin.py:188} INFO - [2024-08-15T17:08:04.754+0000] {dagbag.py:538} INFO - Filling up the DagBag from /home/airflow/.local/lib/python3.8/site-packages/airflow/example_dags/example_branch_datetime_operator.py
[2024-08-15T17:08:04.782+0000] {processor.py:840} INFO - DAG(s) 'example_branch_datetime_operator', 'example_branch_datetime_operator_2', 'example_branch_datetime_operator_3' retrieved from /home/airflow/.local/lib/python3.8/site-packages/airflow/example_dags/example_branch_datetime_operator.py
[2024-08-15T17:08:04.855+0000] {logging_mixin.py:188} INFO - [2024-08-15T17:08:04.855+0000] {dag.py:3036} INFO - Sync 3 DAGs
[2024-08-15T17:08:04.941+0000] {logging_mixin.py:188} INFO - [2024-08-15T17:08:04.931+0000] {dag.py:3823} INFO - Setting next_dagrun for example_branch_datetime_operator to 2024-08-14 00:00:00+00:00, run_after=2024-08-15 00:00:00+00:00
[2024-08-15T17:08:04.958+0000] {logging_mixin.py:188} INFO - [2024-08-15T17:08:04.954+0000] {dag.py:3823} INFO - Setting next_dagrun for example_branch_datetime_operator_2 to 2024-08-14 00:00:00+00:00, run_after=2024-08-15 00:00:00+00:00
[2024-08-15T17:08:04.968+0000] {logging_mixin.py:188} INFO - [2024-08-15T17:08:04.968+0000] {dag.py:3823} INFO - Setting next_dagrun for example_branch_datetime_operator_3 to 2024-08-14 00:00:00+00:00, run_after=2024-08-15 00:00:00+00:00
[2024-08-15T17:08:05.252+0000] {processor.py:183} INFO - Processing /home/airflow/.local/lib/python3.8/site-packages/airflow/example_dags/example_branch_datetime_operator.py took 0.610 seconds
[2024-08-15T17:08:35.614+0000] {processor.py:161} INFO - Started process (PID=528) to work on /home/airflow/.local/lib/python3.8/site-packages/airflow/example_dags/example_branch_datetime_operator.py
[2024-08-15T17:08:35.747+0000] {processor.py:830} INFO - Processing file /home/airflow/.local/lib/python3.8/site-packages/airflow/example_dags/example_branch_datetime_operator.py for tasks to queue
[2024-08-15T17:08:35.749+0000] {logging_mixin.py:188} INFO - [2024-08-15T17:08:35.749+0000] {dagbag.py:538} INFO - Filling up the DagBag from /home/airflow/.local/lib/python3.8/site-packages/airflow/example_dags/example_branch_datetime_operator.py
[2024-08-15T17:08:35.768+0000] {processor.py:840} INFO - DAG(s) 'example_branch_datetime_operator', 'example_branch_datetime_operator_3', 'example_branch_datetime_operator_2' retrieved from /home/airflow/.local/lib/python3.8/site-packages/airflow/example_dags/example_branch_datetime_operator.py
[2024-08-15T17:08:35.852+0000] {logging_mixin.py:188} INFO - [2024-08-15T17:08:35.849+0000] {dag.py:3036} INFO - Sync 3 DAGs
[2024-08-15T17:08:35.997+0000] {logging_mixin.py:188} INFO - [2024-08-15T17:08:35.996+0000] {dag.py:3823} INFO - Setting next_dagrun for example_branch_datetime_operator to 2024-08-14 00:00:00+00:00, run_after=2024-08-15 00:00:00+00:00
[2024-08-15T17:08:36.017+0000] {logging_mixin.py:188} INFO - [2024-08-15T17:08:36.017+0000] {dag.py:3823} INFO - Setting next_dagrun for example_branch_datetime_operator_2 to 2024-08-14 00:00:00+00:00, run_after=2024-08-15 00:00:00+00:00
[2024-08-15T17:08:36.042+0000] {logging_mixin.py:188} INFO - [2024-08-15T17:08:36.041+0000] {dag.py:3823} INFO - Setting next_dagrun for example_branch_datetime_operator_3 to 2024-08-14 00:00:00+00:00, run_after=2024-08-15 00:00:00+00:00
[2024-08-15T17:08:36.268+0000] {processor.py:183} INFO - Processing /home/airflow/.local/lib/python3.8/site-packages/airflow/example_dags/example_branch_datetime_operator.py took 0.659 seconds
