[2024-08-15T16:11:00.717+0000] {processor.py:161} INFO - Started process (PID=308) to work on /home/airflow/.local/lib/python3.8/site-packages/airflow/example_dags/example_params_ui_tutorial.py
[2024-08-15T16:11:00.720+0000] {processor.py:830} INFO - Processing file /home/airflow/.local/lib/python3.8/site-packages/airflow/example_dags/example_params_ui_tutorial.py for tasks to queue
[2024-08-15T16:11:00.725+0000] {logging_mixin.py:188} INFO - [2024-08-15T16:11:00.724+0000] {dagbag.py:538} INFO - Filling up the DagBag from /home/airflow/.local/lib/python3.8/site-packages/airflow/example_dags/example_params_ui_tutorial.py
[2024-08-15T16:11:01.125+0000] {processor.py:840} INFO - DAG(s) 'example_params_ui_tutorial' retrieved from /home/airflow/.local/lib/python3.8/site-packages/airflow/example_dags/example_params_ui_tutorial.py
[2024-08-15T16:11:02.494+0000] {logging_mixin.py:188} INFO - [2024-08-15T16:11:02.493+0000] {override.py:1769} INFO - Created Permission View: can edit on DAG:example_params_ui_tutorial
[2024-08-15T16:11:02.569+0000] {logging_mixin.py:188} INFO - [2024-08-15T16:11:02.569+0000] {override.py:1769} INFO - Created Permission View: can delete on DAG:example_params_ui_tutorial
[2024-08-15T16:11:02.614+0000] {logging_mixin.py:188} INFO - [2024-08-15T16:11:02.613+0000] {override.py:1769} INFO - Created Permission View: can read on DAG:example_params_ui_tutorial
[2024-08-15T16:11:02.630+0000] {logging_mixin.py:188} INFO - [2024-08-15T16:11:02.629+0000] {dag.py:3036} INFO - Sync 1 DAGs
[2024-08-15T16:11:02.703+0000] {logging_mixin.py:188} INFO - [2024-08-15T16:11:02.703+0000] {dag.py:3058} INFO - Creating ORM DAG for example_params_ui_tutorial
[2024-08-15T16:11:02.710+0000] {logging_mixin.py:188} INFO - [2024-08-15T16:11:02.709+0000] {dag.py:3823} INFO - Setting next_dagrun for example_params_ui_tutorial to None, run_after=None
[2024-08-15T16:11:02.930+0000] {processor.py:183} INFO - Processing /home/airflow/.local/lib/python3.8/site-packages/airflow/example_dags/example_params_ui_tutorial.py took 2.224 seconds
[2024-08-15T17:05:48.898+0000] {processor.py:161} INFO - Started process (PID=189) to work on /home/airflow/.local/lib/python3.8/site-packages/airflow/example_dags/example_params_ui_tutorial.py
[2024-08-15T17:05:48.908+0000] {processor.py:830} INFO - Processing file /home/airflow/.local/lib/python3.8/site-packages/airflow/example_dags/example_params_ui_tutorial.py for tasks to queue
[2024-08-15T17:05:48.915+0000] {logging_mixin.py:188} INFO - [2024-08-15T17:05:48.914+0000] {dagbag.py:538} INFO - Filling up the DagBag from /home/airflow/.local/lib/python3.8/site-packages/airflow/example_dags/example_params_ui_tutorial.py
[2024-08-15T17:05:48.987+0000] {processor.py:840} INFO - DAG(s) 'example_params_ui_tutorial' retrieved from /home/airflow/.local/lib/python3.8/site-packages/airflow/example_dags/example_params_ui_tutorial.py
[2024-08-15T17:05:49.421+0000] {logging_mixin.py:188} INFO - [2024-08-15T17:05:49.421+0000] {dag.py:3036} INFO - Sync 1 DAGs
[2024-08-15T17:05:49.453+0000] {logging_mixin.py:188} INFO - [2024-08-15T17:05:49.452+0000] {dag.py:3823} INFO - Setting next_dagrun for example_params_ui_tutorial to None, run_after=None
[2024-08-15T17:05:49.564+0000] {processor.py:183} INFO - Processing /home/airflow/.local/lib/python3.8/site-packages/airflow/example_dags/example_params_ui_tutorial.py took 0.672 seconds
[2024-08-15T17:06:39.602+0000] {processor.py:161} INFO - Started process (PID=266) to work on /home/airflow/.local/lib/python3.8/site-packages/airflow/example_dags/example_params_ui_tutorial.py
[2024-08-15T17:06:39.877+0000] {processor.py:830} INFO - Processing file /home/airflow/.local/lib/python3.8/site-packages/airflow/example_dags/example_params_ui_tutorial.py for tasks to queue
[2024-08-15T17:06:39.880+0000] {logging_mixin.py:188} INFO - [2024-08-15T17:06:39.880+0000] {dagbag.py:538} INFO - Filling up the DagBag from /home/airflow/.local/lib/python3.8/site-packages/airflow/example_dags/example_params_ui_tutorial.py
[2024-08-15T17:06:39.900+0000] {processor.py:840} INFO - DAG(s) 'example_params_ui_tutorial' retrieved from /home/airflow/.local/lib/python3.8/site-packages/airflow/example_dags/example_params_ui_tutorial.py
[2024-08-15T17:06:40.013+0000] {logging_mixin.py:188} INFO - [2024-08-15T17:06:40.013+0000] {dag.py:3036} INFO - Sync 1 DAGs
[2024-08-15T17:06:40.063+0000] {logging_mixin.py:188} INFO - [2024-08-15T17:06:40.063+0000] {dag.py:3823} INFO - Setting next_dagrun for example_params_ui_tutorial to None, run_after=None
[2024-08-15T17:06:42.117+0000] {processor.py:183} INFO - Processing /home/airflow/.local/lib/python3.8/site-packages/airflow/example_dags/example_params_ui_tutorial.py took 2.520 seconds
[2024-08-15T17:07:12.332+0000] {processor.py:161} INFO - Started process (PID=335) to work on /home/airflow/.local/lib/python3.8/site-packages/airflow/example_dags/example_params_ui_tutorial.py
[2024-08-15T17:07:12.380+0000] {processor.py:830} INFO - Processing file /home/airflow/.local/lib/python3.8/site-packages/airflow/example_dags/example_params_ui_tutorial.py for tasks to queue
[2024-08-15T17:07:12.383+0000] {logging_mixin.py:188} INFO - [2024-08-15T17:07:12.382+0000] {dagbag.py:538} INFO - Filling up the DagBag from /home/airflow/.local/lib/python3.8/site-packages/airflow/example_dags/example_params_ui_tutorial.py
[2024-08-15T17:07:12.407+0000] {processor.py:840} INFO - DAG(s) 'example_params_ui_tutorial' retrieved from /home/airflow/.local/lib/python3.8/site-packages/airflow/example_dags/example_params_ui_tutorial.py
[2024-08-15T17:07:12.566+0000] {logging_mixin.py:188} INFO - [2024-08-15T17:07:12.565+0000] {dag.py:3036} INFO - Sync 1 DAGs
[2024-08-15T17:07:12.591+0000] {logging_mixin.py:188} INFO - [2024-08-15T17:07:12.591+0000] {dag.py:3823} INFO - Setting next_dagrun for example_params_ui_tutorial to None, run_after=None
[2024-08-15T17:07:12.894+0000] {processor.py:183} INFO - Processing /home/airflow/.local/lib/python3.8/site-packages/airflow/example_dags/example_params_ui_tutorial.py took 0.567 seconds
[2024-08-15T17:07:43.091+0000] {processor.py:161} INFO - Started process (PID=404) to work on /home/airflow/.local/lib/python3.8/site-packages/airflow/example_dags/example_params_ui_tutorial.py
[2024-08-15T17:07:43.121+0000] {processor.py:830} INFO - Processing file /home/airflow/.local/lib/python3.8/site-packages/airflow/example_dags/example_params_ui_tutorial.py for tasks to queue
[2024-08-15T17:07:43.125+0000] {logging_mixin.py:188} INFO - [2024-08-15T17:07:43.124+0000] {dagbag.py:538} INFO - Filling up the DagBag from /home/airflow/.local/lib/python3.8/site-packages/airflow/example_dags/example_params_ui_tutorial.py
[2024-08-15T17:07:43.203+0000] {processor.py:840} INFO - DAG(s) 'example_params_ui_tutorial' retrieved from /home/airflow/.local/lib/python3.8/site-packages/airflow/example_dags/example_params_ui_tutorial.py
[2024-08-15T17:07:43.613+0000] {logging_mixin.py:188} INFO - [2024-08-15T17:07:43.612+0000] {dag.py:3036} INFO - Sync 1 DAGs
[2024-08-15T17:07:43.632+0000] {logging_mixin.py:188} INFO - [2024-08-15T17:07:43.632+0000] {dag.py:3823} INFO - Setting next_dagrun for example_params_ui_tutorial to None, run_after=None
[2024-08-15T17:07:44.053+0000] {processor.py:183} INFO - Processing /home/airflow/.local/lib/python3.8/site-packages/airflow/example_dags/example_params_ui_tutorial.py took 0.968 seconds
[2024-08-15T17:08:14.849+0000] {processor.py:161} INFO - Started process (PID=473) to work on /home/airflow/.local/lib/python3.8/site-packages/airflow/example_dags/example_params_ui_tutorial.py
[2024-08-15T17:08:14.863+0000] {processor.py:830} INFO - Processing file /home/airflow/.local/lib/python3.8/site-packages/airflow/example_dags/example_params_ui_tutorial.py for tasks to queue
[2024-08-15T17:08:14.871+0000] {logging_mixin.py:188} INFO - [2024-08-15T17:08:14.870+0000] {dagbag.py:538} INFO - Filling up the DagBag from /home/airflow/.local/lib/python3.8/site-packages/airflow/example_dags/example_params_ui_tutorial.py
[2024-08-15T17:08:14.933+0000] {processor.py:840} INFO - DAG(s) 'example_params_ui_tutorial' retrieved from /home/airflow/.local/lib/python3.8/site-packages/airflow/example_dags/example_params_ui_tutorial.py
[2024-08-15T17:08:15.199+0000] {logging_mixin.py:188} INFO - [2024-08-15T17:08:15.198+0000] {dag.py:3036} INFO - Sync 1 DAGs
[2024-08-15T17:08:15.273+0000] {logging_mixin.py:188} INFO - [2024-08-15T17:08:15.272+0000] {dag.py:3823} INFO - Setting next_dagrun for example_params_ui_tutorial to None, run_after=None
[2024-08-15T17:08:15.668+0000] {processor.py:183} INFO - Processing /home/airflow/.local/lib/python3.8/site-packages/airflow/example_dags/example_params_ui_tutorial.py took 0.825 seconds
[2024-08-15T17:08:45.826+0000] {processor.py:161} INFO - Started process (PID=543) to work on /home/airflow/.local/lib/python3.8/site-packages/airflow/example_dags/example_params_ui_tutorial.py
[2024-08-15T17:08:45.886+0000] {processor.py:830} INFO - Processing file /home/airflow/.local/lib/python3.8/site-packages/airflow/example_dags/example_params_ui_tutorial.py for tasks to queue
[2024-08-15T17:08:45.888+0000] {logging_mixin.py:188} INFO - [2024-08-15T17:08:45.888+0000] {dagbag.py:538} INFO - Filling up the DagBag from /home/airflow/.local/lib/python3.8/site-packages/airflow/example_dags/example_params_ui_tutorial.py
[2024-08-15T17:08:45.931+0000] {processor.py:840} INFO - DAG(s) 'example_params_ui_tutorial' retrieved from /home/airflow/.local/lib/python3.8/site-packages/airflow/example_dags/example_params_ui_tutorial.py
[2024-08-15T17:08:46.046+0000] {logging_mixin.py:188} INFO - [2024-08-15T17:08:46.045+0000] {dag.py:3036} INFO - Sync 1 DAGs
[2024-08-15T17:08:46.081+0000] {logging_mixin.py:188} INFO - [2024-08-15T17:08:46.081+0000] {dag.py:3823} INFO - Setting next_dagrun for example_params_ui_tutorial to None, run_after=None
[2024-08-15T17:08:46.165+0000] {processor.py:183} INFO - Processing /home/airflow/.local/lib/python3.8/site-packages/airflow/example_dags/example_params_ui_tutorial.py took 0.352 seconds
