[2024-08-15T16:11:17.053+0000] {processor.py:161} INFO - Started process (PID=337) to work on /home/airflow/.local/lib/python3.8/site-packages/airflow/example_dags/example_complex.py
[2024-08-15T16:11:17.056+0000] {processor.py:830} INFO - Processing file /home/airflow/.local/lib/python3.8/site-packages/airflow/example_dags/example_complex.py for tasks to queue
[2024-08-15T16:11:17.069+0000] {logging_mixin.py:188} INFO - [2024-08-15T16:11:17.068+0000] {dagbag.py:538} INFO - Filling up the DagBag from /home/airflow/.local/lib/python3.8/site-packages/airflow/example_dags/example_complex.py
[2024-08-15T16:11:17.141+0000] {processor.py:840} INFO - DAG(s) 'example_complex' retrieved from /home/airflow/.local/lib/python3.8/site-packages/airflow/example_dags/example_complex.py
[2024-08-15T16:11:18.593+0000] {logging_mixin.py:188} INFO - [2024-08-15T16:11:18.592+0000] {override.py:1769} INFO - Created Permission View: can edit on DAG:example_complex
[2024-08-15T16:11:18.786+0000] {logging_mixin.py:188} INFO - [2024-08-15T16:11:18.768+0000] {override.py:1769} INFO - Created Permission View: can delete on DAG:example_complex
[2024-08-15T16:11:18.890+0000] {logging_mixin.py:188} INFO - [2024-08-15T16:11:18.889+0000] {override.py:1769} INFO - Created Permission View: can read on DAG:example_complex
[2024-08-15T16:11:18.905+0000] {logging_mixin.py:188} INFO - [2024-08-15T16:11:18.897+0000] {dag.py:3036} INFO - Sync 1 DAGs
[2024-08-15T16:11:18.993+0000] {logging_mixin.py:188} INFO - [2024-08-15T16:11:18.993+0000] {dag.py:3058} INFO - Creating ORM DAG for example_complex
[2024-08-15T16:11:19.002+0000] {logging_mixin.py:188} INFO - [2024-08-15T16:11:18.994+0000] {dag.py:3823} INFO - Setting next_dagrun for example_complex to None, run_after=None
[2024-08-15T16:11:19.254+0000] {processor.py:183} INFO - Processing /home/airflow/.local/lib/python3.8/site-packages/airflow/example_dags/example_complex.py took 2.221 seconds
[2024-08-15T17:05:57.488+0000] {processor.py:161} INFO - Started process (PID=210) to work on /home/airflow/.local/lib/python3.8/site-packages/airflow/example_dags/example_complex.py
[2024-08-15T17:05:57.537+0000] {processor.py:830} INFO - Processing file /home/airflow/.local/lib/python3.8/site-packages/airflow/example_dags/example_complex.py for tasks to queue
[2024-08-15T17:05:57.555+0000] {logging_mixin.py:188} INFO - [2024-08-15T17:05:57.554+0000] {dagbag.py:538} INFO - Filling up the DagBag from /home/airflow/.local/lib/python3.8/site-packages/airflow/example_dags/example_complex.py
[2024-08-15T17:05:57.692+0000] {processor.py:840} INFO - DAG(s) 'example_complex' retrieved from /home/airflow/.local/lib/python3.8/site-packages/airflow/example_dags/example_complex.py
[2024-08-15T17:05:58.535+0000] {logging_mixin.py:188} INFO - [2024-08-15T17:05:58.535+0000] {dag.py:3036} INFO - Sync 1 DAGs
[2024-08-15T17:05:58.614+0000] {logging_mixin.py:188} INFO - [2024-08-15T17:05:58.614+0000] {dag.py:3823} INFO - Setting next_dagrun for example_complex to None, run_after=None
[2024-08-15T17:05:58.824+0000] {processor.py:183} INFO - Processing /home/airflow/.local/lib/python3.8/site-packages/airflow/example_dags/example_complex.py took 1.354 seconds
[2024-08-15T17:06:48.066+0000] {processor.py:161} INFO - Started process (PID=287) to work on /home/airflow/.local/lib/python3.8/site-packages/airflow/example_dags/example_complex.py
[2024-08-15T17:06:48.128+0000] {processor.py:830} INFO - Processing file /home/airflow/.local/lib/python3.8/site-packages/airflow/example_dags/example_complex.py for tasks to queue
[2024-08-15T17:06:48.133+0000] {logging_mixin.py:188} INFO - [2024-08-15T17:06:48.131+0000] {dagbag.py:538} INFO - Filling up the DagBag from /home/airflow/.local/lib/python3.8/site-packages/airflow/example_dags/example_complex.py
[2024-08-15T17:06:48.158+0000] {processor.py:840} INFO - DAG(s) 'example_complex' retrieved from /home/airflow/.local/lib/python3.8/site-packages/airflow/example_dags/example_complex.py
[2024-08-15T17:06:48.235+0000] {logging_mixin.py:188} INFO - [2024-08-15T17:06:48.235+0000] {dag.py:3036} INFO - Sync 1 DAGs
[2024-08-15T17:06:48.259+0000] {logging_mixin.py:188} INFO - [2024-08-15T17:06:48.258+0000] {dag.py:3823} INFO - Setting next_dagrun for example_complex to None, run_after=None
[2024-08-15T17:06:48.486+0000] {processor.py:183} INFO - Processing /home/airflow/.local/lib/python3.8/site-packages/airflow/example_dags/example_complex.py took 0.425 seconds
[2024-08-15T17:07:20.873+0000] {processor.py:161} INFO - Started process (PID=363) to work on /home/airflow/.local/lib/python3.8/site-packages/airflow/example_dags/example_complex.py
[2024-08-15T17:07:20.875+0000] {processor.py:830} INFO - Processing file /home/airflow/.local/lib/python3.8/site-packages/airflow/example_dags/example_complex.py for tasks to queue
[2024-08-15T17:07:20.878+0000] {logging_mixin.py:188} INFO - [2024-08-15T17:07:20.877+0000] {dagbag.py:538} INFO - Filling up the DagBag from /home/airflow/.local/lib/python3.8/site-packages/airflow/example_dags/example_complex.py
[2024-08-15T17:07:20.909+0000] {processor.py:840} INFO - DAG(s) 'example_complex' retrieved from /home/airflow/.local/lib/python3.8/site-packages/airflow/example_dags/example_complex.py
[2024-08-15T17:07:21.093+0000] {logging_mixin.py:188} INFO - [2024-08-15T17:07:21.093+0000] {dag.py:3036} INFO - Sync 1 DAGs
[2024-08-15T17:07:21.151+0000] {logging_mixin.py:188} INFO - [2024-08-15T17:07:21.151+0000] {dag.py:3823} INFO - Setting next_dagrun for example_complex to None, run_after=None
[2024-08-15T17:07:21.607+0000] {processor.py:183} INFO - Processing /home/airflow/.local/lib/python3.8/site-packages/airflow/example_dags/example_complex.py took 0.742 seconds
[2024-08-15T17:07:52.679+0000] {processor.py:161} INFO - Started process (PID=425) to work on /home/airflow/.local/lib/python3.8/site-packages/airflow/example_dags/example_complex.py
[2024-08-15T17:07:52.785+0000] {processor.py:830} INFO - Processing file /home/airflow/.local/lib/python3.8/site-packages/airflow/example_dags/example_complex.py for tasks to queue
[2024-08-15T17:07:52.789+0000] {logging_mixin.py:188} INFO - [2024-08-15T17:07:52.788+0000] {dagbag.py:538} INFO - Filling up the DagBag from /home/airflow/.local/lib/python3.8/site-packages/airflow/example_dags/example_complex.py
[2024-08-15T17:07:52.810+0000] {processor.py:840} INFO - DAG(s) 'example_complex' retrieved from /home/airflow/.local/lib/python3.8/site-packages/airflow/example_dags/example_complex.py
[2024-08-15T17:07:52.861+0000] {logging_mixin.py:188} INFO - [2024-08-15T17:07:52.860+0000] {dag.py:3036} INFO - Sync 1 DAGs
[2024-08-15T17:07:52.878+0000] {logging_mixin.py:188} INFO - [2024-08-15T17:07:52.878+0000] {dag.py:3823} INFO - Setting next_dagrun for example_complex to None, run_after=None
[2024-08-15T17:07:53.204+0000] {processor.py:183} INFO - Processing /home/airflow/.local/lib/python3.8/site-packages/airflow/example_dags/example_complex.py took 0.532 seconds
[2024-08-15T17:08:23.494+0000] {processor.py:161} INFO - Started process (PID=494) to work on /home/airflow/.local/lib/python3.8/site-packages/airflow/example_dags/example_complex.py
[2024-08-15T17:08:23.599+0000] {processor.py:830} INFO - Processing file /home/airflow/.local/lib/python3.8/site-packages/airflow/example_dags/example_complex.py for tasks to queue
[2024-08-15T17:08:23.603+0000] {logging_mixin.py:188} INFO - [2024-08-15T17:08:23.602+0000] {dagbag.py:538} INFO - Filling up the DagBag from /home/airflow/.local/lib/python3.8/site-packages/airflow/example_dags/example_complex.py
[2024-08-15T17:08:23.638+0000] {processor.py:840} INFO - DAG(s) 'example_complex' retrieved from /home/airflow/.local/lib/python3.8/site-packages/airflow/example_dags/example_complex.py
[2024-08-15T17:08:23.713+0000] {logging_mixin.py:188} INFO - [2024-08-15T17:08:23.712+0000] {dag.py:3036} INFO - Sync 1 DAGs
[2024-08-15T17:08:23.738+0000] {logging_mixin.py:188} INFO - [2024-08-15T17:08:23.738+0000] {dag.py:3823} INFO - Setting next_dagrun for example_complex to None, run_after=None
[2024-08-15T17:08:23.956+0000] {processor.py:183} INFO - Processing /home/airflow/.local/lib/python3.8/site-packages/airflow/example_dags/example_complex.py took 0.467 seconds
[2024-08-15T17:08:54.185+0000] {processor.py:161} INFO - Started process (PID=563) to work on /home/airflow/.local/lib/python3.8/site-packages/airflow/example_dags/example_complex.py
[2024-08-15T17:08:54.265+0000] {processor.py:830} INFO - Processing file /home/airflow/.local/lib/python3.8/site-packages/airflow/example_dags/example_complex.py for tasks to queue
[2024-08-15T17:08:54.270+0000] {logging_mixin.py:188} INFO - [2024-08-15T17:08:54.269+0000] {dagbag.py:538} INFO - Filling up the DagBag from /home/airflow/.local/lib/python3.8/site-packages/airflow/example_dags/example_complex.py
[2024-08-15T17:08:54.300+0000] {processor.py:840} INFO - DAG(s) 'example_complex' retrieved from /home/airflow/.local/lib/python3.8/site-packages/airflow/example_dags/example_complex.py
[2024-08-15T17:08:54.365+0000] {logging_mixin.py:188} INFO - [2024-08-15T17:08:54.365+0000] {dag.py:3036} INFO - Sync 1 DAGs
[2024-08-15T17:08:54.386+0000] {logging_mixin.py:188} INFO - [2024-08-15T17:08:54.386+0000] {dag.py:3823} INFO - Setting next_dagrun for example_complex to None, run_after=None
[2024-08-15T17:08:54.738+0000] {processor.py:183} INFO - Processing /home/airflow/.local/lib/python3.8/site-packages/airflow/example_dags/example_complex.py took 0.561 seconds
