[2024-08-15T16:11:06.893+0000] {processor.py:161} INFO - Started process (PID=322) to work on /home/airflow/.local/lib/python3.8/site-packages/airflow/example_dags/example_nested_branch_dag.py
[2024-08-15T16:11:06.895+0000] {processor.py:830} INFO - Processing file /home/airflow/.local/lib/python3.8/site-packages/airflow/example_dags/example_nested_branch_dag.py for tasks to queue
[2024-08-15T16:11:06.915+0000] {logging_mixin.py:188} INFO - [2024-08-15T16:11:06.914+0000] {dagbag.py:538} INFO - Filling up the DagBag from /home/airflow/.local/lib/python3.8/site-packages/airflow/example_dags/example_nested_branch_dag.py
[2024-08-15T16:11:07.034+0000] {processor.py:840} INFO - DAG(s) 'example_nested_branch_dag' retrieved from /home/airflow/.local/lib/python3.8/site-packages/airflow/example_dags/example_nested_branch_dag.py
[2024-08-15T16:11:07.698+0000] {logging_mixin.py:188} INFO - [2024-08-15T16:11:07.697+0000] {override.py:1769} INFO - Created Permission View: can edit on DAG:example_nested_branch_dag
[2024-08-15T16:11:07.729+0000] {logging_mixin.py:188} INFO - [2024-08-15T16:11:07.729+0000] {override.py:1769} INFO - Created Permission View: can delete on DAG:example_nested_branch_dag
[2024-08-15T16:11:07.758+0000] {logging_mixin.py:188} INFO - [2024-08-15T16:11:07.755+0000] {override.py:1769} INFO - Created Permission View: can read on DAG:example_nested_branch_dag
[2024-08-15T16:11:07.759+0000] {logging_mixin.py:188} INFO - [2024-08-15T16:11:07.759+0000] {dag.py:3036} INFO - Sync 1 DAGs
[2024-08-15T16:11:07.791+0000] {logging_mixin.py:188} INFO - [2024-08-15T16:11:07.791+0000] {dag.py:3058} INFO - Creating ORM DAG for example_nested_branch_dag
[2024-08-15T16:11:07.826+0000] {logging_mixin.py:188} INFO - [2024-08-15T16:11:07.825+0000] {dag.py:3823} INFO - Setting next_dagrun for example_nested_branch_dag to 2024-08-14 00:00:00+00:00, run_after=2024-08-15 00:00:00+00:00
[2024-08-15T16:11:07.876+0000] {processor.py:183} INFO - Processing /home/airflow/.local/lib/python3.8/site-packages/airflow/example_dags/example_nested_branch_dag.py took 1.028 seconds
[2024-08-15T17:05:50.602+0000] {processor.py:161} INFO - Started process (PID=195) to work on /home/airflow/.local/lib/python3.8/site-packages/airflow/example_dags/example_nested_branch_dag.py
[2024-08-15T17:05:50.613+0000] {processor.py:830} INFO - Processing file /home/airflow/.local/lib/python3.8/site-packages/airflow/example_dags/example_nested_branch_dag.py for tasks to queue
[2024-08-15T17:05:50.617+0000] {logging_mixin.py:188} INFO - [2024-08-15T17:05:50.616+0000] {dagbag.py:538} INFO - Filling up the DagBag from /home/airflow/.local/lib/python3.8/site-packages/airflow/example_dags/example_nested_branch_dag.py
[2024-08-15T17:05:50.657+0000] {processor.py:840} INFO - DAG(s) 'example_nested_branch_dag' retrieved from /home/airflow/.local/lib/python3.8/site-packages/airflow/example_dags/example_nested_branch_dag.py
[2024-08-15T17:05:51.026+0000] {logging_mixin.py:188} INFO - [2024-08-15T17:05:51.025+0000] {dag.py:3036} INFO - Sync 1 DAGs
[2024-08-15T17:05:51.118+0000] {logging_mixin.py:188} INFO - [2024-08-15T17:05:51.117+0000] {dag.py:3823} INFO - Setting next_dagrun for example_nested_branch_dag to 2024-08-14 00:00:00+00:00, run_after=2024-08-15 00:00:00+00:00
[2024-08-15T17:05:51.288+0000] {processor.py:183} INFO - Processing /home/airflow/.local/lib/python3.8/site-packages/airflow/example_dags/example_nested_branch_dag.py took 0.693 seconds
[2024-08-15T17:06:43.084+0000] {processor.py:161} INFO - Started process (PID=272) to work on /home/airflow/.local/lib/python3.8/site-packages/airflow/example_dags/example_nested_branch_dag.py
[2024-08-15T17:06:43.128+0000] {processor.py:830} INFO - Processing file /home/airflow/.local/lib/python3.8/site-packages/airflow/example_dags/example_nested_branch_dag.py for tasks to queue
[2024-08-15T17:06:43.133+0000] {logging_mixin.py:188} INFO - [2024-08-15T17:06:43.132+0000] {dagbag.py:538} INFO - Filling up the DagBag from /home/airflow/.local/lib/python3.8/site-packages/airflow/example_dags/example_nested_branch_dag.py
[2024-08-15T17:06:43.154+0000] {processor.py:840} INFO - DAG(s) 'example_nested_branch_dag' retrieved from /home/airflow/.local/lib/python3.8/site-packages/airflow/example_dags/example_nested_branch_dag.py
[2024-08-15T17:06:43.232+0000] {logging_mixin.py:188} INFO - [2024-08-15T17:06:43.231+0000] {dag.py:3036} INFO - Sync 1 DAGs
[2024-08-15T17:06:43.418+0000] {logging_mixin.py:188} INFO - [2024-08-15T17:06:43.417+0000] {dag.py:3823} INFO - Setting next_dagrun for example_nested_branch_dag to 2024-08-14 00:00:00+00:00, run_after=2024-08-15 00:00:00+00:00
[2024-08-15T17:06:43.614+0000] {processor.py:183} INFO - Processing /home/airflow/.local/lib/python3.8/site-packages/airflow/example_dags/example_nested_branch_dag.py took 0.535 seconds
[2024-08-15T17:07:14.150+0000] {processor.py:161} INFO - Started process (PID=341) to work on /home/airflow/.local/lib/python3.8/site-packages/airflow/example_dags/example_nested_branch_dag.py
[2024-08-15T17:07:14.151+0000] {processor.py:830} INFO - Processing file /home/airflow/.local/lib/python3.8/site-packages/airflow/example_dags/example_nested_branch_dag.py for tasks to queue
[2024-08-15T17:07:14.154+0000] {logging_mixin.py:188} INFO - [2024-08-15T17:07:14.154+0000] {dagbag.py:538} INFO - Filling up the DagBag from /home/airflow/.local/lib/python3.8/site-packages/airflow/example_dags/example_nested_branch_dag.py
[2024-08-15T17:07:14.170+0000] {processor.py:840} INFO - DAG(s) 'example_nested_branch_dag' retrieved from /home/airflow/.local/lib/python3.8/site-packages/airflow/example_dags/example_nested_branch_dag.py
[2024-08-15T17:07:14.211+0000] {logging_mixin.py:188} INFO - [2024-08-15T17:07:14.211+0000] {dag.py:3036} INFO - Sync 1 DAGs
[2024-08-15T17:07:14.263+0000] {logging_mixin.py:188} INFO - [2024-08-15T17:07:14.263+0000] {dag.py:3823} INFO - Setting next_dagrun for example_nested_branch_dag to 2024-08-14 00:00:00+00:00, run_after=2024-08-15 00:00:00+00:00
[2024-08-15T17:07:14.434+0000] {processor.py:183} INFO - Processing /home/airflow/.local/lib/python3.8/site-packages/airflow/example_dags/example_nested_branch_dag.py took 0.289 seconds
[2024-08-15T17:07:45.477+0000] {processor.py:161} INFO - Started process (PID=410) to work on /home/airflow/.local/lib/python3.8/site-packages/airflow/example_dags/example_nested_branch_dag.py
[2024-08-15T17:07:45.532+0000] {processor.py:830} INFO - Processing file /home/airflow/.local/lib/python3.8/site-packages/airflow/example_dags/example_nested_branch_dag.py for tasks to queue
[2024-08-15T17:07:45.536+0000] {logging_mixin.py:188} INFO - [2024-08-15T17:07:45.536+0000] {dagbag.py:538} INFO - Filling up the DagBag from /home/airflow/.local/lib/python3.8/site-packages/airflow/example_dags/example_nested_branch_dag.py
[2024-08-15T17:07:45.567+0000] {processor.py:840} INFO - DAG(s) 'example_nested_branch_dag' retrieved from /home/airflow/.local/lib/python3.8/site-packages/airflow/example_dags/example_nested_branch_dag.py
[2024-08-15T17:07:45.633+0000] {logging_mixin.py:188} INFO - [2024-08-15T17:07:45.633+0000] {dag.py:3036} INFO - Sync 1 DAGs
[2024-08-15T17:07:45.682+0000] {logging_mixin.py:188} INFO - [2024-08-15T17:07:45.682+0000] {dag.py:3823} INFO - Setting next_dagrun for example_nested_branch_dag to 2024-08-14 00:00:00+00:00, run_after=2024-08-15 00:00:00+00:00
[2024-08-15T17:07:46.397+0000] {processor.py:183} INFO - Processing /home/airflow/.local/lib/python3.8/site-packages/airflow/example_dags/example_nested_branch_dag.py took 0.929 seconds
[2024-08-15T17:08:16.520+0000] {processor.py:161} INFO - Started process (PID=479) to work on /home/airflow/.local/lib/python3.8/site-packages/airflow/example_dags/example_nested_branch_dag.py
[2024-08-15T17:08:16.556+0000] {processor.py:830} INFO - Processing file /home/airflow/.local/lib/python3.8/site-packages/airflow/example_dags/example_nested_branch_dag.py for tasks to queue
[2024-08-15T17:08:16.559+0000] {logging_mixin.py:188} INFO - [2024-08-15T17:08:16.559+0000] {dagbag.py:538} INFO - Filling up the DagBag from /home/airflow/.local/lib/python3.8/site-packages/airflow/example_dags/example_nested_branch_dag.py
[2024-08-15T17:08:16.583+0000] {processor.py:840} INFO - DAG(s) 'example_nested_branch_dag' retrieved from /home/airflow/.local/lib/python3.8/site-packages/airflow/example_dags/example_nested_branch_dag.py
[2024-08-15T17:08:16.622+0000] {logging_mixin.py:188} INFO - [2024-08-15T17:08:16.621+0000] {dag.py:3036} INFO - Sync 1 DAGs
[2024-08-15T17:08:16.676+0000] {logging_mixin.py:188} INFO - [2024-08-15T17:08:16.676+0000] {dag.py:3823} INFO - Setting next_dagrun for example_nested_branch_dag to 2024-08-14 00:00:00+00:00, run_after=2024-08-15 00:00:00+00:00
[2024-08-15T17:08:17.045+0000] {processor.py:183} INFO - Processing /home/airflow/.local/lib/python3.8/site-packages/airflow/example_dags/example_nested_branch_dag.py took 0.531 seconds
[2024-08-15T17:08:47.279+0000] {processor.py:161} INFO - Started process (PID=548) to work on /home/airflow/.local/lib/python3.8/site-packages/airflow/example_dags/example_nested_branch_dag.py
[2024-08-15T17:08:47.336+0000] {processor.py:830} INFO - Processing file /home/airflow/.local/lib/python3.8/site-packages/airflow/example_dags/example_nested_branch_dag.py for tasks to queue
[2024-08-15T17:08:47.341+0000] {logging_mixin.py:188} INFO - [2024-08-15T17:08:47.340+0000] {dagbag.py:538} INFO - Filling up the DagBag from /home/airflow/.local/lib/python3.8/site-packages/airflow/example_dags/example_nested_branch_dag.py
[2024-08-15T17:08:47.387+0000] {processor.py:840} INFO - DAG(s) 'example_nested_branch_dag' retrieved from /home/airflow/.local/lib/python3.8/site-packages/airflow/example_dags/example_nested_branch_dag.py
[2024-08-15T17:08:47.434+0000] {logging_mixin.py:188} INFO - [2024-08-15T17:08:47.434+0000] {dag.py:3036} INFO - Sync 1 DAGs
[2024-08-15T17:08:47.486+0000] {logging_mixin.py:188} INFO - [2024-08-15T17:08:47.485+0000] {dag.py:3823} INFO - Setting next_dagrun for example_nested_branch_dag to 2024-08-14 00:00:00+00:00, run_after=2024-08-15 00:00:00+00:00
[2024-08-15T17:08:47.585+0000] {processor.py:183} INFO - Processing /home/airflow/.local/lib/python3.8/site-packages/airflow/example_dags/example_nested_branch_dag.py took 0.313 seconds
