[2024-08-15T16:11:10.851+0000] {processor.py:161} INFO - Started process (PID=328) to work on /home/airflow/.local/lib/python3.8/site-packages/airflow/example_dags/example_branch_day_of_week_operator.py
[2024-08-15T16:11:10.853+0000] {processor.py:830} INFO - Processing file /home/airflow/.local/lib/python3.8/site-packages/airflow/example_dags/example_branch_day_of_week_operator.py for tasks to queue
[2024-08-15T16:11:10.857+0000] {logging_mixin.py:188} INFO - [2024-08-15T16:11:10.856+0000] {dagbag.py:538} INFO - Filling up the DagBag from /home/airflow/.local/lib/python3.8/site-packages/airflow/example_dags/example_branch_day_of_week_operator.py
[2024-08-15T16:11:10.886+0000] {processor.py:840} INFO - DAG(s) 'example_weekday_branch_operator' retrieved from /home/airflow/.local/lib/python3.8/site-packages/airflow/example_dags/example_branch_day_of_week_operator.py
[2024-08-15T16:11:11.220+0000] {logging_mixin.py:188} INFO - [2024-08-15T16:11:11.219+0000] {override.py:1769} INFO - Created Permission View: can edit on DAG:example_weekday_branch_operator
[2024-08-15T16:11:11.248+0000] {logging_mixin.py:188} INFO - [2024-08-15T16:11:11.248+0000] {override.py:1769} INFO - Created Permission View: can delete on DAG:example_weekday_branch_operator
[2024-08-15T16:11:11.270+0000] {logging_mixin.py:188} INFO - [2024-08-15T16:11:11.269+0000] {override.py:1769} INFO - Created Permission View: can read on DAG:example_weekday_branch_operator
[2024-08-15T16:11:11.273+0000] {logging_mixin.py:188} INFO - [2024-08-15T16:11:11.272+0000] {dag.py:3036} INFO - Sync 1 DAGs
[2024-08-15T16:11:11.311+0000] {logging_mixin.py:188} INFO - [2024-08-15T16:11:11.310+0000] {dag.py:3058} INFO - Creating ORM DAG for example_weekday_branch_operator
[2024-08-15T16:11:11.341+0000] {logging_mixin.py:188} INFO - [2024-08-15T16:11:11.340+0000] {dag.py:3823} INFO - Setting next_dagrun for example_weekday_branch_operator to 2024-08-14 00:00:00+00:00, run_after=2024-08-15 00:00:00+00:00
[2024-08-15T16:11:11.412+0000] {processor.py:183} INFO - Processing /home/airflow/.local/lib/python3.8/site-packages/airflow/example_dags/example_branch_day_of_week_operator.py took 0.573 seconds
[2024-08-15T17:05:52.512+0000] {processor.py:161} INFO - Started process (PID=201) to work on /home/airflow/.local/lib/python3.8/site-packages/airflow/example_dags/example_branch_day_of_week_operator.py
[2024-08-15T17:05:52.518+0000] {processor.py:830} INFO - Processing file /home/airflow/.local/lib/python3.8/site-packages/airflow/example_dags/example_branch_day_of_week_operator.py for tasks to queue
[2024-08-15T17:05:52.522+0000] {logging_mixin.py:188} INFO - [2024-08-15T17:05:52.521+0000] {dagbag.py:538} INFO - Filling up the DagBag from /home/airflow/.local/lib/python3.8/site-packages/airflow/example_dags/example_branch_day_of_week_operator.py
[2024-08-15T17:05:52.551+0000] {processor.py:840} INFO - DAG(s) 'example_weekday_branch_operator' retrieved from /home/airflow/.local/lib/python3.8/site-packages/airflow/example_dags/example_branch_day_of_week_operator.py
[2024-08-15T17:05:52.873+0000] {logging_mixin.py:188} INFO - [2024-08-15T17:05:52.872+0000] {dag.py:3036} INFO - Sync 1 DAGs
[2024-08-15T17:05:52.931+0000] {logging_mixin.py:188} INFO - [2024-08-15T17:05:52.931+0000] {dag.py:3823} INFO - Setting next_dagrun for example_weekday_branch_operator to 2024-08-14 00:00:00+00:00, run_after=2024-08-15 00:00:00+00:00
[2024-08-15T17:05:53.041+0000] {processor.py:183} INFO - Processing /home/airflow/.local/lib/python3.8/site-packages/airflow/example_dags/example_branch_day_of_week_operator.py took 0.555 seconds
[2024-08-15T17:06:45.423+0000] {processor.py:161} INFO - Started process (PID=278) to work on /home/airflow/.local/lib/python3.8/site-packages/airflow/example_dags/example_branch_day_of_week_operator.py
[2024-08-15T17:06:45.425+0000] {processor.py:830} INFO - Processing file /home/airflow/.local/lib/python3.8/site-packages/airflow/example_dags/example_branch_day_of_week_operator.py for tasks to queue
[2024-08-15T17:06:45.448+0000] {logging_mixin.py:188} INFO - [2024-08-15T17:06:45.447+0000] {dagbag.py:538} INFO - Filling up the DagBag from /home/airflow/.local/lib/python3.8/site-packages/airflow/example_dags/example_branch_day_of_week_operator.py
[2024-08-15T17:06:45.484+0000] {processor.py:840} INFO - DAG(s) 'example_weekday_branch_operator' retrieved from /home/airflow/.local/lib/python3.8/site-packages/airflow/example_dags/example_branch_day_of_week_operator.py
[2024-08-15T17:06:45.558+0000] {logging_mixin.py:188} INFO - [2024-08-15T17:06:45.557+0000] {dag.py:3036} INFO - Sync 1 DAGs
[2024-08-15T17:06:45.624+0000] {logging_mixin.py:188} INFO - [2024-08-15T17:06:45.623+0000] {dag.py:3823} INFO - Setting next_dagrun for example_weekday_branch_operator to 2024-08-14 00:00:00+00:00, run_after=2024-08-15 00:00:00+00:00
[2024-08-15T17:06:45.862+0000] {processor.py:183} INFO - Processing /home/airflow/.local/lib/python3.8/site-packages/airflow/example_dags/example_branch_day_of_week_operator.py took 0.450 seconds
[2024-08-15T17:07:17.106+0000] {processor.py:161} INFO - Started process (PID=347) to work on /home/airflow/.local/lib/python3.8/site-packages/airflow/example_dags/example_branch_day_of_week_operator.py
[2024-08-15T17:07:17.137+0000] {processor.py:830} INFO - Processing file /home/airflow/.local/lib/python3.8/site-packages/airflow/example_dags/example_branch_day_of_week_operator.py for tasks to queue
[2024-08-15T17:07:17.169+0000] {logging_mixin.py:188} INFO - [2024-08-15T17:07:17.168+0000] {dagbag.py:538} INFO - Filling up the DagBag from /home/airflow/.local/lib/python3.8/site-packages/airflow/example_dags/example_branch_day_of_week_operator.py
[2024-08-15T17:07:17.274+0000] {processor.py:840} INFO - DAG(s) 'example_weekday_branch_operator' retrieved from /home/airflow/.local/lib/python3.8/site-packages/airflow/example_dags/example_branch_day_of_week_operator.py
[2024-08-15T17:07:17.380+0000] {logging_mixin.py:188} INFO - [2024-08-15T17:07:17.380+0000] {dag.py:3036} INFO - Sync 1 DAGs
[2024-08-15T17:07:17.463+0000] {logging_mixin.py:188} INFO - [2024-08-15T17:07:17.463+0000] {dag.py:3823} INFO - Setting next_dagrun for example_weekday_branch_operator to 2024-08-14 00:00:00+00:00, run_after=2024-08-15 00:00:00+00:00
[2024-08-15T17:07:17.727+0000] {processor.py:183} INFO - Processing /home/airflow/.local/lib/python3.8/site-packages/airflow/example_dags/example_branch_day_of_week_operator.py took 0.684 seconds
[2024-08-15T17:07:48.186+0000] {processor.py:161} INFO - Started process (PID=416) to work on /home/airflow/.local/lib/python3.8/site-packages/airflow/example_dags/example_branch_day_of_week_operator.py
[2024-08-15T17:07:48.217+0000] {processor.py:830} INFO - Processing file /home/airflow/.local/lib/python3.8/site-packages/airflow/example_dags/example_branch_day_of_week_operator.py for tasks to queue
[2024-08-15T17:07:48.229+0000] {logging_mixin.py:188} INFO - [2024-08-15T17:07:48.228+0000] {dagbag.py:538} INFO - Filling up the DagBag from /home/airflow/.local/lib/python3.8/site-packages/airflow/example_dags/example_branch_day_of_week_operator.py
[2024-08-15T17:07:48.299+0000] {processor.py:840} INFO - DAG(s) 'example_weekday_branch_operator' retrieved from /home/airflow/.local/lib/python3.8/site-packages/airflow/example_dags/example_branch_day_of_week_operator.py
[2024-08-15T17:07:48.470+0000] {logging_mixin.py:188} INFO - [2024-08-15T17:07:48.469+0000] {dag.py:3036} INFO - Sync 1 DAGs
[2024-08-15T17:07:48.555+0000] {logging_mixin.py:188} INFO - [2024-08-15T17:07:48.546+0000] {dag.py:3823} INFO - Setting next_dagrun for example_weekday_branch_operator to 2024-08-14 00:00:00+00:00, run_after=2024-08-15 00:00:00+00:00
[2024-08-15T17:07:48.893+0000] {processor.py:183} INFO - Processing /home/airflow/.local/lib/python3.8/site-packages/airflow/example_dags/example_branch_day_of_week_operator.py took 0.726 seconds
[2024-08-15T17:08:19.535+0000] {processor.py:161} INFO - Started process (PID=485) to work on /home/airflow/.local/lib/python3.8/site-packages/airflow/example_dags/example_branch_day_of_week_operator.py
[2024-08-15T17:08:19.613+0000] {processor.py:830} INFO - Processing file /home/airflow/.local/lib/python3.8/site-packages/airflow/example_dags/example_branch_day_of_week_operator.py for tasks to queue
[2024-08-15T17:08:19.616+0000] {logging_mixin.py:188} INFO - [2024-08-15T17:08:19.616+0000] {dagbag.py:538} INFO - Filling up the DagBag from /home/airflow/.local/lib/python3.8/site-packages/airflow/example_dags/example_branch_day_of_week_operator.py
[2024-08-15T17:08:19.636+0000] {processor.py:840} INFO - DAG(s) 'example_weekday_branch_operator' retrieved from /home/airflow/.local/lib/python3.8/site-packages/airflow/example_dags/example_branch_day_of_week_operator.py
[2024-08-15T17:08:19.703+0000] {logging_mixin.py:188} INFO - [2024-08-15T17:08:19.703+0000] {dag.py:3036} INFO - Sync 1 DAGs
[2024-08-15T17:08:19.819+0000] {logging_mixin.py:188} INFO - [2024-08-15T17:08:19.819+0000] {dag.py:3823} INFO - Setting next_dagrun for example_weekday_branch_operator to 2024-08-14 00:00:00+00:00, run_after=2024-08-15 00:00:00+00:00
[2024-08-15T17:08:20.161+0000] {processor.py:183} INFO - Processing /home/airflow/.local/lib/python3.8/site-packages/airflow/example_dags/example_branch_day_of_week_operator.py took 0.631 seconds
[2024-08-15T17:08:50.384+0000] {processor.py:161} INFO - Started process (PID=554) to work on /home/airflow/.local/lib/python3.8/site-packages/airflow/example_dags/example_branch_day_of_week_operator.py
[2024-08-15T17:08:50.439+0000] {processor.py:830} INFO - Processing file /home/airflow/.local/lib/python3.8/site-packages/airflow/example_dags/example_branch_day_of_week_operator.py for tasks to queue
[2024-08-15T17:08:50.442+0000] {logging_mixin.py:188} INFO - [2024-08-15T17:08:50.442+0000] {dagbag.py:538} INFO - Filling up the DagBag from /home/airflow/.local/lib/python3.8/site-packages/airflow/example_dags/example_branch_day_of_week_operator.py
[2024-08-15T17:08:50.460+0000] {processor.py:840} INFO - DAG(s) 'example_weekday_branch_operator' retrieved from /home/airflow/.local/lib/python3.8/site-packages/airflow/example_dags/example_branch_day_of_week_operator.py
[2024-08-15T17:08:50.504+0000] {logging_mixin.py:188} INFO - [2024-08-15T17:08:50.503+0000] {dag.py:3036} INFO - Sync 1 DAGs
[2024-08-15T17:08:50.544+0000] {logging_mixin.py:188} INFO - [2024-08-15T17:08:50.544+0000] {dag.py:3823} INFO - Setting next_dagrun for example_weekday_branch_operator to 2024-08-14 00:00:00+00:00, run_after=2024-08-15 00:00:00+00:00
[2024-08-15T17:08:50.621+0000] {processor.py:183} INFO - Processing /home/airflow/.local/lib/python3.8/site-packages/airflow/example_dags/example_branch_day_of_week_operator.py took 0.244 seconds
