[2024-08-15T16:11:17.668+0000] {processor.py:161} INFO - Started process (PID=338) to work on /home/airflow/.local/lib/python3.8/site-packages/airflow/example_dags/example_setup_teardown.py
[2024-08-15T16:11:17.695+0000] {processor.py:830} INFO - Processing file /home/airflow/.local/lib/python3.8/site-packages/airflow/example_dags/example_setup_teardown.py for tasks to queue
[2024-08-15T16:11:17.710+0000] {logging_mixin.py:188} INFO - [2024-08-15T16:11:17.710+0000] {dagbag.py:538} INFO - Filling up the DagBag from /home/airflow/.local/lib/python3.8/site-packages/airflow/example_dags/example_setup_teardown.py
[2024-08-15T16:11:17.815+0000] {processor.py:840} INFO - DAG(s) 'example_setup_teardown' retrieved from /home/airflow/.local/lib/python3.8/site-packages/airflow/example_dags/example_setup_teardown.py
[2024-08-15T16:11:18.664+0000] {logging_mixin.py:188} INFO - [2024-08-15T16:11:18.662+0000] {override.py:1769} INFO - Created Permission View: can edit on DAG:example_setup_teardown
[2024-08-15T16:11:18.793+0000] {logging_mixin.py:188} INFO - [2024-08-15T16:11:18.791+0000] {override.py:1769} INFO - Created Permission View: can delete on DAG:example_setup_teardown
[2024-08-15T16:11:18.920+0000] {logging_mixin.py:188} INFO - [2024-08-15T16:11:18.897+0000] {override.py:1769} INFO - Created Permission View: can read on DAG:example_setup_teardown
[2024-08-15T16:11:18.922+0000] {logging_mixin.py:188} INFO - [2024-08-15T16:11:18.921+0000] {dag.py:3036} INFO - Sync 1 DAGs
[2024-08-15T16:11:19.137+0000] {logging_mixin.py:188} INFO - [2024-08-15T16:11:19.136+0000] {dag.py:3058} INFO - Creating ORM DAG for example_setup_teardown
[2024-08-15T16:11:19.230+0000] {logging_mixin.py:188} INFO - [2024-08-15T16:11:19.230+0000] {dag.py:3823} INFO - Setting next_dagrun for example_setup_teardown to 2024-08-14 00:00:00+00:00, run_after=2024-08-15 00:00:00+00:00
[2024-08-15T16:11:19.319+0000] {processor.py:183} INFO - Processing /home/airflow/.local/lib/python3.8/site-packages/airflow/example_dags/example_setup_teardown.py took 1.685 seconds
[2024-08-15T17:05:58.342+0000] {processor.py:161} INFO - Started process (PID=211) to work on /home/airflow/.local/lib/python3.8/site-packages/airflow/example_dags/example_setup_teardown.py
[2024-08-15T17:05:58.358+0000] {processor.py:830} INFO - Processing file /home/airflow/.local/lib/python3.8/site-packages/airflow/example_dags/example_setup_teardown.py for tasks to queue
[2024-08-15T17:05:58.362+0000] {logging_mixin.py:188} INFO - [2024-08-15T17:05:58.361+0000] {dagbag.py:538} INFO - Filling up the DagBag from /home/airflow/.local/lib/python3.8/site-packages/airflow/example_dags/example_setup_teardown.py
[2024-08-15T17:05:58.411+0000] {processor.py:840} INFO - DAG(s) 'example_setup_teardown' retrieved from /home/airflow/.local/lib/python3.8/site-packages/airflow/example_dags/example_setup_teardown.py
[2024-08-15T17:05:59.099+0000] {logging_mixin.py:188} INFO - [2024-08-15T17:05:59.099+0000] {dag.py:3036} INFO - Sync 1 DAGs
[2024-08-15T17:05:59.232+0000] {logging_mixin.py:188} INFO - [2024-08-15T17:05:59.231+0000] {dag.py:3823} INFO - Setting next_dagrun for example_setup_teardown to 2024-08-14 00:00:00+00:00, run_after=2024-08-15 00:00:00+00:00
[2024-08-15T17:05:59.340+0000] {processor.py:183} INFO - Processing /home/airflow/.local/lib/python3.8/site-packages/airflow/example_dags/example_setup_teardown.py took 1.014 seconds
[2024-08-15T17:06:48.120+0000] {processor.py:161} INFO - Started process (PID=288) to work on /home/airflow/.local/lib/python3.8/site-packages/airflow/example_dags/example_setup_teardown.py
[2024-08-15T17:06:48.183+0000] {processor.py:830} INFO - Processing file /home/airflow/.local/lib/python3.8/site-packages/airflow/example_dags/example_setup_teardown.py for tasks to queue
[2024-08-15T17:06:48.193+0000] {logging_mixin.py:188} INFO - [2024-08-15T17:06:48.191+0000] {dagbag.py:538} INFO - Filling up the DagBag from /home/airflow/.local/lib/python3.8/site-packages/airflow/example_dags/example_setup_teardown.py
[2024-08-15T17:06:48.206+0000] {processor.py:840} INFO - DAG(s) 'example_setup_teardown' retrieved from /home/airflow/.local/lib/python3.8/site-packages/airflow/example_dags/example_setup_teardown.py
[2024-08-15T17:06:48.247+0000] {logging_mixin.py:188} INFO - [2024-08-15T17:06:48.247+0000] {dag.py:3036} INFO - Sync 1 DAGs
[2024-08-15T17:06:48.287+0000] {logging_mixin.py:188} INFO - [2024-08-15T17:06:48.286+0000] {dag.py:3823} INFO - Setting next_dagrun for example_setup_teardown to 2024-08-14 00:00:00+00:00, run_after=2024-08-15 00:00:00+00:00
[2024-08-15T17:06:48.487+0000] {processor.py:183} INFO - Processing /home/airflow/.local/lib/python3.8/site-packages/airflow/example_dags/example_setup_teardown.py took 0.372 seconds
[2024-08-15T17:07:21.062+0000] {processor.py:161} INFO - Started process (PID=365) to work on /home/airflow/.local/lib/python3.8/site-packages/airflow/example_dags/example_setup_teardown.py
[2024-08-15T17:07:21.064+0000] {processor.py:830} INFO - Processing file /home/airflow/.local/lib/python3.8/site-packages/airflow/example_dags/example_setup_teardown.py for tasks to queue
[2024-08-15T17:07:21.068+0000] {logging_mixin.py:188} INFO - [2024-08-15T17:07:21.067+0000] {dagbag.py:538} INFO - Filling up the DagBag from /home/airflow/.local/lib/python3.8/site-packages/airflow/example_dags/example_setup_teardown.py
[2024-08-15T17:07:21.093+0000] {processor.py:840} INFO - DAG(s) 'example_setup_teardown' retrieved from /home/airflow/.local/lib/python3.8/site-packages/airflow/example_dags/example_setup_teardown.py
[2024-08-15T17:07:21.186+0000] {logging_mixin.py:188} INFO - [2024-08-15T17:07:21.186+0000] {dag.py:3036} INFO - Sync 1 DAGs
[2024-08-15T17:07:21.375+0000] {logging_mixin.py:188} INFO - [2024-08-15T17:07:21.374+0000] {dag.py:3823} INFO - Setting next_dagrun for example_setup_teardown to 2024-08-14 00:00:00+00:00, run_after=2024-08-15 00:00:00+00:00
[2024-08-15T17:07:21.673+0000] {processor.py:183} INFO - Processing /home/airflow/.local/lib/python3.8/site-packages/airflow/example_dags/example_setup_teardown.py took 0.620 seconds
[2024-08-15T17:07:52.982+0000] {processor.py:161} INFO - Started process (PID=426) to work on /home/airflow/.local/lib/python3.8/site-packages/airflow/example_dags/example_setup_teardown.py
[2024-08-15T17:07:53.142+0000] {processor.py:830} INFO - Processing file /home/airflow/.local/lib/python3.8/site-packages/airflow/example_dags/example_setup_teardown.py for tasks to queue
[2024-08-15T17:07:53.146+0000] {logging_mixin.py:188} INFO - [2024-08-15T17:07:53.145+0000] {dagbag.py:538} INFO - Filling up the DagBag from /home/airflow/.local/lib/python3.8/site-packages/airflow/example_dags/example_setup_teardown.py
[2024-08-15T17:07:53.159+0000] {processor.py:840} INFO - DAG(s) 'example_setup_teardown' retrieved from /home/airflow/.local/lib/python3.8/site-packages/airflow/example_dags/example_setup_teardown.py
[2024-08-15T17:07:53.199+0000] {logging_mixin.py:188} INFO - [2024-08-15T17:07:53.198+0000] {dag.py:3036} INFO - Sync 1 DAGs
[2024-08-15T17:07:53.246+0000] {logging_mixin.py:188} INFO - [2024-08-15T17:07:53.246+0000] {dag.py:3823} INFO - Setting next_dagrun for example_setup_teardown to 2024-08-14 00:00:00+00:00, run_after=2024-08-15 00:00:00+00:00
[2024-08-15T17:07:53.595+0000] {processor.py:183} INFO - Processing /home/airflow/.local/lib/python3.8/site-packages/airflow/example_dags/example_setup_teardown.py took 0.617 seconds
[2024-08-15T17:08:24.012+0000] {processor.py:161} INFO - Started process (PID=495) to work on /home/airflow/.local/lib/python3.8/site-packages/airflow/example_dags/example_setup_teardown.py
[2024-08-15T17:08:24.079+0000] {processor.py:830} INFO - Processing file /home/airflow/.local/lib/python3.8/site-packages/airflow/example_dags/example_setup_teardown.py for tasks to queue
[2024-08-15T17:08:24.083+0000] {logging_mixin.py:188} INFO - [2024-08-15T17:08:24.082+0000] {dagbag.py:538} INFO - Filling up the DagBag from /home/airflow/.local/lib/python3.8/site-packages/airflow/example_dags/example_setup_teardown.py
[2024-08-15T17:08:24.099+0000] {processor.py:840} INFO - DAG(s) 'example_setup_teardown' retrieved from /home/airflow/.local/lib/python3.8/site-packages/airflow/example_dags/example_setup_teardown.py
[2024-08-15T17:08:24.137+0000] {logging_mixin.py:188} INFO - [2024-08-15T17:08:24.137+0000] {dag.py:3036} INFO - Sync 1 DAGs
[2024-08-15T17:08:24.175+0000] {logging_mixin.py:188} INFO - [2024-08-15T17:08:24.174+0000] {dag.py:3823} INFO - Setting next_dagrun for example_setup_teardown to 2024-08-14 00:00:00+00:00, run_after=2024-08-15 00:00:00+00:00
[2024-08-15T17:08:24.424+0000] {processor.py:183} INFO - Processing /home/airflow/.local/lib/python3.8/site-packages/airflow/example_dags/example_setup_teardown.py took 0.417 seconds
[2024-08-15T17:08:54.584+0000] {processor.py:161} INFO - Started process (PID=564) to work on /home/airflow/.local/lib/python3.8/site-packages/airflow/example_dags/example_setup_teardown.py
[2024-08-15T17:08:54.675+0000] {processor.py:830} INFO - Processing file /home/airflow/.local/lib/python3.8/site-packages/airflow/example_dags/example_setup_teardown.py for tasks to queue
[2024-08-15T17:08:54.678+0000] {logging_mixin.py:188} INFO - [2024-08-15T17:08:54.677+0000] {dagbag.py:538} INFO - Filling up the DagBag from /home/airflow/.local/lib/python3.8/site-packages/airflow/example_dags/example_setup_teardown.py
[2024-08-15T17:08:54.690+0000] {processor.py:840} INFO - DAG(s) 'example_setup_teardown' retrieved from /home/airflow/.local/lib/python3.8/site-packages/airflow/example_dags/example_setup_teardown.py
[2024-08-15T17:08:54.745+0000] {logging_mixin.py:188} INFO - [2024-08-15T17:08:54.745+0000] {dag.py:3036} INFO - Sync 1 DAGs
[2024-08-15T17:08:54.797+0000] {logging_mixin.py:188} INFO - [2024-08-15T17:08:54.797+0000] {dag.py:3823} INFO - Setting next_dagrun for example_setup_teardown to 2024-08-14 00:00:00+00:00, run_after=2024-08-15 00:00:00+00:00
[2024-08-15T17:08:55.192+0000] {processor.py:183} INFO - Processing /home/airflow/.local/lib/python3.8/site-packages/airflow/example_dags/example_setup_teardown.py took 0.616 seconds
