[2024-08-15T17:06:00.504+0000] {processor.py:161} INFO - Started process (PID=216) to work on /home/airflow/.local/lib/python3.8/site-packages/airflow/example_dags/example_branch_python_dop_operator_3.py
[2024-08-15T17:06:00.506+0000] {processor.py:830} INFO - Processing file /home/airflow/.local/lib/python3.8/site-packages/airflow/example_dags/example_branch_python_dop_operator_3.py for tasks to queue
[2024-08-15T17:06:00.510+0000] {logging_mixin.py:188} INFO - [2024-08-15T17:06:00.509+0000] {dagbag.py:538} INFO - Filling up the DagBag from /home/airflow/.local/lib/python3.8/site-packages/airflow/example_dags/example_branch_python_dop_operator_3.py
[2024-08-15T17:06:00.544+0000] {processor.py:840} INFO - DAG(s) 'example_branch_dop_operator_v3' retrieved from /home/airflow/.local/lib/python3.8/site-packages/airflow/example_dags/example_branch_python_dop_operator_3.py
[2024-08-15T17:06:01.013+0000] {logging_mixin.py:188} INFO - [2024-08-15T17:06:01.013+0000] {dag.py:3036} INFO - Sync 1 DAGs
[2024-08-15T17:06:01.111+0000] {logging_mixin.py:188} INFO - [2024-08-15T17:06:01.110+0000] {dag.py:3823} INFO - Setting next_dagrun for example_branch_dop_operator_v3 to 2024-08-15 17:05:00+00:00, run_after=2024-08-15 17:06:00+00:00
[2024-08-15T17:06:01.186+0000] {processor.py:183} INFO - Processing /home/airflow/.local/lib/python3.8/site-packages/airflow/example_dags/example_branch_python_dop_operator_3.py took 0.700 seconds
[2024-08-15T17:06:51.810+0000] {processor.py:161} INFO - Started process (PID=307) to work on /home/airflow/.local/lib/python3.8/site-packages/airflow/example_dags/example_branch_python_dop_operator_3.py
[2024-08-15T17:06:51.812+0000] {processor.py:830} INFO - Processing file /home/airflow/.local/lib/python3.8/site-packages/airflow/example_dags/example_branch_python_dop_operator_3.py for tasks to queue
[2024-08-15T17:06:51.816+0000] {logging_mixin.py:188} INFO - [2024-08-15T17:06:51.815+0000] {dagbag.py:538} INFO - Filling up the DagBag from /home/airflow/.local/lib/python3.8/site-packages/airflow/example_dags/example_branch_python_dop_operator_3.py
[2024-08-15T17:06:51.842+0000] {processor.py:840} INFO - DAG(s) 'example_branch_dop_operator_v3' retrieved from /home/airflow/.local/lib/python3.8/site-packages/airflow/example_dags/example_branch_python_dop_operator_3.py
[2024-08-15T17:06:51.916+0000] {logging_mixin.py:188} INFO - [2024-08-15T17:06:51.916+0000] {dag.py:3036} INFO - Sync 1 DAGs
[2024-08-15T17:06:51.991+0000] {logging_mixin.py:188} INFO - [2024-08-15T17:06:51.990+0000] {dag.py:3823} INFO - Setting next_dagrun for example_branch_dop_operator_v3 to 2024-08-15 17:05:00+00:00, run_after=2024-08-15 17:06:00+00:00
[2024-08-15T17:06:52.091+0000] {processor.py:183} INFO - Processing /home/airflow/.local/lib/python3.8/site-packages/airflow/example_dags/example_branch_python_dop_operator_3.py took 0.287 seconds
[2024-08-15T17:07:26.049+0000] {processor.py:161} INFO - Started process (PID=376) to work on /home/airflow/.local/lib/python3.8/site-packages/airflow/example_dags/example_branch_python_dop_operator_3.py
[2024-08-15T17:07:26.166+0000] {processor.py:830} INFO - Processing file /home/airflow/.local/lib/python3.8/site-packages/airflow/example_dags/example_branch_python_dop_operator_3.py for tasks to queue
[2024-08-15T17:07:26.170+0000] {logging_mixin.py:188} INFO - [2024-08-15T17:07:26.169+0000] {dagbag.py:538} INFO - Filling up the DagBag from /home/airflow/.local/lib/python3.8/site-packages/airflow/example_dags/example_branch_python_dop_operator_3.py
[2024-08-15T17:07:26.191+0000] {processor.py:840} INFO - DAG(s) 'example_branch_dop_operator_v3' retrieved from /home/airflow/.local/lib/python3.8/site-packages/airflow/example_dags/example_branch_python_dop_operator_3.py
[2024-08-15T17:07:26.241+0000] {logging_mixin.py:188} INFO - [2024-08-15T17:07:26.240+0000] {dag.py:3036} INFO - Sync 1 DAGs
[2024-08-15T17:07:26.326+0000] {logging_mixin.py:188} INFO - [2024-08-15T17:07:26.326+0000] {dag.py:3823} INFO - Setting next_dagrun for example_branch_dop_operator_v3 to 2024-08-15 17:06:00+00:00, run_after=2024-08-15 17:07:00+00:00
[2024-08-15T17:07:26.621+0000] {processor.py:183} INFO - Processing /home/airflow/.local/lib/python3.8/site-packages/airflow/example_dags/example_branch_python_dop_operator_3.py took 0.576 seconds
[2024-08-15T17:07:57.872+0000] {processor.py:161} INFO - Started process (PID=446) to work on /home/airflow/.local/lib/python3.8/site-packages/airflow/example_dags/example_branch_python_dop_operator_3.py
[2024-08-15T17:07:57.928+0000] {processor.py:830} INFO - Processing file /home/airflow/.local/lib/python3.8/site-packages/airflow/example_dags/example_branch_python_dop_operator_3.py for tasks to queue
[2024-08-15T17:07:57.931+0000] {logging_mixin.py:188} INFO - [2024-08-15T17:07:57.931+0000] {dagbag.py:538} INFO - Filling up the DagBag from /home/airflow/.local/lib/python3.8/site-packages/airflow/example_dags/example_branch_python_dop_operator_3.py
[2024-08-15T17:07:57.948+0000] {processor.py:840} INFO - DAG(s) 'example_branch_dop_operator_v3' retrieved from /home/airflow/.local/lib/python3.8/site-packages/airflow/example_dags/example_branch_python_dop_operator_3.py
[2024-08-15T17:07:57.982+0000] {logging_mixin.py:188} INFO - [2024-08-15T17:07:57.982+0000] {dag.py:3036} INFO - Sync 1 DAGs
[2024-08-15T17:07:58.048+0000] {logging_mixin.py:188} INFO - [2024-08-15T17:07:58.047+0000] {dag.py:3823} INFO - Setting next_dagrun for example_branch_dop_operator_v3 to 2024-08-15 17:06:00+00:00, run_after=2024-08-15 17:07:00+00:00
[2024-08-15T17:07:58.203+0000] {processor.py:183} INFO - Processing /home/airflow/.local/lib/python3.8/site-packages/airflow/example_dags/example_branch_python_dop_operator_3.py took 0.339 seconds
[2024-08-15T17:08:29.631+0000] {processor.py:161} INFO - Started process (PID=515) to work on /home/airflow/.local/lib/python3.8/site-packages/airflow/example_dags/example_branch_python_dop_operator_3.py
[2024-08-15T17:08:29.708+0000] {processor.py:830} INFO - Processing file /home/airflow/.local/lib/python3.8/site-packages/airflow/example_dags/example_branch_python_dop_operator_3.py for tasks to queue
[2024-08-15T17:08:29.712+0000] {logging_mixin.py:188} INFO - [2024-08-15T17:08:29.711+0000] {dagbag.py:538} INFO - Filling up the DagBag from /home/airflow/.local/lib/python3.8/site-packages/airflow/example_dags/example_branch_python_dop_operator_3.py
[2024-08-15T17:08:29.752+0000] {processor.py:840} INFO - DAG(s) 'example_branch_dop_operator_v3' retrieved from /home/airflow/.local/lib/python3.8/site-packages/airflow/example_dags/example_branch_python_dop_operator_3.py
[2024-08-15T17:08:29.808+0000] {logging_mixin.py:188} INFO - [2024-08-15T17:08:29.808+0000] {dag.py:3036} INFO - Sync 1 DAGs
[2024-08-15T17:08:29.877+0000] {logging_mixin.py:188} INFO - [2024-08-15T17:08:29.877+0000] {dag.py:3823} INFO - Setting next_dagrun for example_branch_dop_operator_v3 to 2024-08-15 17:07:00+00:00, run_after=2024-08-15 17:08:00+00:00
[2024-08-15T17:08:30.054+0000] {processor.py:183} INFO - Processing /home/airflow/.local/lib/python3.8/site-packages/airflow/example_dags/example_branch_python_dop_operator_3.py took 0.431 seconds
