[2024-08-15T16:10:51.437+0000] {processor.py:161} INFO - Started process (PID=297) to work on /home/airflow/.local/lib/python3.8/site-packages/airflow/example_dags/example_dynamic_task_mapping.py
[2024-08-15T16:10:51.439+0000] {processor.py:830} INFO - Processing file /home/airflow/.local/lib/python3.8/site-packages/airflow/example_dags/example_dynamic_task_mapping.py for tasks to queue
[2024-08-15T16:10:51.446+0000] {logging_mixin.py:188} INFO - [2024-08-15T16:10:51.443+0000] {dagbag.py:538} INFO - Filling up the DagBag from /home/airflow/.local/lib/python3.8/site-packages/airflow/example_dags/example_dynamic_task_mapping.py
[2024-08-15T16:10:51.523+0000] {processor.py:840} INFO - DAG(s) 'example_dynamic_task_mapping' retrieved from /home/airflow/.local/lib/python3.8/site-packages/airflow/example_dags/example_dynamic_task_mapping.py
[2024-08-15T16:10:52.150+0000] {logging_mixin.py:188} INFO - [2024-08-15T16:10:52.148+0000] {override.py:1769} INFO - Created Permission View: can edit on DAG:example_dynamic_task_mapping
[2024-08-15T16:10:52.192+0000] {logging_mixin.py:188} INFO - [2024-08-15T16:10:52.191+0000] {override.py:1769} INFO - Created Permission View: can delete on DAG:example_dynamic_task_mapping
[2024-08-15T16:10:52.221+0000] {logging_mixin.py:188} INFO - [2024-08-15T16:10:52.220+0000] {override.py:1769} INFO - Created Permission View: can read on DAG:example_dynamic_task_mapping
[2024-08-15T16:10:52.223+0000] {logging_mixin.py:188} INFO - [2024-08-15T16:10:52.222+0000] {dag.py:3036} INFO - Sync 1 DAGs
[2024-08-15T16:10:52.340+0000] {logging_mixin.py:188} INFO - [2024-08-15T16:10:52.340+0000] {dag.py:3058} INFO - Creating ORM DAG for example_dynamic_task_mapping
[2024-08-15T16:10:52.380+0000] {logging_mixin.py:188} INFO - [2024-08-15T16:10:52.377+0000] {dag.py:3823} INFO - Setting next_dagrun for example_dynamic_task_mapping to 2022-03-04 00:00:00+00:00, run_after=2022-03-05 00:00:00+00:00
[2024-08-15T16:10:52.439+0000] {processor.py:183} INFO - Processing /home/airflow/.local/lib/python3.8/site-packages/airflow/example_dags/example_dynamic_task_mapping.py took 1.009 seconds
[2024-08-15T17:05:42.348+0000] {processor.py:161} INFO - Started process (PID=177) to work on /home/airflow/.local/lib/python3.8/site-packages/airflow/example_dags/example_dynamic_task_mapping.py
[2024-08-15T17:05:42.370+0000] {processor.py:830} INFO - Processing file /home/airflow/.local/lib/python3.8/site-packages/airflow/example_dags/example_dynamic_task_mapping.py for tasks to queue
[2024-08-15T17:05:42.374+0000] {logging_mixin.py:188} INFO - [2024-08-15T17:05:42.373+0000] {dagbag.py:538} INFO - Filling up the DagBag from /home/airflow/.local/lib/python3.8/site-packages/airflow/example_dags/example_dynamic_task_mapping.py
[2024-08-15T17:05:42.500+0000] {processor.py:840} INFO - DAG(s) 'example_dynamic_task_mapping' retrieved from /home/airflow/.local/lib/python3.8/site-packages/airflow/example_dags/example_dynamic_task_mapping.py
[2024-08-15T17:05:43.200+0000] {logging_mixin.py:188} INFO - [2024-08-15T17:05:43.200+0000] {dag.py:3036} INFO - Sync 1 DAGs
[2024-08-15T17:05:43.459+0000] {logging_mixin.py:188} INFO - [2024-08-15T17:05:43.459+0000] {dag.py:3823} INFO - Setting next_dagrun for example_dynamic_task_mapping to 2022-03-04 00:00:00+00:00, run_after=2022-03-05 00:00:00+00:00
[2024-08-15T17:05:43.604+0000] {processor.py:183} INFO - Processing /home/airflow/.local/lib/python3.8/site-packages/airflow/example_dags/example_dynamic_task_mapping.py took 1.264 seconds
[2024-08-15T17:06:14.505+0000] {processor.py:161} INFO - Started process (PID=239) to work on /home/airflow/.local/lib/python3.8/site-packages/airflow/example_dags/example_dynamic_task_mapping.py
[2024-08-15T17:06:14.507+0000] {processor.py:830} INFO - Processing file /home/airflow/.local/lib/python3.8/site-packages/airflow/example_dags/example_dynamic_task_mapping.py for tasks to queue
[2024-08-15T17:06:14.510+0000] {logging_mixin.py:188} INFO - [2024-08-15T17:06:14.510+0000] {dagbag.py:538} INFO - Filling up the DagBag from /home/airflow/.local/lib/python3.8/site-packages/airflow/example_dags/example_dynamic_task_mapping.py
[2024-08-15T17:06:14.521+0000] {processor.py:840} INFO - DAG(s) 'example_dynamic_task_mapping' retrieved from /home/airflow/.local/lib/python3.8/site-packages/airflow/example_dags/example_dynamic_task_mapping.py
[2024-08-15T17:06:14.557+0000] {logging_mixin.py:188} INFO - [2024-08-15T17:06:14.556+0000] {dag.py:3036} INFO - Sync 1 DAGs
[2024-08-15T17:06:14.595+0000] {logging_mixin.py:188} INFO - [2024-08-15T17:06:14.595+0000] {dag.py:3823} INFO - Setting next_dagrun for example_dynamic_task_mapping to 2022-03-04 00:00:00+00:00, run_after=2022-03-05 00:00:00+00:00
[2024-08-15T17:06:17.173+0000] {processor.py:183} INFO - Processing /home/airflow/.local/lib/python3.8/site-packages/airflow/example_dags/example_dynamic_task_mapping.py took 2.677 seconds
[2024-08-15T17:06:50.948+0000] {processor.py:161} INFO - Started process (PID=303) to work on /home/airflow/.local/lib/python3.8/site-packages/airflow/example_dags/example_dynamic_task_mapping.py
[2024-08-15T17:06:51.006+0000] {processor.py:830} INFO - Processing file /home/airflow/.local/lib/python3.8/site-packages/airflow/example_dags/example_dynamic_task_mapping.py for tasks to queue
[2024-08-15T17:06:51.010+0000] {logging_mixin.py:188} INFO - [2024-08-15T17:06:51.009+0000] {dagbag.py:538} INFO - Filling up the DagBag from /home/airflow/.local/lib/python3.8/site-packages/airflow/example_dags/example_dynamic_task_mapping.py
[2024-08-15T17:06:51.028+0000] {processor.py:840} INFO - DAG(s) 'example_dynamic_task_mapping' retrieved from /home/airflow/.local/lib/python3.8/site-packages/airflow/example_dags/example_dynamic_task_mapping.py
[2024-08-15T17:06:51.109+0000] {logging_mixin.py:188} INFO - [2024-08-15T17:06:51.108+0000] {dag.py:3036} INFO - Sync 1 DAGs
[2024-08-15T17:06:51.195+0000] {logging_mixin.py:188} INFO - [2024-08-15T17:06:51.194+0000] {dag.py:3823} INFO - Setting next_dagrun for example_dynamic_task_mapping to 2022-03-04 00:00:00+00:00, run_after=2022-03-05 00:00:00+00:00
[2024-08-15T17:06:51.356+0000] {processor.py:183} INFO - Processing /home/airflow/.local/lib/python3.8/site-packages/airflow/example_dags/example_dynamic_task_mapping.py took 0.439 seconds
[2024-08-15T17:07:24.850+0000] {processor.py:161} INFO - Started process (PID=372) to work on /home/airflow/.local/lib/python3.8/site-packages/airflow/example_dags/example_dynamic_task_mapping.py
[2024-08-15T17:07:24.866+0000] {processor.py:830} INFO - Processing file /home/airflow/.local/lib/python3.8/site-packages/airflow/example_dags/example_dynamic_task_mapping.py for tasks to queue
[2024-08-15T17:07:24.873+0000] {logging_mixin.py:188} INFO - [2024-08-15T17:07:24.872+0000] {dagbag.py:538} INFO - Filling up the DagBag from /home/airflow/.local/lib/python3.8/site-packages/airflow/example_dags/example_dynamic_task_mapping.py
[2024-08-15T17:07:24.889+0000] {processor.py:840} INFO - DAG(s) 'example_dynamic_task_mapping' retrieved from /home/airflow/.local/lib/python3.8/site-packages/airflow/example_dags/example_dynamic_task_mapping.py
[2024-08-15T17:07:24.947+0000] {logging_mixin.py:188} INFO - [2024-08-15T17:07:24.946+0000] {dag.py:3036} INFO - Sync 1 DAGs
[2024-08-15T17:07:25.041+0000] {logging_mixin.py:188} INFO - [2024-08-15T17:07:25.040+0000] {dag.py:3823} INFO - Setting next_dagrun for example_dynamic_task_mapping to 2022-03-04 00:00:00+00:00, run_after=2022-03-05 00:00:00+00:00
[2024-08-15T17:07:25.306+0000] {processor.py:183} INFO - Processing /home/airflow/.local/lib/python3.8/site-packages/airflow/example_dags/example_dynamic_task_mapping.py took 0.463 seconds
[2024-08-15T17:07:56.622+0000] {processor.py:161} INFO - Started process (PID=441) to work on /home/airflow/.local/lib/python3.8/site-packages/airflow/example_dags/example_dynamic_task_mapping.py
[2024-08-15T17:07:56.675+0000] {processor.py:830} INFO - Processing file /home/airflow/.local/lib/python3.8/site-packages/airflow/example_dags/example_dynamic_task_mapping.py for tasks to queue
[2024-08-15T17:07:56.677+0000] {logging_mixin.py:188} INFO - [2024-08-15T17:07:56.677+0000] {dagbag.py:538} INFO - Filling up the DagBag from /home/airflow/.local/lib/python3.8/site-packages/airflow/example_dags/example_dynamic_task_mapping.py
[2024-08-15T17:07:56.685+0000] {processor.py:840} INFO - DAG(s) 'example_dynamic_task_mapping' retrieved from /home/airflow/.local/lib/python3.8/site-packages/airflow/example_dags/example_dynamic_task_mapping.py
[2024-08-15T17:07:56.717+0000] {logging_mixin.py:188} INFO - [2024-08-15T17:07:56.716+0000] {dag.py:3036} INFO - Sync 1 DAGs
[2024-08-15T17:07:56.771+0000] {logging_mixin.py:188} INFO - [2024-08-15T17:07:56.770+0000] {dag.py:3823} INFO - Setting next_dagrun for example_dynamic_task_mapping to 2022-03-04 00:00:00+00:00, run_after=2022-03-05 00:00:00+00:00
[2024-08-15T17:07:57.077+0000] {processor.py:183} INFO - Processing /home/airflow/.local/lib/python3.8/site-packages/airflow/example_dags/example_dynamic_task_mapping.py took 0.462 seconds
[2024-08-15T17:08:27.890+0000] {processor.py:161} INFO - Started process (PID=510) to work on /home/airflow/.local/lib/python3.8/site-packages/airflow/example_dags/example_dynamic_task_mapping.py
[2024-08-15T17:08:27.969+0000] {processor.py:830} INFO - Processing file /home/airflow/.local/lib/python3.8/site-packages/airflow/example_dags/example_dynamic_task_mapping.py for tasks to queue
[2024-08-15T17:08:27.973+0000] {logging_mixin.py:188} INFO - [2024-08-15T17:08:27.972+0000] {dagbag.py:538} INFO - Filling up the DagBag from /home/airflow/.local/lib/python3.8/site-packages/airflow/example_dags/example_dynamic_task_mapping.py
[2024-08-15T17:08:28.004+0000] {processor.py:840} INFO - DAG(s) 'example_dynamic_task_mapping' retrieved from /home/airflow/.local/lib/python3.8/site-packages/airflow/example_dags/example_dynamic_task_mapping.py
[2024-08-15T17:08:28.098+0000] {logging_mixin.py:188} INFO - [2024-08-15T17:08:28.097+0000] {dag.py:3036} INFO - Sync 1 DAGs
[2024-08-15T17:08:28.307+0000] {logging_mixin.py:188} INFO - [2024-08-15T17:08:28.307+0000] {dag.py:3823} INFO - Setting next_dagrun for example_dynamic_task_mapping to 2022-03-04 00:00:00+00:00, run_after=2022-03-05 00:00:00+00:00
[2024-08-15T17:08:28.500+0000] {processor.py:183} INFO - Processing /home/airflow/.local/lib/python3.8/site-packages/airflow/example_dags/example_dynamic_task_mapping.py took 0.619 seconds
