[2024-08-15T16:11:13.598+0000] {processor.py:161} INFO - Started process (PID=332) to work on /home/airflow/.local/lib/python3.8/site-packages/airflow/example_dags/example_task_group.py
[2024-08-15T16:11:13.611+0000] {processor.py:830} INFO - Processing file /home/airflow/.local/lib/python3.8/site-packages/airflow/example_dags/example_task_group.py for tasks to queue
[2024-08-15T16:11:13.658+0000] {logging_mixin.py:188} INFO - [2024-08-15T16:11:13.657+0000] {dagbag.py:538} INFO - Filling up the DagBag from /home/airflow/.local/lib/python3.8/site-packages/airflow/example_dags/example_task_group.py
[2024-08-15T16:11:13.732+0000] {processor.py:840} INFO - DAG(s) 'example_task_group' retrieved from /home/airflow/.local/lib/python3.8/site-packages/airflow/example_dags/example_task_group.py
[2024-08-15T16:11:14.387+0000] {logging_mixin.py:188} INFO - [2024-08-15T16:11:14.386+0000] {override.py:1769} INFO - Created Permission View: can edit on DAG:example_task_group
[2024-08-15T16:11:14.416+0000] {logging_mixin.py:188} INFO - [2024-08-15T16:11:14.415+0000] {override.py:1769} INFO - Created Permission View: can delete on DAG:example_task_group
[2024-08-15T16:11:14.446+0000] {logging_mixin.py:188} INFO - [2024-08-15T16:11:14.444+0000] {override.py:1769} INFO - Created Permission View: can read on DAG:example_task_group
[2024-08-15T16:11:14.447+0000] {logging_mixin.py:188} INFO - [2024-08-15T16:11:14.447+0000] {dag.py:3036} INFO - Sync 1 DAGs
[2024-08-15T16:11:14.485+0000] {logging_mixin.py:188} INFO - [2024-08-15T16:11:14.485+0000] {dag.py:3058} INFO - Creating ORM DAG for example_task_group
[2024-08-15T16:11:14.534+0000] {logging_mixin.py:188} INFO - [2024-08-15T16:11:14.533+0000] {dag.py:3823} INFO - Setting next_dagrun for example_task_group to 2024-08-14 00:00:00+00:00, run_after=2024-08-15 00:00:00+00:00
[2024-08-15T16:11:14.588+0000] {processor.py:183} INFO - Processing /home/airflow/.local/lib/python3.8/site-packages/airflow/example_dags/example_task_group.py took 1.009 seconds
[2024-08-15T17:05:54.565+0000] {processor.py:161} INFO - Started process (PID=205) to work on /home/airflow/.local/lib/python3.8/site-packages/airflow/example_dags/example_task_group.py
[2024-08-15T17:05:54.610+0000] {processor.py:830} INFO - Processing file /home/airflow/.local/lib/python3.8/site-packages/airflow/example_dags/example_task_group.py for tasks to queue
[2024-08-15T17:05:54.625+0000] {logging_mixin.py:188} INFO - [2024-08-15T17:05:54.625+0000] {dagbag.py:538} INFO - Filling up the DagBag from /home/airflow/.local/lib/python3.8/site-packages/airflow/example_dags/example_task_group.py
[2024-08-15T17:05:54.693+0000] {processor.py:840} INFO - DAG(s) 'example_task_group' retrieved from /home/airflow/.local/lib/python3.8/site-packages/airflow/example_dags/example_task_group.py
[2024-08-15T17:05:55.640+0000] {logging_mixin.py:188} INFO - [2024-08-15T17:05:55.640+0000] {dag.py:3036} INFO - Sync 1 DAGs
[2024-08-15T17:05:55.715+0000] {logging_mixin.py:188} INFO - [2024-08-15T17:05:55.714+0000] {dag.py:3823} INFO - Setting next_dagrun for example_task_group to 2024-08-14 00:00:00+00:00, run_after=2024-08-15 00:00:00+00:00
[2024-08-15T17:05:55.779+0000] {processor.py:183} INFO - Processing /home/airflow/.local/lib/python3.8/site-packages/airflow/example_dags/example_task_group.py took 1.244 seconds
[2024-08-15T17:06:46.745+0000] {processor.py:161} INFO - Started process (PID=282) to work on /home/airflow/.local/lib/python3.8/site-packages/airflow/example_dags/example_task_group.py
[2024-08-15T17:06:46.813+0000] {processor.py:830} INFO - Processing file /home/airflow/.local/lib/python3.8/site-packages/airflow/example_dags/example_task_group.py for tasks to queue
[2024-08-15T17:06:46.817+0000] {logging_mixin.py:188} INFO - [2024-08-15T17:06:46.816+0000] {dagbag.py:538} INFO - Filling up the DagBag from /home/airflow/.local/lib/python3.8/site-packages/airflow/example_dags/example_task_group.py
[2024-08-15T17:06:46.836+0000] {processor.py:840} INFO - DAG(s) 'example_task_group' retrieved from /home/airflow/.local/lib/python3.8/site-packages/airflow/example_dags/example_task_group.py
[2024-08-15T17:06:46.873+0000] {logging_mixin.py:188} INFO - [2024-08-15T17:06:46.872+0000] {dag.py:3036} INFO - Sync 1 DAGs
[2024-08-15T17:06:46.907+0000] {logging_mixin.py:188} INFO - [2024-08-15T17:06:46.907+0000] {dag.py:3823} INFO - Setting next_dagrun for example_task_group to 2024-08-14 00:00:00+00:00, run_after=2024-08-15 00:00:00+00:00
[2024-08-15T17:06:47.249+0000] {processor.py:183} INFO - Processing /home/airflow/.local/lib/python3.8/site-packages/airflow/example_dags/example_task_group.py took 0.509 seconds
[2024-08-15T17:07:18.777+0000] {processor.py:161} INFO - Started process (PID=351) to work on /home/airflow/.local/lib/python3.8/site-packages/airflow/example_dags/example_task_group.py
[2024-08-15T17:07:18.779+0000] {processor.py:830} INFO - Processing file /home/airflow/.local/lib/python3.8/site-packages/airflow/example_dags/example_task_group.py for tasks to queue
[2024-08-15T17:07:18.796+0000] {logging_mixin.py:188} INFO - [2024-08-15T17:07:18.796+0000] {dagbag.py:538} INFO - Filling up the DagBag from /home/airflow/.local/lib/python3.8/site-packages/airflow/example_dags/example_task_group.py
[2024-08-15T17:07:18.849+0000] {processor.py:840} INFO - DAG(s) 'example_task_group' retrieved from /home/airflow/.local/lib/python3.8/site-packages/airflow/example_dags/example_task_group.py
[2024-08-15T17:07:18.941+0000] {logging_mixin.py:188} INFO - [2024-08-15T17:07:18.940+0000] {dag.py:3036} INFO - Sync 1 DAGs
[2024-08-15T17:07:18.976+0000] {logging_mixin.py:188} INFO - [2024-08-15T17:07:18.976+0000] {dag.py:3823} INFO - Setting next_dagrun for example_task_group to 2024-08-14 00:00:00+00:00, run_after=2024-08-15 00:00:00+00:00
[2024-08-15T17:07:19.233+0000] {processor.py:183} INFO - Processing /home/airflow/.local/lib/python3.8/site-packages/airflow/example_dags/example_task_group.py took 0.471 seconds
[2024-08-15T17:07:49.580+0000] {processor.py:161} INFO - Started process (PID=420) to work on /home/airflow/.local/lib/python3.8/site-packages/airflow/example_dags/example_task_group.py
[2024-08-15T17:07:49.760+0000] {processor.py:830} INFO - Processing file /home/airflow/.local/lib/python3.8/site-packages/airflow/example_dags/example_task_group.py for tasks to queue
[2024-08-15T17:07:49.763+0000] {logging_mixin.py:188} INFO - [2024-08-15T17:07:49.762+0000] {dagbag.py:538} INFO - Filling up the DagBag from /home/airflow/.local/lib/python3.8/site-packages/airflow/example_dags/example_task_group.py
[2024-08-15T17:07:49.859+0000] {processor.py:840} INFO - DAG(s) 'example_task_group' retrieved from /home/airflow/.local/lib/python3.8/site-packages/airflow/example_dags/example_task_group.py
[2024-08-15T17:07:49.991+0000] {logging_mixin.py:188} INFO - [2024-08-15T17:07:49.990+0000] {dag.py:3036} INFO - Sync 1 DAGs
[2024-08-15T17:07:50.088+0000] {logging_mixin.py:188} INFO - [2024-08-15T17:07:50.085+0000] {dag.py:3823} INFO - Setting next_dagrun for example_task_group to 2024-08-14 00:00:00+00:00, run_after=2024-08-15 00:00:00+00:00
[2024-08-15T17:07:51.050+0000] {processor.py:183} INFO - Processing /home/airflow/.local/lib/python3.8/site-packages/airflow/example_dags/example_task_group.py took 1.478 seconds
[2024-08-15T17:08:21.684+0000] {processor.py:161} INFO - Started process (PID=489) to work on /home/airflow/.local/lib/python3.8/site-packages/airflow/example_dags/example_task_group.py
[2024-08-15T17:08:21.738+0000] {processor.py:830} INFO - Processing file /home/airflow/.local/lib/python3.8/site-packages/airflow/example_dags/example_task_group.py for tasks to queue
[2024-08-15T17:08:21.741+0000] {logging_mixin.py:188} INFO - [2024-08-15T17:08:21.740+0000] {dagbag.py:538} INFO - Filling up the DagBag from /home/airflow/.local/lib/python3.8/site-packages/airflow/example_dags/example_task_group.py
[2024-08-15T17:08:21.752+0000] {processor.py:840} INFO - DAG(s) 'example_task_group' retrieved from /home/airflow/.local/lib/python3.8/site-packages/airflow/example_dags/example_task_group.py
[2024-08-15T17:08:21.792+0000] {logging_mixin.py:188} INFO - [2024-08-15T17:08:21.792+0000] {dag.py:3036} INFO - Sync 1 DAGs
[2024-08-15T17:08:21.836+0000] {logging_mixin.py:188} INFO - [2024-08-15T17:08:21.835+0000] {dag.py:3823} INFO - Setting next_dagrun for example_task_group to 2024-08-14 00:00:00+00:00, run_after=2024-08-15 00:00:00+00:00
[2024-08-15T17:08:21.995+0000] {processor.py:183} INFO - Processing /home/airflow/.local/lib/python3.8/site-packages/airflow/example_dags/example_task_group.py took 0.318 seconds
[2024-08-15T17:08:52.679+0000] {processor.py:161} INFO - Started process (PID=558) to work on /home/airflow/.local/lib/python3.8/site-packages/airflow/example_dags/example_task_group.py
[2024-08-15T17:08:52.729+0000] {processor.py:830} INFO - Processing file /home/airflow/.local/lib/python3.8/site-packages/airflow/example_dags/example_task_group.py for tasks to queue
[2024-08-15T17:08:52.732+0000] {logging_mixin.py:188} INFO - [2024-08-15T17:08:52.732+0000] {dagbag.py:538} INFO - Filling up the DagBag from /home/airflow/.local/lib/python3.8/site-packages/airflow/example_dags/example_task_group.py
[2024-08-15T17:08:52.745+0000] {processor.py:840} INFO - DAG(s) 'example_task_group' retrieved from /home/airflow/.local/lib/python3.8/site-packages/airflow/example_dags/example_task_group.py
[2024-08-15T17:08:52.778+0000] {logging_mixin.py:188} INFO - [2024-08-15T17:08:52.778+0000] {dag.py:3036} INFO - Sync 1 DAGs
[2024-08-15T17:08:52.819+0000] {logging_mixin.py:188} INFO - [2024-08-15T17:08:52.819+0000] {dag.py:3823} INFO - Setting next_dagrun for example_task_group to 2024-08-14 00:00:00+00:00, run_after=2024-08-15 00:00:00+00:00
[2024-08-15T17:08:52.940+0000] {processor.py:183} INFO - Processing /home/airflow/.local/lib/python3.8/site-packages/airflow/example_dags/example_task_group.py took 0.268 seconds
