[2024-08-15T16:10:58.871+0000] {processor.py:161} INFO - Started process (PID=305) to work on /home/airflow/.local/lib/python3.8/site-packages/airflow/example_dags/example_local_kubernetes_executor.py
[2024-08-15T16:10:58.897+0000] {processor.py:830} INFO - Processing file /home/airflow/.local/lib/python3.8/site-packages/airflow/example_dags/example_local_kubernetes_executor.py for tasks to queue
[2024-08-15T16:10:58.914+0000] {logging_mixin.py:188} INFO - [2024-08-15T16:10:58.913+0000] {dagbag.py:538} INFO - Filling up the DagBag from /home/airflow/.local/lib/python3.8/site-packages/airflow/example_dags/example_local_kubernetes_executor.py
[2024-08-15T16:10:58.942+0000] {processor.py:840} INFO - DAG(s) 'example_local_kubernetes_executor' retrieved from /home/airflow/.local/lib/python3.8/site-packages/airflow/example_dags/example_local_kubernetes_executor.py
[2024-08-15T16:10:59.719+0000] {logging_mixin.py:188} INFO - [2024-08-15T16:10:59.718+0000] {override.py:1769} INFO - Created Permission View: can edit on DAG:example_local_kubernetes_executor
[2024-08-15T16:10:59.777+0000] {logging_mixin.py:188} INFO - [2024-08-15T16:10:59.777+0000] {override.py:1769} INFO - Created Permission View: can delete on DAG:example_local_kubernetes_executor
[2024-08-15T16:10:59.838+0000] {logging_mixin.py:188} INFO - [2024-08-15T16:10:59.838+0000] {override.py:1769} INFO - Created Permission View: can read on DAG:example_local_kubernetes_executor
[2024-08-15T16:10:59.840+0000] {logging_mixin.py:188} INFO - [2024-08-15T16:10:59.839+0000] {dag.py:3036} INFO - Sync 1 DAGs
[2024-08-15T16:10:59.886+0000] {logging_mixin.py:188} INFO - [2024-08-15T16:10:59.885+0000] {dag.py:3058} INFO - Creating ORM DAG for example_local_kubernetes_executor
[2024-08-15T16:10:59.899+0000] {logging_mixin.py:188} INFO - [2024-08-15T16:10:59.898+0000] {dag.py:3823} INFO - Setting next_dagrun for example_local_kubernetes_executor to None, run_after=None
[2024-08-15T16:11:00.054+0000] {processor.py:183} INFO - Processing /home/airflow/.local/lib/python3.8/site-packages/airflow/example_dags/example_local_kubernetes_executor.py took 1.191 seconds
[2024-08-15T17:05:47.359+0000] {processor.py:161} INFO - Started process (PID=186) to work on /home/airflow/.local/lib/python3.8/site-packages/airflow/example_dags/example_local_kubernetes_executor.py
[2024-08-15T17:05:47.371+0000] {processor.py:830} INFO - Processing file /home/airflow/.local/lib/python3.8/site-packages/airflow/example_dags/example_local_kubernetes_executor.py for tasks to queue
[2024-08-15T17:05:47.379+0000] {logging_mixin.py:188} INFO - [2024-08-15T17:05:47.378+0000] {dagbag.py:538} INFO - Filling up the DagBag from /home/airflow/.local/lib/python3.8/site-packages/airflow/example_dags/example_local_kubernetes_executor.py
[2024-08-15T17:05:47.456+0000] {processor.py:840} INFO - DAG(s) 'example_local_kubernetes_executor' retrieved from /home/airflow/.local/lib/python3.8/site-packages/airflow/example_dags/example_local_kubernetes_executor.py
[2024-08-15T17:05:48.150+0000] {logging_mixin.py:188} INFO - [2024-08-15T17:05:48.149+0000] {dag.py:3036} INFO - Sync 1 DAGs
[2024-08-15T17:05:48.181+0000] {logging_mixin.py:188} INFO - [2024-08-15T17:05:48.181+0000] {dag.py:3823} INFO - Setting next_dagrun for example_local_kubernetes_executor to None, run_after=None
[2024-08-15T17:05:48.349+0000] {processor.py:183} INFO - Processing /home/airflow/.local/lib/python3.8/site-packages/airflow/example_dags/example_local_kubernetes_executor.py took 1.009 seconds
[2024-08-15T17:06:33.629+0000] {processor.py:161} INFO - Started process (PID=255) to work on /home/airflow/.local/lib/python3.8/site-packages/airflow/example_dags/example_local_kubernetes_executor.py
[2024-08-15T17:06:34.068+0000] {processor.py:830} INFO - Processing file /home/airflow/.local/lib/python3.8/site-packages/airflow/example_dags/example_local_kubernetes_executor.py for tasks to queue
[2024-08-15T17:06:34.070+0000] {logging_mixin.py:188} INFO - [2024-08-15T17:06:34.070+0000] {dagbag.py:538} INFO - Filling up the DagBag from /home/airflow/.local/lib/python3.8/site-packages/airflow/example_dags/example_local_kubernetes_executor.py
[2024-08-15T17:06:34.082+0000] {processor.py:840} INFO - DAG(s) 'example_local_kubernetes_executor' retrieved from /home/airflow/.local/lib/python3.8/site-packages/airflow/example_dags/example_local_kubernetes_executor.py
[2024-08-15T17:06:34.628+0000] {logging_mixin.py:188} INFO - [2024-08-15T17:06:34.627+0000] {dag.py:3036} INFO - Sync 1 DAGs
[2024-08-15T17:06:34.648+0000] {logging_mixin.py:188} INFO - [2024-08-15T17:06:34.648+0000] {dag.py:3823} INFO - Setting next_dagrun for example_local_kubernetes_executor to None, run_after=None
[2024-08-15T17:06:37.510+0000] {processor.py:183} INFO - Processing /home/airflow/.local/lib/python3.8/site-packages/airflow/example_dags/example_local_kubernetes_executor.py took 3.898 seconds
[2024-08-15T17:07:07.614+0000] {processor.py:161} INFO - Started process (PID=332) to work on /home/airflow/.local/lib/python3.8/site-packages/airflow/example_dags/example_local_kubernetes_executor.py
[2024-08-15T17:07:07.616+0000] {processor.py:830} INFO - Processing file /home/airflow/.local/lib/python3.8/site-packages/airflow/example_dags/example_local_kubernetes_executor.py for tasks to queue
[2024-08-15T17:07:07.620+0000] {logging_mixin.py:188} INFO - [2024-08-15T17:07:07.620+0000] {dagbag.py:538} INFO - Filling up the DagBag from /home/airflow/.local/lib/python3.8/site-packages/airflow/example_dags/example_local_kubernetes_executor.py
[2024-08-15T17:07:07.630+0000] {processor.py:840} INFO - DAG(s) 'example_local_kubernetes_executor' retrieved from /home/airflow/.local/lib/python3.8/site-packages/airflow/example_dags/example_local_kubernetes_executor.py
[2024-08-15T17:07:07.695+0000] {logging_mixin.py:188} INFO - [2024-08-15T17:07:07.695+0000] {dag.py:3036} INFO - Sync 1 DAGs
[2024-08-15T17:07:07.715+0000] {logging_mixin.py:188} INFO - [2024-08-15T17:07:07.714+0000] {dag.py:3823} INFO - Setting next_dagrun for example_local_kubernetes_executor to None, run_after=None
[2024-08-15T17:07:07.823+0000] {processor.py:183} INFO - Processing /home/airflow/.local/lib/python3.8/site-packages/airflow/example_dags/example_local_kubernetes_executor.py took 0.217 seconds
[2024-08-15T17:07:38.205+0000] {processor.py:161} INFO - Started process (PID=400) to work on /home/airflow/.local/lib/python3.8/site-packages/airflow/example_dags/example_local_kubernetes_executor.py
[2024-08-15T17:07:38.232+0000] {processor.py:830} INFO - Processing file /home/airflow/.local/lib/python3.8/site-packages/airflow/example_dags/example_local_kubernetes_executor.py for tasks to queue
[2024-08-15T17:07:38.238+0000] {logging_mixin.py:188} INFO - [2024-08-15T17:07:38.237+0000] {dagbag.py:538} INFO - Filling up the DagBag from /home/airflow/.local/lib/python3.8/site-packages/airflow/example_dags/example_local_kubernetes_executor.py
[2024-08-15T17:07:38.293+0000] {processor.py:840} INFO - DAG(s) 'example_local_kubernetes_executor' retrieved from /home/airflow/.local/lib/python3.8/site-packages/airflow/example_dags/example_local_kubernetes_executor.py
[2024-08-15T17:07:38.509+0000] {logging_mixin.py:188} INFO - [2024-08-15T17:07:38.508+0000] {dag.py:3036} INFO - Sync 1 DAGs
[2024-08-15T17:07:38.546+0000] {logging_mixin.py:188} INFO - [2024-08-15T17:07:38.545+0000] {dag.py:3823} INFO - Setting next_dagrun for example_local_kubernetes_executor to None, run_after=None
[2024-08-15T17:07:38.696+0000] {processor.py:183} INFO - Processing /home/airflow/.local/lib/python3.8/site-packages/airflow/example_dags/example_local_kubernetes_executor.py took 0.502 seconds
[2024-08-15T17:08:09.011+0000] {processor.py:161} INFO - Started process (PID=462) to work on /home/airflow/.local/lib/python3.8/site-packages/airflow/example_dags/example_local_kubernetes_executor.py
[2024-08-15T17:08:09.065+0000] {processor.py:830} INFO - Processing file /home/airflow/.local/lib/python3.8/site-packages/airflow/example_dags/example_local_kubernetes_executor.py for tasks to queue
[2024-08-15T17:08:09.069+0000] {logging_mixin.py:188} INFO - [2024-08-15T17:08:09.068+0000] {dagbag.py:538} INFO - Filling up the DagBag from /home/airflow/.local/lib/python3.8/site-packages/airflow/example_dags/example_local_kubernetes_executor.py
[2024-08-15T17:08:09.092+0000] {processor.py:840} INFO - DAG(s) 'example_local_kubernetes_executor' retrieved from /home/airflow/.local/lib/python3.8/site-packages/airflow/example_dags/example_local_kubernetes_executor.py
[2024-08-15T17:08:09.223+0000] {logging_mixin.py:188} INFO - [2024-08-15T17:08:09.222+0000] {dag.py:3036} INFO - Sync 1 DAGs
[2024-08-15T17:08:09.273+0000] {logging_mixin.py:188} INFO - [2024-08-15T17:08:09.272+0000] {dag.py:3823} INFO - Setting next_dagrun for example_local_kubernetes_executor to None, run_after=None
[2024-08-15T17:08:09.472+0000] {processor.py:183} INFO - Processing /home/airflow/.local/lib/python3.8/site-packages/airflow/example_dags/example_local_kubernetes_executor.py took 0.469 seconds
[2024-08-15T17:08:39.575+0000] {processor.py:161} INFO - Started process (PID=531) to work on /home/airflow/.local/lib/python3.8/site-packages/airflow/example_dags/example_local_kubernetes_executor.py
[2024-08-15T17:08:39.584+0000] {processor.py:830} INFO - Processing file /home/airflow/.local/lib/python3.8/site-packages/airflow/example_dags/example_local_kubernetes_executor.py for tasks to queue
[2024-08-15T17:08:39.587+0000] {logging_mixin.py:188} INFO - [2024-08-15T17:08:39.586+0000] {dagbag.py:538} INFO - Filling up the DagBag from /home/airflow/.local/lib/python3.8/site-packages/airflow/example_dags/example_local_kubernetes_executor.py
[2024-08-15T17:08:39.598+0000] {processor.py:840} INFO - DAG(s) 'example_local_kubernetes_executor' retrieved from /home/airflow/.local/lib/python3.8/site-packages/airflow/example_dags/example_local_kubernetes_executor.py
[2024-08-15T17:08:39.678+0000] {logging_mixin.py:188} INFO - [2024-08-15T17:08:39.678+0000] {dag.py:3036} INFO - Sync 1 DAGs
[2024-08-15T17:08:39.695+0000] {logging_mixin.py:188} INFO - [2024-08-15T17:08:39.694+0000] {dag.py:3823} INFO - Setting next_dagrun for example_local_kubernetes_executor to None, run_after=None
[2024-08-15T17:08:39.792+0000] {processor.py:183} INFO - Processing /home/airflow/.local/lib/python3.8/site-packages/airflow/example_dags/example_local_kubernetes_executor.py took 0.224 seconds
