[2024-08-15T16:11:03.173+0000] {processor.py:161} INFO - Started process (PID=317) to work on /home/airflow/.local/lib/python3.8/site-packages/airflow/example_dags/example_python_operator.py
[2024-08-15T16:11:03.195+0000] {processor.py:830} INFO - Processing file /home/airflow/.local/lib/python3.8/site-packages/airflow/example_dags/example_python_operator.py for tasks to queue
[2024-08-15T16:11:03.198+0000] {logging_mixin.py:188} INFO - [2024-08-15T16:11:03.198+0000] {dagbag.py:538} INFO - Filling up the DagBag from /home/airflow/.local/lib/python3.8/site-packages/airflow/example_dags/example_python_operator.py
[2024-08-15T16:11:03.335+0000] {processor.py:840} INFO - DAG(s) 'example_python_operator' retrieved from /home/airflow/.local/lib/python3.8/site-packages/airflow/example_dags/example_python_operator.py
[2024-08-15T16:11:04.257+0000] {logging_mixin.py:188} INFO - [2024-08-15T16:11:04.254+0000] {override.py:1769} INFO - Created Permission View: can edit on DAG:example_python_operator
[2024-08-15T16:11:04.387+0000] {logging_mixin.py:188} INFO - [2024-08-15T16:11:04.386+0000] {override.py:1769} INFO - Created Permission View: can delete on DAG:example_python_operator
[2024-08-15T16:11:04.469+0000] {logging_mixin.py:188} INFO - [2024-08-15T16:11:04.468+0000] {override.py:1769} INFO - Created Permission View: can read on DAG:example_python_operator
[2024-08-15T16:11:04.470+0000] {logging_mixin.py:188} INFO - [2024-08-15T16:11:04.469+0000] {dag.py:3036} INFO - Sync 1 DAGs
[2024-08-15T16:11:04.555+0000] {logging_mixin.py:188} INFO - [2024-08-15T16:11:04.555+0000] {dag.py:3058} INFO - Creating ORM DAG for example_python_operator
[2024-08-15T16:11:04.558+0000] {logging_mixin.py:188} INFO - [2024-08-15T16:11:04.558+0000] {dag.py:3823} INFO - Setting next_dagrun for example_python_operator to None, run_after=None
[2024-08-15T16:11:04.740+0000] {processor.py:183} INFO - Processing /home/airflow/.local/lib/python3.8/site-packages/airflow/example_dags/example_python_operator.py took 1.607 seconds
[2024-08-15T17:05:49.556+0000] {processor.py:161} INFO - Started process (PID=191) to work on /home/airflow/.local/lib/python3.8/site-packages/airflow/example_dags/example_python_operator.py
[2024-08-15T17:05:49.561+0000] {processor.py:830} INFO - Processing file /home/airflow/.local/lib/python3.8/site-packages/airflow/example_dags/example_python_operator.py for tasks to queue
[2024-08-15T17:05:49.592+0000] {logging_mixin.py:188} INFO - [2024-08-15T17:05:49.571+0000] {dagbag.py:538} INFO - Filling up the DagBag from /home/airflow/.local/lib/python3.8/site-packages/airflow/example_dags/example_python_operator.py
[2024-08-15T17:05:49.625+0000] {processor.py:840} INFO - DAG(s) 'example_python_operator' retrieved from /home/airflow/.local/lib/python3.8/site-packages/airflow/example_dags/example_python_operator.py
[2024-08-15T17:05:49.919+0000] {logging_mixin.py:188} INFO - [2024-08-15T17:05:49.919+0000] {dag.py:3036} INFO - Sync 1 DAGs
[2024-08-15T17:05:49.944+0000] {logging_mixin.py:188} INFO - [2024-08-15T17:05:49.944+0000] {dag.py:3823} INFO - Setting next_dagrun for example_python_operator to None, run_after=None
[2024-08-15T17:05:50.004+0000] {processor.py:183} INFO - Processing /home/airflow/.local/lib/python3.8/site-packages/airflow/example_dags/example_python_operator.py took 0.457 seconds
[2024-08-15T17:06:42.143+0000] {processor.py:161} INFO - Started process (PID=268) to work on /home/airflow/.local/lib/python3.8/site-packages/airflow/example_dags/example_python_operator.py
[2024-08-15T17:06:42.223+0000] {processor.py:830} INFO - Processing file /home/airflow/.local/lib/python3.8/site-packages/airflow/example_dags/example_python_operator.py for tasks to queue
[2024-08-15T17:06:42.233+0000] {logging_mixin.py:188} INFO - [2024-08-15T17:06:42.232+0000] {dagbag.py:538} INFO - Filling up the DagBag from /home/airflow/.local/lib/python3.8/site-packages/airflow/example_dags/example_python_operator.py
[2024-08-15T17:06:42.271+0000] {processor.py:840} INFO - DAG(s) 'example_python_operator' retrieved from /home/airflow/.local/lib/python3.8/site-packages/airflow/example_dags/example_python_operator.py
[2024-08-15T17:06:42.307+0000] {logging_mixin.py:188} INFO - [2024-08-15T17:06:42.307+0000] {dag.py:3036} INFO - Sync 1 DAGs
[2024-08-15T17:06:42.325+0000] {logging_mixin.py:188} INFO - [2024-08-15T17:06:42.325+0000] {dag.py:3823} INFO - Setting next_dagrun for example_python_operator to None, run_after=None
[2024-08-15T17:06:42.659+0000] {processor.py:183} INFO - Processing /home/airflow/.local/lib/python3.8/site-packages/airflow/example_dags/example_python_operator.py took 0.521 seconds
[2024-08-15T17:07:12.992+0000] {processor.py:161} INFO - Started process (PID=337) to work on /home/airflow/.local/lib/python3.8/site-packages/airflow/example_dags/example_python_operator.py
[2024-08-15T17:07:12.994+0000] {processor.py:830} INFO - Processing file /home/airflow/.local/lib/python3.8/site-packages/airflow/example_dags/example_python_operator.py for tasks to queue
[2024-08-15T17:07:13.014+0000] {logging_mixin.py:188} INFO - [2024-08-15T17:07:13.013+0000] {dagbag.py:538} INFO - Filling up the DagBag from /home/airflow/.local/lib/python3.8/site-packages/airflow/example_dags/example_python_operator.py
[2024-08-15T17:07:13.067+0000] {processor.py:840} INFO - DAG(s) 'example_python_operator' retrieved from /home/airflow/.local/lib/python3.8/site-packages/airflow/example_dags/example_python_operator.py
[2024-08-15T17:07:13.144+0000] {logging_mixin.py:188} INFO - [2024-08-15T17:07:13.144+0000] {dag.py:3036} INFO - Sync 1 DAGs
[2024-08-15T17:07:13.170+0000] {logging_mixin.py:188} INFO - [2024-08-15T17:07:13.170+0000] {dag.py:3823} INFO - Setting next_dagrun for example_python_operator to None, run_after=None
[2024-08-15T17:07:13.523+0000] {processor.py:183} INFO - Processing /home/airflow/.local/lib/python3.8/site-packages/airflow/example_dags/example_python_operator.py took 0.567 seconds
[2024-08-15T17:07:44.084+0000] {processor.py:161} INFO - Started process (PID=406) to work on /home/airflow/.local/lib/python3.8/site-packages/airflow/example_dags/example_python_operator.py
[2024-08-15T17:07:44.101+0000] {processor.py:830} INFO - Processing file /home/airflow/.local/lib/python3.8/site-packages/airflow/example_dags/example_python_operator.py for tasks to queue
[2024-08-15T17:07:44.105+0000] {logging_mixin.py:188} INFO - [2024-08-15T17:07:44.104+0000] {dagbag.py:538} INFO - Filling up the DagBag from /home/airflow/.local/lib/python3.8/site-packages/airflow/example_dags/example_python_operator.py
[2024-08-15T17:07:44.139+0000] {processor.py:840} INFO - DAG(s) 'example_python_operator' retrieved from /home/airflow/.local/lib/python3.8/site-packages/airflow/example_dags/example_python_operator.py
[2024-08-15T17:07:44.266+0000] {logging_mixin.py:188} INFO - [2024-08-15T17:07:44.266+0000] {dag.py:3036} INFO - Sync 1 DAGs
[2024-08-15T17:07:44.387+0000] {logging_mixin.py:188} INFO - [2024-08-15T17:07:44.387+0000] {dag.py:3823} INFO - Setting next_dagrun for example_python_operator to None, run_after=None
[2024-08-15T17:07:44.736+0000] {processor.py:183} INFO - Processing /home/airflow/.local/lib/python3.8/site-packages/airflow/example_dags/example_python_operator.py took 0.658 seconds
[2024-08-15T17:08:15.418+0000] {processor.py:161} INFO - Started process (PID=475) to work on /home/airflow/.local/lib/python3.8/site-packages/airflow/example_dags/example_python_operator.py
[2024-08-15T17:08:15.467+0000] {processor.py:830} INFO - Processing file /home/airflow/.local/lib/python3.8/site-packages/airflow/example_dags/example_python_operator.py for tasks to queue
[2024-08-15T17:08:15.482+0000] {logging_mixin.py:188} INFO - [2024-08-15T17:08:15.481+0000] {dagbag.py:538} INFO - Filling up the DagBag from /home/airflow/.local/lib/python3.8/site-packages/airflow/example_dags/example_python_operator.py
[2024-08-15T17:08:15.540+0000] {processor.py:840} INFO - DAG(s) 'example_python_operator' retrieved from /home/airflow/.local/lib/python3.8/site-packages/airflow/example_dags/example_python_operator.py
[2024-08-15T17:08:15.690+0000] {logging_mixin.py:188} INFO - [2024-08-15T17:08:15.689+0000] {dag.py:3036} INFO - Sync 1 DAGs
[2024-08-15T17:08:15.739+0000] {logging_mixin.py:188} INFO - [2024-08-15T17:08:15.739+0000] {dag.py:3823} INFO - Setting next_dagrun for example_python_operator to None, run_after=None
[2024-08-15T17:08:15.915+0000] {processor.py:183} INFO - Processing /home/airflow/.local/lib/python3.8/site-packages/airflow/example_dags/example_python_operator.py took 0.517 seconds
[2024-08-15T17:08:46.215+0000] {processor.py:161} INFO - Started process (PID=544) to work on /home/airflow/.local/lib/python3.8/site-packages/airflow/example_dags/example_python_operator.py
[2024-08-15T17:08:46.223+0000] {processor.py:830} INFO - Processing file /home/airflow/.local/lib/python3.8/site-packages/airflow/example_dags/example_python_operator.py for tasks to queue
[2024-08-15T17:08:46.234+0000] {logging_mixin.py:188} INFO - [2024-08-15T17:08:46.233+0000] {dagbag.py:538} INFO - Filling up the DagBag from /home/airflow/.local/lib/python3.8/site-packages/airflow/example_dags/example_python_operator.py
[2024-08-15T17:08:46.271+0000] {processor.py:840} INFO - DAG(s) 'example_python_operator' retrieved from /home/airflow/.local/lib/python3.8/site-packages/airflow/example_dags/example_python_operator.py
[2024-08-15T17:08:46.373+0000] {logging_mixin.py:188} INFO - [2024-08-15T17:08:46.372+0000] {dag.py:3036} INFO - Sync 1 DAGs
[2024-08-15T17:08:46.403+0000] {logging_mixin.py:188} INFO - [2024-08-15T17:08:46.403+0000] {dag.py:3823} INFO - Setting next_dagrun for example_python_operator to None, run_after=None
[2024-08-15T17:08:46.561+0000] {processor.py:183} INFO - Processing /home/airflow/.local/lib/python3.8/site-packages/airflow/example_dags/example_python_operator.py took 0.362 seconds
