[2024-08-15T16:10:59.639+0000] {processor.py:161} INFO - Started process (PID=306) to work on /home/airflow/.local/lib/python3.8/site-packages/airflow/example_dags/example_short_circuit_decorator.py
[2024-08-15T16:10:59.649+0000] {processor.py:830} INFO - Processing file /home/airflow/.local/lib/python3.8/site-packages/airflow/example_dags/example_short_circuit_decorator.py for tasks to queue
[2024-08-15T16:10:59.657+0000] {logging_mixin.py:188} INFO - [2024-08-15T16:10:59.653+0000] {dagbag.py:538} INFO - Filling up the DagBag from /home/airflow/.local/lib/python3.8/site-packages/airflow/example_dags/example_short_circuit_decorator.py
[2024-08-15T16:10:59.701+0000] {processor.py:840} INFO - DAG(s) 'example_short_circuit_decorator' retrieved from /home/airflow/.local/lib/python3.8/site-packages/airflow/example_dags/example_short_circuit_decorator.py
[2024-08-15T16:11:00.217+0000] {logging_mixin.py:188} INFO - [2024-08-15T16:11:00.216+0000] {override.py:1769} INFO - Created Permission View: can edit on DAG:example_short_circuit_decorator
[2024-08-15T16:11:00.277+0000] {logging_mixin.py:188} INFO - [2024-08-15T16:11:00.276+0000] {override.py:1769} INFO - Created Permission View: can delete on DAG:example_short_circuit_decorator
[2024-08-15T16:11:00.354+0000] {logging_mixin.py:188} INFO - [2024-08-15T16:11:00.353+0000] {override.py:1769} INFO - Created Permission View: can read on DAG:example_short_circuit_decorator
[2024-08-15T16:11:00.355+0000] {logging_mixin.py:188} INFO - [2024-08-15T16:11:00.354+0000] {dag.py:3036} INFO - Sync 1 DAGs
[2024-08-15T16:11:00.417+0000] {logging_mixin.py:188} INFO - [2024-08-15T16:11:00.416+0000] {dag.py:3058} INFO - Creating ORM DAG for example_short_circuit_decorator
[2024-08-15T16:11:00.492+0000] {logging_mixin.py:188} INFO - [2024-08-15T16:11:00.491+0000] {dag.py:3823} INFO - Setting next_dagrun for example_short_circuit_decorator to 2024-08-14 00:00:00+00:00, run_after=2024-08-15 00:00:00+00:00
[2024-08-15T16:11:00.612+0000] {processor.py:183} INFO - Processing /home/airflow/.local/lib/python3.8/site-packages/airflow/example_dags/example_short_circuit_decorator.py took 0.981 seconds
[2024-08-15T17:05:48.165+0000] {processor.py:161} INFO - Started process (PID=187) to work on /home/airflow/.local/lib/python3.8/site-packages/airflow/example_dags/example_short_circuit_decorator.py
[2024-08-15T17:05:48.179+0000] {processor.py:830} INFO - Processing file /home/airflow/.local/lib/python3.8/site-packages/airflow/example_dags/example_short_circuit_decorator.py for tasks to queue
[2024-08-15T17:05:48.183+0000] {logging_mixin.py:188} INFO - [2024-08-15T17:05:48.182+0000] {dagbag.py:538} INFO - Filling up the DagBag from /home/airflow/.local/lib/python3.8/site-packages/airflow/example_dags/example_short_circuit_decorator.py
[2024-08-15T17:05:48.243+0000] {processor.py:840} INFO - DAG(s) 'example_short_circuit_decorator' retrieved from /home/airflow/.local/lib/python3.8/site-packages/airflow/example_dags/example_short_circuit_decorator.py
[2024-08-15T17:05:48.742+0000] {logging_mixin.py:188} INFO - [2024-08-15T17:05:48.742+0000] {dag.py:3036} INFO - Sync 1 DAGs
[2024-08-15T17:05:48.790+0000] {logging_mixin.py:188} INFO - [2024-08-15T17:05:48.790+0000] {dag.py:3823} INFO - Setting next_dagrun for example_short_circuit_decorator to 2024-08-14 00:00:00+00:00, run_after=2024-08-15 00:00:00+00:00
[2024-08-15T17:05:48.851+0000] {processor.py:183} INFO - Processing /home/airflow/.local/lib/python3.8/site-packages/airflow/example_dags/example_short_circuit_decorator.py took 0.692 seconds
[2024-08-15T17:06:35.720+0000] {processor.py:161} INFO - Started process (PID=264) to work on /home/airflow/.local/lib/python3.8/site-packages/airflow/example_dags/example_short_circuit_decorator.py
[2024-08-15T17:06:35.904+0000] {processor.py:830} INFO - Processing file /home/airflow/.local/lib/python3.8/site-packages/airflow/example_dags/example_short_circuit_decorator.py for tasks to queue
[2024-08-15T17:06:35.907+0000] {logging_mixin.py:188} INFO - [2024-08-15T17:06:35.906+0000] {dagbag.py:538} INFO - Filling up the DagBag from /home/airflow/.local/lib/python3.8/site-packages/airflow/example_dags/example_short_circuit_decorator.py
[2024-08-15T17:06:35.922+0000] {processor.py:840} INFO - DAG(s) 'example_short_circuit_decorator' retrieved from /home/airflow/.local/lib/python3.8/site-packages/airflow/example_dags/example_short_circuit_decorator.py
[2024-08-15T17:06:35.962+0000] {logging_mixin.py:188} INFO - [2024-08-15T17:06:35.961+0000] {dag.py:3036} INFO - Sync 1 DAGs
[2024-08-15T17:06:36.018+0000] {logging_mixin.py:188} INFO - [2024-08-15T17:06:36.017+0000] {dag.py:3823} INFO - Setting next_dagrun for example_short_circuit_decorator to 2024-08-14 00:00:00+00:00, run_after=2024-08-15 00:00:00+00:00
[2024-08-15T17:06:39.572+0000] {processor.py:183} INFO - Processing /home/airflow/.local/lib/python3.8/site-packages/airflow/example_dags/example_short_circuit_decorator.py took 3.870 seconds
[2024-08-15T17:07:09.647+0000] {processor.py:161} INFO - Started process (PID=333) to work on /home/airflow/.local/lib/python3.8/site-packages/airflow/example_dags/example_short_circuit_decorator.py
[2024-08-15T17:07:09.649+0000] {processor.py:830} INFO - Processing file /home/airflow/.local/lib/python3.8/site-packages/airflow/example_dags/example_short_circuit_decorator.py for tasks to queue
[2024-08-15T17:07:09.652+0000] {logging_mixin.py:188} INFO - [2024-08-15T17:07:09.651+0000] {dagbag.py:538} INFO - Filling up the DagBag from /home/airflow/.local/lib/python3.8/site-packages/airflow/example_dags/example_short_circuit_decorator.py
[2024-08-15T17:07:09.674+0000] {processor.py:840} INFO - DAG(s) 'example_short_circuit_decorator' retrieved from /home/airflow/.local/lib/python3.8/site-packages/airflow/example_dags/example_short_circuit_decorator.py
[2024-08-15T17:07:09.714+0000] {logging_mixin.py:188} INFO - [2024-08-15T17:07:09.714+0000] {dag.py:3036} INFO - Sync 1 DAGs
[2024-08-15T17:07:09.765+0000] {logging_mixin.py:188} INFO - [2024-08-15T17:07:09.765+0000] {dag.py:3823} INFO - Setting next_dagrun for example_short_circuit_decorator to 2024-08-14 00:00:00+00:00, run_after=2024-08-15 00:00:00+00:00
[2024-08-15T17:07:09.932+0000] {processor.py:183} INFO - Processing /home/airflow/.local/lib/python3.8/site-packages/airflow/example_dags/example_short_circuit_decorator.py took 0.291 seconds
[2024-08-15T17:07:40.677+0000] {processor.py:161} INFO - Started process (PID=402) to work on /home/airflow/.local/lib/python3.8/site-packages/airflow/example_dags/example_short_circuit_decorator.py
[2024-08-15T17:07:40.680+0000] {processor.py:830} INFO - Processing file /home/airflow/.local/lib/python3.8/site-packages/airflow/example_dags/example_short_circuit_decorator.py for tasks to queue
[2024-08-15T17:07:40.684+0000] {logging_mixin.py:188} INFO - [2024-08-15T17:07:40.683+0000] {dagbag.py:538} INFO - Filling up the DagBag from /home/airflow/.local/lib/python3.8/site-packages/airflow/example_dags/example_short_circuit_decorator.py
[2024-08-15T17:07:40.714+0000] {processor.py:840} INFO - DAG(s) 'example_short_circuit_decorator' retrieved from /home/airflow/.local/lib/python3.8/site-packages/airflow/example_dags/example_short_circuit_decorator.py
[2024-08-15T17:07:40.793+0000] {logging_mixin.py:188} INFO - [2024-08-15T17:07:40.793+0000] {dag.py:3036} INFO - Sync 1 DAGs
[2024-08-15T17:07:40.850+0000] {logging_mixin.py:188} INFO - [2024-08-15T17:07:40.849+0000] {dag.py:3823} INFO - Setting next_dagrun for example_short_circuit_decorator to 2024-08-14 00:00:00+00:00, run_after=2024-08-15 00:00:00+00:00
[2024-08-15T17:07:41.030+0000] {processor.py:183} INFO - Processing /home/airflow/.local/lib/python3.8/site-packages/airflow/example_dags/example_short_circuit_decorator.py took 0.360 seconds
[2024-08-15T17:08:11.323+0000] {processor.py:161} INFO - Started process (PID=470) to work on /home/airflow/.local/lib/python3.8/site-packages/airflow/example_dags/example_short_circuit_decorator.py
[2024-08-15T17:08:11.328+0000] {processor.py:830} INFO - Processing file /home/airflow/.local/lib/python3.8/site-packages/airflow/example_dags/example_short_circuit_decorator.py for tasks to queue
[2024-08-15T17:08:11.341+0000] {logging_mixin.py:188} INFO - [2024-08-15T17:08:11.340+0000] {dagbag.py:538} INFO - Filling up the DagBag from /home/airflow/.local/lib/python3.8/site-packages/airflow/example_dags/example_short_circuit_decorator.py
[2024-08-15T17:08:11.396+0000] {processor.py:840} INFO - DAG(s) 'example_short_circuit_decorator' retrieved from /home/airflow/.local/lib/python3.8/site-packages/airflow/example_dags/example_short_circuit_decorator.py
[2024-08-15T17:08:11.480+0000] {logging_mixin.py:188} INFO - [2024-08-15T17:08:11.479+0000] {dag.py:3036} INFO - Sync 1 DAGs
[2024-08-15T17:08:11.545+0000] {logging_mixin.py:188} INFO - [2024-08-15T17:08:11.544+0000] {dag.py:3823} INFO - Setting next_dagrun for example_short_circuit_decorator to 2024-08-14 00:00:00+00:00, run_after=2024-08-15 00:00:00+00:00
[2024-08-15T17:08:11.796+0000] {processor.py:183} INFO - Processing /home/airflow/.local/lib/python3.8/site-packages/airflow/example_dags/example_short_circuit_decorator.py took 0.501 seconds
[2024-08-15T17:08:41.842+0000] {processor.py:161} INFO - Started process (PID=532) to work on /home/airflow/.local/lib/python3.8/site-packages/airflow/example_dags/example_short_circuit_decorator.py
[2024-08-15T17:08:41.844+0000] {processor.py:830} INFO - Processing file /home/airflow/.local/lib/python3.8/site-packages/airflow/example_dags/example_short_circuit_decorator.py for tasks to queue
[2024-08-15T17:08:41.847+0000] {logging_mixin.py:188} INFO - [2024-08-15T17:08:41.846+0000] {dagbag.py:538} INFO - Filling up the DagBag from /home/airflow/.local/lib/python3.8/site-packages/airflow/example_dags/example_short_circuit_decorator.py
[2024-08-15T17:08:41.861+0000] {processor.py:840} INFO - DAG(s) 'example_short_circuit_decorator' retrieved from /home/airflow/.local/lib/python3.8/site-packages/airflow/example_dags/example_short_circuit_decorator.py
[2024-08-15T17:08:41.899+0000] {logging_mixin.py:188} INFO - [2024-08-15T17:08:41.899+0000] {dag.py:3036} INFO - Sync 1 DAGs
[2024-08-15T17:08:41.932+0000] {logging_mixin.py:188} INFO - [2024-08-15T17:08:41.932+0000] {dag.py:3823} INFO - Setting next_dagrun for example_short_circuit_decorator to 2024-08-14 00:00:00+00:00, run_after=2024-08-15 00:00:00+00:00
[2024-08-15T17:08:42.061+0000] {processor.py:183} INFO - Processing /home/airflow/.local/lib/python3.8/site-packages/airflow/example_dags/example_short_circuit_decorator.py took 0.224 seconds
