[2024-08-15T16:11:08.856+0000] {processor.py:161} INFO - Started process (PID=325) to work on /home/airflow/.local/lib/python3.8/site-packages/airflow/example_dags/example_latest_only.py
[2024-08-15T16:11:08.863+0000] {processor.py:830} INFO - Processing file /home/airflow/.local/lib/python3.8/site-packages/airflow/example_dags/example_latest_only.py for tasks to queue
[2024-08-15T16:11:08.876+0000] {logging_mixin.py:188} INFO - [2024-08-15T16:11:08.875+0000] {dagbag.py:538} INFO - Filling up the DagBag from /home/airflow/.local/lib/python3.8/site-packages/airflow/example_dags/example_latest_only.py
[2024-08-15T16:11:08.924+0000] {processor.py:840} INFO - DAG(s) 'latest_only' retrieved from /home/airflow/.local/lib/python3.8/site-packages/airflow/example_dags/example_latest_only.py
[2024-08-15T16:11:09.408+0000] {logging_mixin.py:188} INFO - [2024-08-15T16:11:09.407+0000] {override.py:1769} INFO - Created Permission View: can edit on DAG:latest_only
[2024-08-15T16:11:09.487+0000] {logging_mixin.py:188} INFO - [2024-08-15T16:11:09.486+0000] {override.py:1769} INFO - Created Permission View: can delete on DAG:latest_only
[2024-08-15T16:11:09.539+0000] {logging_mixin.py:188} INFO - [2024-08-15T16:11:09.538+0000] {override.py:1769} INFO - Created Permission View: can read on DAG:latest_only
[2024-08-15T16:11:09.542+0000] {logging_mixin.py:188} INFO - [2024-08-15T16:11:09.541+0000] {dag.py:3036} INFO - Sync 1 DAGs
[2024-08-15T16:11:09.584+0000] {logging_mixin.py:188} INFO - [2024-08-15T16:11:09.582+0000] {dag.py:3058} INFO - Creating ORM DAG for latest_only
[2024-08-15T16:11:09.655+0000] {logging_mixin.py:188} INFO - [2024-08-15T16:11:09.654+0000] {dag.py:3823} INFO - Setting next_dagrun for latest_only to 2024-08-15 12:00:00+00:00, run_after=2024-08-15 16:00:00+00:00
[2024-08-15T16:11:09.723+0000] {processor.py:183} INFO - Processing /home/airflow/.local/lib/python3.8/site-packages/airflow/example_dags/example_latest_only.py took 0.877 seconds
[2024-08-15T17:05:51.674+0000] {processor.py:161} INFO - Started process (PID=198) to work on /home/airflow/.local/lib/python3.8/site-packages/airflow/example_dags/example_latest_only.py
[2024-08-15T17:05:51.687+0000] {processor.py:830} INFO - Processing file /home/airflow/.local/lib/python3.8/site-packages/airflow/example_dags/example_latest_only.py for tasks to queue
[2024-08-15T17:05:51.692+0000] {logging_mixin.py:188} INFO - [2024-08-15T17:05:51.691+0000] {dagbag.py:538} INFO - Filling up the DagBag from /home/airflow/.local/lib/python3.8/site-packages/airflow/example_dags/example_latest_only.py
[2024-08-15T17:05:51.709+0000] {processor.py:840} INFO - DAG(s) 'latest_only' retrieved from /home/airflow/.local/lib/python3.8/site-packages/airflow/example_dags/example_latest_only.py
[2024-08-15T17:05:52.021+0000] {logging_mixin.py:188} INFO - [2024-08-15T17:05:52.020+0000] {dag.py:3036} INFO - Sync 1 DAGs
[2024-08-15T17:05:52.078+0000] {logging_mixin.py:188} INFO - [2024-08-15T17:05:52.077+0000] {dag.py:3823} INFO - Setting next_dagrun for latest_only to 2024-08-15 12:00:00+00:00, run_after=2024-08-15 16:00:00+00:00
[2024-08-15T17:05:52.156+0000] {processor.py:183} INFO - Processing /home/airflow/.local/lib/python3.8/site-packages/airflow/example_dags/example_latest_only.py took 0.489 seconds
[2024-08-15T17:06:44.835+0000] {processor.py:161} INFO - Started process (PID=275) to work on /home/airflow/.local/lib/python3.8/site-packages/airflow/example_dags/example_latest_only.py
[2024-08-15T17:06:44.902+0000] {processor.py:830} INFO - Processing file /home/airflow/.local/lib/python3.8/site-packages/airflow/example_dags/example_latest_only.py for tasks to queue
[2024-08-15T17:06:44.904+0000] {logging_mixin.py:188} INFO - [2024-08-15T17:06:44.904+0000] {dagbag.py:538} INFO - Filling up the DagBag from /home/airflow/.local/lib/python3.8/site-packages/airflow/example_dags/example_latest_only.py
[2024-08-15T17:06:44.911+0000] {processor.py:840} INFO - DAG(s) 'latest_only' retrieved from /home/airflow/.local/lib/python3.8/site-packages/airflow/example_dags/example_latest_only.py
[2024-08-15T17:06:44.949+0000] {logging_mixin.py:188} INFO - [2024-08-15T17:06:44.949+0000] {dag.py:3036} INFO - Sync 1 DAGs
[2024-08-15T17:06:44.993+0000] {logging_mixin.py:188} INFO - [2024-08-15T17:06:44.993+0000] {dag.py:3823} INFO - Setting next_dagrun for latest_only to 2024-08-15 12:00:00+00:00, run_after=2024-08-15 16:00:00+00:00
[2024-08-15T17:06:45.281+0000] {processor.py:183} INFO - Processing /home/airflow/.local/lib/python3.8/site-packages/airflow/example_dags/example_latest_only.py took 0.453 seconds
[2024-08-15T17:07:16.007+0000] {processor.py:161} INFO - Started process (PID=344) to work on /home/airflow/.local/lib/python3.8/site-packages/airflow/example_dags/example_latest_only.py
[2024-08-15T17:07:16.009+0000] {processor.py:830} INFO - Processing file /home/airflow/.local/lib/python3.8/site-packages/airflow/example_dags/example_latest_only.py for tasks to queue
[2024-08-15T17:07:16.014+0000] {logging_mixin.py:188} INFO - [2024-08-15T17:07:16.013+0000] {dagbag.py:538} INFO - Filling up the DagBag from /home/airflow/.local/lib/python3.8/site-packages/airflow/example_dags/example_latest_only.py
[2024-08-15T17:07:16.023+0000] {processor.py:840} INFO - DAG(s) 'latest_only' retrieved from /home/airflow/.local/lib/python3.8/site-packages/airflow/example_dags/example_latest_only.py
[2024-08-15T17:07:16.064+0000] {logging_mixin.py:188} INFO - [2024-08-15T17:07:16.064+0000] {dag.py:3036} INFO - Sync 1 DAGs
[2024-08-15T17:07:16.129+0000] {logging_mixin.py:188} INFO - [2024-08-15T17:07:16.129+0000] {dag.py:3823} INFO - Setting next_dagrun for latest_only to 2024-08-15 12:00:00+00:00, run_after=2024-08-15 16:00:00+00:00
[2024-08-15T17:07:16.322+0000] {processor.py:183} INFO - Processing /home/airflow/.local/lib/python3.8/site-packages/airflow/example_dags/example_latest_only.py took 0.321 seconds
[2024-08-15T17:07:47.002+0000] {processor.py:161} INFO - Started process (PID=413) to work on /home/airflow/.local/lib/python3.8/site-packages/airflow/example_dags/example_latest_only.py
[2024-08-15T17:07:47.081+0000] {processor.py:830} INFO - Processing file /home/airflow/.local/lib/python3.8/site-packages/airflow/example_dags/example_latest_only.py for tasks to queue
[2024-08-15T17:07:47.084+0000] {logging_mixin.py:188} INFO - [2024-08-15T17:07:47.083+0000] {dagbag.py:538} INFO - Filling up the DagBag from /home/airflow/.local/lib/python3.8/site-packages/airflow/example_dags/example_latest_only.py
[2024-08-15T17:07:47.091+0000] {processor.py:840} INFO - DAG(s) 'latest_only' retrieved from /home/airflow/.local/lib/python3.8/site-packages/airflow/example_dags/example_latest_only.py
[2024-08-15T17:07:47.128+0000] {logging_mixin.py:188} INFO - [2024-08-15T17:07:47.127+0000] {dag.py:3036} INFO - Sync 1 DAGs
[2024-08-15T17:07:47.166+0000] {logging_mixin.py:188} INFO - [2024-08-15T17:07:47.166+0000] {dag.py:3823} INFO - Setting next_dagrun for latest_only to 2024-08-15 12:00:00+00:00, run_after=2024-08-15 16:00:00+00:00
[2024-08-15T17:07:47.341+0000] {processor.py:183} INFO - Processing /home/airflow/.local/lib/python3.8/site-packages/airflow/example_dags/example_latest_only.py took 0.345 seconds
[2024-08-15T17:08:18.429+0000] {processor.py:161} INFO - Started process (PID=482) to work on /home/airflow/.local/lib/python3.8/site-packages/airflow/example_dags/example_latest_only.py
[2024-08-15T17:08:18.485+0000] {processor.py:830} INFO - Processing file /home/airflow/.local/lib/python3.8/site-packages/airflow/example_dags/example_latest_only.py for tasks to queue
[2024-08-15T17:08:18.488+0000] {logging_mixin.py:188} INFO - [2024-08-15T17:08:18.488+0000] {dagbag.py:538} INFO - Filling up the DagBag from /home/airflow/.local/lib/python3.8/site-packages/airflow/example_dags/example_latest_only.py
[2024-08-15T17:08:18.518+0000] {processor.py:840} INFO - DAG(s) 'latest_only' retrieved from /home/airflow/.local/lib/python3.8/site-packages/airflow/example_dags/example_latest_only.py
[2024-08-15T17:08:18.565+0000] {logging_mixin.py:188} INFO - [2024-08-15T17:08:18.564+0000] {dag.py:3036} INFO - Sync 1 DAGs
[2024-08-15T17:08:18.612+0000] {logging_mixin.py:188} INFO - [2024-08-15T17:08:18.612+0000] {dag.py:3823} INFO - Setting next_dagrun for latest_only to 2024-08-15 12:00:00+00:00, run_after=2024-08-15 16:00:00+00:00
[2024-08-15T17:08:18.810+0000] {processor.py:183} INFO - Processing /home/airflow/.local/lib/python3.8/site-packages/airflow/example_dags/example_latest_only.py took 0.386 seconds
[2024-08-15T17:08:48.947+0000] {processor.py:161} INFO - Started process (PID=551) to work on /home/airflow/.local/lib/python3.8/site-packages/airflow/example_dags/example_latest_only.py
[2024-08-15T17:08:48.976+0000] {processor.py:830} INFO - Processing file /home/airflow/.local/lib/python3.8/site-packages/airflow/example_dags/example_latest_only.py for tasks to queue
[2024-08-15T17:08:48.980+0000] {logging_mixin.py:188} INFO - [2024-08-15T17:08:48.979+0000] {dagbag.py:538} INFO - Filling up the DagBag from /home/airflow/.local/lib/python3.8/site-packages/airflow/example_dags/example_latest_only.py
[2024-08-15T17:08:48.989+0000] {processor.py:840} INFO - DAG(s) 'latest_only' retrieved from /home/airflow/.local/lib/python3.8/site-packages/airflow/example_dags/example_latest_only.py
[2024-08-15T17:08:49.051+0000] {logging_mixin.py:188} INFO - [2024-08-15T17:08:49.050+0000] {dag.py:3036} INFO - Sync 1 DAGs
[2024-08-15T17:08:49.100+0000] {logging_mixin.py:188} INFO - [2024-08-15T17:08:49.099+0000] {dag.py:3823} INFO - Setting next_dagrun for latest_only to 2024-08-15 12:00:00+00:00, run_after=2024-08-15 16:00:00+00:00
[2024-08-15T17:08:49.184+0000] {processor.py:183} INFO - Processing /home/airflow/.local/lib/python3.8/site-packages/airflow/example_dags/example_latest_only.py took 0.245 seconds
