[2024-08-15T16:11:14.656+0000] {processor.py:161} INFO - Started process (PID=334) to work on /home/airflow/.local/lib/python3.8/site-packages/airflow/example_dags/tutorial_taskflow_api_virtualenv.py
[2024-08-15T16:11:14.657+0000] {processor.py:830} INFO - Processing file /home/airflow/.local/lib/python3.8/site-packages/airflow/example_dags/tutorial_taskflow_api_virtualenv.py for tasks to queue
[2024-08-15T16:11:14.662+0000] {logging_mixin.py:188} INFO - [2024-08-15T16:11:14.661+0000] {dagbag.py:538} INFO - Filling up the DagBag from /home/airflow/.local/lib/python3.8/site-packages/airflow/example_dags/tutorial_taskflow_api_virtualenv.py
[2024-08-15T16:11:14.693+0000] {processor.py:840} INFO - DAG(s) 'tutorial_taskflow_api_virtualenv' retrieved from /home/airflow/.local/lib/python3.8/site-packages/airflow/example_dags/tutorial_taskflow_api_virtualenv.py
[2024-08-15T16:11:15.067+0000] {logging_mixin.py:188} INFO - [2024-08-15T16:11:15.065+0000] {override.py:1769} INFO - Created Permission View: can edit on DAG:tutorial_taskflow_api_virtualenv
[2024-08-15T16:11:15.108+0000] {logging_mixin.py:188} INFO - [2024-08-15T16:11:15.107+0000] {override.py:1769} INFO - Created Permission View: can delete on DAG:tutorial_taskflow_api_virtualenv
[2024-08-15T16:11:15.129+0000] {logging_mixin.py:188} INFO - [2024-08-15T16:11:15.128+0000] {override.py:1769} INFO - Created Permission View: can read on DAG:tutorial_taskflow_api_virtualenv
[2024-08-15T16:11:15.131+0000] {logging_mixin.py:188} INFO - [2024-08-15T16:11:15.130+0000] {dag.py:3036} INFO - Sync 1 DAGs
[2024-08-15T16:11:15.163+0000] {logging_mixin.py:188} INFO - [2024-08-15T16:11:15.162+0000] {dag.py:3058} INFO - Creating ORM DAG for tutorial_taskflow_api_virtualenv
[2024-08-15T16:11:15.164+0000] {logging_mixin.py:188} INFO - [2024-08-15T16:11:15.163+0000] {dag.py:3823} INFO - Setting next_dagrun for tutorial_taskflow_api_virtualenv to None, run_after=None
[2024-08-15T16:11:15.294+0000] {processor.py:183} INFO - Processing /home/airflow/.local/lib/python3.8/site-packages/airflow/example_dags/tutorial_taskflow_api_virtualenv.py took 0.648 seconds
[2024-08-15T17:05:56.419+0000] {processor.py:161} INFO - Started process (PID=207) to work on /home/airflow/.local/lib/python3.8/site-packages/airflow/example_dags/tutorial_taskflow_api_virtualenv.py
[2024-08-15T17:05:56.429+0000] {processor.py:830} INFO - Processing file /home/airflow/.local/lib/python3.8/site-packages/airflow/example_dags/tutorial_taskflow_api_virtualenv.py for tasks to queue
[2024-08-15T17:05:56.439+0000] {logging_mixin.py:188} INFO - [2024-08-15T17:05:56.438+0000] {dagbag.py:538} INFO - Filling up the DagBag from /home/airflow/.local/lib/python3.8/site-packages/airflow/example_dags/tutorial_taskflow_api_virtualenv.py
[2024-08-15T17:05:56.483+0000] {processor.py:840} INFO - DAG(s) 'tutorial_taskflow_api_virtualenv' retrieved from /home/airflow/.local/lib/python3.8/site-packages/airflow/example_dags/tutorial_taskflow_api_virtualenv.py
[2024-08-15T17:05:56.901+0000] {logging_mixin.py:188} INFO - [2024-08-15T17:05:56.900+0000] {dag.py:3036} INFO - Sync 1 DAGs
[2024-08-15T17:05:56.953+0000] {logging_mixin.py:188} INFO - [2024-08-15T17:05:56.951+0000] {dag.py:3823} INFO - Setting next_dagrun for tutorial_taskflow_api_virtualenv to None, run_after=None
[2024-08-15T17:05:57.044+0000] {processor.py:183} INFO - Processing /home/airflow/.local/lib/python3.8/site-packages/airflow/example_dags/tutorial_taskflow_api_virtualenv.py took 0.643 seconds
[2024-08-15T17:06:47.282+0000] {processor.py:161} INFO - Started process (PID=284) to work on /home/airflow/.local/lib/python3.8/site-packages/airflow/example_dags/tutorial_taskflow_api_virtualenv.py
[2024-08-15T17:06:47.368+0000] {processor.py:830} INFO - Processing file /home/airflow/.local/lib/python3.8/site-packages/airflow/example_dags/tutorial_taskflow_api_virtualenv.py for tasks to queue
[2024-08-15T17:06:47.371+0000] {logging_mixin.py:188} INFO - [2024-08-15T17:06:47.370+0000] {dagbag.py:538} INFO - Filling up the DagBag from /home/airflow/.local/lib/python3.8/site-packages/airflow/example_dags/tutorial_taskflow_api_virtualenv.py
[2024-08-15T17:06:47.387+0000] {processor.py:840} INFO - DAG(s) 'tutorial_taskflow_api_virtualenv' retrieved from /home/airflow/.local/lib/python3.8/site-packages/airflow/example_dags/tutorial_taskflow_api_virtualenv.py
[2024-08-15T17:06:47.425+0000] {logging_mixin.py:188} INFO - [2024-08-15T17:06:47.425+0000] {dag.py:3036} INFO - Sync 1 DAGs
[2024-08-15T17:06:47.450+0000] {logging_mixin.py:188} INFO - [2024-08-15T17:06:47.449+0000] {dag.py:3823} INFO - Setting next_dagrun for tutorial_taskflow_api_virtualenv to None, run_after=None
[2024-08-15T17:06:47.696+0000] {processor.py:183} INFO - Processing /home/airflow/.local/lib/python3.8/site-packages/airflow/example_dags/tutorial_taskflow_api_virtualenv.py took 0.420 seconds
[2024-08-15T17:07:19.629+0000] {processor.py:161} INFO - Started process (PID=353) to work on /home/airflow/.local/lib/python3.8/site-packages/airflow/example_dags/tutorial_taskflow_api_virtualenv.py
[2024-08-15T17:07:19.630+0000] {processor.py:830} INFO - Processing file /home/airflow/.local/lib/python3.8/site-packages/airflow/example_dags/tutorial_taskflow_api_virtualenv.py for tasks to queue
[2024-08-15T17:07:19.634+0000] {logging_mixin.py:188} INFO - [2024-08-15T17:07:19.633+0000] {dagbag.py:538} INFO - Filling up the DagBag from /home/airflow/.local/lib/python3.8/site-packages/airflow/example_dags/tutorial_taskflow_api_virtualenv.py
[2024-08-15T17:07:19.648+0000] {processor.py:840} INFO - DAG(s) 'tutorial_taskflow_api_virtualenv' retrieved from /home/airflow/.local/lib/python3.8/site-packages/airflow/example_dags/tutorial_taskflow_api_virtualenv.py
[2024-08-15T17:07:19.689+0000] {logging_mixin.py:188} INFO - [2024-08-15T17:07:19.688+0000] {dag.py:3036} INFO - Sync 1 DAGs
[2024-08-15T17:07:19.708+0000] {logging_mixin.py:188} INFO - [2024-08-15T17:07:19.708+0000] {dag.py:3823} INFO - Setting next_dagrun for tutorial_taskflow_api_virtualenv to None, run_after=None
[2024-08-15T17:07:20.094+0000] {processor.py:183} INFO - Processing /home/airflow/.local/lib/python3.8/site-packages/airflow/example_dags/tutorial_taskflow_api_virtualenv.py took 0.470 seconds
[2024-08-15T17:07:51.597+0000] {processor.py:161} INFO - Started process (PID=422) to work on /home/airflow/.local/lib/python3.8/site-packages/airflow/example_dags/tutorial_taskflow_api_virtualenv.py
[2024-08-15T17:07:51.712+0000] {processor.py:830} INFO - Processing file /home/airflow/.local/lib/python3.8/site-packages/airflow/example_dags/tutorial_taskflow_api_virtualenv.py for tasks to queue
[2024-08-15T17:07:51.715+0000] {logging_mixin.py:188} INFO - [2024-08-15T17:07:51.714+0000] {dagbag.py:538} INFO - Filling up the DagBag from /home/airflow/.local/lib/python3.8/site-packages/airflow/example_dags/tutorial_taskflow_api_virtualenv.py
[2024-08-15T17:07:51.730+0000] {processor.py:840} INFO - DAG(s) 'tutorial_taskflow_api_virtualenv' retrieved from /home/airflow/.local/lib/python3.8/site-packages/airflow/example_dags/tutorial_taskflow_api_virtualenv.py
[2024-08-15T17:07:51.764+0000] {logging_mixin.py:188} INFO - [2024-08-15T17:07:51.763+0000] {dag.py:3036} INFO - Sync 1 DAGs
[2024-08-15T17:07:51.781+0000] {logging_mixin.py:188} INFO - [2024-08-15T17:07:51.781+0000] {dag.py:3823} INFO - Setting next_dagrun for tutorial_taskflow_api_virtualenv to None, run_after=None
[2024-08-15T17:07:52.374+0000] {processor.py:183} INFO - Processing /home/airflow/.local/lib/python3.8/site-packages/airflow/example_dags/tutorial_taskflow_api_virtualenv.py took 0.783 seconds
[2024-08-15T17:08:22.494+0000] {processor.py:161} INFO - Started process (PID=491) to work on /home/airflow/.local/lib/python3.8/site-packages/airflow/example_dags/tutorial_taskflow_api_virtualenv.py
[2024-08-15T17:08:22.564+0000] {processor.py:830} INFO - Processing file /home/airflow/.local/lib/python3.8/site-packages/airflow/example_dags/tutorial_taskflow_api_virtualenv.py for tasks to queue
[2024-08-15T17:08:22.568+0000] {logging_mixin.py:188} INFO - [2024-08-15T17:08:22.567+0000] {dagbag.py:538} INFO - Filling up the DagBag from /home/airflow/.local/lib/python3.8/site-packages/airflow/example_dags/tutorial_taskflow_api_virtualenv.py
[2024-08-15T17:08:22.590+0000] {processor.py:840} INFO - DAG(s) 'tutorial_taskflow_api_virtualenv' retrieved from /home/airflow/.local/lib/python3.8/site-packages/airflow/example_dags/tutorial_taskflow_api_virtualenv.py
[2024-08-15T17:08:22.627+0000] {logging_mixin.py:188} INFO - [2024-08-15T17:08:22.627+0000] {dag.py:3036} INFO - Sync 1 DAGs
[2024-08-15T17:08:22.653+0000] {logging_mixin.py:188} INFO - [2024-08-15T17:08:22.652+0000] {dag.py:3823} INFO - Setting next_dagrun for tutorial_taskflow_api_virtualenv to None, run_after=None
[2024-08-15T17:08:22.828+0000] {processor.py:183} INFO - Processing /home/airflow/.local/lib/python3.8/site-packages/airflow/example_dags/tutorial_taskflow_api_virtualenv.py took 0.339 seconds
[2024-08-15T17:08:53.379+0000] {processor.py:161} INFO - Started process (PID=560) to work on /home/airflow/.local/lib/python3.8/site-packages/airflow/example_dags/tutorial_taskflow_api_virtualenv.py
[2024-08-15T17:08:53.402+0000] {processor.py:830} INFO - Processing file /home/airflow/.local/lib/python3.8/site-packages/airflow/example_dags/tutorial_taskflow_api_virtualenv.py for tasks to queue
[2024-08-15T17:08:53.404+0000] {logging_mixin.py:188} INFO - [2024-08-15T17:08:53.404+0000] {dagbag.py:538} INFO - Filling up the DagBag from /home/airflow/.local/lib/python3.8/site-packages/airflow/example_dags/tutorial_taskflow_api_virtualenv.py
[2024-08-15T17:08:53.420+0000] {processor.py:840} INFO - DAG(s) 'tutorial_taskflow_api_virtualenv' retrieved from /home/airflow/.local/lib/python3.8/site-packages/airflow/example_dags/tutorial_taskflow_api_virtualenv.py
[2024-08-15T17:08:53.457+0000] {logging_mixin.py:188} INFO - [2024-08-15T17:08:53.456+0000] {dag.py:3036} INFO - Sync 1 DAGs
[2024-08-15T17:08:53.503+0000] {logging_mixin.py:188} INFO - [2024-08-15T17:08:53.503+0000] {dag.py:3823} INFO - Setting next_dagrun for tutorial_taskflow_api_virtualenv to None, run_after=None
[2024-08-15T17:08:53.678+0000] {processor.py:183} INFO - Processing /home/airflow/.local/lib/python3.8/site-packages/airflow/example_dags/tutorial_taskflow_api_virtualenv.py took 0.303 seconds
