[2024-08-17T10:00:39.666+0000] {taskinstance.py:1956} INFO - Dependencies all met for dep_context=non-requeueable deps ti=<TaskInstance: update_data_after_retrain.update_data_after_retrain manual__2024-08-17T10:00:20.136104+00:00 [queued]>
[2024-08-17T10:00:39.765+0000] {taskinstance.py:1956} INFO - Dependencies all met for dep_context=requeueable deps ti=<TaskInstance: update_data_after_retrain.update_data_after_retrain manual__2024-08-17T10:00:20.136104+00:00 [queued]>
[2024-08-17T10:00:39.767+0000] {taskinstance.py:2170} INFO - Starting attempt 1 of 1
[2024-08-17T10:00:39.929+0000] {taskinstance.py:2191} INFO - Executing <Task(PythonOperator): update_data_after_retrain> on 2024-08-17 10:00:20.136104+00:00
[2024-08-17T10:00:40.005+0000] {standard_task_runner.py:87} INFO - Running: ['***', 'tasks', 'run', 'update_data_after_retrain', 'update_data_after_retrain', 'manual__2024-08-17T10:00:20.136104+00:00', '--job-id', '62', '--raw', '--subdir', 'DAGS_FOLDER/update_data_after_retrain.py', '--cfg-path', '/tmp/tmpk1il5fsu']
[2024-08-17T10:00:40.011+0000] {standard_task_runner.py:88} INFO - Job 62: Subtask update_data_after_retrain
[2024-08-17T10:00:39.988+0000] {standard_task_runner.py:60} INFO - Started process 32037 to run task
[2024-08-17T10:00:40.172+0000] {warnings.py:109} WARNING - /home/***/.local/lib/python3.8/site-packages/***/settings.py:194: DeprecationWarning: The sql_alchemy_conn option in [core] has been moved to the sql_alchemy_conn option in [database] - the old setting has been used, but please update your config.
  SQL_ALCHEMY_CONN = conf.get("database", "SQL_ALCHEMY_CONN")

[2024-08-17T10:00:40.785+0000] {task_command.py:423} INFO - Running <TaskInstance: update_data_after_retrain.update_data_after_retrain manual__2024-08-17T10:00:20.136104+00:00 [running]> on host f23221e116fc
[2024-08-17T10:00:42.456+0000] {taskinstance.py:2480} INFO - Exporting env vars: AIRFLOW_CTX_DAG_OWNER='***' AIRFLOW_CTX_DAG_ID='update_data_after_retrain' AIRFLOW_CTX_TASK_ID='update_data_after_retrain' AIRFLOW_CTX_EXECUTION_DATE='2024-08-17T10:00:20.136104+00:00' AIRFLOW_CTX_TRY_NUMBER='1' AIRFLOW_CTX_DAG_RUN_ID='manual__2024-08-17T10:00:20.136104+00:00'
[2024-08-17T10:00:42.495+0000] {s3.py:1375} INFO - This function shadows the 'download_file' method of S3 API, but it is not the same. If you want to use the original method from S3 API, please call 'S3Hook.get_conn().download_file()'
[2024-08-17T10:00:42.507+0000] {s3.py:1381} INFO - Downloading source S3 file from Bucket my-karma-bucket with path train_model_metadata.json
[2024-08-17T10:00:42.586+0000] {base.py:83} INFO - Using connection ID 'aws_default' for task execution.
[2024-08-17T10:00:42.598+0000] {connection_wrapper.py:378} INFO - AWS Connection (conn_id='aws_default', conn_type='aws') credentials retrieved from login and password.
[2024-08-17T10:00:49.561+0000] {update_data_after_retrain.py:47} INFO - L'entrainenement est terminé : True
[2024-08-17T10:00:49.562+0000] {update_data_after_retrain.py:49} INFO - Garder le modèle réentrainé : True
[2024-08-17T10:00:49.563+0000] {update_data_after_retrain.py:51} INFO - Data deja intégré dans le modèle : True
[2024-08-17T10:00:49.563+0000] {update_data_after_retrain.py:55} INFO - now let push data from temp
[2024-08-17T10:00:50.006+0000] {update_data_after_retrain.py:65} INFO - repo new cleaned
[2024-08-17T10:01:06.544+0000] {update_data_after_retrain.py:78} INFO - X_train, y_train are updated in train repo
[2024-08-17T10:01:20.013+0000] {python.py:201} INFO - Done. Returned value was: None
[2024-08-17T10:01:20.101+0000] {taskinstance.py:1138} INFO - Marking task as SUCCESS. dag_id=update_data_after_retrain, task_id=update_data_after_retrain, execution_date=20240817T100020, start_date=20240817T100039, end_date=20240817T100120
[2024-08-17T10:01:20.420+0000] {local_task_job_runner.py:234} INFO - Task exited with return code 0
[2024-08-17T10:01:20.602+0000] {taskinstance.py:3280} INFO - 0 downstream tasks scheduled from follow-on schedule check
