[2024-09-07T14:36:36.044+0000] {taskinstance.py:1956} INFO - Dependencies all met for dep_context=non-requeueable deps ti=<TaskInstance: new_data_management.compare_data2threshold manual__2024-09-07T14:36:01.319398+00:00 [queued]>
[2024-09-07T14:36:36.351+0000] {taskinstance.py:1956} INFO - Dependencies all met for dep_context=requeueable deps ti=<TaskInstance: new_data_management.compare_data2threshold manual__2024-09-07T14:36:01.319398+00:00 [queued]>
[2024-09-07T14:36:36.366+0000] {taskinstance.py:2170} INFO - Starting attempt 1 of 1
[2024-09-07T14:36:36.987+0000] {taskinstance.py:2191} INFO - Executing <Task(PythonOperator): compare_data2threshold> on 2024-09-07 14:36:01.319398+00:00
[2024-09-07T14:36:37.163+0000] {standard_task_runner.py:60} INFO - Started process 3629 to run task
[2024-09-07T14:36:37.221+0000] {standard_task_runner.py:87} INFO - Running: ['***', 'tasks', 'run', 'new_data_management', 'compare_data2threshold', 'manual__2024-09-07T14:36:01.319398+00:00', '--job-id', '112', '--raw', '--subdir', 'DAGS_FOLDER/new_data_management.py', '--cfg-path', '/tmp/tmp1czd0rv7']
[2024-09-07T14:36:37.250+0000] {standard_task_runner.py:88} INFO - Job 112: Subtask compare_data2threshold
[2024-09-07T14:36:37.523+0000] {warnings.py:109} WARNING - /home/***/.local/lib/python3.8/site-packages/***/settings.py:194: DeprecationWarning: The sql_alchemy_conn option in [core] has been moved to the sql_alchemy_conn option in [database] - the old setting has been used, but please update your config.
  SQL_ALCHEMY_CONN = conf.get("database", "SQL_ALCHEMY_CONN")

[2024-09-07T14:36:38.388+0000] {task_command.py:423} INFO - Running <TaskInstance: new_data_management.compare_data2threshold manual__2024-09-07T14:36:01.319398+00:00 [running]> on host 74653e659746
[2024-09-07T14:36:39.236+0000] {taskinstance.py:2480} INFO - Exporting env vars: AIRFLOW_CTX_DAG_OWNER='***' AIRFLOW_CTX_DAG_ID='new_data_management' AIRFLOW_CTX_TASK_ID='compare_data2threshold' AIRFLOW_CTX_EXECUTION_DATE='2024-09-07T14:36:01.319398+00:00' AIRFLOW_CTX_TRY_NUMBER='1' AIRFLOW_CTX_DAG_RUN_ID='manual__2024-09-07T14:36:01.319398+00:00'
[2024-09-07T14:36:39.240+0000] {new_data_management.py:40} INFO - unit_threshold : 200
[2024-09-07T14:36:39.240+0000] {new_data_management.py:41} INFO - global_threshold : 2000
[2024-09-07T14:36:39.302+0000] {new_data_management.py:58} INFO - Total des counts : 198
[2024-09-07T14:36:39.303+0000] {new_data_management.py:64} INFO - Le total 198 ne dépasse pas le seuil global 2000
[2024-09-07T14:36:39.337+0000] {new_data_management.py:71} INFO - Aucune ligne n'est au-dessus de unit_threshold
[2024-09-07T14:36:39.521+0000] {python.py:201} INFO - Done. Returned value was: None
[2024-09-07T14:36:39.757+0000] {taskinstance.py:1138} INFO - Marking task as SUCCESS. dag_id=new_data_management, task_id=compare_data2threshold, execution_date=20240907T143601, start_date=20240907T143636, end_date=20240907T143639
[2024-09-07T14:36:40.236+0000] {local_task_job_runner.py:234} INFO - Task exited with return code 0
[2024-09-07T14:36:41.018+0000] {taskinstance.py:3280} INFO - 0 downstream tasks scheduled from follow-on schedule check
