[2024-09-07T14:28:22.009+0000] {taskinstance.py:1956} INFO - Dependencies all met for dep_context=non-requeueable deps ti=<TaskInstance: update_data_after_retrain.update_data_after_retrain manual__2024-09-07T14:28:00.908300+00:00 [queued]>
[2024-09-07T14:28:22.159+0000] {taskinstance.py:1956} INFO - Dependencies all met for dep_context=requeueable deps ti=<TaskInstance: update_data_after_retrain.update_data_after_retrain manual__2024-09-07T14:28:00.908300+00:00 [queued]>
[2024-09-07T14:28:22.160+0000] {taskinstance.py:2170} INFO - Starting attempt 1 of 1
[2024-09-07T14:28:22.396+0000] {taskinstance.py:2191} INFO - Executing <Task(PythonOperator): update_data_after_retrain> on 2024-09-07 14:28:00.908300+00:00
[2024-09-07T14:28:22.492+0000] {standard_task_runner.py:87} INFO - Running: ['***', 'tasks', 'run', 'update_data_after_retrain', 'update_data_after_retrain', 'manual__2024-09-07T14:28:00.908300+00:00', '--job-id', '109', '--raw', '--subdir', 'DAGS_FOLDER/update_data_after_retrain.py', '--cfg-path', '/tmp/tmpp01n97t2']
[2024-09-07T14:28:22.535+0000] {standard_task_runner.py:88} INFO - Job 109: Subtask update_data_after_retrain
[2024-09-07T14:28:22.528+0000] {standard_task_runner.py:60} INFO - Started process 3392 to run task
[2024-09-07T14:28:22.717+0000] {warnings.py:109} WARNING - /home/***/.local/lib/python3.8/site-packages/***/settings.py:194: DeprecationWarning: The sql_alchemy_conn option in [core] has been moved to the sql_alchemy_conn option in [database] - the old setting has been used, but please update your config.
  SQL_ALCHEMY_CONN = conf.get("database", "SQL_ALCHEMY_CONN")

[2024-09-07T14:28:23.058+0000] {task_command.py:423} INFO - Running <TaskInstance: update_data_after_retrain.update_data_after_retrain manual__2024-09-07T14:28:00.908300+00:00 [running]> on host 74653e659746
[2024-09-07T14:28:24.574+0000] {taskinstance.py:2480} INFO - Exporting env vars: AIRFLOW_CTX_DAG_OWNER='***' AIRFLOW_CTX_DAG_ID='update_data_after_retrain' AIRFLOW_CTX_TASK_ID='update_data_after_retrain' AIRFLOW_CTX_EXECUTION_DATE='2024-09-07T14:28:00.908300+00:00' AIRFLOW_CTX_TRY_NUMBER='1' AIRFLOW_CTX_DAG_RUN_ID='manual__2024-09-07T14:28:00.908300+00:00'
[2024-09-07T14:28:24.697+0000] {base.py:83} INFO - Using connection ID 'aws_default' for task execution.
[2024-09-07T14:28:24.700+0000] {connection_wrapper.py:378} INFO - AWS Connection (conn_id='aws_default', conn_type='aws') credentials retrieved from login and password.
[2024-09-07T14:28:27.178+0000] {logging_mixin.py:188} INFO - Fichier téléchargé avec succès
[2024-09-07T14:28:27.179+0000] {update_data_after_retrain.py:54} INFO - L'entrainenement est terminé : False
[2024-09-07T14:28:27.179+0000] {update_data_after_retrain.py:56} INFO - Garder le modèle réentrainé : True
[2024-09-07T14:28:27.204+0000] {update_data_after_retrain.py:58} INFO - Data deja intégré dans le modèle : True
[2024-09-07T14:28:27.208+0000] {python.py:201} INFO - Done. Returned value was: None
[2024-09-07T14:28:27.420+0000] {taskinstance.py:1138} INFO - Marking task as SUCCESS. dag_id=update_data_after_retrain, task_id=update_data_after_retrain, execution_date=20240907T142800, start_date=20240907T142822, end_date=20240907T142827
[2024-09-07T14:28:27.980+0000] {local_task_job_runner.py:234} INFO - Task exited with return code 0
[2024-09-07T14:28:28.160+0000] {taskinstance.py:3280} INFO - 0 downstream tasks scheduled from follow-on schedule check
